-- The C compiler identification is GNU 11.4.0
-- The CXX compiler identification is GNU 11.4.0
-- Check for working C compiler: /usr/bin/cc
-- Check for working C compiler: /usr/bin/cc -- works
-- Detecting C compiler ABI info
-- Detecting C compiler ABI info - done
-- Detecting C compile features
-- Detecting C compile features - done
-- Check for working CXX compiler: /usr/bin/c++
-- Check for working CXX compiler: /usr/bin/c++ -- works
-- Detecting CXX compiler ABI info
-- Detecting CXX compiler ABI info - done
-- Detecting CXX compile features
-- Detecting CXX compile features - done
-- Found ament_cmake: 1.3.11 (/opt/ros/humble/share/ament_cmake/cmake)
-- Found Python3: /usr/bin/python3 (found version "3.10.12") found components:  Interpreter 
-- Found rclcpp: 16.0.12 (/opt/ros/humble/share/rclcpp/cmake)
-- Found rosidl_generator_c: 3.1.6 (/opt/ros/humble/share/rosidl_generator_c/cmake)
-- Found rosidl_adapter: 3.1.6 (/opt/ros/humble/share/rosidl_adapter/cmake)
-- Found rosidl_generator_cpp: 3.1.6 (/opt/ros/humble/share/rosidl_generator_cpp/cmake)
-- Using all available rosidl_typesupport_c: rosidl_typesupport_fastrtps_c;rosidl_typesupport_introspection_c
-- Using all available rosidl_typesupport_cpp: rosidl_typesupport_fastrtps_cpp;rosidl_typesupport_introspection_cpp
-- Found rmw_implementation_cmake: 6.1.2 (/opt/ros/humble/share/rmw_implementation_cmake/cmake)
-- Found rmw_fastrtps_cpp: 6.2.7 (/opt/ros/humble/share/rmw_fastrtps_cpp/cmake)
-- Found OpenSSL: /usr/lib/x86_64-linux-gnu/libcrypto.so   
-- Found FastRTPS: /opt/ros/humble/include  
-- Using RMW implementation 'rmw_fastrtps_cpp' as default
-- Looking for pthread.h
-- Looking for pthread.h - found
-- Looking for pthread_create
-- Looking for pthread_create - found
-- Found Threads: TRUE  
-- Found sensor_msgs: 4.8.0 (/opt/ros/humble/share/sensor_msgs/cmake)
-- Found ament_lint_auto: 0.12.12 (/opt/ros/humble/share/ament_lint_auto/cmake)
-- Added test 'cppcheck' to perform static code analysis on C / C++ code
-- Configured cppcheck include dirs: $<BUILD_INTERFACE:/home/jumombach/ros2_ws/src/tp1/include>
-- Configured cppcheck exclude dirs and/or files: 
-- Added test 'flake8' to check Python code syntax and style conventions
-- Added test 'lint_cmake' to check CMake code style
-- Added test 'pep257' to check Python code against some of the docstring style conventions in PEP 257
-- Added test 'uncrustify' to check C / C++ code style
-- Configured uncrustify additional arguments: 
-- Added test 'xmllint' to check XML markup files
-- Configuring done
-- Generating done
-- Build files have been written to: /home/jumombach/ros2_ws/src/build/tp1
gmake[1]: Entering directory '/home/jumombach/ros2_ws/src/build/tp1'
gmake[2]: Entering directory '/home/jumombach/ros2_ws/src/build/tp1'
[35m[1mScanning dependencies of target navigation[0m
gmake[2]: Leaving directory '/home/jumombach/ros2_ws/src/build/tp1'
gmake[2]: Entering directory '/home/jumombach/ros2_ws/src/build/tp1'
[ 20%] [32mBuilding CXX object CMakeFiles/navigation.dir/src/main.cpp.o[0m
[ 40%] [32mBuilding CXX object CMakeFiles/navigation.dir/src/Action.cpp.o[0m
[ 60%] [32mBuilding CXX object CMakeFiles/navigation.dir/src/Perception.cpp.o[0m
[ 80%] [32mBuilding CXX object CMakeFiles/navigation.dir/src/Utils.cpp.o[0m
[100%] [32m[1mLinking CXX executable navigation[0m
gmake[2]: Leaving directory '/home/jumombach/ros2_ws/src/build/tp1'
[100%] Built target navigation
gmake[1]: Leaving directory '/home/jumombach/ros2_ws/src/build/tp1'
gmake[1]: Entering directory '/home/jumombach/ros2_ws/src/build/tp1'
gmake[2]: Entering directory '/home/jumombach/ros2_ws/src/build/tp1'
gmake[2]: Leaving directory '/home/jumombach/ros2_ws/src/build/tp1'
[100%] Built target navigation
gmake[1]: Leaving directory '/home/jumombach/ros2_ws/src/build/tp1'
[36mInstall the project...[0m
-- Install configuration: ""
-- Installing: /home/jumombach/ros2_ws/src/install/tp1/lib/tp1/navigation
-- Set runtime path of "/home/jumombach/ros2_ws/src/install/tp1/lib/tp1/navigation" to ""
-- Installing: /home/jumombach/ros2_ws/src/install/tp1/share/tp1/launch
-- Installing: /home/jumombach/ros2_ws/src/install/tp1/share/tp1/launch/p3dx-rosaria.launch.py
-- Installing: /home/jumombach/ros2_ws/src/install/tp1/share/tp1/config
-- Installing: /home/jumombach/ros2_ws/src/install/tp1/share/tp1/config/p3dx.rviz
-- Installing: /home/jumombach/ros2_ws/src/install/tp1/share/ament_index/resource_index/package_run_dependencies/tp1
-- Installing: /home/jumombach/ros2_ws/src/install/tp1/share/ament_index/resource_index/parent_prefix_path/tp1
-- Installing: /home/jumombach/ros2_ws/src/install/tp1/share/tp1/environment/ament_prefix_path.sh
-- Installing: /home/jumombach/ros2_ws/src/install/tp1/share/tp1/environment/ament_prefix_path.dsv
-- Installing: /home/jumombach/ros2_ws/src/install/tp1/share/tp1/environment/path.sh
-- Installing: /home/jumombach/ros2_ws/src/install/tp1/share/tp1/environment/path.dsv
-- Installing: /home/jumombach/ros2_ws/src/install/tp1/share/tp1/local_setup.bash
-- Installing: /home/jumombach/ros2_ws/src/install/tp1/share/tp1/local_setup.sh
-- Installing: /home/jumombach/ros2_ws/src/install/tp1/share/tp1/local_setup.zsh
-- Installing: /home/jumombach/ros2_ws/src/install/tp1/share/tp1/local_setup.dsv
-- Installing: /home/jumombach/ros2_ws/src/install/tp1/share/tp1/package.dsv
-- Installing: /home/jumombach/ros2_ws/src/install/tp1/share/ament_index/resource_index/packages/tp1
-- Installing: /home/jumombach/ros2_ws/src/install/tp1/share/tp1/cmake/tp1Config.cmake
-- Installing: /home/jumombach/ros2_ws/src/install/tp1/share/tp1/cmake/tp1Config-version.cmake
-- Installing: /home/jumombach/ros2_ws/src/install/tp1/share/tp1/package.xml
