[0.482s] DEBUG:colcon:Command line arguments: ['/usr/bin/colcon', 'build']
[0.482s] DEBUG:colcon:Parsed command line arguments: Namespace(log_base=None, log_level=None, verb_name='build', build_base='build', install_base='install', merge_install=False, symlink_install=False, test_result_base=None, continue_on_error=False, executor='parallel', parallel_workers=8, event_handlers=None, ignore_user_meta=False, metas=['./colcon.meta'], base_paths=['.'], packages_ignore=None, packages_ignore_regex=None, paths=None, packages_up_to=None, packages_up_to_regex=None, packages_above=None, packages_above_and_dependencies=None, packages_above_depth=None, packages_select_by_dep=None, packages_skip_by_dep=None, packages_skip_up_to=None, packages_select_build_failed=False, packages_skip_build_finished=False, packages_select_test_failures=False, packages_skip_test_passed=False, packages_select=None, packages_skip=None, packages_select_regex=None, packages_skip_regex=None, packages_start=None, packages_end=None, allow_overriding=[], cmake_args=None, cmake_target=None, cmake_target_skip_unavailable=False, cmake_clean_cache=False, cmake_clean_first=False, cmake_force_configure=False, ament_cmake_args=None, catkin_cmake_args=None, catkin_skip_building_tests=False, mixin_files=None, mixin=None, verb_parser=<colcon_mixin.mixin.mixin_argument.MixinArgumentDecorator object at 0x7f84e6881b40>, verb_extension=<colcon_core.verb.build.BuildVerb object at 0x7f84e68815d0>, main=<bound method BuildVerb.main of <colcon_core.verb.build.BuildVerb object at 0x7f84e68815d0>>, mixin_verb=('build',))
[0.930s] Level 1:colcon.colcon_core.package_discovery:discover_packages(colcon_meta) check parameters
[0.930s] Level 1:colcon.colcon_core.package_discovery:discover_packages(recursive) check parameters
[0.930s] Level 1:colcon.colcon_core.package_discovery:discover_packages(ignore) check parameters
[0.930s] Level 1:colcon.colcon_core.package_discovery:discover_packages(path) check parameters
[0.930s] Level 1:colcon.colcon_core.package_discovery:discover_packages(colcon_meta) discover
[0.930s] Level 1:colcon.colcon_core.package_discovery:discover_packages(recursive) discover
[0.930s] INFO:colcon.colcon_core.package_discovery:Crawling recursively for packages in '/home/jumombach/ros2_ws'
[0.931s] Level 1:colcon.colcon_core.package_identification:_identify(.) by extensions ['ignore', 'ignore_ament_install']
[0.931s] Level 1:colcon.colcon_core.package_identification:_identify(.) by extension 'ignore'
[0.931s] Level 1:colcon.colcon_core.package_identification:_identify(.) by extension 'ignore_ament_install'
[0.931s] Level 1:colcon.colcon_core.package_identification:_identify(.) by extensions ['colcon_pkg']
[0.931s] Level 1:colcon.colcon_core.package_identification:_identify(.) by extension 'colcon_pkg'
[0.931s] Level 1:colcon.colcon_core.package_identification:_identify(.) by extensions ['colcon_meta']
[0.931s] Level 1:colcon.colcon_core.package_identification:_identify(.) by extension 'colcon_meta'
[0.931s] Level 1:colcon.colcon_core.package_identification:_identify(.) by extensions ['ros']
[0.931s] Level 1:colcon.colcon_core.package_identification:_identify(.) by extension 'ros'
[0.950s] Level 1:colcon.colcon_core.package_identification:_identify(.) by extensions ['cmake', 'python']
[0.950s] Level 1:colcon.colcon_core.package_identification:_identify(.) by extension 'cmake'
[0.950s] Level 1:colcon.colcon_core.package_identification:_identify(.) by extension 'python'
[0.950s] Level 1:colcon.colcon_core.package_identification:_identify(.) by extensions ['python_setup_py']
[0.950s] Level 1:colcon.colcon_core.package_identification:_identify(.) by extension 'python_setup_py'
[0.951s] Level 1:colcon.colcon_core.package_identification:_identify(build) by extensions ['ignore', 'ignore_ament_install']
[0.951s] Level 1:colcon.colcon_core.package_identification:_identify(build) by extension 'ignore'
[0.951s] Level 1:colcon.colcon_core.package_identification:_identify(build) ignored
[0.952s] Level 1:colcon.colcon_core.package_identification:_identify(install) by extensions ['ignore', 'ignore_ament_install']
[0.952s] Level 1:colcon.colcon_core.package_identification:_identify(install) by extension 'ignore'
[0.952s] Level 1:colcon.colcon_core.package_identification:_identify(install) ignored
[0.953s] Level 1:colcon.colcon_core.package_identification:_identify(log) by extensions ['ignore', 'ignore_ament_install']
[0.953s] Level 1:colcon.colcon_core.package_identification:_identify(log) by extension 'ignore'
[0.953s] Level 1:colcon.colcon_core.package_identification:_identify(log) ignored
[0.953s] Level 1:colcon.colcon_core.package_identification:_identify(src) by extensions ['ignore', 'ignore_ament_install']
[0.953s] Level 1:colcon.colcon_core.package_identification:_identify(src) by extension 'ignore'
[0.953s] Level 1:colcon.colcon_core.package_identification:_identify(src) by extension 'ignore_ament_install'
[0.953s] Level 1:colcon.colcon_core.package_identification:_identify(src) by extensions ['colcon_pkg']
[0.954s] Level 1:colcon.colcon_core.package_identification:_identify(src) by extension 'colcon_pkg'
[0.954s] Level 1:colcon.colcon_core.package_identification:_identify(src) by extensions ['colcon_meta']
[0.954s] Level 1:colcon.colcon_core.package_identification:_identify(src) by extension 'colcon_meta'
[0.954s] Level 1:colcon.colcon_core.package_identification:_identify(src) by extensions ['ros']
[0.954s] Level 1:colcon.colcon_core.package_identification:_identify(src) by extension 'ros'
[0.954s] Level 1:colcon.colcon_core.package_identification:_identify(src) by extensions ['cmake', 'python']
[0.954s] Level 1:colcon.colcon_core.package_identification:_identify(src) by extension 'cmake'
[0.954s] Level 1:colcon.colcon_core.package_identification:_identify(src) by extension 'python'
[0.954s] Level 1:colcon.colcon_core.package_identification:_identify(src) by extensions ['python_setup_py']
[0.954s] Level 1:colcon.colcon_core.package_identification:_identify(src) by extension 'python_setup_py'
[0.954s] Level 1:colcon.colcon_core.package_identification:_identify(src/build) by extensions ['ignore', 'ignore_ament_install']
[0.955s] Level 1:colcon.colcon_core.package_identification:_identify(src/build) by extension 'ignore'
[0.955s] Level 1:colcon.colcon_core.package_identification:_identify(src/build) ignored
[0.955s] Level 1:colcon.colcon_core.package_identification:_identify(src/install) by extensions ['ignore', 'ignore_ament_install']
[0.955s] Level 1:colcon.colcon_core.package_identification:_identify(src/install) by extension 'ignore'
[0.955s] Level 1:colcon.colcon_core.package_identification:_identify(src/install) ignored
[0.956s] Level 1:colcon.colcon_core.package_identification:_identify(src/log) by extensions ['ignore', 'ignore_ament_install']
[0.956s] Level 1:colcon.colcon_core.package_identification:_identify(src/log) by extension 'ignore'
[0.956s] Level 1:colcon.colcon_core.package_identification:_identify(src/log) ignored
[0.957s] Level 1:colcon.colcon_core.package_identification:_identify(src/phi_aria) by extensions ['ignore', 'ignore_ament_install']
[0.957s] Level 1:colcon.colcon_core.package_identification:_identify(src/phi_aria) by extension 'ignore'
[0.957s] Level 1:colcon.colcon_core.package_identification:_identify(src/phi_aria) by extension 'ignore_ament_install'
[0.957s] Level 1:colcon.colcon_core.package_identification:_identify(src/phi_aria) by extensions ['colcon_pkg']
[0.957s] Level 1:colcon.colcon_core.package_identification:_identify(src/phi_aria) by extension 'colcon_pkg'
[0.957s] Level 1:colcon.colcon_core.package_identification:_identify(src/phi_aria) by extensions ['colcon_meta']
[0.957s] Level 1:colcon.colcon_core.package_identification:_identify(src/phi_aria) by extension 'colcon_meta'
[0.957s] Level 1:colcon.colcon_core.package_identification:_identify(src/phi_aria) by extensions ['ros']
[0.957s] Level 1:colcon.colcon_core.package_identification:_identify(src/phi_aria) by extension 'ros'
[0.965s] DEBUG:colcon.colcon_core.package_identification:Package 'src/phi_aria' with type 'ros.ament_cmake' and name 'phi_aria'
[0.966s] Level 1:colcon.colcon_core.package_identification:_identify(src/tp1) by extensions ['ignore', 'ignore_ament_install']
[0.966s] Level 1:colcon.colcon_core.package_identification:_identify(src/tp1) by extension 'ignore'
[0.966s] Level 1:colcon.colcon_core.package_identification:_identify(src/tp1) by extension 'ignore_ament_install'
[0.966s] Level 1:colcon.colcon_core.package_identification:_identify(src/tp1) by extensions ['colcon_pkg']
[0.966s] Level 1:colcon.colcon_core.package_identification:_identify(src/tp1) by extension 'colcon_pkg'
[0.966s] Level 1:colcon.colcon_core.package_identification:_identify(src/tp1) by extensions ['colcon_meta']
[0.966s] Level 1:colcon.colcon_core.package_identification:_identify(src/tp1) by extension 'colcon_meta'
[0.966s] Level 1:colcon.colcon_core.package_identification:_identify(src/tp1) by extensions ['ros']
[0.966s] Level 1:colcon.colcon_core.package_identification:_identify(src/tp1) by extension 'ros'
[0.967s] DEBUG:colcon.colcon_core.package_identification:Package 'src/tp1' with type 'ros.ament_cmake' and name 'tp1'
[0.968s] Level 1:colcon.colcon_core.package_identification:_identify(src/tp2) by extensions ['ignore', 'ignore_ament_install']
[0.968s] Level 1:colcon.colcon_core.package_identification:_identify(src/tp2) by extension 'ignore'
[0.968s] Level 1:colcon.colcon_core.package_identification:_identify(src/tp2) by extension 'ignore_ament_install'
[0.968s] Level 1:colcon.colcon_core.package_identification:_identify(src/tp2) by extensions ['colcon_pkg']
[0.968s] Level 1:colcon.colcon_core.package_identification:_identify(src/tp2) by extension 'colcon_pkg'
[0.969s] Level 1:colcon.colcon_core.package_identification:_identify(src/tp2) by extensions ['colcon_meta']
[0.969s] Level 1:colcon.colcon_core.package_identification:_identify(src/tp2) by extension 'colcon_meta'
[0.969s] Level 1:colcon.colcon_core.package_identification:_identify(src/tp2) by extensions ['ros']
[0.969s] Level 1:colcon.colcon_core.package_identification:_identify(src/tp2) by extension 'ros'
[0.970s] DEBUG:colcon.colcon_core.package_identification:Package 'src/tp2' with type 'ros.ament_cmake' and name 'tp2'
[0.970s] Level 1:colcon.colcon_core.package_discovery:discover_packages(recursive) using defaults
[0.970s] Level 1:colcon.colcon_core.package_discovery:discover_packages(ignore) discover
[0.970s] Level 1:colcon.colcon_core.package_discovery:discover_packages(ignore) using defaults
[0.970s] Level 1:colcon.colcon_core.package_discovery:discover_packages(path) discover
[0.970s] Level 1:colcon.colcon_core.package_discovery:discover_packages(path) using defaults
[1.024s] Level 1:colcon.colcon_core.package_discovery:discover_packages(prefix_path) check parameters
[1.025s] Level 1:colcon.colcon_core.package_discovery:discover_packages(prefix_path) discover
[1.033s] DEBUG:colcon.colcon_installed_package_information.package_discovery:Found 3 installed packages in /home/jumombach/ros2_ws/install
[1.036s] DEBUG:colcon.colcon_installed_package_information.package_discovery:Found 312 installed packages in /opt/ros/humble
[1.037s] Level 1:colcon.colcon_core.package_discovery:discover_packages(prefix_path) using defaults
[1.147s] Level 5:colcon.colcon_core.verb:set package 'phi_aria' build argument 'cmake_args' from command line to 'None'
[1.148s] Level 5:colcon.colcon_core.verb:set package 'phi_aria' build argument 'cmake_target' from command line to 'None'
[1.148s] Level 5:colcon.colcon_core.verb:set package 'phi_aria' build argument 'cmake_target_skip_unavailable' from command line to 'False'
[1.148s] Level 5:colcon.colcon_core.verb:set package 'phi_aria' build argument 'cmake_clean_cache' from command line to 'False'
[1.148s] Level 5:colcon.colcon_core.verb:set package 'phi_aria' build argument 'cmake_clean_first' from command line to 'False'
[1.148s] Level 5:colcon.colcon_core.verb:set package 'phi_aria' build argument 'cmake_force_configure' from command line to 'False'
[1.148s] Level 5:colcon.colcon_core.verb:set package 'phi_aria' build argument 'ament_cmake_args' from command line to 'None'
[1.148s] Level 5:colcon.colcon_core.verb:set package 'phi_aria' build argument 'catkin_cmake_args' from command line to 'None'
[1.148s] Level 5:colcon.colcon_core.verb:set package 'phi_aria' build argument 'catkin_skip_building_tests' from command line to 'False'
[1.148s] DEBUG:colcon.colcon_core.verb:Building package 'phi_aria' with the following arguments: {'ament_cmake_args': None, 'build_base': '/home/jumombach/ros2_ws/build/phi_aria', 'catkin_cmake_args': None, 'catkin_skip_building_tests': False, 'cmake_args': None, 'cmake_clean_cache': False, 'cmake_clean_first': False, 'cmake_force_configure': False, 'cmake_target': None, 'cmake_target_skip_unavailable': False, 'install_base': '/home/jumombach/ros2_ws/install/phi_aria', 'merge_install': False, 'path': '/home/jumombach/ros2_ws/src/phi_aria', 'symlink_install': False, 'test_result_base': None}
[1.148s] Level 5:colcon.colcon_core.verb:set package 'tp1' build argument 'cmake_args' from command line to 'None'
[1.148s] Level 5:colcon.colcon_core.verb:set package 'tp1' build argument 'cmake_target' from command line to 'None'
[1.148s] Level 5:colcon.colcon_core.verb:set package 'tp1' build argument 'cmake_target_skip_unavailable' from command line to 'False'
[1.148s] Level 5:colcon.colcon_core.verb:set package 'tp1' build argument 'cmake_clean_cache' from command line to 'False'
[1.148s] Level 5:colcon.colcon_core.verb:set package 'tp1' build argument 'cmake_clean_first' from command line to 'False'
[1.148s] Level 5:colcon.colcon_core.verb:set package 'tp1' build argument 'cmake_force_configure' from command line to 'False'
[1.148s] Level 5:colcon.colcon_core.verb:set package 'tp1' build argument 'ament_cmake_args' from command line to 'None'
[1.148s] Level 5:colcon.colcon_core.verb:set package 'tp1' build argument 'catkin_cmake_args' from command line to 'None'
[1.148s] Level 5:colcon.colcon_core.verb:set package 'tp1' build argument 'catkin_skip_building_tests' from command line to 'False'
[1.148s] DEBUG:colcon.colcon_core.verb:Building package 'tp1' with the following arguments: {'ament_cmake_args': None, 'build_base': '/home/jumombach/ros2_ws/build/tp1', 'catkin_cmake_args': None, 'catkin_skip_building_tests': False, 'cmake_args': None, 'cmake_clean_cache': False, 'cmake_clean_first': False, 'cmake_force_configure': False, 'cmake_target': None, 'cmake_target_skip_unavailable': False, 'install_base': '/home/jumombach/ros2_ws/install/tp1', 'merge_install': False, 'path': '/home/jumombach/ros2_ws/src/tp1', 'symlink_install': False, 'test_result_base': None}
[1.148s] Level 5:colcon.colcon_core.verb:set package 'tp2' build argument 'cmake_args' from command line to 'None'
[1.148s] Level 5:colcon.colcon_core.verb:set package 'tp2' build argument 'cmake_target' from command line to 'None'
[1.148s] Level 5:colcon.colcon_core.verb:set package 'tp2' build argument 'cmake_target_skip_unavailable' from command line to 'False'
[1.148s] Level 5:colcon.colcon_core.verb:set package 'tp2' build argument 'cmake_clean_cache' from command line to 'False'
[1.148s] Level 5:colcon.colcon_core.verb:set package 'tp2' build argument 'cmake_clean_first' from command line to 'False'
[1.149s] Level 5:colcon.colcon_core.verb:set package 'tp2' build argument 'cmake_force_configure' from command line to 'False'
[1.149s] Level 5:colcon.colcon_core.verb:set package 'tp2' build argument 'ament_cmake_args' from command line to 'None'
[1.149s] Level 5:colcon.colcon_core.verb:set package 'tp2' build argument 'catkin_cmake_args' from command line to 'None'
[1.149s] Level 5:colcon.colcon_core.verb:set package 'tp2' build argument 'catkin_skip_building_tests' from command line to 'False'
[1.149s] DEBUG:colcon.colcon_core.verb:Building package 'tp2' with the following arguments: {'ament_cmake_args': None, 'build_base': '/home/jumombach/ros2_ws/build/tp2', 'catkin_cmake_args': None, 'catkin_skip_building_tests': False, 'cmake_args': None, 'cmake_clean_cache': False, 'cmake_clean_first': False, 'cmake_force_configure': False, 'cmake_target': None, 'cmake_target_skip_unavailable': False, 'install_base': '/home/jumombach/ros2_ws/install/tp2', 'merge_install': False, 'path': '/home/jumombach/ros2_ws/src/tp2', 'symlink_install': False, 'test_result_base': None}
[1.149s] INFO:colcon.colcon_core.executor:Executing jobs using 'parallel' executor
[1.150s] DEBUG:colcon.colcon_parallel_executor.executor.parallel:run_until_complete
[1.150s] INFO:colcon.colcon_ros.task.ament_cmake.build:Building ROS package in '/home/jumombach/ros2_ws/src/phi_aria' with build type 'ament_cmake'
[1.150s] INFO:colcon.colcon_cmake.task.cmake.build:Building CMake package in '/home/jumombach/ros2_ws/src/phi_aria'
[1.158s] INFO:colcon.colcon_core.plugin_system:Skipping extension 'colcon_core.shell.bat': Not used on non-Windows systems
[1.158s] INFO:colcon.colcon_core.shell:Skip shell extension 'powershell' for command environment: Not usable outside of PowerShell
[1.158s] DEBUG:colcon.colcon_core.shell:Skip shell extension 'dsv' for command environment
[1.163s] INFO:colcon.colcon_ros.task.ament_cmake.build:Building ROS package in '/home/jumombach/ros2_ws/src/tp1' with build type 'ament_cmake'
[1.163s] INFO:colcon.colcon_cmake.task.cmake.build:Building CMake package in '/home/jumombach/ros2_ws/src/tp1'
[1.164s] INFO:colcon.colcon_core.shell:Skip shell extension 'powershell' for command environment: Not usable outside of PowerShell
[1.164s] DEBUG:colcon.colcon_core.shell:Skip shell extension 'dsv' for command environment
[1.167s] INFO:colcon.colcon_ros.task.ament_cmake.build:Building ROS package in '/home/jumombach/ros2_ws/src/tp2' with build type 'ament_cmake'
[1.167s] INFO:colcon.colcon_cmake.task.cmake.build:Building CMake package in '/home/jumombach/ros2_ws/src/tp2'
[1.168s] INFO:colcon.colcon_core.shell:Skip shell extension 'powershell' for command environment: Not usable outside of PowerShell
[1.168s] DEBUG:colcon.colcon_core.shell:Skip shell extension 'dsv' for command environment
[1.181s] DEBUG:colcon.colcon_core.event_handler.log_command:Invoking command in '/home/jumombach/ros2_ws/build/phi_aria': CMAKE_PREFIX_PATH=${CMAKE_PREFIX_PATH}:/opt/ros/humble /usr/local/bin/cmake --build /home/jumombach/ros2_ws/build/phi_aria -- -j8 -l8
[1.188s] DEBUG:colcon.colcon_core.event_handler.log_command:Invoking command in '/home/jumombach/ros2_ws/build/tp1': CMAKE_PREFIX_PATH=${CMAKE_PREFIX_PATH}:/opt/ros/humble /usr/local/bin/cmake --build /home/jumombach/ros2_ws/build/tp1 -- -j8 -l8
[1.193s] DEBUG:colcon.colcon_core.event_handler.log_command:Invoking command in '/home/jumombach/ros2_ws/build/tp2': CMAKE_PREFIX_PATH=${CMAKE_PREFIX_PATH}:/opt/ros/humble /usr/local/bin/cmake --build /home/jumombach/ros2_ws/build/tp2 -- -j8 -l8
[1.316s] DEBUG:colcon.colcon_core.event_handler.log_command:Invoked command in '/home/jumombach/ros2_ws/build/phi_aria' returned '0': CMAKE_PREFIX_PATH=${CMAKE_PREFIX_PATH}:/opt/ros/humble /usr/local/bin/cmake --build /home/jumombach/ros2_ws/build/phi_aria -- -j8 -l8
[1.316s] DEBUG:colcon.colcon_core.event_handler.log_command:Invoked command in '/home/jumombach/ros2_ws/build/tp1' returned '0': CMAKE_PREFIX_PATH=${CMAKE_PREFIX_PATH}:/opt/ros/humble /usr/local/bin/cmake --build /home/jumombach/ros2_ws/build/tp1 -- -j8 -l8
[1.342s] DEBUG:colcon.colcon_core.event_handler.log_command:Invoking command in '/home/jumombach/ros2_ws/build/phi_aria': CMAKE_PREFIX_PATH=${CMAKE_PREFIX_PATH}:/opt/ros/humble /usr/local/bin/cmake --build /home/jumombach/ros2_ws/build/phi_aria --target install -- -j8 -l8
[1.345s] DEBUG:colcon.colcon_core.event_handler.log_command:Invoking command in '/home/jumombach/ros2_ws/build/tp1': CMAKE_PREFIX_PATH=${CMAKE_PREFIX_PATH}:/opt/ros/humble /usr/local/bin/cmake --build /home/jumombach/ros2_ws/build/tp1 --target install -- -j8 -l8
[1.395s] Level 1:colcon.colcon_core.environment:create_environment_scripts_only(tp1)
[1.399s] DEBUG:colcon.colcon_core.event_handler.log_command:Invoked command in '/home/jumombach/ros2_ws/build/tp1' returned '0': CMAKE_PREFIX_PATH=${CMAKE_PREFIX_PATH}:/opt/ros/humble /usr/local/bin/cmake --build /home/jumombach/ros2_ws/build/tp1 --target install -- -j8 -l8
[1.405s] Level 1:colcon.colcon_core.environment:checking '/home/jumombach/ros2_ws/install/tp1' for CMake module files
[1.406s] Level 1:colcon.colcon_core.environment:checking '/home/jumombach/ros2_ws/install/tp1' for CMake config files
[1.408s] Level 1:colcon.colcon_core.shell:create_environment_hook('tp1', 'cmake_prefix_path')
[1.409s] INFO:colcon.colcon_core.shell:Creating environment hook '/home/jumombach/ros2_ws/install/tp1/share/tp1/hook/cmake_prefix_path.ps1'
[1.410s] INFO:colcon.colcon_core.shell:Creating environment descriptor '/home/jumombach/ros2_ws/install/tp1/share/tp1/hook/cmake_prefix_path.dsv'
[1.410s] INFO:colcon.colcon_core.shell:Creating environment hook '/home/jumombach/ros2_ws/install/tp1/share/tp1/hook/cmake_prefix_path.sh'
[1.411s] Level 1:colcon.colcon_core.environment:checking '/home/jumombach/ros2_ws/install/tp1/lib'
[1.412s] Level 1:colcon.colcon_core.environment:checking '/home/jumombach/ros2_ws/install/tp1/bin'
[1.412s] Level 1:colcon.colcon_core.environment:checking '/home/jumombach/ros2_ws/install/tp1/lib/pkgconfig/tp1.pc'
[1.412s] Level 1:colcon.colcon_core.environment:checking '/home/jumombach/ros2_ws/install/tp1/lib/python3.10/site-packages'
[1.412s] Level 1:colcon.colcon_core.environment:checking '/home/jumombach/ros2_ws/install/tp1/bin'
[1.412s] INFO:colcon.colcon_core.shell:Creating package script '/home/jumombach/ros2_ws/install/tp1/share/tp1/package.ps1'
[1.413s] INFO:colcon.colcon_core.shell:Creating package descriptor '/home/jumombach/ros2_ws/install/tp1/share/tp1/package.dsv'
[1.414s] INFO:colcon.colcon_core.shell:Creating package script '/home/jumombach/ros2_ws/install/tp1/share/tp1/package.sh'
[1.415s] INFO:colcon.colcon_core.shell:Creating package script '/home/jumombach/ros2_ws/install/tp1/share/tp1/package.bash'
[1.416s] INFO:colcon.colcon_core.shell:Creating package script '/home/jumombach/ros2_ws/install/tp1/share/tp1/package.zsh'
[1.417s] Level 1:colcon.colcon_core.environment:create_file_with_runtime_dependencies(/home/jumombach/ros2_ws/install/tp1/share/colcon-core/packages/tp1)
[1.419s] Level 1:colcon.colcon_core.environment:create_environment_scripts_only(phi_aria)
[1.420s] Level 1:colcon.colcon_core.environment:checking '/home/jumombach/ros2_ws/install/phi_aria' for CMake module files
[1.420s] DEBUG:colcon.colcon_core.event_handler.log_command:Invoked command in '/home/jumombach/ros2_ws/build/phi_aria' returned '0': CMAKE_PREFIX_PATH=${CMAKE_PREFIX_PATH}:/opt/ros/humble /usr/local/bin/cmake --build /home/jumombach/ros2_ws/build/phi_aria --target install -- -j8 -l8
[1.421s] Level 1:colcon.colcon_core.environment:checking '/home/jumombach/ros2_ws/install/phi_aria' for CMake config files
[1.423s] Level 1:colcon.colcon_core.shell:create_environment_hook('phi_aria', 'cmake_prefix_path')
[1.423s] INFO:colcon.colcon_core.shell:Creating environment hook '/home/jumombach/ros2_ws/install/phi_aria/share/phi_aria/hook/cmake_prefix_path.ps1'
[1.424s] INFO:colcon.colcon_core.shell:Creating environment descriptor '/home/jumombach/ros2_ws/install/phi_aria/share/phi_aria/hook/cmake_prefix_path.dsv'
[1.424s] INFO:colcon.colcon_core.shell:Creating environment hook '/home/jumombach/ros2_ws/install/phi_aria/share/phi_aria/hook/cmake_prefix_path.sh'
[1.425s] Level 1:colcon.colcon_core.environment:checking '/home/jumombach/ros2_ws/install/phi_aria/lib'
[1.425s] Level 1:colcon.colcon_core.environment:checking '/home/jumombach/ros2_ws/install/phi_aria/bin'
[1.425s] Level 1:colcon.colcon_core.environment:checking '/home/jumombach/ros2_ws/install/phi_aria/lib/pkgconfig/phi_aria.pc'
[1.425s] Level 1:colcon.colcon_core.environment:checking '/home/jumombach/ros2_ws/install/phi_aria/lib/python3.10/site-packages'
[1.426s] Level 1:colcon.colcon_core.environment:checking '/home/jumombach/ros2_ws/install/phi_aria/bin'
[1.426s] INFO:colcon.colcon_core.shell:Creating package script '/home/jumombach/ros2_ws/install/phi_aria/share/phi_aria/package.ps1'
[1.427s] INFO:colcon.colcon_core.shell:Creating package descriptor '/home/jumombach/ros2_ws/install/phi_aria/share/phi_aria/package.dsv'
[1.427s] INFO:colcon.colcon_core.shell:Creating package script '/home/jumombach/ros2_ws/install/phi_aria/share/phi_aria/package.sh'
[1.428s] INFO:colcon.colcon_core.shell:Creating package script '/home/jumombach/ros2_ws/install/phi_aria/share/phi_aria/package.bash'
[1.428s] INFO:colcon.colcon_core.shell:Creating package script '/home/jumombach/ros2_ws/install/phi_aria/share/phi_aria/package.zsh'
[1.428s] Level 1:colcon.colcon_core.environment:create_file_with_runtime_dependencies(/home/jumombach/ros2_ws/install/phi_aria/share/colcon-core/packages/phi_aria)
[1.438s] Level 1:colcon.colcon_core.environment:create_environment_scripts_only(tp1)
[1.439s] Level 1:colcon.colcon_core.environment:checking '/home/jumombach/ros2_ws/install/tp1' for CMake module files
[1.439s] Level 1:colcon.colcon_core.environment:checking '/home/jumombach/ros2_ws/install/tp1' for CMake config files
[1.439s] Level 1:colcon.colcon_core.shell:create_environment_hook('tp1', 'cmake_prefix_path')
[1.440s] INFO:colcon.colcon_core.shell:Creating environment hook '/home/jumombach/ros2_ws/install/tp1/share/tp1/hook/cmake_prefix_path.ps1'
[1.440s] INFO:colcon.colcon_core.shell:Creating environment descriptor '/home/jumombach/ros2_ws/install/tp1/share/tp1/hook/cmake_prefix_path.dsv'
[1.440s] INFO:colcon.colcon_core.shell:Creating environment hook '/home/jumombach/ros2_ws/install/tp1/share/tp1/hook/cmake_prefix_path.sh'
[1.441s] Level 1:colcon.colcon_core.environment:checking '/home/jumombach/ros2_ws/install/tp1/lib'
[1.441s] Level 1:colcon.colcon_core.environment:checking '/home/jumombach/ros2_ws/install/tp1/bin'
[1.441s] Level 1:colcon.colcon_core.environment:checking '/home/jumombach/ros2_ws/install/tp1/lib/pkgconfig/tp1.pc'
[1.441s] Level 1:colcon.colcon_core.environment:checking '/home/jumombach/ros2_ws/install/tp1/lib/python3.10/site-packages'
[1.442s] Level 1:colcon.colcon_core.environment:checking '/home/jumombach/ros2_ws/install/tp1/bin'
[1.442s] INFO:colcon.colcon_core.shell:Creating package script '/home/jumombach/ros2_ws/install/tp1/share/tp1/package.ps1'
[1.442s] INFO:colcon.colcon_core.shell:Creating package descriptor '/home/jumombach/ros2_ws/install/tp1/share/tp1/package.dsv'
[1.443s] INFO:colcon.colcon_core.shell:Creating package script '/home/jumombach/ros2_ws/install/tp1/share/tp1/package.sh'
[1.443s] INFO:colcon.colcon_core.shell:Creating package script '/home/jumombach/ros2_ws/install/tp1/share/tp1/package.bash'
[1.444s] INFO:colcon.colcon_core.shell:Creating package script '/home/jumombach/ros2_ws/install/tp1/share/tp1/package.zsh'
[1.444s] Level 1:colcon.colcon_core.environment:create_file_with_runtime_dependencies(/home/jumombach/ros2_ws/install/tp1/share/colcon-core/packages/tp1)
[1.446s] Level 1:colcon.colcon_core.environment:create_environment_scripts_only(phi_aria)
[1.447s] Level 1:colcon.colcon_core.environment:checking '/home/jumombach/ros2_ws/install/phi_aria' for CMake module files
[1.447s] Level 1:colcon.colcon_core.environment:checking '/home/jumombach/ros2_ws/install/phi_aria' for CMake config files
[1.447s] Level 1:colcon.colcon_core.shell:create_environment_hook('phi_aria', 'cmake_prefix_path')
[1.447s] INFO:colcon.colcon_core.shell:Creating environment hook '/home/jumombach/ros2_ws/install/phi_aria/share/phi_aria/hook/cmake_prefix_path.ps1'
[1.448s] INFO:colcon.colcon_core.shell:Creating environment descriptor '/home/jumombach/ros2_ws/install/phi_aria/share/phi_aria/hook/cmake_prefix_path.dsv'
[1.449s] INFO:colcon.colcon_core.shell:Creating environment hook '/home/jumombach/ros2_ws/install/phi_aria/share/phi_aria/hook/cmake_prefix_path.sh'
[1.449s] Level 1:colcon.colcon_core.environment:checking '/home/jumombach/ros2_ws/install/phi_aria/lib'
[1.449s] Level 1:colcon.colcon_core.environment:checking '/home/jumombach/ros2_ws/install/phi_aria/bin'
[1.449s] Level 1:colcon.colcon_core.environment:checking '/home/jumombach/ros2_ws/install/phi_aria/lib/pkgconfig/phi_aria.pc'
[1.449s] Level 1:colcon.colcon_core.environment:checking '/home/jumombach/ros2_ws/install/phi_aria/lib/python3.10/site-packages'
[1.450s] Level 1:colcon.colcon_core.environment:checking '/home/jumombach/ros2_ws/install/phi_aria/bin'
[1.450s] INFO:colcon.colcon_core.shell:Creating package script '/home/jumombach/ros2_ws/install/phi_aria/share/phi_aria/package.ps1'
[1.450s] INFO:colcon.colcon_core.shell:Creating package descriptor '/home/jumombach/ros2_ws/install/phi_aria/share/phi_aria/package.dsv'
[1.451s] INFO:colcon.colcon_core.shell:Creating package script '/home/jumombach/ros2_ws/install/phi_aria/share/phi_aria/package.sh'
[1.451s] INFO:colcon.colcon_core.shell:Creating package script '/home/jumombach/ros2_ws/install/phi_aria/share/phi_aria/package.bash'
[1.452s] INFO:colcon.colcon_core.shell:Creating package script '/home/jumombach/ros2_ws/install/phi_aria/share/phi_aria/package.zsh'
[1.452s] Level 1:colcon.colcon_core.environment:create_file_with_runtime_dependencies(/home/jumombach/ros2_ws/install/phi_aria/share/colcon-core/packages/phi_aria)
[5.321s] DEBUG:colcon.colcon_core.event_handler.log_command:Invoked command in '/home/jumombach/ros2_ws/build/tp2' returned '0': CMAKE_PREFIX_PATH=${CMAKE_PREFIX_PATH}:/opt/ros/humble /usr/local/bin/cmake --build /home/jumombach/ros2_ws/build/tp2 -- -j8 -l8
[5.339s] DEBUG:colcon.colcon_core.event_handler.log_command:Invoking command in '/home/jumombach/ros2_ws/build/tp2': CMAKE_PREFIX_PATH=${CMAKE_PREFIX_PATH}:/opt/ros/humble /usr/local/bin/cmake --build /home/jumombach/ros2_ws/build/tp2 --target install -- -j8 -l8
[5.385s] Level 1:colcon.colcon_core.environment:create_environment_scripts_only(tp2)
[5.385s] Level 1:colcon.colcon_core.environment:checking '/home/jumombach/ros2_ws/install/tp2' for CMake module files
[5.386s] DEBUG:colcon.colcon_core.event_handler.log_command:Invoked command in '/home/jumombach/ros2_ws/build/tp2' returned '0': CMAKE_PREFIX_PATH=${CMAKE_PREFIX_PATH}:/opt/ros/humble /usr/local/bin/cmake --build /home/jumombach/ros2_ws/build/tp2 --target install -- -j8 -l8
[5.387s] Level 1:colcon.colcon_core.environment:checking '/home/jumombach/ros2_ws/install/tp2' for CMake config files
[5.391s] Level 1:colcon.colcon_core.shell:create_environment_hook('tp2', 'cmake_prefix_path')
[5.391s] INFO:colcon.colcon_core.shell:Creating environment hook '/home/jumombach/ros2_ws/install/tp2/share/tp2/hook/cmake_prefix_path.ps1'
[5.392s] INFO:colcon.colcon_core.shell:Creating environment descriptor '/home/jumombach/ros2_ws/install/tp2/share/tp2/hook/cmake_prefix_path.dsv'
[5.392s] INFO:colcon.colcon_core.shell:Creating environment hook '/home/jumombach/ros2_ws/install/tp2/share/tp2/hook/cmake_prefix_path.sh'
[5.393s] Level 1:colcon.colcon_core.environment:checking '/home/jumombach/ros2_ws/install/tp2/lib'
[5.393s] Level 1:colcon.colcon_core.environment:checking '/home/jumombach/ros2_ws/install/tp2/bin'
[5.393s] Level 1:colcon.colcon_core.environment:checking '/home/jumombach/ros2_ws/install/tp2/lib/pkgconfig/tp2.pc'
[5.393s] Level 1:colcon.colcon_core.environment:checking '/home/jumombach/ros2_ws/install/tp2/lib/python3.10/site-packages'
[5.393s] Level 1:colcon.colcon_core.environment:checking '/home/jumombach/ros2_ws/install/tp2/bin'
[5.394s] INFO:colcon.colcon_core.shell:Creating package script '/home/jumombach/ros2_ws/install/tp2/share/tp2/package.ps1'
[5.394s] INFO:colcon.colcon_core.shell:Creating package descriptor '/home/jumombach/ros2_ws/install/tp2/share/tp2/package.dsv'
[5.394s] INFO:colcon.colcon_core.shell:Creating package script '/home/jumombach/ros2_ws/install/tp2/share/tp2/package.sh'
[5.395s] INFO:colcon.colcon_core.shell:Creating package script '/home/jumombach/ros2_ws/install/tp2/share/tp2/package.bash'
[5.395s] INFO:colcon.colcon_core.shell:Creating package script '/home/jumombach/ros2_ws/install/tp2/share/tp2/package.zsh'
[5.395s] Level 1:colcon.colcon_core.environment:create_file_with_runtime_dependencies(/home/jumombach/ros2_ws/install/tp2/share/colcon-core/packages/tp2)
[5.412s] Level 1:colcon.colcon_core.environment:create_environment_scripts_only(tp2)
[5.413s] Level 1:colcon.colcon_core.environment:checking '/home/jumombach/ros2_ws/install/tp2' for CMake module files
[5.413s] Level 1:colcon.colcon_core.environment:checking '/home/jumombach/ros2_ws/install/tp2' for CMake config files
[5.413s] Level 1:colcon.colcon_core.shell:create_environment_hook('tp2', 'cmake_prefix_path')
[5.413s] INFO:colcon.colcon_core.shell:Creating environment hook '/home/jumombach/ros2_ws/install/tp2/share/tp2/hook/cmake_prefix_path.ps1'
[5.414s] INFO:colcon.colcon_core.shell:Creating environment descriptor '/home/jumombach/ros2_ws/install/tp2/share/tp2/hook/cmake_prefix_path.dsv'
[5.414s] INFO:colcon.colcon_core.shell:Creating environment hook '/home/jumombach/ros2_ws/install/tp2/share/tp2/hook/cmake_prefix_path.sh'
[5.415s] Level 1:colcon.colcon_core.environment:checking '/home/jumombach/ros2_ws/install/tp2/lib'
[5.415s] Level 1:colcon.colcon_core.environment:checking '/home/jumombach/ros2_ws/install/tp2/bin'
[5.415s] Level 1:colcon.colcon_core.environment:checking '/home/jumombach/ros2_ws/install/tp2/lib/pkgconfig/tp2.pc'
[5.415s] Level 1:colcon.colcon_core.environment:checking '/home/jumombach/ros2_ws/install/tp2/lib/python3.10/site-packages'
[5.415s] Level 1:colcon.colcon_core.environment:checking '/home/jumombach/ros2_ws/install/tp2/bin'
[5.416s] INFO:colcon.colcon_core.shell:Creating package script '/home/jumombach/ros2_ws/install/tp2/share/tp2/package.ps1'
[5.416s] INFO:colcon.colcon_core.shell:Creating package descriptor '/home/jumombach/ros2_ws/install/tp2/share/tp2/package.dsv'
[5.416s] INFO:colcon.colcon_core.shell:Creating package script '/home/jumombach/ros2_ws/install/tp2/share/tp2/package.sh'
[5.417s] INFO:colcon.colcon_core.shell:Creating package script '/home/jumombach/ros2_ws/install/tp2/share/tp2/package.bash'
[5.417s] INFO:colcon.colcon_core.shell:Creating package script '/home/jumombach/ros2_ws/install/tp2/share/tp2/package.zsh'
[5.417s] Level 1:colcon.colcon_core.environment:create_file_with_runtime_dependencies(/home/jumombach/ros2_ws/install/tp2/share/colcon-core/packages/tp2)
[5.418s] DEBUG:colcon.colcon_parallel_executor.executor.parallel:closing loop
[5.418s] DEBUG:colcon.colcon_parallel_executor.executor.parallel:loop closed
[5.419s] DEBUG:colcon.colcon_parallel_executor.executor.parallel:run_until_complete finished with '0'
[5.419s] DEBUG:colcon.colcon_core.event_reactor:joining thread
[5.473s] INFO:colcon.colcon_core.plugin_system:Skipping extension 'colcon_notification.desktop_notification.notify_send': Could not find 'notify-send'
[5.473s] INFO:colcon.colcon_core.plugin_system:Skipping extension 'colcon_notification.desktop_notification.terminal_notifier': Not used on non-Darwin systems
[5.473s] INFO:colcon.colcon_core.plugin_system:Skipping extension 'colcon_notification.desktop_notification.win32': Not used on non-Windows systems
[5.473s] INFO:colcon.colcon_notification.desktop_notification:Sending desktop notification using 'notify2'
[5.473s] DEBUG:colcon.colcon_notification.desktop_notification.notify2:Failed to initialize notify2: org.freedesktop.DBus.Error.FileNotFound: Failed to connect to socket /run/user/1000/bus: No such file or directory
[5.473s] DEBUG:colcon.colcon_core.event_reactor:joined thread
[5.474s] INFO:colcon.colcon_core.shell:Creating prefix script '/home/jumombach/ros2_ws/install/local_setup.ps1'
[5.475s] INFO:colcon.colcon_core.shell:Creating prefix util module '/home/jumombach/ros2_ws/install/_local_setup_util_ps1.py'
[5.477s] INFO:colcon.colcon_core.shell:Creating prefix chain script '/home/jumombach/ros2_ws/install/setup.ps1'
[5.479s] INFO:colcon.colcon_core.shell:Creating prefix script '/home/jumombach/ros2_ws/install/local_setup.sh'
[5.479s] INFO:colcon.colcon_core.shell:Creating prefix util module '/home/jumombach/ros2_ws/install/_local_setup_util_sh.py'
[5.480s] INFO:colcon.colcon_core.shell:Creating prefix chain script '/home/jumombach/ros2_ws/install/setup.sh'
[5.481s] INFO:colcon.colcon_core.shell:Creating prefix script '/home/jumombach/ros2_ws/install/local_setup.bash'
[5.482s] INFO:colcon.colcon_core.shell:Creating prefix chain script '/home/jumombach/ros2_ws/install/setup.bash'
[5.483s] INFO:colcon.colcon_core.shell:Creating prefix script '/home/jumombach/ros2_ws/install/local_setup.zsh'
[5.484s] INFO:colcon.colcon_core.shell:Creating prefix chain script '/home/jumombach/ros2_ws/install/setup.zsh'
