[0.030s] Invoking command in '/home/jumombach/ros2_ws/build/tp4': CMAKE_PREFIX_PATH=${CMAKE_PREFIX_PATH}:/opt/ros/humble /usr/local/bin/cmake /home/jumombach/ros2_ws/src/tp4 -DCMAKE_INSTALL_PREFIX=/home/jumombach/ros2_ws/install/tp4
[0.282s] -- The C compiler identification is GNU 11.4.0
[0.492s] -- The CXX compiler identification is GNU 11.4.0
[0.572s] -- Check for working C compiler: /usr/bin/cc
[0.682s] -- Check for working C compiler: /usr/bin/cc -- works
[0.683s] -- Detecting C compiler ABI info
[0.782s] -- Detecting C compiler ABI info - done
[0.785s] -- Detecting C compile features
[1.111s] -- Detecting C compile features - done
[1.113s] -- Check for working CXX compiler: /usr/bin/c++
[1.229s] -- Check for working CXX compiler: /usr/bin/c++ -- works
[1.229s] -- Detecting CXX compiler ABI info
[1.330s] -- Detecting CXX compiler ABI info - done
[1.332s] -- Detecting CXX compile features
[1.856s] -- Detecting CXX compile features - done
[1.860s] -- Found ament_cmake: 1.3.11 (/opt/ros/humble/share/ament_cmake/cmake)
[2.044s] -- Found Python3: /usr/bin/python3 (found version "3.10.12") found components:  Interpreter 
[2.146s] -- Found rclcpp: 16.0.12 (/opt/ros/humble/share/rclcpp/cmake)
[2.296s] -- Found rosidl_generator_c: 3.1.6 (/opt/ros/humble/share/rosidl_generator_c/cmake)
[2.302s] -- Found rosidl_adapter: 3.1.6 (/opt/ros/humble/share/rosidl_adapter/cmake)
[2.315s] -- Found rosidl_generator_cpp: 3.1.6 (/opt/ros/humble/share/rosidl_generator_cpp/cmake)
[2.340s] -- Using all available rosidl_typesupport_c: rosidl_typesupport_fastrtps_c;rosidl_typesupport_introspection_c
[2.371s] -- Using all available rosidl_typesupport_cpp: rosidl_typesupport_fastrtps_cpp;rosidl_typesupport_introspection_cpp
[2.441s] -- Found rmw_implementation_cmake: 6.1.2 (/opt/ros/humble/share/rmw_implementation_cmake/cmake)
[2.447s] -- Found rmw_fastrtps_cpp: 6.2.7 (/opt/ros/humble/share/rmw_fastrtps_cpp/cmake)
[3.487s] -- Found OpenSSL: /usr/lib/x86_64-linux-gnu/libcrypto.so   
[4.484s] -- Found FastRTPS: /opt/ros/humble/include  
[6.405s] -- Using RMW implementation 'rmw_fastrtps_cpp' as default
[6.415s] -- Looking for pthread.h
[6.520s] -- Looking for pthread.h - found
[6.521s] -- Looking for pthread_create
[6.634s] -- Looking for pthread_create - found
[6.635s] -- Found Threads: TRUE  
[6.710s] -- Found sensor_msgs: 4.8.0 (/opt/ros/humble/share/sensor_msgs/cmake)
[6.768s] -- Found nav_msgs: 4.8.0 (/opt/ros/humble/share/nav_msgs/cmake)
[6.798s] -- Found tf2: 0.25.12 (/opt/ros/humble/share/tf2/cmake)
[6.810s] -- Found tf2_ros: 0.25.12 (/opt/ros/humble/share/tf2_ros/cmake)
[6.942s] -- Found tf2_geometry_msgs: 0.25.12 (/opt/ros/humble/share/tf2_geometry_msgs/cmake)
[7.008s] -- Found eigen3_cmake_module: 0.1.1 (/opt/ros/humble/share/eigen3_cmake_module/cmake)
[7.009s] -- Found Eigen3: TRUE (found version "3.4.0") 
[7.009s] -- Ensuring Eigen3 include directory is part of orocos-kdl CMake target
[7.014s] -- Found ament_lint_auto: 0.12.12 (/opt/ros/humble/share/ament_lint_auto/cmake)
[7.087s] -- Added test 'cppcheck' to perform static code analysis on C / C++ code
[7.087s] -- Configured cppcheck include dirs: $<BUILD_INTERFACE:/home/jumombach/ros2_ws/src/tp4/include>
[7.087s] -- Configured cppcheck exclude dirs and/or files: 
[7.088s] -- Added test 'flake8' to check Python code syntax and style conventions
[7.089s] -- Added test 'lint_cmake' to check CMake code style
[7.090s] -- Added test 'pep257' to check Python code against some of the docstring style conventions in PEP 257
[7.092s] -- Added test 'uncrustify' to check C / C++ code style
[7.092s] -- Configured uncrustify additional arguments: 
[7.093s] -- Added test 'xmllint' to check XML markup files
[7.097s] -- Configuring done
[7.120s] -- Generating done
[7.122s] -- Build files have been written to: /home/jumombach/ros2_ws/build/tp4
[7.128s] Invoked command in '/home/jumombach/ros2_ws/build/tp4' returned '0': CMAKE_PREFIX_PATH=${CMAKE_PREFIX_PATH}:/opt/ros/humble /usr/local/bin/cmake /home/jumombach/ros2_ws/src/tp4 -DCMAKE_INSTALL_PREFIX=/home/jumombach/ros2_ws/install/tp4
[7.129s] Invoking command in '/home/jumombach/ros2_ws/build/tp4': CMAKE_PREFIX_PATH=${CMAKE_PREFIX_PATH}:/opt/ros/humble /usr/local/bin/cmake --build /home/jumombach/ros2_ws/build/tp4 -- -j8 -l8
[7.138s] gmake[1]: Entering directory '/home/jumombach/ros2_ws/build/tp4'
[7.139s] gmake[2]: Entering directory '/home/jumombach/ros2_ws/build/tp4'
[7.141s] [35m[1mScanning dependencies of target localization[0m
[7.308s] gmake[2]: Leaving directory '/home/jumombach/ros2_ws/build/tp4'
[7.317s] gmake[2]: Entering directory '/home/jumombach/ros2_ws/build/tp4'
[7.319s] [ 25%] [32mBuilding CXX object CMakeFiles/localization.dir/src/main.cpp.o[0m
[7.320s] [ 50%] [32mBuilding CXX object CMakeFiles/localization.dir/src/Perception.cpp.o[0m
[7.320s] [ 75%] [32mBuilding CXX object CMakeFiles/localization.dir/src/Utils.cpp.o[0m
[9.742s] [01m[K/home/jumombach/ros2_ws/src/tp4/src/Perception.cpp:[m[K In member function ‘[01m[Kvoid Perception::MCL_weighting(const std::vector<float>&)[m[K’:
[9.742s] [01m[K/home/jumombach/ros2_ws/src/tp4/src/Perception.cpp:54:58:[m[K [01;35m[Kwarning: [m[Kunused parameter ‘[01m[Kz[m[K’ [[01;35m[K]8;;https://gcc.gnu.org/onlinedocs/gcc/Warning-Options.html#index-Wunused-parameter-Wunused-parameter]8;;[m[K]
[9.742s]    54 | void Perception::MCL_weighting([01;35m[Kconst std::vector<float> &z[m[K)
[9.742s]       |                                [01;35m[K~~~~~~~~~~~~~~~~~~~~~~~~~~^[m[K
[17.081s] [100%] [32m[1mLinking CXX executable localization[0m
[17.626s] gmake[2]: Leaving directory '/home/jumombach/ros2_ws/build/tp4'
[17.628s] [100%] Built target localization
[17.628s] gmake[1]: Leaving directory '/home/jumombach/ros2_ws/build/tp4'
[17.636s] Invoked command in '/home/jumombach/ros2_ws/build/tp4' returned '0': CMAKE_PREFIX_PATH=${CMAKE_PREFIX_PATH}:/opt/ros/humble /usr/local/bin/cmake --build /home/jumombach/ros2_ws/build/tp4 -- -j8 -l8
[17.652s] Invoking command in '/home/jumombach/ros2_ws/build/tp4': CMAKE_PREFIX_PATH=${CMAKE_PREFIX_PATH}:/opt/ros/humble /usr/local/bin/cmake --build /home/jumombach/ros2_ws/build/tp4 --target install -- -j8 -l8
[17.662s] gmake[1]: Entering directory '/home/jumombach/ros2_ws/build/tp4'
[17.665s] gmake[2]: Entering directory '/home/jumombach/ros2_ws/build/tp4'
[17.669s] gmake[2]: Leaving directory '/home/jumombach/ros2_ws/build/tp4'
[17.683s] [100%] Built target localization
[17.683s] gmake[1]: Leaving directory '/home/jumombach/ros2_ws/build/tp4'
[17.687s] [36mInstall the project...[0m
[17.689s] -- Install configuration: ""
[17.689s] -- Installing: /home/jumombach/ros2_ws/install/tp4/lib/tp4/localization
[17.693s] -- Set runtime path of "/home/jumombach/ros2_ws/install/tp4/lib/tp4/localization" to ""
[17.693s] -- Installing: /home/jumombach/ros2_ws/install/tp4/share/tp4/launch
[17.693s] -- Installing: /home/jumombach/ros2_ws/install/tp4/share/tp4/launch/p3dx-rosaria.launch.py
[17.693s] -- Installing: /home/jumombach/ros2_ws/install/tp4/share/tp4/config
[17.693s] -- Installing: /home/jumombach/ros2_ws/install/tp4/share/tp4/config/p3dx.rviz
[17.693s] -- Installing: /home/jumombach/ros2_ws/install/tp4/share/tp4/maps
[17.694s] -- Installing: /home/jumombach/ros2_ws/install/tp4/share/tp4/maps/denseMap.pgm
[17.695s] -- Installing: /home/jumombach/ros2_ws/install/tp4/share/tp4/maps/denseMap.yaml
[17.695s] -- Installing: /home/jumombach/ros2_ws/install/tp4/share/tp4/maps/ambiguousMap.map
[17.695s] -- Installing: /home/jumombach/ros2_ws/install/tp4/share/tp4/maps/ambiguousMap.yaml
[17.695s] -- Installing: /home/jumombach/ros2_ws/install/tp4/share/tp4/maps/sparseMap.map
[17.695s] -- Installing: /home/jumombach/ros2_ws/install/tp4/share/tp4/maps/sparseMap.yaml
[17.696s] -- Installing: /home/jumombach/ros2_ws/install/tp4/share/tp4/maps/ambiguousMap.pgm
[17.696s] -- Installing: /home/jumombach/ros2_ws/install/tp4/share/tp4/maps/sparseMap.pgm
[17.698s] -- Installing: /home/jumombach/ros2_ws/install/tp4/share/tp4/maps/denseMap.map
[17.698s] -- Installing: /home/jumombach/ros2_ws/install/tp4/share/ament_index/resource_index/package_run_dependencies/tp4
[17.698s] -- Installing: /home/jumombach/ros2_ws/install/tp4/share/ament_index/resource_index/parent_prefix_path/tp4
[17.698s] -- Installing: /home/jumombach/ros2_ws/install/tp4/share/tp4/environment/ament_prefix_path.sh
[17.698s] -- Installing: /home/jumombach/ros2_ws/install/tp4/share/tp4/environment/ament_prefix_path.dsv
[17.699s] -- Installing: /home/jumombach/ros2_ws/install/tp4/share/tp4/environment/path.sh
[17.699s] -- Installing: /home/jumombach/ros2_ws/install/tp4/share/tp4/environment/path.dsv
[17.699s] -- Installing: /home/jumombach/ros2_ws/install/tp4/share/tp4/local_setup.bash
[17.699s] -- Installing: /home/jumombach/ros2_ws/install/tp4/share/tp4/local_setup.sh
[17.699s] -- Installing: /home/jumombach/ros2_ws/install/tp4/share/tp4/local_setup.zsh
[17.699s] -- Installing: /home/jumombach/ros2_ws/install/tp4/share/tp4/local_setup.dsv
[17.699s] -- Installing: /home/jumombach/ros2_ws/install/tp4/share/tp4/package.dsv
[17.699s] -- Installing: /home/jumombach/ros2_ws/install/tp4/share/ament_index/resource_index/packages/tp4
[17.700s] -- Installing: /home/jumombach/ros2_ws/install/tp4/share/tp4/cmake/tp4Config.cmake
[17.700s] -- Installing: /home/jumombach/ros2_ws/install/tp4/share/tp4/cmake/tp4Config-version.cmake
[17.700s] -- Installing: /home/jumombach/ros2_ws/install/tp4/share/tp4/package.xml
[17.702s] Invoked command in '/home/jumombach/ros2_ws/build/tp4' returned '0': CMAKE_PREFIX_PATH=${CMAKE_PREFIX_PATH}:/opt/ros/humble /usr/local/bin/cmake --build /home/jumombach/ros2_ws/build/tp4 --target install -- -j8 -l8
