[0.015s] Invoking command in '/home/jumombach/ros2_ws/build/tp1': /usr/local/bin/cmake --build /home/jumombach/ros2_ws/build/tp1 -- -j8 -l8
[0.024s] gmake[1]: Entering directory '/home/jumombach/ros2_ws/build/tp1'
[0.026s] gmake[2]: Entering directory '/home/jumombach/ros2_ws/build/tp1'
[0.030s] [35m[1mScanning dependencies of target navigation[0m
[0.032s] gmake[2]: Leaving directory '/home/jumombach/ros2_ws/build/tp1'
[0.039s] gmake[2]: Entering directory '/home/jumombach/ros2_ws/build/tp1'
[0.042s] [ 20%] [32mBuilding CXX object CMakeFiles/navigation.dir/src/Action.cpp.o[0m
[0.284s] [01m[K/home/jumombach/ros2_ws/src/tp1/src/Action.cpp:[m[K In member function ‘[01m[Kvoid Action::avoidObstacles(std::vector<float>, std::vector<float>)[m[K’:
[0.284s] [01m[K/home/jumombach/ros2_ws/src/tp1/src/Action.cpp:11:75:[m[K [01;35m[Kwarning: [m[Kunused parameter ‘[01m[Ksonars[m[K’ [[01;35m[K]8;;https://gcc.gnu.org/onlinedocs/gcc/Warning-Options.html#index-Wunused-parameter-Wunused-parameter]8;;[m[K]
[0.284s]    11 |  lasers, [01;35m[Kstd::vector<float> sonars[m[K)
[0.284s]       |          [01;35m[K~~~~~~~~~~~~~~~~~~~^~~~~~[m[K
[0.284s] 
[0.285s] [01m[K/home/jumombach/ros2_ws/src/tp1/src/Action.cpp:[m[K In member function ‘[01m[Kvoid Action::keepAsFarthestAsPossibleFromWalls(std::vector<float>, std::vector<float>)[m[K’:
[0.285s] [01m[K/home/jumombach/ros2_ws/src/tp1/src/Action.cpp:60:94:[m[K [01;35m[Kwarning: [m[Kunused parameter ‘[01m[Ksonars[m[K’ [[01;35m[K]8;;https://gcc.gnu.org/onlinedocs/gcc/Warning-Options.html#index-Wunused-parameter-Wunused-parameter]8;;[m[K]
[0.285s]    60 |  lasers, [01;35m[Kstd::vector<float> sonars[m[K)
[0.285s]       |          [01;35m[K~~~~~~~~~~~~~~~~~~~^~~~~~[m[K
[0.285s] 
[0.351s] [ 40%] [32m[1mLinking CXX executable navigation[0m
[0.850s] gmake[2]: Leaving directory '/home/jumombach/ros2_ws/build/tp1'
[0.853s] [100%] Built target navigation
[0.853s] gmake[1]: Leaving directory '/home/jumombach/ros2_ws/build/tp1'
[0.858s] Invoked command in '/home/jumombach/ros2_ws/build/tp1' returned '0': /usr/local/bin/cmake --build /home/jumombach/ros2_ws/build/tp1 -- -j8 -l8
[0.877s] Invoking command in '/home/jumombach/ros2_ws/build/tp1': /usr/local/bin/cmake --build /home/jumombach/ros2_ws/build/tp1 --target install -- -j8 -l8
[0.886s] gmake[1]: Entering directory '/home/jumombach/ros2_ws/build/tp1'
[0.889s] gmake[2]: Entering directory '/home/jumombach/ros2_ws/build/tp1'
[0.892s] gmake[2]: Leaving directory '/home/jumombach/ros2_ws/build/tp1'
[0.902s] [100%] Built target navigation
[0.902s] gmake[1]: Leaving directory '/home/jumombach/ros2_ws/build/tp1'
[0.907s] [36mInstall the project...[0m
[0.908s] -- Install configuration: ""
[0.908s] -- Installing: /home/jumombach/ros2_ws/install/tp1/lib/tp1/navigation
[0.914s] -- Set runtime path of "/home/jumombach/ros2_ws/install/tp1/lib/tp1/navigation" to ""
[0.915s] -- Up-to-date: /home/jumombach/ros2_ws/install/tp1/share/tp1/launch
[0.915s] -- Up-to-date: /home/jumombach/ros2_ws/install/tp1/share/tp1/launch/p3dx-rosaria.launch.py
[0.915s] -- Up-to-date: /home/jumombach/ros2_ws/install/tp1/share/tp1/config
[0.915s] -- Up-to-date: /home/jumombach/ros2_ws/install/tp1/share/tp1/config/p3dx.rviz
[0.915s] -- Up-to-date: /home/jumombach/ros2_ws/install/tp1/share/ament_index/resource_index/package_run_dependencies/tp1
[0.915s] -- Up-to-date: /home/jumombach/ros2_ws/install/tp1/share/ament_index/resource_index/parent_prefix_path/tp1
[0.915s] -- Up-to-date: /home/jumombach/ros2_ws/install/tp1/share/tp1/environment/ament_prefix_path.sh
[0.916s] -- Up-to-date: /home/jumombach/ros2_ws/install/tp1/share/tp1/environment/ament_prefix_path.dsv
[0.916s] -- Up-to-date: /home/jumombach/ros2_ws/install/tp1/share/tp1/environment/path.sh
[0.916s] -- Up-to-date: /home/jumombach/ros2_ws/install/tp1/share/tp1/environment/path.dsv
[0.916s] -- Up-to-date: /home/jumombach/ros2_ws/install/tp1/share/tp1/local_setup.bash
[0.916s] -- Up-to-date: /home/jumombach/ros2_ws/install/tp1/share/tp1/local_setup.sh
[0.916s] -- Up-to-date: /home/jumombach/ros2_ws/install/tp1/share/tp1/local_setup.zsh
[0.916s] -- Up-to-date: /home/jumombach/ros2_ws/install/tp1/share/tp1/local_setup.dsv
[0.916s] -- Installing: /home/jumombach/ros2_ws/install/tp1/share/tp1/package.dsv
[0.916s] -- Up-to-date: /home/jumombach/ros2_ws/install/tp1/share/ament_index/resource_index/packages/tp1
[0.916s] -- Up-to-date: /home/jumombach/ros2_ws/install/tp1/share/tp1/cmake/tp1Config.cmake
[0.916s] -- Up-to-date: /home/jumombach/ros2_ws/install/tp1/share/tp1/cmake/tp1Config-version.cmake
[0.916s] -- Up-to-date: /home/jumombach/ros2_ws/install/tp1/share/tp1/package.xml
[0.918s] Invoked command in '/home/jumombach/ros2_ws/build/tp1' returned '0': /usr/local/bin/cmake --build /home/jumombach/ros2_ws/build/tp1 --target install -- -j8 -l8
