[0.013s] Invoking command in '/home/jumombach/ros2_ws/build/tp1': CMAKE_PREFIX_PATH=${CMAKE_PREFIX_PATH}:/opt/ros/humble /usr/local/bin/cmake --build /home/jumombach/ros2_ws/build/tp1 -- -j8 -l8
[0.019s] gmake[1]: Entering directory '/home/jumombach/ros2_ws/build/tp1'
[0.021s] gmake[2]: Entering directory '/home/jumombach/ros2_ws/build/tp1'
[0.025s] [35m[1mScanning dependencies of target navigation[0m
[0.027s] gmake[2]: Leaving directory '/home/jumombach/ros2_ws/build/tp1'
[0.034s] gmake[2]: Entering directory '/home/jumombach/ros2_ws/build/tp1'
[0.036s] [ 20%] [32mBuilding CXX object CMakeFiles/navigation.dir/src/Action.cpp.o[0m
[0.251s] [01m[K/home/jumombach/ros2_ws/src/tp1/src/Action.cpp:[m[K In member function ‘[01m[Kvoid Action::avoidObstacles(std::vector<float>, std::vector<float>)[m[K’:
[0.251s] [01m[K/home/jumombach/ros2_ws/src/tp1/src/Action.cpp:11:75:[m[K [01;35m[Kwarning: [m[Kunused parameter ‘[01m[Ksonars[m[K’ [[01;35m[K]8;;https://gcc.gnu.org/onlinedocs/gcc/Warning-Options.html#index-Wunused-parameter-Wunused-parameter]8;;[m[K]
[0.251s]    11 | voidObstacles(std::vector<float> lasers, [01;35m[Kstd::vector<float> sonars[m[K)
[0.251s]       |                                          [01;35m[K~~~~~~~~~~~~~~~~~~~^~~~~~[m[K
[0.251s] 
[0.251s] [01m[K/home/jumombach/ros2_ws/src/tp1/src/Action.cpp:[m[K In member function ‘[01m[Kvoid Action::keepAsFarthestAsPossibleFromWalls(std::vector<float>, std::vector<float>)[m[K’:
[0.251s] [01m[K/home/jumombach/ros2_ws/src/tp1/src/Action.cpp:60:94:[m[K [01;35m[Kwarning: [m[Kunused parameter ‘[01m[Ksonars[m[K’ [[01;35m[K]8;;https://gcc.gnu.org/onlinedocs/gcc/Warning-Options.html#index-Wunused-parameter-Wunused-parameter]8;;[m[K]
[0.251s]    60 | ibleFromWalls(std::vector<float> lasers, [01;35m[Kstd::vector<float> sonars[m[K)
[0.251s]       |                                          [01;35m[K~~~~~~~~~~~~~~~~~~~^~~~~~[m[K
[0.251s] 
[0.311s] [ 40%] [32m[1mLinking CXX executable navigation[0m
[0.777s] gmake[2]: Leaving directory '/home/jumombach/ros2_ws/build/tp1'
[0.780s] [100%] Built target navigation
[0.780s] gmake[1]: Leaving directory '/home/jumombach/ros2_ws/build/tp1'
[0.782s] Invoked command in '/home/jumombach/ros2_ws/build/tp1' returned '0': CMAKE_PREFIX_PATH=${CMAKE_PREFIX_PATH}:/opt/ros/humble /usr/local/bin/cmake --build /home/jumombach/ros2_ws/build/tp1 -- -j8 -l8
[0.799s] Invoking command in '/home/jumombach/ros2_ws/build/tp1': CMAKE_PREFIX_PATH=${CMAKE_PREFIX_PATH}:/opt/ros/humble /usr/local/bin/cmake --build /home/jumombach/ros2_ws/build/tp1 --target install -- -j8 -l8
[0.809s] gmake[1]: Entering directory '/home/jumombach/ros2_ws/build/tp1'
[0.811s] gmake[2]: Entering directory '/home/jumombach/ros2_ws/build/tp1'
[0.815s] gmake[2]: Leaving directory '/home/jumombach/ros2_ws/build/tp1'
[0.828s] [100%] Built target navigation
[0.828s] gmake[1]: Leaving directory '/home/jumombach/ros2_ws/build/tp1'
[0.833s] [36mInstall the project...[0m
[0.835s] -- Install configuration: ""
[0.835s] -- Installing: /home/jumombach/ros2_ws/install/tp1/lib/tp1/navigation
[0.838s] -- Set runtime path of "/home/jumombach/ros2_ws/install/tp1/lib/tp1/navigation" to ""
[0.838s] -- Up-to-date: /home/jumombach/ros2_ws/install/tp1/share/tp1/launch
[0.839s] -- Up-to-date: /home/jumombach/ros2_ws/install/tp1/share/tp1/launch/p3dx-rosaria.launch.py
[0.839s] -- Up-to-date: /home/jumombach/ros2_ws/install/tp1/share/tp1/config
[0.839s] -- Up-to-date: /home/jumombach/ros2_ws/install/tp1/share/tp1/config/p3dx.rviz
[0.839s] -- Up-to-date: /home/jumombach/ros2_ws/install/tp1/share/ament_index/resource_index/package_run_dependencies/tp1
[0.839s] -- Up-to-date: /home/jumombach/ros2_ws/install/tp1/share/ament_index/resource_index/parent_prefix_path/tp1
[0.839s] -- Up-to-date: /home/jumombach/ros2_ws/install/tp1/share/tp1/environment/ament_prefix_path.sh
[0.839s] -- Up-to-date: /home/jumombach/ros2_ws/install/tp1/share/tp1/environment/ament_prefix_path.dsv
[0.839s] -- Up-to-date: /home/jumombach/ros2_ws/install/tp1/share/tp1/environment/path.sh
[0.840s] -- Up-to-date: /home/jumombach/ros2_ws/install/tp1/share/tp1/environment/path.dsv
[0.840s] -- Up-to-date: /home/jumombach/ros2_ws/install/tp1/share/tp1/local_setup.bash
[0.840s] -- Up-to-date: /home/jumombach/ros2_ws/install/tp1/share/tp1/local_setup.sh
[0.840s] -- Up-to-date: /home/jumombach/ros2_ws/install/tp1/share/tp1/local_setup.zsh
[0.840s] -- Up-to-date: /home/jumombach/ros2_ws/install/tp1/share/tp1/local_setup.dsv
[0.840s] -- Installing: /home/jumombach/ros2_ws/install/tp1/share/tp1/package.dsv
[0.840s] -- Up-to-date: /home/jumombach/ros2_ws/install/tp1/share/ament_index/resource_index/packages/tp1
[0.840s] -- Up-to-date: /home/jumombach/ros2_ws/install/tp1/share/tp1/cmake/tp1Config.cmake
[0.840s] -- Up-to-date: /home/jumombach/ros2_ws/install/tp1/share/tp1/cmake/tp1Config-version.cmake
[0.840s] -- Up-to-date: /home/jumombach/ros2_ws/install/tp1/share/tp1/package.xml
[0.842s] Invoked command in '/home/jumombach/ros2_ws/build/tp1' returned '0': CMAKE_PREFIX_PATH=${CMAKE_PREFIX_PATH}:/opt/ros/humble /usr/local/bin/cmake --build /home/jumombach/ros2_ws/build/tp1 --target install -- -j8 -l8
