[0.024s] Invoking command in '/home/jumombach/ros2_ws/build/tp1': CMAKE_PREFIX_PATH=${CMAKE_PREFIX_PATH}:/opt/ros/humble /usr/local/bin/cmake --build /home/jumombach/ros2_ws/build/tp1 -- -j8 -l8
[0.132s] gmake[1]: Entering directory '/home/jumombach/ros2_ws/build/tp1'
[0.137s] gmake[2]: Entering directory '/home/jumombach/ros2_ws/build/tp1'
[0.174s] [35m[1mScanning dependencies of target navigation[0m
[0.183s] gmake[2]: Leaving directory '/home/jumombach/ros2_ws/build/tp1'
[0.200s] gmake[2]: Entering directory '/home/jumombach/ros2_ws/build/tp1'
[0.202s] [ 20%] [32mBuilding CXX object CMakeFiles/navigation.dir/src/Action.cpp.o[0m
[0.837s] [01m[K/home/jumombach/ros2_ws/src/tp1/src/Action.cpp:[m[K In member function ‘[01m[Kvoid Action::avoidObstacles(std::vector<float>, std::vector<float>)[m[K’:
[0.837s] [01m[K/home/jumombach/ros2_ws/src/tp1/src/Action.cpp:35:75:[m[K [01;35m[Kwarning: [m[Kunused parameter ‘[01m[Ksonars[m[K’ [[01;35m[K]8;;https://gcc.gnu.org/onlinedocs/gcc/Warning-Options.html#index-Wunused-parameter-Wunused-parameter]8;;[m[K]
[0.837s]    35 | voidObstacles(std::vector<float> lasers, [01;35m[Kstd::vector<float> sonars[m[K)
[0.837s]       |                                          [01;35m[K~~~~~~~~~~~~~~~~~~~^~~~~~[m[K
[0.838s] 
[0.839s] [01m[K/home/jumombach/ros2_ws/src/tp1/src/Action.cpp:[m[K In member function ‘[01m[Kvoid Action::keepAsFarthestAsPossibleFromWalls(std::vector<float>, std::vector<float>)[m[K’:
[0.839s] [01m[K/home/jumombach/ros2_ws/src/tp1/src/Action.cpp:56:94:[m[K [01;35m[Kwarning: [m[Kunused parameter ‘[01m[Ksonars[m[K’ [[01;35m[K]8;;https://gcc.gnu.org/onlinedocs/gcc/Warning-Options.html#index-Wunused-parameter-Wunused-parameter]8;;[m[K]
[0.839s]    56 | ibleFromWalls(std::vector<float> lasers, [01;35m[Kstd::vector<float> sonars[m[K)
[0.839s]       |                                          [01;35m[K~~~~~~~~~~~~~~~~~~~^~~~~~[m[K
[0.839s] 
[1.011s] [ 40%] [32m[1mLinking CXX executable navigation[0m
[2.130s] gmake[2]: Leaving directory '/home/jumombach/ros2_ws/build/tp1'
[2.134s] [100%] Built target navigation
[2.135s] gmake[1]: Leaving directory '/home/jumombach/ros2_ws/build/tp1'
[2.140s] Invoked command in '/home/jumombach/ros2_ws/build/tp1' returned '0': CMAKE_PREFIX_PATH=${CMAKE_PREFIX_PATH}:/opt/ros/humble /usr/local/bin/cmake --build /home/jumombach/ros2_ws/build/tp1 -- -j8 -l8
[2.175s] Invoking command in '/home/jumombach/ros2_ws/build/tp1': CMAKE_PREFIX_PATH=${CMAKE_PREFIX_PATH}:/opt/ros/humble /usr/local/bin/cmake --build /home/jumombach/ros2_ws/build/tp1 --target install -- -j8 -l8
[2.189s] gmake[1]: Entering directory '/home/jumombach/ros2_ws/build/tp1'
[2.192s] gmake[2]: Entering directory '/home/jumombach/ros2_ws/build/tp1'
[2.198s] gmake[2]: Leaving directory '/home/jumombach/ros2_ws/build/tp1'
[2.222s] [100%] Built target navigation
[2.223s] gmake[1]: Leaving directory '/home/jumombach/ros2_ws/build/tp1'
[2.232s] [36mInstall the project...[0m
[2.236s] -- Install configuration: ""
[2.243s] -- Installing: /home/jumombach/ros2_ws/install/tp1/lib/tp1/navigation
[2.248s] -- Set runtime path of "/home/jumombach/ros2_ws/install/tp1/lib/tp1/navigation" to ""
[2.248s] -- Up-to-date: /home/jumombach/ros2_ws/install/tp1/share/tp1/launch
[2.248s] -- Up-to-date: /home/jumombach/ros2_ws/install/tp1/share/tp1/launch/p3dx-rosaria.launch.py
[2.248s] -- Up-to-date: /home/jumombach/ros2_ws/install/tp1/share/tp1/config
[2.249s] -- Up-to-date: /home/jumombach/ros2_ws/install/tp1/share/tp1/config/p3dx.rviz
[2.249s] -- Up-to-date: /home/jumombach/ros2_ws/install/tp1/share/ament_index/resource_index/package_run_dependencies/tp1
[2.249s] -- Up-to-date: /home/jumombach/ros2_ws/install/tp1/share/ament_index/resource_index/parent_prefix_path/tp1
[2.249s] -- Up-to-date: /home/jumombach/ros2_ws/install/tp1/share/tp1/environment/ament_prefix_path.sh
[2.250s] -- Up-to-date: /home/jumombach/ros2_ws/install/tp1/share/tp1/environment/ament_prefix_path.dsv
[2.250s] -- Up-to-date: /home/jumombach/ros2_ws/install/tp1/share/tp1/environment/path.sh
[2.250s] -- Up-to-date: /home/jumombach/ros2_ws/install/tp1/share/tp1/environment/path.dsv
[2.250s] -- Up-to-date: /home/jumombach/ros2_ws/install/tp1/share/tp1/local_setup.bash
[2.251s] -- Up-to-date: /home/jumombach/ros2_ws/install/tp1/share/tp1/local_setup.sh
[2.251s] -- Up-to-date: /home/jumombach/ros2_ws/install/tp1/share/tp1/local_setup.zsh
[2.251s] -- Up-to-date: /home/jumombach/ros2_ws/install/tp1/share/tp1/local_setup.dsv
[2.251s] -- Installing: /home/jumombach/ros2_ws/install/tp1/share/tp1/package.dsv
[2.251s] -- Up-to-date: /home/jumombach/ros2_ws/install/tp1/share/ament_index/resource_index/packages/tp1
[2.252s] -- Up-to-date: /home/jumombach/ros2_ws/install/tp1/share/tp1/cmake/tp1Config.cmake
[2.252s] -- Up-to-date: /home/jumombach/ros2_ws/install/tp1/share/tp1/cmake/tp1Config-version.cmake
[2.252s] -- Up-to-date: /home/jumombach/ros2_ws/install/tp1/share/tp1/package.xml
[2.254s] Invoked command in '/home/jumombach/ros2_ws/build/tp1' returned '0': CMAKE_PREFIX_PATH=${CMAKE_PREFIX_PATH}:/opt/ros/humble /usr/local/bin/cmake --build /home/jumombach/ros2_ws/build/tp1 --target install -- -j8 -l8
