[0.013s] Invoking command in '/home/jumombach/ros2_ws/build/tp1': CMAKE_PREFIX_PATH=${CMAKE_PREFIX_PATH}:/opt/ros/humble /usr/local/bin/cmake --build /home/jumombach/ros2_ws/build/tp1 -- -j8 -l8
[0.020s] gmake[1]: Entering directory '/home/jumombach/ros2_ws/build/tp1'
[0.023s] gmake[2]: Entering directory '/home/jumombach/ros2_ws/build/tp1'
[0.026s] [35m[1mScanning dependencies of target navigation[0m
[0.029s] gmake[2]: Leaving directory '/home/jumombach/ros2_ws/build/tp1'
[0.037s] gmake[2]: Entering directory '/home/jumombach/ros2_ws/build/tp1'
[0.039s] [ 20%] [32mBuilding CXX object CMakeFiles/navigation.dir/src/Action.cpp.o[0m
[0.308s] [01m[K/home/jumombach/ros2_ws/src/tp1/src/Action.cpp:[m[K In member function ‘[01m[Kvoid Action::avoidObstacles(std::vector<float>, std::vector<float>)[m[K’:
[0.308s] [01m[K/home/jumombach/ros2_ws/src/tp1/src/Action.cpp:11:75:[m[K [01;35m[Kwarning: [m[Kunused parameter ‘[01m[Ksonars[m[K’ [[01;35m[K]8;;https://gcc.gnu.org/onlinedocs/gcc/Warning-Options.html#index-Wunused-parameter-Wunused-parameter]8;;[m[K]
[0.308s]    11 | void Action::avoidObstacles(std::vector<float> lasers, [01;35m[Kstd::vector<float> sonars[m[K)
[0.308s]       |                                                        [01;35m[K~~~~~~~~~~~~~~~~~~~^~~~~~[m[K
[0.310s] [01m[K/home/jumombach/ros2_ws/src/tp1/src/Action.cpp:[m[K In member function ‘[01m[Kvoid Action::keepAsFarthestAsPossibleFromWalls(std::vector<float>, std::vector<float>)[m[K’:
[0.310s] [01m[K/home/jumombach/ros2_ws/src/tp1/src/Action.cpp:61:94:[m[K [01;35m[Kwarning: [m[Kunused parameter ‘[01m[Ksonars[m[K’ [[01;35m[K]8;;https://gcc.gnu.org/onlinedocs/gcc/Warning-Options.html#index-Wunused-parameter-Wunused-parameter]8;;[m[K]
[0.310s]    61 | void Action::keepAsFarthestAsPossibleFromWalls(std::vector<float> lasers, [01;35m[Kstd::vector<float> sonars[m[K)
[0.310s]       |                                                                           [01;35m[K~~~~~~~~~~~~~~~~~~~^~~~~~[m[K
[0.372s] [ 40%] [32m[1mLinking CXX executable navigation[0m
[0.943s] gmake[2]: Leaving directory '/home/jumombach/ros2_ws/build/tp1'
[0.945s] [100%] Built target navigation
[0.946s] gmake[1]: Leaving directory '/home/jumombach/ros2_ws/build/tp1'
[0.950s] Invoked command in '/home/jumombach/ros2_ws/build/tp1' returned '0': CMAKE_PREFIX_PATH=${CMAKE_PREFIX_PATH}:/opt/ros/humble /usr/local/bin/cmake --build /home/jumombach/ros2_ws/build/tp1 -- -j8 -l8
[0.971s] Invoking command in '/home/jumombach/ros2_ws/build/tp1': CMAKE_PREFIX_PATH=${CMAKE_PREFIX_PATH}:/opt/ros/humble /usr/local/bin/cmake --build /home/jumombach/ros2_ws/build/tp1 --target install -- -j8 -l8
[0.980s] gmake[1]: Entering directory '/home/jumombach/ros2_ws/build/tp1'
[0.981s] gmake[2]: Entering directory '/home/jumombach/ros2_ws/build/tp1'
[0.985s] gmake[2]: Leaving directory '/home/jumombach/ros2_ws/build/tp1'
[0.994s] [100%] Built target navigation
[0.994s] gmake[1]: Leaving directory '/home/jumombach/ros2_ws/build/tp1'
[1.000s] [36mInstall the project...[0m
[1.002s] -- Install configuration: ""
[1.002s] -- Installing: /home/jumombach/ros2_ws/install/tp1/lib/tp1/navigation
[1.008s] -- Set runtime path of "/home/jumombach/ros2_ws/install/tp1/lib/tp1/navigation" to ""
[1.008s] -- Up-to-date: /home/jumombach/ros2_ws/install/tp1/share/tp1/launch
[1.008s] -- Up-to-date: /home/jumombach/ros2_ws/install/tp1/share/tp1/launch/p3dx-rosaria.launch.py
[1.008s] -- Up-to-date: /home/jumombach/ros2_ws/install/tp1/share/tp1/config
[1.009s] -- Up-to-date: /home/jumombach/ros2_ws/install/tp1/share/tp1/config/p3dx.rviz
[1.009s] -- Up-to-date: /home/jumombach/ros2_ws/install/tp1/share/ament_index/resource_index/package_run_dependencies/tp1
[1.009s] -- Up-to-date: /home/jumombach/ros2_ws/install/tp1/share/ament_index/resource_index/parent_prefix_path/tp1
[1.009s] -- Up-to-date: /home/jumombach/ros2_ws/install/tp1/share/tp1/environment/ament_prefix_path.sh
[1.009s] -- Up-to-date: /home/jumombach/ros2_ws/install/tp1/share/tp1/environment/ament_prefix_path.dsv
[1.009s] -- Up-to-date: /home/jumombach/ros2_ws/install/tp1/share/tp1/environment/path.sh
[1.009s] -- Up-to-date: /home/jumombach/ros2_ws/install/tp1/share/tp1/environment/path.dsv
[1.009s] -- Up-to-date: /home/jumombach/ros2_ws/install/tp1/share/tp1/local_setup.bash
[1.009s] -- Up-to-date: /home/jumombach/ros2_ws/install/tp1/share/tp1/local_setup.sh
[1.009s] -- Up-to-date: /home/jumombach/ros2_ws/install/tp1/share/tp1/local_setup.zsh
[1.009s] -- Up-to-date: /home/jumombach/ros2_ws/install/tp1/share/tp1/local_setup.dsv
[1.009s] -- Installing: /home/jumombach/ros2_ws/install/tp1/share/tp1/package.dsv
[1.010s] -- Up-to-date: /home/jumombach/ros2_ws/install/tp1/share/ament_index/resource_index/packages/tp1
[1.010s] -- Up-to-date: /home/jumombach/ros2_ws/install/tp1/share/tp1/cmake/tp1Config.cmake
[1.010s] -- Up-to-date: /home/jumombach/ros2_ws/install/tp1/share/tp1/cmake/tp1Config-version.cmake
[1.010s] -- Up-to-date: /home/jumombach/ros2_ws/install/tp1/share/tp1/package.xml
[1.012s] Invoked command in '/home/jumombach/ros2_ws/build/tp1' returned '0': CMAKE_PREFIX_PATH=${CMAKE_PREFIX_PATH}:/opt/ros/humble /usr/local/bin/cmake --build /home/jumombach/ros2_ws/build/tp1 --target install -- -j8 -l8
