[0.180s] DEBUG:colcon:Command line arguments: ['/usr/bin/colcon', 'build']
[0.180s] DEBUG:colcon:Parsed command line arguments: Namespace(log_base=None, log_level=None, verb_name='build', build_base='build', install_base='install', merge_install=False, symlink_install=False, test_result_base=None, continue_on_error=False, executor='parallel', parallel_workers=8, event_handlers=None, ignore_user_meta=False, metas=['./colcon.meta'], base_paths=['.'], packages_ignore=None, packages_ignore_regex=None, paths=None, packages_up_to=None, packages_up_to_regex=None, packages_above=None, packages_above_and_dependencies=None, packages_above_depth=None, packages_select_by_dep=None, packages_skip_by_dep=None, packages_skip_up_to=None, packages_select_build_failed=False, packages_skip_build_finished=False, packages_select_test_failures=False, packages_skip_test_passed=False, packages_select=None, packages_skip=None, packages_select_regex=None, packages_skip_regex=None, packages_start=None, packages_end=None, allow_overriding=[], cmake_args=None, cmake_target=None, cmake_target_skip_unavailable=False, cmake_clean_cache=False, cmake_clean_first=False, cmake_force_configure=False, ament_cmake_args=None, catkin_cmake_args=None, catkin_skip_building_tests=False, mixin_files=None, mixin=None, verb_parser=<colcon_mixin.mixin.mixin_argument.MixinArgumentDecorator object at 0x7f1bafc0e050>, verb_extension=<colcon_core.verb.build.BuildVerb object at 0x7f1bafc0dae0>, main=<bound method BuildVerb.main of <colcon_core.verb.build.BuildVerb object at 0x7f1bafc0dae0>>, mixin_verb=('build',))
[0.296s] Level 1:colcon.colcon_core.package_discovery:discover_packages(colcon_meta) check parameters
[0.296s] Level 1:colcon.colcon_core.package_discovery:discover_packages(recursive) check parameters
[0.296s] Level 1:colcon.colcon_core.package_discovery:discover_packages(ignore) check parameters
[0.296s] Level 1:colcon.colcon_core.package_discovery:discover_packages(path) check parameters
[0.296s] Level 1:colcon.colcon_core.package_discovery:discover_packages(colcon_meta) discover
[0.296s] Level 1:colcon.colcon_core.package_discovery:discover_packages(recursive) discover
[0.296s] INFO:colcon.colcon_core.package_discovery:Crawling recursively for packages in '/home/jumombach/ros2_ws'
[0.296s] Level 1:colcon.colcon_core.package_identification:_identify(.) by extensions ['ignore', 'ignore_ament_install']
[0.296s] Level 1:colcon.colcon_core.package_identification:_identify(.) by extension 'ignore'
[0.296s] Level 1:colcon.colcon_core.package_identification:_identify(.) by extension 'ignore_ament_install'
[0.296s] Level 1:colcon.colcon_core.package_identification:_identify(.) by extensions ['colcon_pkg']
[0.296s] Level 1:colcon.colcon_core.package_identification:_identify(.) by extension 'colcon_pkg'
[0.296s] Level 1:colcon.colcon_core.package_identification:_identify(.) by extensions ['colcon_meta']
[0.296s] Level 1:colcon.colcon_core.package_identification:_identify(.) by extension 'colcon_meta'
[0.296s] Level 1:colcon.colcon_core.package_identification:_identify(.) by extensions ['ros']
[0.296s] Level 1:colcon.colcon_core.package_identification:_identify(.) by extension 'ros'
[0.303s] Level 1:colcon.colcon_core.package_identification:_identify(.) by extensions ['cmake', 'python']
[0.303s] Level 1:colcon.colcon_core.package_identification:_identify(.) by extension 'cmake'
[0.303s] Level 1:colcon.colcon_core.package_identification:_identify(.) by extension 'python'
[0.303s] Level 1:colcon.colcon_core.package_identification:_identify(.) by extensions ['python_setup_py']
[0.303s] Level 1:colcon.colcon_core.package_identification:_identify(.) by extension 'python_setup_py'
[0.303s] Level 1:colcon.colcon_core.package_identification:_identify(build) by extensions ['ignore', 'ignore_ament_install']
[0.304s] Level 1:colcon.colcon_core.package_identification:_identify(build) by extension 'ignore'
[0.304s] Level 1:colcon.colcon_core.package_identification:_identify(build) ignored
[0.304s] Level 1:colcon.colcon_core.package_identification:_identify(install) by extensions ['ignore', 'ignore_ament_install']
[0.304s] Level 1:colcon.colcon_core.package_identification:_identify(install) by extension 'ignore'
[0.304s] Level 1:colcon.colcon_core.package_identification:_identify(install) ignored
[0.304s] Level 1:colcon.colcon_core.package_identification:_identify(log) by extensions ['ignore', 'ignore_ament_install']
[0.304s] Level 1:colcon.colcon_core.package_identification:_identify(log) by extension 'ignore'
[0.304s] Level 1:colcon.colcon_core.package_identification:_identify(log) ignored
[0.304s] Level 1:colcon.colcon_core.package_identification:_identify(src) by extensions ['ignore', 'ignore_ament_install']
[0.304s] Level 1:colcon.colcon_core.package_identification:_identify(src) by extension 'ignore'
[0.304s] Level 1:colcon.colcon_core.package_identification:_identify(src) by extension 'ignore_ament_install'
[0.304s] Level 1:colcon.colcon_core.package_identification:_identify(src) by extensions ['colcon_pkg']
[0.304s] Level 1:colcon.colcon_core.package_identification:_identify(src) by extension 'colcon_pkg'
[0.304s] Level 1:colcon.colcon_core.package_identification:_identify(src) by extensions ['colcon_meta']
[0.304s] Level 1:colcon.colcon_core.package_identification:_identify(src) by extension 'colcon_meta'
[0.304s] Level 1:colcon.colcon_core.package_identification:_identify(src) by extensions ['ros']
[0.304s] Level 1:colcon.colcon_core.package_identification:_identify(src) by extension 'ros'
[0.305s] Level 1:colcon.colcon_core.package_identification:_identify(src) by extensions ['cmake', 'python']
[0.305s] Level 1:colcon.colcon_core.package_identification:_identify(src) by extension 'cmake'
[0.305s] Level 1:colcon.colcon_core.package_identification:_identify(src) by extension 'python'
[0.305s] Level 1:colcon.colcon_core.package_identification:_identify(src) by extensions ['python_setup_py']
[0.305s] Level 1:colcon.colcon_core.package_identification:_identify(src) by extension 'python_setup_py'
[0.305s] Level 1:colcon.colcon_core.package_identification:_identify(src/build) by extensions ['ignore', 'ignore_ament_install']
[0.305s] Level 1:colcon.colcon_core.package_identification:_identify(src/build) by extension 'ignore'
[0.305s] Level 1:colcon.colcon_core.package_identification:_identify(src/build) ignored
[0.305s] Level 1:colcon.colcon_core.package_identification:_identify(src/install) by extensions ['ignore', 'ignore_ament_install']
[0.305s] Level 1:colcon.colcon_core.package_identification:_identify(src/install) by extension 'ignore'
[0.305s] Level 1:colcon.colcon_core.package_identification:_identify(src/install) ignored
[0.305s] Level 1:colcon.colcon_core.package_identification:_identify(src/log) by extensions ['ignore', 'ignore_ament_install']
[0.305s] Level 1:colcon.colcon_core.package_identification:_identify(src/log) by extension 'ignore'
[0.305s] Level 1:colcon.colcon_core.package_identification:_identify(src/log) ignored
[0.305s] Level 1:colcon.colcon_core.package_identification:_identify(src/phi_aria) by extensions ['ignore', 'ignore_ament_install']
[0.305s] Level 1:colcon.colcon_core.package_identification:_identify(src/phi_aria) by extension 'ignore'
[0.305s] Level 1:colcon.colcon_core.package_identification:_identify(src/phi_aria) by extension 'ignore_ament_install'
[0.305s] Level 1:colcon.colcon_core.package_identification:_identify(src/phi_aria) by extensions ['colcon_pkg']
[0.305s] Level 1:colcon.colcon_core.package_identification:_identify(src/phi_aria) by extension 'colcon_pkg'
[0.305s] Level 1:colcon.colcon_core.package_identification:_identify(src/phi_aria) by extensions ['colcon_meta']
[0.305s] Level 1:colcon.colcon_core.package_identification:_identify(src/phi_aria) by extension 'colcon_meta'
[0.305s] Level 1:colcon.colcon_core.package_identification:_identify(src/phi_aria) by extensions ['ros']
[0.305s] Level 1:colcon.colcon_core.package_identification:_identify(src/phi_aria) by extension 'ros'
[0.307s] DEBUG:colcon.colcon_core.package_identification:Package 'src/phi_aria' with type 'ros.ament_cmake' and name 'phi_aria'
[0.308s] Level 1:colcon.colcon_core.package_identification:_identify(src/tp1) by extensions ['ignore', 'ignore_ament_install']
[0.308s] Level 1:colcon.colcon_core.package_identification:_identify(src/tp1) by extension 'ignore'
[0.308s] Level 1:colcon.colcon_core.package_identification:_identify(src/tp1) by extension 'ignore_ament_install'
[0.308s] Level 1:colcon.colcon_core.package_identification:_identify(src/tp1) by extensions ['colcon_pkg']
[0.308s] Level 1:colcon.colcon_core.package_identification:_identify(src/tp1) by extension 'colcon_pkg'
[0.308s] Level 1:colcon.colcon_core.package_identification:_identify(src/tp1) by extensions ['colcon_meta']
[0.308s] Level 1:colcon.colcon_core.package_identification:_identify(src/tp1) by extension 'colcon_meta'
[0.308s] Level 1:colcon.colcon_core.package_identification:_identify(src/tp1) by extensions ['ros']
[0.308s] Level 1:colcon.colcon_core.package_identification:_identify(src/tp1) by extension 'ros'
[0.308s] DEBUG:colcon.colcon_core.package_identification:Package 'src/tp1' with type 'ros.ament_cmake' and name 'tp1'
[0.309s] Level 1:colcon.colcon_core.package_identification:_identify(src/tp2) by extensions ['ignore', 'ignore_ament_install']
[0.309s] Level 1:colcon.colcon_core.package_identification:_identify(src/tp2) by extension 'ignore'
[0.309s] Level 1:colcon.colcon_core.package_identification:_identify(src/tp2) by extension 'ignore_ament_install'
[0.309s] Level 1:colcon.colcon_core.package_identification:_identify(src/tp2) by extensions ['colcon_pkg']
[0.309s] Level 1:colcon.colcon_core.package_identification:_identify(src/tp2) by extension 'colcon_pkg'
[0.309s] Level 1:colcon.colcon_core.package_identification:_identify(src/tp2) by extensions ['colcon_meta']
[0.309s] Level 1:colcon.colcon_core.package_identification:_identify(src/tp2) by extension 'colcon_meta'
[0.309s] Level 1:colcon.colcon_core.package_identification:_identify(src/tp2) by extensions ['ros']
[0.309s] Level 1:colcon.colcon_core.package_identification:_identify(src/tp2) by extension 'ros'
[0.309s] DEBUG:colcon.colcon_core.package_identification:Package 'src/tp2' with type 'ros.ament_cmake' and name 'tp2'
[0.310s] Level 1:colcon.colcon_core.package_identification:_identify(src/tp3) by extensions ['ignore', 'ignore_ament_install']
[0.310s] Level 1:colcon.colcon_core.package_identification:_identify(src/tp3) by extension 'ignore'
[0.310s] Level 1:colcon.colcon_core.package_identification:_identify(src/tp3) by extension 'ignore_ament_install'
[0.310s] Level 1:colcon.colcon_core.package_identification:_identify(src/tp3) by extensions ['colcon_pkg']
[0.310s] Level 1:colcon.colcon_core.package_identification:_identify(src/tp3) by extension 'colcon_pkg'
[0.310s] Level 1:colcon.colcon_core.package_identification:_identify(src/tp3) by extensions ['colcon_meta']
[0.310s] Level 1:colcon.colcon_core.package_identification:_identify(src/tp3) by extension 'colcon_meta'
[0.310s] Level 1:colcon.colcon_core.package_identification:_identify(src/tp3) by extensions ['ros']
[0.310s] Level 1:colcon.colcon_core.package_identification:_identify(src/tp3) by extension 'ros'
[0.310s] DEBUG:colcon.colcon_core.package_identification:Package 'src/tp3' with type 'ros.ament_cmake' and name 'tp3'
[0.310s] Level 1:colcon.colcon_core.package_identification:_identify(src/tp4) by extensions ['ignore', 'ignore_ament_install']
[0.311s] Level 1:colcon.colcon_core.package_identification:_identify(src/tp4) by extension 'ignore'
[0.311s] Level 1:colcon.colcon_core.package_identification:_identify(src/tp4) by extension 'ignore_ament_install'
[0.311s] Level 1:colcon.colcon_core.package_identification:_identify(src/tp4) by extensions ['colcon_pkg']
[0.311s] Level 1:colcon.colcon_core.package_identification:_identify(src/tp4) by extension 'colcon_pkg'
[0.311s] Level 1:colcon.colcon_core.package_identification:_identify(src/tp4) by extensions ['colcon_meta']
[0.311s] Level 1:colcon.colcon_core.package_identification:_identify(src/tp4) by extension 'colcon_meta'
[0.311s] Level 1:colcon.colcon_core.package_identification:_identify(src/tp4) by extensions ['ros']
[0.311s] Level 1:colcon.colcon_core.package_identification:_identify(src/tp4) by extension 'ros'
[0.311s] DEBUG:colcon.colcon_core.package_identification:Package 'src/tp4' with type 'ros.ament_cmake' and name 'tp4'
[0.311s] Level 1:colcon.colcon_core.package_discovery:discover_packages(recursive) using defaults
[0.312s] Level 1:colcon.colcon_core.package_discovery:discover_packages(ignore) discover
[0.312s] Level 1:colcon.colcon_core.package_discovery:discover_packages(ignore) using defaults
[0.312s] Level 1:colcon.colcon_core.package_discovery:discover_packages(path) discover
[0.312s] Level 1:colcon.colcon_core.package_discovery:discover_packages(path) using defaults
[0.333s] Level 1:colcon.colcon_core.package_discovery:discover_packages(prefix_path) check parameters
[0.333s] Level 1:colcon.colcon_core.package_discovery:discover_packages(prefix_path) discover
[0.335s] DEBUG:colcon.colcon_installed_package_information.package_discovery:Found 5 installed packages in /home/jumombach/ros2_ws/install
[0.335s] DEBUG:colcon.colcon_installed_package_information.package_discovery:Found 2 installed packages in /home/jumombach/nav2_ws/install
[0.336s] DEBUG:colcon.colcon_installed_package_information.package_discovery:Found 356 installed packages in /opt/ros/humble
[0.337s] Level 1:colcon.colcon_core.package_discovery:discover_packages(prefix_path) using defaults
[0.366s] Level 5:colcon.colcon_core.verb:set package 'phi_aria' build argument 'cmake_args' from command line to 'None'
[0.366s] Level 5:colcon.colcon_core.verb:set package 'phi_aria' build argument 'cmake_target' from command line to 'None'
[0.366s] Level 5:colcon.colcon_core.verb:set package 'phi_aria' build argument 'cmake_target_skip_unavailable' from command line to 'False'
[0.366s] Level 5:colcon.colcon_core.verb:set package 'phi_aria' build argument 'cmake_clean_cache' from command line to 'False'
[0.366s] Level 5:colcon.colcon_core.verb:set package 'phi_aria' build argument 'cmake_clean_first' from command line to 'False'
[0.366s] Level 5:colcon.colcon_core.verb:set package 'phi_aria' build argument 'cmake_force_configure' from command line to 'False'
[0.366s] Level 5:colcon.colcon_core.verb:set package 'phi_aria' build argument 'ament_cmake_args' from command line to 'None'
[0.366s] Level 5:colcon.colcon_core.verb:set package 'phi_aria' build argument 'catkin_cmake_args' from command line to 'None'
[0.366s] Level 5:colcon.colcon_core.verb:set package 'phi_aria' build argument 'catkin_skip_building_tests' from command line to 'False'
[0.366s] DEBUG:colcon.colcon_core.verb:Building package 'phi_aria' with the following arguments: {'ament_cmake_args': None, 'build_base': '/home/jumombach/ros2_ws/build/phi_aria', 'catkin_cmake_args': None, 'catkin_skip_building_tests': False, 'cmake_args': None, 'cmake_clean_cache': False, 'cmake_clean_first': False, 'cmake_force_configure': False, 'cmake_target': None, 'cmake_target_skip_unavailable': False, 'install_base': '/home/jumombach/ros2_ws/install/phi_aria', 'merge_install': False, 'path': '/home/jumombach/ros2_ws/src/phi_aria', 'symlink_install': False, 'test_result_base': None}
[0.366s] Level 5:colcon.colcon_core.verb:set package 'tp1' build argument 'cmake_args' from command line to 'None'
[0.366s] Level 5:colcon.colcon_core.verb:set package 'tp1' build argument 'cmake_target' from command line to 'None'
[0.366s] Level 5:colcon.colcon_core.verb:set package 'tp1' build argument 'cmake_target_skip_unavailable' from command line to 'False'
[0.366s] Level 5:colcon.colcon_core.verb:set package 'tp1' build argument 'cmake_clean_cache' from command line to 'False'
[0.366s] Level 5:colcon.colcon_core.verb:set package 'tp1' build argument 'cmake_clean_first' from command line to 'False'
[0.366s] Level 5:colcon.colcon_core.verb:set package 'tp1' build argument 'cmake_force_configure' from command line to 'False'
[0.367s] Level 5:colcon.colcon_core.verb:set package 'tp1' build argument 'ament_cmake_args' from command line to 'None'
[0.367s] Level 5:colcon.colcon_core.verb:set package 'tp1' build argument 'catkin_cmake_args' from command line to 'None'
[0.367s] Level 5:colcon.colcon_core.verb:set package 'tp1' build argument 'catkin_skip_building_tests' from command line to 'False'
[0.367s] DEBUG:colcon.colcon_core.verb:Building package 'tp1' with the following arguments: {'ament_cmake_args': None, 'build_base': '/home/jumombach/ros2_ws/build/tp1', 'catkin_cmake_args': None, 'catkin_skip_building_tests': False, 'cmake_args': None, 'cmake_clean_cache': False, 'cmake_clean_first': False, 'cmake_force_configure': False, 'cmake_target': None, 'cmake_target_skip_unavailable': False, 'install_base': '/home/jumombach/ros2_ws/install/tp1', 'merge_install': False, 'path': '/home/jumombach/ros2_ws/src/tp1', 'symlink_install': False, 'test_result_base': None}
[0.367s] Level 5:colcon.colcon_core.verb:set package 'tp2' build argument 'cmake_args' from command line to 'None'
[0.367s] Level 5:colcon.colcon_core.verb:set package 'tp2' build argument 'cmake_target' from command line to 'None'
[0.367s] Level 5:colcon.colcon_core.verb:set package 'tp2' build argument 'cmake_target_skip_unavailable' from command line to 'False'
[0.367s] Level 5:colcon.colcon_core.verb:set package 'tp2' build argument 'cmake_clean_cache' from command line to 'False'
[0.367s] Level 5:colcon.colcon_core.verb:set package 'tp2' build argument 'cmake_clean_first' from command line to 'False'
[0.367s] Level 5:colcon.colcon_core.verb:set package 'tp2' build argument 'cmake_force_configure' from command line to 'False'
[0.367s] Level 5:colcon.colcon_core.verb:set package 'tp2' build argument 'ament_cmake_args' from command line to 'None'
[0.367s] Level 5:colcon.colcon_core.verb:set package 'tp2' build argument 'catkin_cmake_args' from command line to 'None'
[0.367s] Level 5:colcon.colcon_core.verb:set package 'tp2' build argument 'catkin_skip_building_tests' from command line to 'False'
[0.367s] DEBUG:colcon.colcon_core.verb:Building package 'tp2' with the following arguments: {'ament_cmake_args': None, 'build_base': '/home/jumombach/ros2_ws/build/tp2', 'catkin_cmake_args': None, 'catkin_skip_building_tests': False, 'cmake_args': None, 'cmake_clean_cache': False, 'cmake_clean_first': False, 'cmake_force_configure': False, 'cmake_target': None, 'cmake_target_skip_unavailable': False, 'install_base': '/home/jumombach/ros2_ws/install/tp2', 'merge_install': False, 'path': '/home/jumombach/ros2_ws/src/tp2', 'symlink_install': False, 'test_result_base': None}
[0.367s] Level 5:colcon.colcon_core.verb:set package 'tp3' build argument 'cmake_args' from command line to 'None'
[0.367s] Level 5:colcon.colcon_core.verb:set package 'tp3' build argument 'cmake_target' from command line to 'None'
[0.367s] Level 5:colcon.colcon_core.verb:set package 'tp3' build argument 'cmake_target_skip_unavailable' from command line to 'False'
[0.367s] Level 5:colcon.colcon_core.verb:set package 'tp3' build argument 'cmake_clean_cache' from command line to 'False'
[0.367s] Level 5:colcon.colcon_core.verb:set package 'tp3' build argument 'cmake_clean_first' from command line to 'False'
[0.367s] Level 5:colcon.colcon_core.verb:set package 'tp3' build argument 'cmake_force_configure' from command line to 'False'
[0.367s] Level 5:colcon.colcon_core.verb:set package 'tp3' build argument 'ament_cmake_args' from command line to 'None'
[0.367s] Level 5:colcon.colcon_core.verb:set package 'tp3' build argument 'catkin_cmake_args' from command line to 'None'
[0.367s] Level 5:colcon.colcon_core.verb:set package 'tp3' build argument 'catkin_skip_building_tests' from command line to 'False'
[0.367s] DEBUG:colcon.colcon_core.verb:Building package 'tp3' with the following arguments: {'ament_cmake_args': None, 'build_base': '/home/jumombach/ros2_ws/build/tp3', 'catkin_cmake_args': None, 'catkin_skip_building_tests': False, 'cmake_args': None, 'cmake_clean_cache': False, 'cmake_clean_first': False, 'cmake_force_configure': False, 'cmake_target': None, 'cmake_target_skip_unavailable': False, 'install_base': '/home/jumombach/ros2_ws/install/tp3', 'merge_install': False, 'path': '/home/jumombach/ros2_ws/src/tp3', 'symlink_install': False, 'test_result_base': None}
[0.368s] Level 5:colcon.colcon_core.verb:set package 'tp4' build argument 'cmake_args' from command line to 'None'
[0.368s] Level 5:colcon.colcon_core.verb:set package 'tp4' build argument 'cmake_target' from command line to 'None'
[0.368s] Level 5:colcon.colcon_core.verb:set package 'tp4' build argument 'cmake_target_skip_unavailable' from command line to 'False'
[0.368s] Level 5:colcon.colcon_core.verb:set package 'tp4' build argument 'cmake_clean_cache' from command line to 'False'
[0.368s] Level 5:colcon.colcon_core.verb:set package 'tp4' build argument 'cmake_clean_first' from command line to 'False'
[0.368s] Level 5:colcon.colcon_core.verb:set package 'tp4' build argument 'cmake_force_configure' from command line to 'False'
[0.368s] Level 5:colcon.colcon_core.verb:set package 'tp4' build argument 'ament_cmake_args' from command line to 'None'
[0.368s] Level 5:colcon.colcon_core.verb:set package 'tp4' build argument 'catkin_cmake_args' from command line to 'None'
[0.368s] Level 5:colcon.colcon_core.verb:set package 'tp4' build argument 'catkin_skip_building_tests' from command line to 'False'
[0.368s] DEBUG:colcon.colcon_core.verb:Building package 'tp4' with the following arguments: {'ament_cmake_args': None, 'build_base': '/home/jumombach/ros2_ws/build/tp4', 'catkin_cmake_args': None, 'catkin_skip_building_tests': False, 'cmake_args': None, 'cmake_clean_cache': False, 'cmake_clean_first': False, 'cmake_force_configure': False, 'cmake_target': None, 'cmake_target_skip_unavailable': False, 'install_base': '/home/jumombach/ros2_ws/install/tp4', 'merge_install': False, 'path': '/home/jumombach/ros2_ws/src/tp4', 'symlink_install': False, 'test_result_base': None}
[0.368s] INFO:colcon.colcon_core.executor:Executing jobs using 'parallel' executor
[0.369s] DEBUG:colcon.colcon_parallel_executor.executor.parallel:run_until_complete
[0.369s] INFO:colcon.colcon_ros.task.ament_cmake.build:Building ROS package in '/home/jumombach/ros2_ws/src/phi_aria' with build type 'ament_cmake'
[0.369s] INFO:colcon.colcon_cmake.task.cmake.build:Building CMake package in '/home/jumombach/ros2_ws/src/phi_aria'
[0.372s] INFO:colcon.colcon_core.plugin_system:Skipping extension 'colcon_core.shell.bat': Not used on non-Windows systems
[0.372s] INFO:colcon.colcon_core.shell:Skip shell extension 'powershell' for command environment: Not usable outside of PowerShell
[0.372s] DEBUG:colcon.colcon_core.shell:Skip shell extension 'dsv' for command environment
[0.375s] INFO:colcon.colcon_ros.task.ament_cmake.build:Building ROS package in '/home/jumombach/ros2_ws/src/tp1' with build type 'ament_cmake'
[0.375s] INFO:colcon.colcon_cmake.task.cmake.build:Building CMake package in '/home/jumombach/ros2_ws/src/tp1'
[0.375s] INFO:colcon.colcon_core.shell:Skip shell extension 'powershell' for command environment: Not usable outside of PowerShell
[0.375s] DEBUG:colcon.colcon_core.shell:Skip shell extension 'dsv' for command environment
[0.379s] INFO:colcon.colcon_ros.task.ament_cmake.build:Building ROS package in '/home/jumombach/ros2_ws/src/tp2' with build type 'ament_cmake'
[0.379s] INFO:colcon.colcon_cmake.task.cmake.build:Building CMake package in '/home/jumombach/ros2_ws/src/tp2'
[0.380s] INFO:colcon.colcon_core.shell:Skip shell extension 'powershell' for command environment: Not usable outside of PowerShell
[0.380s] DEBUG:colcon.colcon_core.shell:Skip shell extension 'dsv' for command environment
[0.382s] INFO:colcon.colcon_ros.task.ament_cmake.build:Building ROS package in '/home/jumombach/ros2_ws/src/tp3' with build type 'ament_cmake'
[0.383s] INFO:colcon.colcon_cmake.task.cmake.build:Building CMake package in '/home/jumombach/ros2_ws/src/tp3'
[0.383s] INFO:colcon.colcon_core.shell:Skip shell extension 'powershell' for command environment: Not usable outside of PowerShell
[0.383s] DEBUG:colcon.colcon_core.shell:Skip shell extension 'dsv' for command environment
[0.386s] INFO:colcon.colcon_ros.task.ament_cmake.build:Building ROS package in '/home/jumombach/ros2_ws/src/tp4' with build type 'ament_cmake'
[0.387s] INFO:colcon.colcon_cmake.task.cmake.build:Building CMake package in '/home/jumombach/ros2_ws/src/tp4'
[0.387s] INFO:colcon.colcon_core.shell:Skip shell extension 'powershell' for command environment: Not usable outside of PowerShell
[0.387s] DEBUG:colcon.colcon_core.shell:Skip shell extension 'dsv' for command environment
[0.397s] DEBUG:colcon.colcon_core.event_handler.log_command:Invoking command in '/home/jumombach/ros2_ws/build/phi_aria': CMAKE_PREFIX_PATH=${CMAKE_PREFIX_PATH}:/opt/ros/humble /usr/local/bin/cmake --build /home/jumombach/ros2_ws/build/phi_aria -- -j8 -l8
[0.400s] DEBUG:colcon.colcon_core.event_handler.log_command:Invoking command in '/home/jumombach/ros2_ws/build/tp1': CMAKE_PREFIX_PATH=${CMAKE_PREFIX_PATH}:/opt/ros/humble /usr/local/bin/cmake --build /home/jumombach/ros2_ws/build/tp1 -- -j8 -l8
[0.404s] DEBUG:colcon.colcon_core.event_handler.log_command:Invoking command in '/home/jumombach/ros2_ws/build/tp2': CMAKE_PREFIX_PATH=${CMAKE_PREFIX_PATH}:/opt/ros/humble /usr/local/bin/cmake --build /home/jumombach/ros2_ws/build/tp2 -- -j8 -l8
[0.407s] DEBUG:colcon.colcon_core.event_handler.log_command:Invoking command in '/home/jumombach/ros2_ws/build/tp3': CMAKE_PREFIX_PATH=${CMAKE_PREFIX_PATH}:/opt/ros/humble /usr/local/bin/cmake --build /home/jumombach/ros2_ws/build/tp3 -- -j8 -l8
[0.415s] DEBUG:colcon.colcon_core.event_handler.log_command:Invoking command in '/home/jumombach/ros2_ws/build/tp4': CMAKE_PREFIX_PATH=${CMAKE_PREFIX_PATH}:/opt/ros/humble /usr/local/bin/cmake --build /home/jumombach/ros2_ws/build/tp4 -- -j8 -l8
[0.439s] DEBUG:colcon.colcon_core.event_handler.log_command:Invoked command in '/home/jumombach/ros2_ws/build/tp1' returned '0': CMAKE_PREFIX_PATH=${CMAKE_PREFIX_PATH}:/opt/ros/humble /usr/local/bin/cmake --build /home/jumombach/ros2_ws/build/tp1 -- -j8 -l8
[0.452s] DEBUG:colcon.colcon_core.event_handler.log_command:Invoked command in '/home/jumombach/ros2_ws/build/phi_aria' returned '0': CMAKE_PREFIX_PATH=${CMAKE_PREFIX_PATH}:/opt/ros/humble /usr/local/bin/cmake --build /home/jumombach/ros2_ws/build/phi_aria -- -j8 -l8
[0.454s] DEBUG:colcon.colcon_core.event_handler.log_command:Invoked command in '/home/jumombach/ros2_ws/build/tp3' returned '0': CMAKE_PREFIX_PATH=${CMAKE_PREFIX_PATH}:/opt/ros/humble /usr/local/bin/cmake --build /home/jumombach/ros2_ws/build/tp3 -- -j8 -l8
[0.474s] DEBUG:colcon.colcon_core.event_handler.log_command:Invoked command in '/home/jumombach/ros2_ws/build/tp2' returned '0': CMAKE_PREFIX_PATH=${CMAKE_PREFIX_PATH}:/opt/ros/humble /usr/local/bin/cmake --build /home/jumombach/ros2_ws/build/tp2 -- -j8 -l8
[0.492s] DEBUG:colcon.colcon_core.event_handler.log_command:Invoking command in '/home/jumombach/ros2_ws/build/phi_aria': CMAKE_PREFIX_PATH=${CMAKE_PREFIX_PATH}:/opt/ros/humble /usr/local/bin/cmake --build /home/jumombach/ros2_ws/build/phi_aria --target install -- -j8 -l8
[0.493s] DEBUG:colcon.colcon_core.event_handler.log_command:Invoking command in '/home/jumombach/ros2_ws/build/tp1': CMAKE_PREFIX_PATH=${CMAKE_PREFIX_PATH}:/opt/ros/humble /usr/local/bin/cmake --build /home/jumombach/ros2_ws/build/tp1 --target install -- -j8 -l8
[0.495s] DEBUG:colcon.colcon_core.event_handler.log_command:Invoking command in '/home/jumombach/ros2_ws/build/tp3': CMAKE_PREFIX_PATH=${CMAKE_PREFIX_PATH}:/opt/ros/humble /usr/local/bin/cmake --build /home/jumombach/ros2_ws/build/tp3 --target install -- -j8 -l8
[0.513s] DEBUG:colcon.colcon_core.event_handler.log_command:Invoking command in '/home/jumombach/ros2_ws/build/tp2': CMAKE_PREFIX_PATH=${CMAKE_PREFIX_PATH}:/opt/ros/humble /usr/local/bin/cmake --build /home/jumombach/ros2_ws/build/tp2 --target install -- -j8 -l8
[0.545s] Level 1:colcon.colcon_core.environment:create_environment_scripts_only(tp1)
[0.550s] Level 1:colcon.colcon_core.environment:checking '/home/jumombach/ros2_ws/install/tp1' for CMake module files
[0.550s] DEBUG:colcon.colcon_core.event_handler.log_command:Invoked command in '/home/jumombach/ros2_ws/build/tp1' returned '0': CMAKE_PREFIX_PATH=${CMAKE_PREFIX_PATH}:/opt/ros/humble /usr/local/bin/cmake --build /home/jumombach/ros2_ws/build/tp1 --target install -- -j8 -l8
[0.552s] Level 1:colcon.colcon_core.environment:checking '/home/jumombach/ros2_ws/install/tp1' for CMake config files
[0.556s] Level 1:colcon.colcon_core.shell:create_environment_hook('tp1', 'cmake_prefix_path')
[0.556s] INFO:colcon.colcon_core.shell:Creating environment hook '/home/jumombach/ros2_ws/install/tp1/share/tp1/hook/cmake_prefix_path.ps1'
[0.557s] INFO:colcon.colcon_core.shell:Creating environment descriptor '/home/jumombach/ros2_ws/install/tp1/share/tp1/hook/cmake_prefix_path.dsv'
[0.560s] INFO:colcon.colcon_core.shell:Creating environment hook '/home/jumombach/ros2_ws/install/tp1/share/tp1/hook/cmake_prefix_path.sh'
[0.563s] Level 1:colcon.colcon_core.environment:checking '/home/jumombach/ros2_ws/install/tp1/lib'
[0.564s] Level 1:colcon.colcon_core.environment:checking '/home/jumombach/ros2_ws/install/tp1/bin'
[0.565s] Level 1:colcon.colcon_core.environment:checking '/home/jumombach/ros2_ws/install/tp1/lib/pkgconfig/tp1.pc'
[0.566s] Level 1:colcon.colcon_core.environment:checking '/home/jumombach/ros2_ws/install/tp1/lib/python3.10/site-packages'
[0.566s] Level 1:colcon.colcon_core.environment:checking '/home/jumombach/ros2_ws/install/tp1/bin'
[0.566s] INFO:colcon.colcon_core.shell:Creating package script '/home/jumombach/ros2_ws/install/tp1/share/tp1/package.ps1'
[0.570s] INFO:colcon.colcon_core.shell:Creating package descriptor '/home/jumombach/ros2_ws/install/tp1/share/tp1/package.dsv'
[0.571s] INFO:colcon.colcon_core.shell:Creating package script '/home/jumombach/ros2_ws/install/tp1/share/tp1/package.sh'
[0.572s] INFO:colcon.colcon_core.shell:Creating package script '/home/jumombach/ros2_ws/install/tp1/share/tp1/package.bash'
[0.575s] INFO:colcon.colcon_core.shell:Creating package script '/home/jumombach/ros2_ws/install/tp1/share/tp1/package.zsh'
[0.577s] Level 1:colcon.colcon_core.environment:create_file_with_runtime_dependencies(/home/jumombach/ros2_ws/install/tp1/share/colcon-core/packages/tp1)
[0.580s] Level 1:colcon.colcon_core.environment:create_environment_scripts_only(phi_aria)
[0.580s] Level 1:colcon.colcon_core.environment:checking '/home/jumombach/ros2_ws/install/phi_aria' for CMake module files
[0.580s] DEBUG:colcon.colcon_core.event_handler.log_command:Invoked command in '/home/jumombach/ros2_ws/build/phi_aria' returned '0': CMAKE_PREFIX_PATH=${CMAKE_PREFIX_PATH}:/opt/ros/humble /usr/local/bin/cmake --build /home/jumombach/ros2_ws/build/phi_aria --target install -- -j8 -l8
[0.581s] Level 1:colcon.colcon_core.environment:checking '/home/jumombach/ros2_ws/install/phi_aria' for CMake config files
[0.581s] Level 1:colcon.colcon_core.shell:create_environment_hook('phi_aria', 'cmake_prefix_path')
[0.581s] INFO:colcon.colcon_core.shell:Creating environment hook '/home/jumombach/ros2_ws/install/phi_aria/share/phi_aria/hook/cmake_prefix_path.ps1'
[0.582s] INFO:colcon.colcon_core.shell:Creating environment descriptor '/home/jumombach/ros2_ws/install/phi_aria/share/phi_aria/hook/cmake_prefix_path.dsv'
[0.582s] INFO:colcon.colcon_core.shell:Creating environment hook '/home/jumombach/ros2_ws/install/phi_aria/share/phi_aria/hook/cmake_prefix_path.sh'
[0.583s] Level 1:colcon.colcon_core.environment:checking '/home/jumombach/ros2_ws/install/phi_aria/lib'
[0.583s] Level 1:colcon.colcon_core.environment:checking '/home/jumombach/ros2_ws/install/phi_aria/bin'
[0.583s] Level 1:colcon.colcon_core.environment:checking '/home/jumombach/ros2_ws/install/phi_aria/lib/pkgconfig/phi_aria.pc'
[0.583s] Level 1:colcon.colcon_core.environment:checking '/home/jumombach/ros2_ws/install/phi_aria/lib/python3.10/site-packages'
[0.583s] Level 1:colcon.colcon_core.environment:checking '/home/jumombach/ros2_ws/install/phi_aria/bin'
[0.584s] INFO:colcon.colcon_core.shell:Creating package script '/home/jumombach/ros2_ws/install/phi_aria/share/phi_aria/package.ps1'
[0.584s] INFO:colcon.colcon_core.shell:Creating package descriptor '/home/jumombach/ros2_ws/install/phi_aria/share/phi_aria/package.dsv'
[0.585s] INFO:colcon.colcon_core.shell:Creating package script '/home/jumombach/ros2_ws/install/phi_aria/share/phi_aria/package.sh'
[0.585s] INFO:colcon.colcon_core.shell:Creating package script '/home/jumombach/ros2_ws/install/phi_aria/share/phi_aria/package.bash'
[0.586s] INFO:colcon.colcon_core.shell:Creating package script '/home/jumombach/ros2_ws/install/phi_aria/share/phi_aria/package.zsh'
[0.586s] Level 1:colcon.colcon_core.environment:create_file_with_runtime_dependencies(/home/jumombach/ros2_ws/install/phi_aria/share/colcon-core/packages/phi_aria)
[0.588s] Level 1:colcon.colcon_core.environment:create_environment_scripts_only(tp3)
[0.588s] Level 1:colcon.colcon_core.environment:checking '/home/jumombach/ros2_ws/install/tp3' for CMake module files
[0.589s] DEBUG:colcon.colcon_core.event_handler.log_command:Invoked command in '/home/jumombach/ros2_ws/build/tp3' returned '0': CMAKE_PREFIX_PATH=${CMAKE_PREFIX_PATH}:/opt/ros/humble /usr/local/bin/cmake --build /home/jumombach/ros2_ws/build/tp3 --target install -- -j8 -l8
[0.590s] Level 1:colcon.colcon_core.environment:checking '/home/jumombach/ros2_ws/install/tp3' for CMake config files
[0.590s] Level 1:colcon.colcon_core.shell:create_environment_hook('tp3', 'cmake_prefix_path')
[0.591s] INFO:colcon.colcon_core.shell:Creating environment hook '/home/jumombach/ros2_ws/install/tp3/share/tp3/hook/cmake_prefix_path.ps1'
[0.592s] INFO:colcon.colcon_core.shell:Creating environment descriptor '/home/jumombach/ros2_ws/install/tp3/share/tp3/hook/cmake_prefix_path.dsv'
[0.592s] INFO:colcon.colcon_core.shell:Creating environment hook '/home/jumombach/ros2_ws/install/tp3/share/tp3/hook/cmake_prefix_path.sh'
[0.593s] Level 1:colcon.colcon_core.environment:checking '/home/jumombach/ros2_ws/install/tp3/lib'
[0.593s] Level 1:colcon.colcon_core.environment:checking '/home/jumombach/ros2_ws/install/tp3/bin'
[0.593s] Level 1:colcon.colcon_core.environment:checking '/home/jumombach/ros2_ws/install/tp3/lib/pkgconfig/tp3.pc'
[0.594s] Level 1:colcon.colcon_core.environment:checking '/home/jumombach/ros2_ws/install/tp3/lib/python3.10/site-packages'
[0.594s] Level 1:colcon.colcon_core.environment:checking '/home/jumombach/ros2_ws/install/tp3/bin'
[0.594s] INFO:colcon.colcon_core.shell:Creating package script '/home/jumombach/ros2_ws/install/tp3/share/tp3/package.ps1'
[0.595s] INFO:colcon.colcon_core.shell:Creating package descriptor '/home/jumombach/ros2_ws/install/tp3/share/tp3/package.dsv'
[0.595s] INFO:colcon.colcon_core.shell:Creating package script '/home/jumombach/ros2_ws/install/tp3/share/tp3/package.sh'
[0.596s] INFO:colcon.colcon_core.shell:Creating package script '/home/jumombach/ros2_ws/install/tp3/share/tp3/package.bash'
[0.596s] INFO:colcon.colcon_core.shell:Creating package script '/home/jumombach/ros2_ws/install/tp3/share/tp3/package.zsh'
[0.597s] Level 1:colcon.colcon_core.environment:create_file_with_runtime_dependencies(/home/jumombach/ros2_ws/install/tp3/share/colcon-core/packages/tp3)
[0.598s] Level 1:colcon.colcon_core.environment:create_environment_scripts_only(tp2)
[0.599s] Level 1:colcon.colcon_core.environment:checking '/home/jumombach/ros2_ws/install/tp2' for CMake module files
[0.599s] DEBUG:colcon.colcon_core.event_handler.log_command:Invoked command in '/home/jumombach/ros2_ws/build/tp2' returned '0': CMAKE_PREFIX_PATH=${CMAKE_PREFIX_PATH}:/opt/ros/humble /usr/local/bin/cmake --build /home/jumombach/ros2_ws/build/tp2 --target install -- -j8 -l8
[0.600s] Level 1:colcon.colcon_core.environment:checking '/home/jumombach/ros2_ws/install/tp2' for CMake config files
[0.600s] Level 1:colcon.colcon_core.shell:create_environment_hook('tp2', 'cmake_prefix_path')
[0.601s] INFO:colcon.colcon_core.shell:Creating environment hook '/home/jumombach/ros2_ws/install/tp2/share/tp2/hook/cmake_prefix_path.ps1'
[0.623s] INFO:colcon.colcon_core.shell:Creating environment descriptor '/home/jumombach/ros2_ws/install/tp2/share/tp2/hook/cmake_prefix_path.dsv'
[0.624s] INFO:colcon.colcon_core.shell:Creating environment hook '/home/jumombach/ros2_ws/install/tp2/share/tp2/hook/cmake_prefix_path.sh'
[0.625s] Level 1:colcon.colcon_core.environment:checking '/home/jumombach/ros2_ws/install/tp2/lib'
[0.625s] Level 1:colcon.colcon_core.environment:checking '/home/jumombach/ros2_ws/install/tp2/bin'
[0.625s] Level 1:colcon.colcon_core.environment:checking '/home/jumombach/ros2_ws/install/tp2/lib/pkgconfig/tp2.pc'
[0.625s] Level 1:colcon.colcon_core.environment:checking '/home/jumombach/ros2_ws/install/tp2/lib/python3.10/site-packages'
[0.626s] Level 1:colcon.colcon_core.environment:checking '/home/jumombach/ros2_ws/install/tp2/bin'
[0.626s] INFO:colcon.colcon_core.shell:Creating package script '/home/jumombach/ros2_ws/install/tp2/share/tp2/package.ps1'
[0.627s] INFO:colcon.colcon_core.shell:Creating package descriptor '/home/jumombach/ros2_ws/install/tp2/share/tp2/package.dsv'
[0.627s] INFO:colcon.colcon_core.shell:Creating package script '/home/jumombach/ros2_ws/install/tp2/share/tp2/package.sh'
[0.627s] INFO:colcon.colcon_core.shell:Creating package script '/home/jumombach/ros2_ws/install/tp2/share/tp2/package.bash'
[0.638s] INFO:colcon.colcon_core.shell:Creating package script '/home/jumombach/ros2_ws/install/tp2/share/tp2/package.zsh'
[0.639s] Level 1:colcon.colcon_core.environment:create_file_with_runtime_dependencies(/home/jumombach/ros2_ws/install/tp2/share/colcon-core/packages/tp2)
[0.641s] Level 1:colcon.colcon_core.environment:create_environment_scripts_only(tp1)
[0.642s] Level 1:colcon.colcon_core.environment:checking '/home/jumombach/ros2_ws/install/tp1' for CMake module files
[0.642s] Level 1:colcon.colcon_core.environment:checking '/home/jumombach/ros2_ws/install/tp1' for CMake config files
[0.643s] Level 1:colcon.colcon_core.shell:create_environment_hook('tp1', 'cmake_prefix_path')
[0.643s] INFO:colcon.colcon_core.shell:Creating environment hook '/home/jumombach/ros2_ws/install/tp1/share/tp1/hook/cmake_prefix_path.ps1'
[0.652s] INFO:colcon.colcon_core.shell:Creating environment descriptor '/home/jumombach/ros2_ws/install/tp1/share/tp1/hook/cmake_prefix_path.dsv'
[0.653s] INFO:colcon.colcon_core.shell:Creating environment hook '/home/jumombach/ros2_ws/install/tp1/share/tp1/hook/cmake_prefix_path.sh'
[0.654s] Level 1:colcon.colcon_core.environment:checking '/home/jumombach/ros2_ws/install/tp1/lib'
[0.654s] Level 1:colcon.colcon_core.environment:checking '/home/jumombach/ros2_ws/install/tp1/bin'
[0.654s] Level 1:colcon.colcon_core.environment:checking '/home/jumombach/ros2_ws/install/tp1/lib/pkgconfig/tp1.pc'
[0.654s] Level 1:colcon.colcon_core.environment:checking '/home/jumombach/ros2_ws/install/tp1/lib/python3.10/site-packages'
[0.654s] Level 1:colcon.colcon_core.environment:checking '/home/jumombach/ros2_ws/install/tp1/bin'
[0.655s] INFO:colcon.colcon_core.shell:Creating package script '/home/jumombach/ros2_ws/install/tp1/share/tp1/package.ps1'
[0.655s] INFO:colcon.colcon_core.shell:Creating package descriptor '/home/jumombach/ros2_ws/install/tp1/share/tp1/package.dsv'
[0.656s] INFO:colcon.colcon_core.shell:Creating package script '/home/jumombach/ros2_ws/install/tp1/share/tp1/package.sh'
[0.657s] INFO:colcon.colcon_core.shell:Creating package script '/home/jumombach/ros2_ws/install/tp1/share/tp1/package.bash'
[0.657s] INFO:colcon.colcon_core.shell:Creating package script '/home/jumombach/ros2_ws/install/tp1/share/tp1/package.zsh'
[0.658s] Level 1:colcon.colcon_core.environment:create_file_with_runtime_dependencies(/home/jumombach/ros2_ws/install/tp1/share/colcon-core/packages/tp1)
[0.659s] Level 1:colcon.colcon_core.environment:create_environment_scripts_only(tp3)
[0.659s] Level 1:colcon.colcon_core.environment:checking '/home/jumombach/ros2_ws/install/tp3' for CMake module files
[0.661s] Level 1:colcon.colcon_core.environment:checking '/home/jumombach/ros2_ws/install/tp3' for CMake config files
[0.661s] Level 1:colcon.colcon_core.shell:create_environment_hook('tp3', 'cmake_prefix_path')
[0.662s] INFO:colcon.colcon_core.shell:Creating environment hook '/home/jumombach/ros2_ws/install/tp3/share/tp3/hook/cmake_prefix_path.ps1'
[0.662s] INFO:colcon.colcon_core.shell:Creating environment descriptor '/home/jumombach/ros2_ws/install/tp3/share/tp3/hook/cmake_prefix_path.dsv'
[0.663s] INFO:colcon.colcon_core.shell:Creating environment hook '/home/jumombach/ros2_ws/install/tp3/share/tp3/hook/cmake_prefix_path.sh'
[0.663s] Level 1:colcon.colcon_core.environment:checking '/home/jumombach/ros2_ws/install/tp3/lib'
[0.663s] Level 1:colcon.colcon_core.environment:checking '/home/jumombach/ros2_ws/install/tp3/bin'
[0.663s] Level 1:colcon.colcon_core.environment:checking '/home/jumombach/ros2_ws/install/tp3/lib/pkgconfig/tp3.pc'
[0.664s] Level 1:colcon.colcon_core.environment:checking '/home/jumombach/ros2_ws/install/tp3/lib/python3.10/site-packages'
[0.664s] Level 1:colcon.colcon_core.environment:checking '/home/jumombach/ros2_ws/install/tp3/bin'
[0.665s] INFO:colcon.colcon_core.shell:Creating package script '/home/jumombach/ros2_ws/install/tp3/share/tp3/package.ps1'
[0.665s] INFO:colcon.colcon_core.shell:Creating package descriptor '/home/jumombach/ros2_ws/install/tp3/share/tp3/package.dsv'
[0.666s] INFO:colcon.colcon_core.shell:Creating package script '/home/jumombach/ros2_ws/install/tp3/share/tp3/package.sh'
[0.666s] INFO:colcon.colcon_core.shell:Creating package script '/home/jumombach/ros2_ws/install/tp3/share/tp3/package.bash'
[0.667s] INFO:colcon.colcon_core.shell:Creating package script '/home/jumombach/ros2_ws/install/tp3/share/tp3/package.zsh'
[0.667s] Level 1:colcon.colcon_core.environment:create_file_with_runtime_dependencies(/home/jumombach/ros2_ws/install/tp3/share/colcon-core/packages/tp3)
[0.668s] Level 1:colcon.colcon_core.environment:create_environment_scripts_only(phi_aria)
[0.669s] Level 1:colcon.colcon_core.environment:checking '/home/jumombach/ros2_ws/install/phi_aria' for CMake module files
[0.670s] Level 1:colcon.colcon_core.environment:checking '/home/jumombach/ros2_ws/install/phi_aria' for CMake config files
[0.670s] Level 1:colcon.colcon_core.shell:create_environment_hook('phi_aria', 'cmake_prefix_path')
[0.670s] INFO:colcon.colcon_core.shell:Creating environment hook '/home/jumombach/ros2_ws/install/phi_aria/share/phi_aria/hook/cmake_prefix_path.ps1'
[0.671s] INFO:colcon.colcon_core.shell:Creating environment descriptor '/home/jumombach/ros2_ws/install/phi_aria/share/phi_aria/hook/cmake_prefix_path.dsv'
[0.671s] INFO:colcon.colcon_core.shell:Creating environment hook '/home/jumombach/ros2_ws/install/phi_aria/share/phi_aria/hook/cmake_prefix_path.sh'
[0.672s] Level 1:colcon.colcon_core.environment:checking '/home/jumombach/ros2_ws/install/phi_aria/lib'
[0.672s] Level 1:colcon.colcon_core.environment:checking '/home/jumombach/ros2_ws/install/phi_aria/bin'
[0.672s] Level 1:colcon.colcon_core.environment:checking '/home/jumombach/ros2_ws/install/phi_aria/lib/pkgconfig/phi_aria.pc'
[0.672s] Level 1:colcon.colcon_core.environment:checking '/home/jumombach/ros2_ws/install/phi_aria/lib/python3.10/site-packages'
[0.673s] Level 1:colcon.colcon_core.environment:checking '/home/jumombach/ros2_ws/install/phi_aria/bin'
[0.673s] INFO:colcon.colcon_core.shell:Creating package script '/home/jumombach/ros2_ws/install/phi_aria/share/phi_aria/package.ps1'
[0.674s] INFO:colcon.colcon_core.shell:Creating package descriptor '/home/jumombach/ros2_ws/install/phi_aria/share/phi_aria/package.dsv'
[0.674s] INFO:colcon.colcon_core.shell:Creating package script '/home/jumombach/ros2_ws/install/phi_aria/share/phi_aria/package.sh'
[0.675s] INFO:colcon.colcon_core.shell:Creating package script '/home/jumombach/ros2_ws/install/phi_aria/share/phi_aria/package.bash'
[0.676s] INFO:colcon.colcon_core.shell:Creating package script '/home/jumombach/ros2_ws/install/phi_aria/share/phi_aria/package.zsh'
[0.676s] Level 1:colcon.colcon_core.environment:create_file_with_runtime_dependencies(/home/jumombach/ros2_ws/install/phi_aria/share/colcon-core/packages/phi_aria)
[0.677s] Level 1:colcon.colcon_core.environment:create_environment_scripts_only(tp2)
[0.677s] Level 1:colcon.colcon_core.environment:checking '/home/jumombach/ros2_ws/install/tp2' for CMake module files
[0.679s] Level 1:colcon.colcon_core.environment:checking '/home/jumombach/ros2_ws/install/tp2' for CMake config files
[0.679s] Level 1:colcon.colcon_core.shell:create_environment_hook('tp2', 'cmake_prefix_path')
[0.679s] INFO:colcon.colcon_core.shell:Creating environment hook '/home/jumombach/ros2_ws/install/tp2/share/tp2/hook/cmake_prefix_path.ps1'
[0.680s] INFO:colcon.colcon_core.shell:Creating environment descriptor '/home/jumombach/ros2_ws/install/tp2/share/tp2/hook/cmake_prefix_path.dsv'
[0.680s] INFO:colcon.colcon_core.shell:Creating environment hook '/home/jumombach/ros2_ws/install/tp2/share/tp2/hook/cmake_prefix_path.sh'
[0.681s] Level 1:colcon.colcon_core.environment:checking '/home/jumombach/ros2_ws/install/tp2/lib'
[0.681s] Level 1:colcon.colcon_core.environment:checking '/home/jumombach/ros2_ws/install/tp2/bin'
[0.681s] Level 1:colcon.colcon_core.environment:checking '/home/jumombach/ros2_ws/install/tp2/lib/pkgconfig/tp2.pc'
[0.682s] Level 1:colcon.colcon_core.environment:checking '/home/jumombach/ros2_ws/install/tp2/lib/python3.10/site-packages'
[0.682s] Level 1:colcon.colcon_core.environment:checking '/home/jumombach/ros2_ws/install/tp2/bin'
[0.683s] INFO:colcon.colcon_core.shell:Creating package script '/home/jumombach/ros2_ws/install/tp2/share/tp2/package.ps1'
[0.684s] INFO:colcon.colcon_core.shell:Creating package descriptor '/home/jumombach/ros2_ws/install/tp2/share/tp2/package.dsv'
[0.685s] INFO:colcon.colcon_core.shell:Creating package script '/home/jumombach/ros2_ws/install/tp2/share/tp2/package.sh'
[0.686s] INFO:colcon.colcon_core.shell:Creating package script '/home/jumombach/ros2_ws/install/tp2/share/tp2/package.bash'
[0.686s] INFO:colcon.colcon_core.shell:Creating package script '/home/jumombach/ros2_ws/install/tp2/share/tp2/package.zsh'
[0.686s] Level 1:colcon.colcon_core.environment:create_file_with_runtime_dependencies(/home/jumombach/ros2_ws/install/tp2/share/colcon-core/packages/tp2)
[4.095s] DEBUG:colcon.colcon_core.event_handler.log_command:Invoked command in '/home/jumombach/ros2_ws/build/tp4' returned '0': CMAKE_PREFIX_PATH=${CMAKE_PREFIX_PATH}:/opt/ros/humble /usr/local/bin/cmake --build /home/jumombach/ros2_ws/build/tp4 -- -j8 -l8
[4.110s] DEBUG:colcon.colcon_core.event_handler.log_command:Invoking command in '/home/jumombach/ros2_ws/build/tp4': CMAKE_PREFIX_PATH=${CMAKE_PREFIX_PATH}:/opt/ros/humble /usr/local/bin/cmake --build /home/jumombach/ros2_ws/build/tp4 --target install -- -j8 -l8
[4.152s] Level 1:colcon.colcon_core.environment:create_environment_scripts_only(tp4)
[4.152s] Level 1:colcon.colcon_core.environment:checking '/home/jumombach/ros2_ws/install/tp4' for CMake module files
[4.153s] DEBUG:colcon.colcon_core.event_handler.log_command:Invoked command in '/home/jumombach/ros2_ws/build/tp4' returned '0': CMAKE_PREFIX_PATH=${CMAKE_PREFIX_PATH}:/opt/ros/humble /usr/local/bin/cmake --build /home/jumombach/ros2_ws/build/tp4 --target install -- -j8 -l8
[4.153s] Level 1:colcon.colcon_core.environment:checking '/home/jumombach/ros2_ws/install/tp4' for CMake config files
[4.153s] Level 1:colcon.colcon_core.shell:create_environment_hook('tp4', 'cmake_prefix_path')
[4.153s] INFO:colcon.colcon_core.shell:Creating environment hook '/home/jumombach/ros2_ws/install/tp4/share/tp4/hook/cmake_prefix_path.ps1'
[4.154s] INFO:colcon.colcon_core.shell:Creating environment descriptor '/home/jumombach/ros2_ws/install/tp4/share/tp4/hook/cmake_prefix_path.dsv'
[4.154s] INFO:colcon.colcon_core.shell:Creating environment hook '/home/jumombach/ros2_ws/install/tp4/share/tp4/hook/cmake_prefix_path.sh'
[4.155s] Level 1:colcon.colcon_core.environment:checking '/home/jumombach/ros2_ws/install/tp4/lib'
[4.155s] Level 1:colcon.colcon_core.environment:checking '/home/jumombach/ros2_ws/install/tp4/bin'
[4.155s] Level 1:colcon.colcon_core.environment:checking '/home/jumombach/ros2_ws/install/tp4/lib/pkgconfig/tp4.pc'
[4.155s] Level 1:colcon.colcon_core.environment:checking '/home/jumombach/ros2_ws/install/tp4/lib/python3.10/site-packages'
[4.155s] Level 1:colcon.colcon_core.environment:checking '/home/jumombach/ros2_ws/install/tp4/bin'
[4.155s] INFO:colcon.colcon_core.shell:Creating package script '/home/jumombach/ros2_ws/install/tp4/share/tp4/package.ps1'
[4.156s] INFO:colcon.colcon_core.shell:Creating package descriptor '/home/jumombach/ros2_ws/install/tp4/share/tp4/package.dsv'
[4.156s] INFO:colcon.colcon_core.shell:Creating package script '/home/jumombach/ros2_ws/install/tp4/share/tp4/package.sh'
[4.156s] INFO:colcon.colcon_core.shell:Creating package script '/home/jumombach/ros2_ws/install/tp4/share/tp4/package.bash'
[4.157s] INFO:colcon.colcon_core.shell:Creating package script '/home/jumombach/ros2_ws/install/tp4/share/tp4/package.zsh'
[4.157s] Level 1:colcon.colcon_core.environment:create_file_with_runtime_dependencies(/home/jumombach/ros2_ws/install/tp4/share/colcon-core/packages/tp4)
[4.172s] Level 1:colcon.colcon_core.environment:create_environment_scripts_only(tp4)
[4.172s] Level 1:colcon.colcon_core.environment:checking '/home/jumombach/ros2_ws/install/tp4' for CMake module files
[4.172s] Level 1:colcon.colcon_core.environment:checking '/home/jumombach/ros2_ws/install/tp4' for CMake config files
[4.172s] Level 1:colcon.colcon_core.shell:create_environment_hook('tp4', 'cmake_prefix_path')
[4.173s] INFO:colcon.colcon_core.shell:Creating environment hook '/home/jumombach/ros2_ws/install/tp4/share/tp4/hook/cmake_prefix_path.ps1'
[4.173s] INFO:colcon.colcon_core.shell:Creating environment descriptor '/home/jumombach/ros2_ws/install/tp4/share/tp4/hook/cmake_prefix_path.dsv'
[4.173s] INFO:colcon.colcon_core.shell:Creating environment hook '/home/jumombach/ros2_ws/install/tp4/share/tp4/hook/cmake_prefix_path.sh'
[4.174s] Level 1:colcon.colcon_core.environment:checking '/home/jumombach/ros2_ws/install/tp4/lib'
[4.174s] Level 1:colcon.colcon_core.environment:checking '/home/jumombach/ros2_ws/install/tp4/bin'
[4.174s] Level 1:colcon.colcon_core.environment:checking '/home/jumombach/ros2_ws/install/tp4/lib/pkgconfig/tp4.pc'
[4.174s] Level 1:colcon.colcon_core.environment:checking '/home/jumombach/ros2_ws/install/tp4/lib/python3.10/site-packages'
[4.174s] Level 1:colcon.colcon_core.environment:checking '/home/jumombach/ros2_ws/install/tp4/bin'
[4.174s] INFO:colcon.colcon_core.shell:Creating package script '/home/jumombach/ros2_ws/install/tp4/share/tp4/package.ps1'
[4.175s] INFO:colcon.colcon_core.shell:Creating package descriptor '/home/jumombach/ros2_ws/install/tp4/share/tp4/package.dsv'
[4.175s] INFO:colcon.colcon_core.shell:Creating package script '/home/jumombach/ros2_ws/install/tp4/share/tp4/package.sh'
[4.175s] INFO:colcon.colcon_core.shell:Creating package script '/home/jumombach/ros2_ws/install/tp4/share/tp4/package.bash'
[4.176s] INFO:colcon.colcon_core.shell:Creating package script '/home/jumombach/ros2_ws/install/tp4/share/tp4/package.zsh'
[4.176s] Level 1:colcon.colcon_core.environment:create_file_with_runtime_dependencies(/home/jumombach/ros2_ws/install/tp4/share/colcon-core/packages/tp4)
[4.176s] DEBUG:colcon.colcon_parallel_executor.executor.parallel:closing loop
[4.177s] DEBUG:colcon.colcon_parallel_executor.executor.parallel:loop closed
[4.177s] DEBUG:colcon.colcon_parallel_executor.executor.parallel:run_until_complete finished with '0'
[4.177s] DEBUG:colcon.colcon_core.event_reactor:joining thread
[4.209s] INFO:colcon.colcon_core.plugin_system:Skipping extension 'colcon_notification.desktop_notification.notify_send': Could not find 'notify-send'
[4.209s] INFO:colcon.colcon_core.plugin_system:Skipping extension 'colcon_notification.desktop_notification.terminal_notifier': Not used on non-Darwin systems
[4.209s] INFO:colcon.colcon_core.plugin_system:Skipping extension 'colcon_notification.desktop_notification.win32': Not used on non-Windows systems
[4.209s] INFO:colcon.colcon_notification.desktop_notification:Sending desktop notification using 'notify2'
[4.209s] DEBUG:colcon.colcon_notification.desktop_notification.notify2:Failed to initialize notify2: org.freedesktop.DBus.Error.FileNotFound: Failed to connect to socket /run/user/1000/bus: No such file or directory
[4.209s] DEBUG:colcon.colcon_core.event_reactor:joined thread
[4.210s] INFO:colcon.colcon_core.shell:Creating prefix script '/home/jumombach/ros2_ws/install/local_setup.ps1'
[4.210s] INFO:colcon.colcon_core.shell:Creating prefix util module '/home/jumombach/ros2_ws/install/_local_setup_util_ps1.py'
[4.211s] INFO:colcon.colcon_core.shell:Creating prefix chain script '/home/jumombach/ros2_ws/install/setup.ps1'
[4.212s] INFO:colcon.colcon_core.shell:Creating prefix script '/home/jumombach/ros2_ws/install/local_setup.sh'
[4.213s] INFO:colcon.colcon_core.shell:Creating prefix util module '/home/jumombach/ros2_ws/install/_local_setup_util_sh.py'
[4.213s] INFO:colcon.colcon_core.shell:Creating prefix chain script '/home/jumombach/ros2_ws/install/setup.sh'
[4.214s] INFO:colcon.colcon_core.shell:Creating prefix script '/home/jumombach/ros2_ws/install/local_setup.bash'
[4.214s] INFO:colcon.colcon_core.shell:Creating prefix chain script '/home/jumombach/ros2_ws/install/setup.bash'
[4.215s] INFO:colcon.colcon_core.shell:Creating prefix script '/home/jumombach/ros2_ws/install/local_setup.zsh'
[4.215s] INFO:colcon.colcon_core.shell:Creating prefix chain script '/home/jumombach/ros2_ws/install/setup.zsh'
