[0.030s] Invoking command in '/home/jumombach/ros2_ws/build/tp3': CMAKE_PREFIX_PATH=${CMAKE_PREFIX_PATH}:/opt/ros/humble /usr/local/bin/cmake --build /home/jumombach/ros2_ws/build/tp3 -- -j8 -l8
[0.071s] gmake[1]: Entering directory '/home/jumombach/ros2_ws/build/tp3'
[0.076s] gmake[2]: Entering directory '/home/jumombach/ros2_ws/build/tp3'
[0.081s] [35m[1mScanning dependencies of target exploration[0m
[0.089s] gmake[2]: Leaving directory '/home/jumombach/ros2_ws/build/tp3'
[0.102s] gmake[2]: Entering directory '/home/jumombach/ros2_ws/build/tp3'
[0.105s] [ 20%] [32mBuilding CXX object CMakeFiles/exploration.dir/src/Action.cpp.o[0m
[0.634s] [ 40%] [32m[1mLinking CXX executable exploration[0m
[1.419s] gmake[2]: Leaving directory '/home/jumombach/ros2_ws/build/tp3'
[1.421s] [100%] Built target exploration
[1.422s] gmake[1]: Leaving directory '/home/jumombach/ros2_ws/build/tp3'
[1.427s] Invoked command in '/home/jumombach/ros2_ws/build/tp3' returned '0': CMAKE_PREFIX_PATH=${CMAKE_PREFIX_PATH}:/opt/ros/humble /usr/local/bin/cmake --build /home/jumombach/ros2_ws/build/tp3 -- -j8 -l8
[1.445s] Invoking command in '/home/jumombach/ros2_ws/build/tp3': CMAKE_PREFIX_PATH=${CMAKE_PREFIX_PATH}:/opt/ros/humble /usr/local/bin/cmake --build /home/jumombach/ros2_ws/build/tp3 --target install -- -j8 -l8
[1.454s] gmake[1]: Entering directory '/home/jumombach/ros2_ws/build/tp3'
[1.457s] gmake[2]: Entering directory '/home/jumombach/ros2_ws/build/tp3'
[1.461s] gmake[2]: Leaving directory '/home/jumombach/ros2_ws/build/tp3'
[1.473s] [100%] Built target exploration
[1.473s] gmake[1]: Leaving directory '/home/jumombach/ros2_ws/build/tp3'
[1.479s] [36mInstall the project...[0m
[1.481s] -- Install configuration: ""
[1.482s] -- Installing: /home/jumombach/ros2_ws/install/tp3/lib/tp3/exploration
[1.486s] -- Set runtime path of "/home/jumombach/ros2_ws/install/tp3/lib/tp3/exploration" to ""
[1.486s] -- Up-to-date: /home/jumombach/ros2_ws/install/tp3/share/tp3/launch
[1.486s] -- Up-to-date: /home/jumombach/ros2_ws/install/tp3/share/tp3/launch/p3dx-rosaria.launch.py
[1.486s] -- Up-to-date: /home/jumombach/ros2_ws/install/tp3/share/tp3/config
[1.486s] -- Up-to-date: /home/jumombach/ros2_ws/install/tp3/share/tp3/config/p3dx.rviz
[1.487s] -- Up-to-date: /home/jumombach/ros2_ws/install/tp3/share/ament_index/resource_index/package_run_dependencies/tp3
[1.487s] -- Up-to-date: /home/jumombach/ros2_ws/install/tp3/share/ament_index/resource_index/parent_prefix_path/tp3
[1.487s] -- Up-to-date: /home/jumombach/ros2_ws/install/tp3/share/tp3/environment/ament_prefix_path.sh
[1.487s] -- Up-to-date: /home/jumombach/ros2_ws/install/tp3/share/tp3/environment/ament_prefix_path.dsv
[1.487s] -- Up-to-date: /home/jumombach/ros2_ws/install/tp3/share/tp3/environment/path.sh
[1.487s] -- Up-to-date: /home/jumombach/ros2_ws/install/tp3/share/tp3/environment/path.dsv
[1.487s] -- Up-to-date: /home/jumombach/ros2_ws/install/tp3/share/tp3/local_setup.bash
[1.487s] -- Up-to-date: /home/jumombach/ros2_ws/install/tp3/share/tp3/local_setup.sh
[1.488s] -- Up-to-date: /home/jumombach/ros2_ws/install/tp3/share/tp3/local_setup.zsh
[1.488s] -- Up-to-date: /home/jumombach/ros2_ws/install/tp3/share/tp3/local_setup.dsv
[1.488s] -- Installing: /home/jumombach/ros2_ws/install/tp3/share/tp3/package.dsv
[1.488s] -- Up-to-date: /home/jumombach/ros2_ws/install/tp3/share/ament_index/resource_index/packages/tp3
[1.488s] -- Up-to-date: /home/jumombach/ros2_ws/install/tp3/share/tp3/cmake/tp3Config.cmake
[1.488s] -- Up-to-date: /home/jumombach/ros2_ws/install/tp3/share/tp3/cmake/tp3Config-version.cmake
[1.488s] -- Up-to-date: /home/jumombach/ros2_ws/install/tp3/share/tp3/package.xml
[1.490s] Invoked command in '/home/jumombach/ros2_ws/build/tp3' returned '0': CMAKE_PREFIX_PATH=${CMAKE_PREFIX_PATH}:/opt/ros/humble /usr/local/bin/cmake --build /home/jumombach/ros2_ws/build/tp3 --target install -- -j8 -l8
