[0.439s] DEBUG:colcon:Command line arguments: ['/usr/bin/colcon', 'build']
[0.439s] DEBUG:colcon:Parsed command line arguments: Namespace(log_base=None, log_level=None, verb_name='build', build_base='build', install_base='install', merge_install=False, symlink_install=False, test_result_base=None, continue_on_error=False, executor='parallel', parallel_workers=8, event_handlers=None, ignore_user_meta=False, metas=['./colcon.meta'], base_paths=['.'], packages_ignore=None, packages_ignore_regex=None, paths=None, packages_up_to=None, packages_up_to_regex=None, packages_above=None, packages_above_and_dependencies=None, packages_above_depth=None, packages_select_by_dep=None, packages_skip_by_dep=None, packages_skip_up_to=None, packages_select_build_failed=False, packages_skip_build_finished=False, packages_select_test_failures=False, packages_skip_test_passed=False, packages_select=None, packages_skip=None, packages_select_regex=None, packages_skip_regex=None, packages_start=None, packages_end=None, allow_overriding=[], cmake_args=None, cmake_target=None, cmake_target_skip_unavailable=False, cmake_clean_cache=False, cmake_clean_first=False, cmake_force_configure=False, ament_cmake_args=None, catkin_cmake_args=None, catkin_skip_building_tests=False, mixin_files=None, mixin=None, verb_parser=<colcon_mixin.mixin.mixin_argument.MixinArgumentDecorator object at 0x7f5556c39cc0>, verb_extension=<colcon_core.verb.build.BuildVerb object at 0x7f5556c39750>, main=<bound method BuildVerb.main of <colcon_core.verb.build.BuildVerb object at 0x7f5556c39750>>, mixin_verb=('build',))
[0.802s] Level 1:colcon.colcon_core.package_discovery:discover_packages(colcon_meta) check parameters
[0.802s] Level 1:colcon.colcon_core.package_discovery:discover_packages(recursive) check parameters
[0.803s] Level 1:colcon.colcon_core.package_discovery:discover_packages(ignore) check parameters
[0.803s] Level 1:colcon.colcon_core.package_discovery:discover_packages(path) check parameters
[0.803s] Level 1:colcon.colcon_core.package_discovery:discover_packages(colcon_meta) discover
[0.803s] Level 1:colcon.colcon_core.package_discovery:discover_packages(recursive) discover
[0.803s] INFO:colcon.colcon_core.package_discovery:Crawling recursively for packages in '/home/jumombach/ros2_ws/src'
[0.803s] Level 1:colcon.colcon_core.package_identification:_identify(.) by extensions ['ignore', 'ignore_ament_install']
[0.803s] Level 1:colcon.colcon_core.package_identification:_identify(.) by extension 'ignore'
[0.803s] Level 1:colcon.colcon_core.package_identification:_identify(.) by extension 'ignore_ament_install'
[0.803s] Level 1:colcon.colcon_core.package_identification:_identify(.) by extensions ['colcon_pkg']
[0.803s] Level 1:colcon.colcon_core.package_identification:_identify(.) by extension 'colcon_pkg'
[0.803s] Level 1:colcon.colcon_core.package_identification:_identify(.) by extensions ['colcon_meta']
[0.803s] Level 1:colcon.colcon_core.package_identification:_identify(.) by extension 'colcon_meta'
[0.803s] Level 1:colcon.colcon_core.package_identification:_identify(.) by extensions ['ros']
[0.803s] Level 1:colcon.colcon_core.package_identification:_identify(.) by extension 'ros'
[0.822s] Level 1:colcon.colcon_core.package_identification:_identify(.) by extensions ['cmake', 'python']
[0.822s] Level 1:colcon.colcon_core.package_identification:_identify(.) by extension 'cmake'
[0.822s] Level 1:colcon.colcon_core.package_identification:_identify(.) by extension 'python'
[0.822s] Level 1:colcon.colcon_core.package_identification:_identify(.) by extensions ['python_setup_py']
[0.822s] Level 1:colcon.colcon_core.package_identification:_identify(.) by extension 'python_setup_py'
[0.822s] Level 1:colcon.colcon_core.package_identification:_identify(build) by extensions ['ignore', 'ignore_ament_install']
[0.822s] Level 1:colcon.colcon_core.package_identification:_identify(build) by extension 'ignore'
[0.822s] Level 1:colcon.colcon_core.package_identification:_identify(build) ignored
[0.822s] Level 1:colcon.colcon_core.package_identification:_identify(install) by extensions ['ignore', 'ignore_ament_install']
[0.822s] Level 1:colcon.colcon_core.package_identification:_identify(install) by extension 'ignore'
[0.822s] Level 1:colcon.colcon_core.package_identification:_identify(install) ignored
[0.822s] Level 1:colcon.colcon_core.package_identification:_identify(log) by extensions ['ignore', 'ignore_ament_install']
[0.822s] Level 1:colcon.colcon_core.package_identification:_identify(log) by extension 'ignore'
[0.822s] Level 1:colcon.colcon_core.package_identification:_identify(log) ignored
[0.822s] Level 1:colcon.colcon_core.package_identification:_identify(phi_aria) by extensions ['ignore', 'ignore_ament_install']
[0.822s] Level 1:colcon.colcon_core.package_identification:_identify(phi_aria) by extension 'ignore'
[0.823s] Level 1:colcon.colcon_core.package_identification:_identify(phi_aria) by extension 'ignore_ament_install'
[0.823s] Level 1:colcon.colcon_core.package_identification:_identify(phi_aria) by extensions ['colcon_pkg']
[0.823s] Level 1:colcon.colcon_core.package_identification:_identify(phi_aria) by extension 'colcon_pkg'
[0.823s] Level 1:colcon.colcon_core.package_identification:_identify(phi_aria) by extensions ['colcon_meta']
[0.823s] Level 1:colcon.colcon_core.package_identification:_identify(phi_aria) by extension 'colcon_meta'
[0.823s] Level 1:colcon.colcon_core.package_identification:_identify(phi_aria) by extensions ['ros']
[0.823s] Level 1:colcon.colcon_core.package_identification:_identify(phi_aria) by extension 'ros'
[0.828s] DEBUG:colcon.colcon_core.package_identification:Package 'phi_aria' with type 'ros.ament_cmake' and name 'phi_aria'
[0.828s] Level 1:colcon.colcon_core.package_identification:_identify(tp1) by extensions ['ignore', 'ignore_ament_install']
[0.828s] Level 1:colcon.colcon_core.package_identification:_identify(tp1) by extension 'ignore'
[0.828s] Level 1:colcon.colcon_core.package_identification:_identify(tp1) by extension 'ignore_ament_install'
[0.828s] Level 1:colcon.colcon_core.package_identification:_identify(tp1) by extensions ['colcon_pkg']
[0.828s] Level 1:colcon.colcon_core.package_identification:_identify(tp1) by extension 'colcon_pkg'
[0.828s] Level 1:colcon.colcon_core.package_identification:_identify(tp1) by extensions ['colcon_meta']
[0.828s] Level 1:colcon.colcon_core.package_identification:_identify(tp1) by extension 'colcon_meta'
[0.828s] Level 1:colcon.colcon_core.package_identification:_identify(tp1) by extensions ['ros']
[0.828s] Level 1:colcon.colcon_core.package_identification:_identify(tp1) by extension 'ros'
[0.829s] DEBUG:colcon.colcon_core.package_identification:Package 'tp1' with type 'ros.ament_cmake' and name 'tp1'
[0.829s] Level 1:colcon.colcon_core.package_identification:_identify(tp2) by extensions ['ignore', 'ignore_ament_install']
[0.829s] Level 1:colcon.colcon_core.package_identification:_identify(tp2) by extension 'ignore'
[0.829s] Level 1:colcon.colcon_core.package_identification:_identify(tp2) by extension 'ignore_ament_install'
[0.829s] Level 1:colcon.colcon_core.package_identification:_identify(tp2) by extensions ['colcon_pkg']
[0.829s] Level 1:colcon.colcon_core.package_identification:_identify(tp2) by extension 'colcon_pkg'
[0.829s] Level 1:colcon.colcon_core.package_identification:_identify(tp2) by extensions ['colcon_meta']
[0.829s] Level 1:colcon.colcon_core.package_identification:_identify(tp2) by extension 'colcon_meta'
[0.829s] Level 1:colcon.colcon_core.package_identification:_identify(tp2) by extensions ['ros']
[0.829s] Level 1:colcon.colcon_core.package_identification:_identify(tp2) by extension 'ros'
[0.831s] DEBUG:colcon.colcon_core.package_identification:Package 'tp2' with type 'ros.ament_cmake' and name 'tp2'
[0.831s] Level 1:colcon.colcon_core.package_discovery:discover_packages(recursive) using defaults
[0.831s] Level 1:colcon.colcon_core.package_discovery:discover_packages(ignore) discover
[0.831s] Level 1:colcon.colcon_core.package_discovery:discover_packages(ignore) using defaults
[0.831s] Level 1:colcon.colcon_core.package_discovery:discover_packages(path) discover
[0.831s] Level 1:colcon.colcon_core.package_discovery:discover_packages(path) using defaults
[0.877s] Level 1:colcon.colcon_core.package_discovery:discover_packages(prefix_path) check parameters
[0.877s] Level 1:colcon.colcon_core.package_discovery:discover_packages(prefix_path) discover
[0.881s] DEBUG:colcon.colcon_installed_package_information.package_discovery:Found 3 installed packages in /home/jumombach/ros2_ws/install
[0.882s] DEBUG:colcon.colcon_installed_package_information.package_discovery:Found 312 installed packages in /opt/ros/humble
[0.883s] Level 1:colcon.colcon_core.package_discovery:discover_packages(prefix_path) using defaults
[0.921s] Level 5:colcon.colcon_core.verb:set package 'phi_aria' build argument 'cmake_args' from command line to 'None'
[0.921s] Level 5:colcon.colcon_core.verb:set package 'phi_aria' build argument 'cmake_target' from command line to 'None'
[0.921s] Level 5:colcon.colcon_core.verb:set package 'phi_aria' build argument 'cmake_target_skip_unavailable' from command line to 'False'
[0.921s] Level 5:colcon.colcon_core.verb:set package 'phi_aria' build argument 'cmake_clean_cache' from command line to 'False'
[0.921s] Level 5:colcon.colcon_core.verb:set package 'phi_aria' build argument 'cmake_clean_first' from command line to 'False'
[0.921s] Level 5:colcon.colcon_core.verb:set package 'phi_aria' build argument 'cmake_force_configure' from command line to 'False'
[0.921s] Level 5:colcon.colcon_core.verb:set package 'phi_aria' build argument 'ament_cmake_args' from command line to 'None'
[0.921s] Level 5:colcon.colcon_core.verb:set package 'phi_aria' build argument 'catkin_cmake_args' from command line to 'None'
[0.921s] Level 5:colcon.colcon_core.verb:set package 'phi_aria' build argument 'catkin_skip_building_tests' from command line to 'False'
[0.921s] DEBUG:colcon.colcon_core.verb:Building package 'phi_aria' with the following arguments: {'ament_cmake_args': None, 'build_base': '/home/jumombach/ros2_ws/src/build/phi_aria', 'catkin_cmake_args': None, 'catkin_skip_building_tests': False, 'cmake_args': None, 'cmake_clean_cache': False, 'cmake_clean_first': False, 'cmake_force_configure': False, 'cmake_target': None, 'cmake_target_skip_unavailable': False, 'install_base': '/home/jumombach/ros2_ws/src/install/phi_aria', 'merge_install': False, 'path': '/home/jumombach/ros2_ws/src/phi_aria', 'symlink_install': False, 'test_result_base': None}
[0.921s] Level 5:colcon.colcon_core.verb:set package 'tp1' build argument 'cmake_args' from command line to 'None'
[0.921s] Level 5:colcon.colcon_core.verb:set package 'tp1' build argument 'cmake_target' from command line to 'None'
[0.922s] Level 5:colcon.colcon_core.verb:set package 'tp1' build argument 'cmake_target_skip_unavailable' from command line to 'False'
[0.922s] Level 5:colcon.colcon_core.verb:set package 'tp1' build argument 'cmake_clean_cache' from command line to 'False'
[0.922s] Level 5:colcon.colcon_core.verb:set package 'tp1' build argument 'cmake_clean_first' from command line to 'False'
[0.922s] Level 5:colcon.colcon_core.verb:set package 'tp1' build argument 'cmake_force_configure' from command line to 'False'
[0.922s] Level 5:colcon.colcon_core.verb:set package 'tp1' build argument 'ament_cmake_args' from command line to 'None'
[0.922s] Level 5:colcon.colcon_core.verb:set package 'tp1' build argument 'catkin_cmake_args' from command line to 'None'
[0.922s] Level 5:colcon.colcon_core.verb:set package 'tp1' build argument 'catkin_skip_building_tests' from command line to 'False'
[0.922s] DEBUG:colcon.colcon_core.verb:Building package 'tp1' with the following arguments: {'ament_cmake_args': None, 'build_base': '/home/jumombach/ros2_ws/src/build/tp1', 'catkin_cmake_args': None, 'catkin_skip_building_tests': False, 'cmake_args': None, 'cmake_clean_cache': False, 'cmake_clean_first': False, 'cmake_force_configure': False, 'cmake_target': None, 'cmake_target_skip_unavailable': False, 'install_base': '/home/jumombach/ros2_ws/src/install/tp1', 'merge_install': False, 'path': '/home/jumombach/ros2_ws/src/tp1', 'symlink_install': False, 'test_result_base': None}
[0.922s] Level 5:colcon.colcon_core.verb:set package 'tp2' build argument 'cmake_args' from command line to 'None'
[0.922s] Level 5:colcon.colcon_core.verb:set package 'tp2' build argument 'cmake_target' from command line to 'None'
[0.922s] Level 5:colcon.colcon_core.verb:set package 'tp2' build argument 'cmake_target_skip_unavailable' from command line to 'False'
[0.922s] Level 5:colcon.colcon_core.verb:set package 'tp2' build argument 'cmake_clean_cache' from command line to 'False'
[0.922s] Level 5:colcon.colcon_core.verb:set package 'tp2' build argument 'cmake_clean_first' from command line to 'False'
[0.922s] Level 5:colcon.colcon_core.verb:set package 'tp2' build argument 'cmake_force_configure' from command line to 'False'
[0.922s] Level 5:colcon.colcon_core.verb:set package 'tp2' build argument 'ament_cmake_args' from command line to 'None'
[0.922s] Level 5:colcon.colcon_core.verb:set package 'tp2' build argument 'catkin_cmake_args' from command line to 'None'
[0.922s] Level 5:colcon.colcon_core.verb:set package 'tp2' build argument 'catkin_skip_building_tests' from command line to 'False'
[0.922s] DEBUG:colcon.colcon_core.verb:Building package 'tp2' with the following arguments: {'ament_cmake_args': None, 'build_base': '/home/jumombach/ros2_ws/src/build/tp2', 'catkin_cmake_args': None, 'catkin_skip_building_tests': False, 'cmake_args': None, 'cmake_clean_cache': False, 'cmake_clean_first': False, 'cmake_force_configure': False, 'cmake_target': None, 'cmake_target_skip_unavailable': False, 'install_base': '/home/jumombach/ros2_ws/src/install/tp2', 'merge_install': False, 'path': '/home/jumombach/ros2_ws/src/tp2', 'symlink_install': False, 'test_result_base': None}
[0.922s] INFO:colcon.colcon_core.executor:Executing jobs using 'parallel' executor
[0.923s] DEBUG:colcon.colcon_parallel_executor.executor.parallel:run_until_complete
[0.924s] INFO:colcon.colcon_ros.task.ament_cmake.build:Building ROS package in '/home/jumombach/ros2_ws/src/phi_aria' with build type 'ament_cmake'
[0.924s] INFO:colcon.colcon_cmake.task.cmake.build:Building CMake package in '/home/jumombach/ros2_ws/src/phi_aria'
[0.933s] INFO:colcon.colcon_core.plugin_system:Skipping extension 'colcon_core.shell.bat': Not used on non-Windows systems
[0.933s] INFO:colcon.colcon_core.shell:Skip shell extension 'powershell' for command environment: Not usable outside of PowerShell
[0.933s] DEBUG:colcon.colcon_core.shell:Skip shell extension 'dsv' for command environment
[0.937s] INFO:colcon.colcon_ros.task.ament_cmake.build:Building ROS package in '/home/jumombach/ros2_ws/src/tp1' with build type 'ament_cmake'
[0.938s] INFO:colcon.colcon_cmake.task.cmake.build:Building CMake package in '/home/jumombach/ros2_ws/src/tp1'
[0.938s] INFO:colcon.colcon_core.shell:Skip shell extension 'powershell' for command environment: Not usable outside of PowerShell
[0.938s] DEBUG:colcon.colcon_core.shell:Skip shell extension 'dsv' for command environment
[0.941s] INFO:colcon.colcon_ros.task.ament_cmake.build:Building ROS package in '/home/jumombach/ros2_ws/src/tp2' with build type 'ament_cmake'
[0.941s] INFO:colcon.colcon_cmake.task.cmake.build:Building CMake package in '/home/jumombach/ros2_ws/src/tp2'
[0.941s] INFO:colcon.colcon_core.shell:Skip shell extension 'powershell' for command environment: Not usable outside of PowerShell
[0.941s] DEBUG:colcon.colcon_core.shell:Skip shell extension 'dsv' for command environment
[0.950s] DEBUG:colcon.colcon_core.event_handler.log_command:Invoking command in '/home/jumombach/ros2_ws/src/build/phi_aria': CMAKE_PREFIX_PATH=${CMAKE_PREFIX_PATH}:/opt/ros/humble /usr/local/bin/cmake /home/jumombach/ros2_ws/src/phi_aria -DCMAKE_INSTALL_PREFIX=/home/jumombach/ros2_ws/src/install/phi_aria
[0.958s] DEBUG:colcon.colcon_core.event_handler.log_command:Invoking command in '/home/jumombach/ros2_ws/src/build/tp1': CMAKE_PREFIX_PATH=${CMAKE_PREFIX_PATH}:/opt/ros/humble /usr/local/bin/cmake /home/jumombach/ros2_ws/src/tp1 -DCMAKE_INSTALL_PREFIX=/home/jumombach/ros2_ws/src/install/tp1
[0.962s] DEBUG:colcon.colcon_core.event_handler.log_command:Invoking command in '/home/jumombach/ros2_ws/src/build/tp2': CMAKE_PREFIX_PATH=${CMAKE_PREFIX_PATH}:/opt/ros/humble /usr/local/bin/cmake /home/jumombach/ros2_ws/src/tp2 -DCMAKE_INSTALL_PREFIX=/home/jumombach/ros2_ws/src/install/tp2
[6.670s] DEBUG:colcon.colcon_core.event_handler.log_command:Invoked command in '/home/jumombach/ros2_ws/src/build/tp2' returned '0': CMAKE_PREFIX_PATH=${CMAKE_PREFIX_PATH}:/opt/ros/humble /usr/local/bin/cmake /home/jumombach/ros2_ws/src/tp2 -DCMAKE_INSTALL_PREFIX=/home/jumombach/ros2_ws/src/install/tp2
[6.673s] DEBUG:colcon.colcon_core.event_handler.log_command:Invoking command in '/home/jumombach/ros2_ws/src/build/tp2': CMAKE_PREFIX_PATH=${CMAKE_PREFIX_PATH}:/opt/ros/humble /usr/local/bin/cmake --build /home/jumombach/ros2_ws/src/build/tp2 -- -j8 -l8
[7.739s] DEBUG:colcon.colcon_core.event_handler.log_command:Invoked command in '/home/jumombach/ros2_ws/src/build/phi_aria' returned '0': CMAKE_PREFIX_PATH=${CMAKE_PREFIX_PATH}:/opt/ros/humble /usr/local/bin/cmake /home/jumombach/ros2_ws/src/phi_aria -DCMAKE_INSTALL_PREFIX=/home/jumombach/ros2_ws/src/install/phi_aria
[7.742s] DEBUG:colcon.colcon_core.event_handler.log_command:Invoking command in '/home/jumombach/ros2_ws/src/build/phi_aria': CMAKE_PREFIX_PATH=${CMAKE_PREFIX_PATH}:/opt/ros/humble /usr/local/bin/cmake --build /home/jumombach/ros2_ws/src/build/phi_aria -- -j8 -l8
[8.745s] DEBUG:colcon.colcon_core.event_handler.log_command:Invoked command in '/home/jumombach/ros2_ws/src/build/tp1' returned '0': CMAKE_PREFIX_PATH=${CMAKE_PREFIX_PATH}:/opt/ros/humble /usr/local/bin/cmake /home/jumombach/ros2_ws/src/tp1 -DCMAKE_INSTALL_PREFIX=/home/jumombach/ros2_ws/src/install/tp1
[8.747s] DEBUG:colcon.colcon_core.event_handler.log_command:Invoking command in '/home/jumombach/ros2_ws/src/build/tp1': CMAKE_PREFIX_PATH=${CMAKE_PREFIX_PATH}:/opt/ros/humble /usr/local/bin/cmake --build /home/jumombach/ros2_ws/src/build/tp1 -- -j8 -l8
[25.315s] DEBUG:colcon.colcon_core.event_handler.log_command:Invoked command in '/home/jumombach/ros2_ws/src/build/phi_aria' returned '0': CMAKE_PREFIX_PATH=${CMAKE_PREFIX_PATH}:/opt/ros/humble /usr/local/bin/cmake --build /home/jumombach/ros2_ws/src/build/phi_aria -- -j8 -l8
[25.340s] DEBUG:colcon.colcon_core.event_handler.log_command:Invoking command in '/home/jumombach/ros2_ws/src/build/phi_aria': CMAKE_PREFIX_PATH=${CMAKE_PREFIX_PATH}:/opt/ros/humble /usr/local/bin/cmake --build /home/jumombach/ros2_ws/src/build/phi_aria --target install -- -j8 -l8
[25.422s] Level 1:colcon.colcon_core.environment:create_environment_scripts_only(phi_aria)
[25.422s] DEBUG:colcon.colcon_core.event_handler.log_command:Invoked command in '/home/jumombach/ros2_ws/src/build/phi_aria' returned '0': CMAKE_PREFIX_PATH=${CMAKE_PREFIX_PATH}:/opt/ros/humble /usr/local/bin/cmake --build /home/jumombach/ros2_ws/src/build/phi_aria --target install -- -j8 -l8
[25.432s] Level 1:colcon.colcon_core.environment:checking '/home/jumombach/ros2_ws/src/install/phi_aria' for CMake module files
[25.432s] Level 1:colcon.colcon_core.environment:checking '/home/jumombach/ros2_ws/src/install/phi_aria' for CMake config files
[25.432s] Level 1:colcon.colcon_core.shell:create_environment_hook('phi_aria', 'cmake_prefix_path')
[25.433s] INFO:colcon.colcon_core.shell:Creating environment hook '/home/jumombach/ros2_ws/src/install/phi_aria/share/phi_aria/hook/cmake_prefix_path.ps1'
[25.434s] INFO:colcon.colcon_core.shell:Creating environment descriptor '/home/jumombach/ros2_ws/src/install/phi_aria/share/phi_aria/hook/cmake_prefix_path.dsv'
[25.435s] INFO:colcon.colcon_core.shell:Creating environment hook '/home/jumombach/ros2_ws/src/install/phi_aria/share/phi_aria/hook/cmake_prefix_path.sh'
[25.437s] Level 1:colcon.colcon_core.environment:checking '/home/jumombach/ros2_ws/src/install/phi_aria/lib'
[25.437s] Level 1:colcon.colcon_core.environment:checking '/home/jumombach/ros2_ws/src/install/phi_aria/bin'
[25.437s] Level 1:colcon.colcon_core.environment:checking '/home/jumombach/ros2_ws/src/install/phi_aria/lib/pkgconfig/phi_aria.pc'
[25.437s] Level 1:colcon.colcon_core.environment:checking '/home/jumombach/ros2_ws/src/install/phi_aria/lib/python3.10/site-packages'
[25.437s] Level 1:colcon.colcon_core.environment:checking '/home/jumombach/ros2_ws/src/install/phi_aria/bin'
[25.438s] INFO:colcon.colcon_core.shell:Creating package script '/home/jumombach/ros2_ws/src/install/phi_aria/share/phi_aria/package.ps1'
[25.439s] INFO:colcon.colcon_core.shell:Creating package descriptor '/home/jumombach/ros2_ws/src/install/phi_aria/share/phi_aria/package.dsv'
[25.440s] INFO:colcon.colcon_core.shell:Creating package script '/home/jumombach/ros2_ws/src/install/phi_aria/share/phi_aria/package.sh'
[25.441s] INFO:colcon.colcon_core.shell:Creating package script '/home/jumombach/ros2_ws/src/install/phi_aria/share/phi_aria/package.bash'
[25.442s] INFO:colcon.colcon_core.shell:Creating package script '/home/jumombach/ros2_ws/src/install/phi_aria/share/phi_aria/package.zsh'
[25.443s] Level 1:colcon.colcon_core.environment:create_file_with_runtime_dependencies(/home/jumombach/ros2_ws/src/install/phi_aria/share/colcon-core/packages/phi_aria)
[25.464s] Level 1:colcon.colcon_core.environment:create_environment_scripts_only(phi_aria)
[25.464s] Level 1:colcon.colcon_core.environment:checking '/home/jumombach/ros2_ws/src/install/phi_aria' for CMake module files
[25.465s] Level 1:colcon.colcon_core.environment:checking '/home/jumombach/ros2_ws/src/install/phi_aria' for CMake config files
[25.465s] Level 1:colcon.colcon_core.shell:create_environment_hook('phi_aria', 'cmake_prefix_path')
[25.466s] INFO:colcon.colcon_core.shell:Creating environment hook '/home/jumombach/ros2_ws/src/install/phi_aria/share/phi_aria/hook/cmake_prefix_path.ps1'
[25.466s] INFO:colcon.colcon_core.shell:Creating environment descriptor '/home/jumombach/ros2_ws/src/install/phi_aria/share/phi_aria/hook/cmake_prefix_path.dsv'
[25.467s] INFO:colcon.colcon_core.shell:Creating environment hook '/home/jumombach/ros2_ws/src/install/phi_aria/share/phi_aria/hook/cmake_prefix_path.sh'
[25.467s] Level 1:colcon.colcon_core.environment:checking '/home/jumombach/ros2_ws/src/install/phi_aria/lib'
[25.467s] Level 1:colcon.colcon_core.environment:checking '/home/jumombach/ros2_ws/src/install/phi_aria/bin'
[25.467s] Level 1:colcon.colcon_core.environment:checking '/home/jumombach/ros2_ws/src/install/phi_aria/lib/pkgconfig/phi_aria.pc'
[25.468s] Level 1:colcon.colcon_core.environment:checking '/home/jumombach/ros2_ws/src/install/phi_aria/lib/python3.10/site-packages'
[25.468s] Level 1:colcon.colcon_core.environment:checking '/home/jumombach/ros2_ws/src/install/phi_aria/bin'
[25.468s] INFO:colcon.colcon_core.shell:Creating package script '/home/jumombach/ros2_ws/src/install/phi_aria/share/phi_aria/package.ps1'
[25.469s] INFO:colcon.colcon_core.shell:Creating package descriptor '/home/jumombach/ros2_ws/src/install/phi_aria/share/phi_aria/package.dsv'
[25.470s] INFO:colcon.colcon_core.shell:Creating package script '/home/jumombach/ros2_ws/src/install/phi_aria/share/phi_aria/package.sh'
[25.471s] INFO:colcon.colcon_core.shell:Creating package script '/home/jumombach/ros2_ws/src/install/phi_aria/share/phi_aria/package.bash'
[25.472s] INFO:colcon.colcon_core.shell:Creating package script '/home/jumombach/ros2_ws/src/install/phi_aria/share/phi_aria/package.zsh'
[25.472s] Level 1:colcon.colcon_core.environment:create_file_with_runtime_dependencies(/home/jumombach/ros2_ws/src/install/phi_aria/share/colcon-core/packages/phi_aria)
[26.464s] DEBUG:colcon.colcon_core.event_handler.log_command:Invoked command in '/home/jumombach/ros2_ws/src/build/tp1' returned '0': CMAKE_PREFIX_PATH=${CMAKE_PREFIX_PATH}:/opt/ros/humble /usr/local/bin/cmake --build /home/jumombach/ros2_ws/src/build/tp1 -- -j8 -l8
[26.487s] DEBUG:colcon.colcon_core.event_handler.log_command:Invoking command in '/home/jumombach/ros2_ws/src/build/tp1': CMAKE_PREFIX_PATH=${CMAKE_PREFIX_PATH}:/opt/ros/humble /usr/local/bin/cmake --build /home/jumombach/ros2_ws/src/build/tp1 --target install -- -j8 -l8
[26.539s] Level 1:colcon.colcon_core.environment:create_environment_scripts_only(tp1)
[26.539s] DEBUG:colcon.colcon_core.event_handler.log_command:Invoked command in '/home/jumombach/ros2_ws/src/build/tp1' returned '0': CMAKE_PREFIX_PATH=${CMAKE_PREFIX_PATH}:/opt/ros/humble /usr/local/bin/cmake --build /home/jumombach/ros2_ws/src/build/tp1 --target install -- -j8 -l8
[26.539s] Level 1:colcon.colcon_core.environment:checking '/home/jumombach/ros2_ws/src/install/tp1' for CMake module files
[26.540s] Level 1:colcon.colcon_core.environment:checking '/home/jumombach/ros2_ws/src/install/tp1' for CMake config files
[26.540s] Level 1:colcon.colcon_core.shell:create_environment_hook('tp1', 'cmake_prefix_path')
[26.540s] INFO:colcon.colcon_core.shell:Creating environment hook '/home/jumombach/ros2_ws/src/install/tp1/share/tp1/hook/cmake_prefix_path.ps1'
[26.541s] INFO:colcon.colcon_core.shell:Creating environment descriptor '/home/jumombach/ros2_ws/src/install/tp1/share/tp1/hook/cmake_prefix_path.dsv'
[26.541s] INFO:colcon.colcon_core.shell:Creating environment hook '/home/jumombach/ros2_ws/src/install/tp1/share/tp1/hook/cmake_prefix_path.sh'
[26.541s] Level 1:colcon.colcon_core.environment:checking '/home/jumombach/ros2_ws/src/install/tp1/lib'
[26.541s] Level 1:colcon.colcon_core.environment:checking '/home/jumombach/ros2_ws/src/install/tp1/bin'
[26.541s] Level 1:colcon.colcon_core.environment:checking '/home/jumombach/ros2_ws/src/install/tp1/lib/pkgconfig/tp1.pc'
[26.542s] Level 1:colcon.colcon_core.environment:checking '/home/jumombach/ros2_ws/src/install/tp1/lib/python3.10/site-packages'
[26.542s] Level 1:colcon.colcon_core.environment:checking '/home/jumombach/ros2_ws/src/install/tp1/bin'
[26.542s] INFO:colcon.colcon_core.shell:Creating package script '/home/jumombach/ros2_ws/src/install/tp1/share/tp1/package.ps1'
[26.542s] INFO:colcon.colcon_core.shell:Creating package descriptor '/home/jumombach/ros2_ws/src/install/tp1/share/tp1/package.dsv'
[26.543s] INFO:colcon.colcon_core.shell:Creating package script '/home/jumombach/ros2_ws/src/install/tp1/share/tp1/package.sh'
[26.543s] INFO:colcon.colcon_core.shell:Creating package script '/home/jumombach/ros2_ws/src/install/tp1/share/tp1/package.bash'
[26.544s] INFO:colcon.colcon_core.shell:Creating package script '/home/jumombach/ros2_ws/src/install/tp1/share/tp1/package.zsh'
[26.544s] Level 1:colcon.colcon_core.environment:create_file_with_runtime_dependencies(/home/jumombach/ros2_ws/src/install/tp1/share/colcon-core/packages/tp1)
[26.564s] Level 1:colcon.colcon_core.environment:create_environment_scripts_only(tp1)
[26.565s] Level 1:colcon.colcon_core.environment:checking '/home/jumombach/ros2_ws/src/install/tp1' for CMake module files
[26.565s] Level 1:colcon.colcon_core.environment:checking '/home/jumombach/ros2_ws/src/install/tp1' for CMake config files
[26.565s] Level 1:colcon.colcon_core.shell:create_environment_hook('tp1', 'cmake_prefix_path')
[26.566s] INFO:colcon.colcon_core.shell:Creating environment hook '/home/jumombach/ros2_ws/src/install/tp1/share/tp1/hook/cmake_prefix_path.ps1'
[26.567s] INFO:colcon.colcon_core.shell:Creating environment descriptor '/home/jumombach/ros2_ws/src/install/tp1/share/tp1/hook/cmake_prefix_path.dsv'
[26.567s] INFO:colcon.colcon_core.shell:Creating environment hook '/home/jumombach/ros2_ws/src/install/tp1/share/tp1/hook/cmake_prefix_path.sh'
[26.568s] Level 1:colcon.colcon_core.environment:checking '/home/jumombach/ros2_ws/src/install/tp1/lib'
[26.568s] Level 1:colcon.colcon_core.environment:checking '/home/jumombach/ros2_ws/src/install/tp1/bin'
[26.568s] Level 1:colcon.colcon_core.environment:checking '/home/jumombach/ros2_ws/src/install/tp1/lib/pkgconfig/tp1.pc'
[26.568s] Level 1:colcon.colcon_core.environment:checking '/home/jumombach/ros2_ws/src/install/tp1/lib/python3.10/site-packages'
[26.569s] Level 1:colcon.colcon_core.environment:checking '/home/jumombach/ros2_ws/src/install/tp1/bin'
[26.569s] INFO:colcon.colcon_core.shell:Creating package script '/home/jumombach/ros2_ws/src/install/tp1/share/tp1/package.ps1'
[26.570s] INFO:colcon.colcon_core.shell:Creating package descriptor '/home/jumombach/ros2_ws/src/install/tp1/share/tp1/package.dsv'
[26.570s] INFO:colcon.colcon_core.shell:Creating package script '/home/jumombach/ros2_ws/src/install/tp1/share/tp1/package.sh'
[26.571s] INFO:colcon.colcon_core.shell:Creating package script '/home/jumombach/ros2_ws/src/install/tp1/share/tp1/package.bash'
[26.571s] INFO:colcon.colcon_core.shell:Creating package script '/home/jumombach/ros2_ws/src/install/tp1/share/tp1/package.zsh'
[26.571s] Level 1:colcon.colcon_core.environment:create_file_with_runtime_dependencies(/home/jumombach/ros2_ws/src/install/tp1/share/colcon-core/packages/tp1)
[28.043s] DEBUG:colcon.colcon_core.event_handler.log_command:Invoked command in '/home/jumombach/ros2_ws/src/build/tp2' returned '0': CMAKE_PREFIX_PATH=${CMAKE_PREFIX_PATH}:/opt/ros/humble /usr/local/bin/cmake --build /home/jumombach/ros2_ws/src/build/tp2 -- -j8 -l8
[28.064s] DEBUG:colcon.colcon_core.event_handler.log_command:Invoking command in '/home/jumombach/ros2_ws/src/build/tp2': CMAKE_PREFIX_PATH=${CMAKE_PREFIX_PATH}:/opt/ros/humble /usr/local/bin/cmake --build /home/jumombach/ros2_ws/src/build/tp2 --target install -- -j8 -l8
[28.131s] Level 1:colcon.colcon_core.environment:create_environment_scripts_only(tp2)
[28.131s] Level 1:colcon.colcon_core.environment:checking '/home/jumombach/ros2_ws/src/install/tp2' for CMake module files
[28.132s] DEBUG:colcon.colcon_core.event_handler.log_command:Invoked command in '/home/jumombach/ros2_ws/src/build/tp2' returned '0': CMAKE_PREFIX_PATH=${CMAKE_PREFIX_PATH}:/opt/ros/humble /usr/local/bin/cmake --build /home/jumombach/ros2_ws/src/build/tp2 --target install -- -j8 -l8
[28.132s] Level 1:colcon.colcon_core.environment:checking '/home/jumombach/ros2_ws/src/install/tp2' for CMake config files
[28.133s] Level 1:colcon.colcon_core.shell:create_environment_hook('tp2', 'cmake_prefix_path')
[28.133s] INFO:colcon.colcon_core.shell:Creating environment hook '/home/jumombach/ros2_ws/src/install/tp2/share/tp2/hook/cmake_prefix_path.ps1'
[28.133s] INFO:colcon.colcon_core.shell:Creating environment descriptor '/home/jumombach/ros2_ws/src/install/tp2/share/tp2/hook/cmake_prefix_path.dsv'
[28.134s] INFO:colcon.colcon_core.shell:Creating environment hook '/home/jumombach/ros2_ws/src/install/tp2/share/tp2/hook/cmake_prefix_path.sh'
[28.134s] Level 1:colcon.colcon_core.environment:checking '/home/jumombach/ros2_ws/src/install/tp2/lib'
[28.135s] Level 1:colcon.colcon_core.environment:checking '/home/jumombach/ros2_ws/src/install/tp2/bin'
[28.135s] Level 1:colcon.colcon_core.environment:checking '/home/jumombach/ros2_ws/src/install/tp2/lib/pkgconfig/tp2.pc'
[28.135s] Level 1:colcon.colcon_core.environment:checking '/home/jumombach/ros2_ws/src/install/tp2/lib/python3.10/site-packages'
[28.135s] Level 1:colcon.colcon_core.environment:checking '/home/jumombach/ros2_ws/src/install/tp2/bin'
[28.135s] INFO:colcon.colcon_core.shell:Creating package script '/home/jumombach/ros2_ws/src/install/tp2/share/tp2/package.ps1'
[28.136s] INFO:colcon.colcon_core.shell:Creating package descriptor '/home/jumombach/ros2_ws/src/install/tp2/share/tp2/package.dsv'
[28.137s] INFO:colcon.colcon_core.shell:Creating package script '/home/jumombach/ros2_ws/src/install/tp2/share/tp2/package.sh'
[28.137s] INFO:colcon.colcon_core.shell:Creating package script '/home/jumombach/ros2_ws/src/install/tp2/share/tp2/package.bash'
[28.137s] INFO:colcon.colcon_core.shell:Creating package script '/home/jumombach/ros2_ws/src/install/tp2/share/tp2/package.zsh'
[28.138s] Level 1:colcon.colcon_core.environment:create_file_with_runtime_dependencies(/home/jumombach/ros2_ws/src/install/tp2/share/colcon-core/packages/tp2)
[28.162s] Level 1:colcon.colcon_core.environment:create_environment_scripts_only(tp2)
[28.162s] Level 1:colcon.colcon_core.environment:checking '/home/jumombach/ros2_ws/src/install/tp2' for CMake module files
[28.163s] Level 1:colcon.colcon_core.environment:checking '/home/jumombach/ros2_ws/src/install/tp2' for CMake config files
[28.163s] Level 1:colcon.colcon_core.shell:create_environment_hook('tp2', 'cmake_prefix_path')
[28.163s] INFO:colcon.colcon_core.shell:Creating environment hook '/home/jumombach/ros2_ws/src/install/tp2/share/tp2/hook/cmake_prefix_path.ps1'
[28.164s] INFO:colcon.colcon_core.shell:Creating environment descriptor '/home/jumombach/ros2_ws/src/install/tp2/share/tp2/hook/cmake_prefix_path.dsv'
[28.164s] INFO:colcon.colcon_core.shell:Creating environment hook '/home/jumombach/ros2_ws/src/install/tp2/share/tp2/hook/cmake_prefix_path.sh'
[28.165s] Level 1:colcon.colcon_core.environment:checking '/home/jumombach/ros2_ws/src/install/tp2/lib'
[28.165s] Level 1:colcon.colcon_core.environment:checking '/home/jumombach/ros2_ws/src/install/tp2/bin'
[28.165s] Level 1:colcon.colcon_core.environment:checking '/home/jumombach/ros2_ws/src/install/tp2/lib/pkgconfig/tp2.pc'
[28.165s] Level 1:colcon.colcon_core.environment:checking '/home/jumombach/ros2_ws/src/install/tp2/lib/python3.10/site-packages'
[28.165s] Level 1:colcon.colcon_core.environment:checking '/home/jumombach/ros2_ws/src/install/tp2/bin'
[28.165s] INFO:colcon.colcon_core.shell:Creating package script '/home/jumombach/ros2_ws/src/install/tp2/share/tp2/package.ps1'
[28.166s] INFO:colcon.colcon_core.shell:Creating package descriptor '/home/jumombach/ros2_ws/src/install/tp2/share/tp2/package.dsv'
[28.166s] INFO:colcon.colcon_core.shell:Creating package script '/home/jumombach/ros2_ws/src/install/tp2/share/tp2/package.sh'
[28.167s] INFO:colcon.colcon_core.shell:Creating package script '/home/jumombach/ros2_ws/src/install/tp2/share/tp2/package.bash'
[28.167s] INFO:colcon.colcon_core.shell:Creating package script '/home/jumombach/ros2_ws/src/install/tp2/share/tp2/package.zsh'
[28.168s] Level 1:colcon.colcon_core.environment:create_file_with_runtime_dependencies(/home/jumombach/ros2_ws/src/install/tp2/share/colcon-core/packages/tp2)
[28.168s] DEBUG:colcon.colcon_parallel_executor.executor.parallel:closing loop
[28.169s] DEBUG:colcon.colcon_parallel_executor.executor.parallel:loop closed
[28.169s] DEBUG:colcon.colcon_parallel_executor.executor.parallel:run_until_complete finished with '0'
[28.169s] DEBUG:colcon.colcon_core.event_reactor:joining thread
[28.222s] INFO:colcon.colcon_core.plugin_system:Skipping extension 'colcon_notification.desktop_notification.notify_send': Could not find 'notify-send'
[28.222s] INFO:colcon.colcon_core.plugin_system:Skipping extension 'colcon_notification.desktop_notification.terminal_notifier': Not used on non-Darwin systems
[28.222s] INFO:colcon.colcon_core.plugin_system:Skipping extension 'colcon_notification.desktop_notification.win32': Not used on non-Windows systems
[28.222s] INFO:colcon.colcon_notification.desktop_notification:Sending desktop notification using 'notify2'
[28.223s] DEBUG:colcon.colcon_notification.desktop_notification.notify2:Failed to initialize notify2: org.freedesktop.DBus.Error.FileNotFound: Failed to connect to socket /run/user/1000/bus: No such file or directory
[28.223s] DEBUG:colcon.colcon_core.event_reactor:joined thread
[28.223s] INFO:colcon.colcon_core.shell:Creating prefix script '/home/jumombach/ros2_ws/src/install/local_setup.ps1'
[28.225s] INFO:colcon.colcon_core.shell:Creating prefix util module '/home/jumombach/ros2_ws/src/install/_local_setup_util_ps1.py'
[28.226s] INFO:colcon.colcon_core.shell:Creating prefix chain script '/home/jumombach/ros2_ws/src/install/setup.ps1'
[28.228s] INFO:colcon.colcon_core.shell:Creating prefix script '/home/jumombach/ros2_ws/src/install/local_setup.sh'
[28.229s] INFO:colcon.colcon_core.shell:Creating prefix util module '/home/jumombach/ros2_ws/src/install/_local_setup_util_sh.py'
[28.230s] INFO:colcon.colcon_core.shell:Creating prefix chain script '/home/jumombach/ros2_ws/src/install/setup.sh'
[28.231s] INFO:colcon.colcon_core.shell:Creating prefix script '/home/jumombach/ros2_ws/src/install/local_setup.bash'
[28.232s] INFO:colcon.colcon_core.shell:Creating prefix chain script '/home/jumombach/ros2_ws/src/install/setup.bash'
[28.234s] INFO:colcon.colcon_core.shell:Creating prefix script '/home/jumombach/ros2_ws/src/install/local_setup.zsh'
[28.235s] INFO:colcon.colcon_core.shell:Creating prefix chain script '/home/jumombach/ros2_ws/src/install/setup.zsh'
