[0.148s] DEBUG:colcon:Command line arguments: ['/usr/bin/colcon', 'build']
[0.148s] DEBUG:colcon:Parsed command line arguments: Namespace(log_base=None, log_level=None, verb_name='build', build_base='build', install_base='install', merge_install=False, symlink_install=False, test_result_base=None, continue_on_error=False, executor='parallel', parallel_workers=8, event_handlers=None, ignore_user_meta=False, metas=['./colcon.meta'], base_paths=['.'], packages_ignore=None, packages_ignore_regex=None, paths=None, packages_up_to=None, packages_up_to_regex=None, packages_above=None, packages_above_and_dependencies=None, packages_above_depth=None, packages_select_by_dep=None, packages_skip_by_dep=None, packages_skip_up_to=None, packages_select_build_failed=False, packages_skip_build_finished=False, packages_select_test_failures=False, packages_skip_test_passed=False, packages_select=None, packages_skip=None, packages_select_regex=None, packages_skip_regex=None, packages_start=None, packages_end=None, allow_overriding=[], cmake_args=None, cmake_target=None, cmake_target_skip_unavailable=False, cmake_clean_cache=False, cmake_clean_first=False, cmake_force_configure=False, ament_cmake_args=None, catkin_cmake_args=None, catkin_skip_building_tests=False, mixin_files=None, mixin=None, verb_parser=<colcon_mixin.mixin.mixin_argument.MixinArgumentDecorator object at 0x7fac318bdcc0>, verb_extension=<colcon_core.verb.build.BuildVerb object at 0x7fac318bd750>, main=<bound method BuildVerb.main of <colcon_core.verb.build.BuildVerb object at 0x7fac318bd750>>, mixin_verb=('build',))
[0.274s] Level 1:colcon.colcon_core.package_discovery:discover_packages(colcon_meta) check parameters
[0.274s] Level 1:colcon.colcon_core.package_discovery:discover_packages(recursive) check parameters
[0.275s] Level 1:colcon.colcon_core.package_discovery:discover_packages(ignore) check parameters
[0.275s] Level 1:colcon.colcon_core.package_discovery:discover_packages(path) check parameters
[0.275s] Level 1:colcon.colcon_core.package_discovery:discover_packages(colcon_meta) discover
[0.275s] Level 1:colcon.colcon_core.package_discovery:discover_packages(recursive) discover
[0.275s] INFO:colcon.colcon_core.package_discovery:Crawling recursively for packages in '/home/jumombach/ros2_ws/src'
[0.275s] Level 1:colcon.colcon_core.package_identification:_identify(.) by extensions ['ignore', 'ignore_ament_install']
[0.275s] Level 1:colcon.colcon_core.package_identification:_identify(.) by extension 'ignore'
[0.275s] Level 1:colcon.colcon_core.package_identification:_identify(.) by extension 'ignore_ament_install'
[0.275s] Level 1:colcon.colcon_core.package_identification:_identify(.) by extensions ['colcon_pkg']
[0.275s] Level 1:colcon.colcon_core.package_identification:_identify(.) by extension 'colcon_pkg'
[0.275s] Level 1:colcon.colcon_core.package_identification:_identify(.) by extensions ['colcon_meta']
[0.275s] Level 1:colcon.colcon_core.package_identification:_identify(.) by extension 'colcon_meta'
[0.275s] Level 1:colcon.colcon_core.package_identification:_identify(.) by extensions ['ros']
[0.275s] Level 1:colcon.colcon_core.package_identification:_identify(.) by extension 'ros'
[0.283s] Level 1:colcon.colcon_core.package_identification:_identify(.) by extensions ['cmake', 'python']
[0.283s] Level 1:colcon.colcon_core.package_identification:_identify(.) by extension 'cmake'
[0.283s] Level 1:colcon.colcon_core.package_identification:_identify(.) by extension 'python'
[0.283s] Level 1:colcon.colcon_core.package_identification:_identify(.) by extensions ['python_setup_py']
[0.283s] Level 1:colcon.colcon_core.package_identification:_identify(.) by extension 'python_setup_py'
[0.283s] Level 1:colcon.colcon_core.package_identification:_identify(build) by extensions ['ignore', 'ignore_ament_install']
[0.283s] Level 1:colcon.colcon_core.package_identification:_identify(build) by extension 'ignore'
[0.283s] Level 1:colcon.colcon_core.package_identification:_identify(build) ignored
[0.283s] Level 1:colcon.colcon_core.package_identification:_identify(install) by extensions ['ignore', 'ignore_ament_install']
[0.283s] Level 1:colcon.colcon_core.package_identification:_identify(install) by extension 'ignore'
[0.283s] Level 1:colcon.colcon_core.package_identification:_identify(install) ignored
[0.283s] Level 1:colcon.colcon_core.package_identification:_identify(log) by extensions ['ignore', 'ignore_ament_install']
[0.283s] Level 1:colcon.colcon_core.package_identification:_identify(log) by extension 'ignore'
[0.283s] Level 1:colcon.colcon_core.package_identification:_identify(log) ignored
[0.284s] Level 1:colcon.colcon_core.package_identification:_identify(phi_aria) by extensions ['ignore', 'ignore_ament_install']
[0.284s] Level 1:colcon.colcon_core.package_identification:_identify(phi_aria) by extension 'ignore'
[0.284s] Level 1:colcon.colcon_core.package_identification:_identify(phi_aria) by extension 'ignore_ament_install'
[0.284s] Level 1:colcon.colcon_core.package_identification:_identify(phi_aria) by extensions ['colcon_pkg']
[0.284s] Level 1:colcon.colcon_core.package_identification:_identify(phi_aria) by extension 'colcon_pkg'
[0.284s] Level 1:colcon.colcon_core.package_identification:_identify(phi_aria) by extensions ['colcon_meta']
[0.284s] Level 1:colcon.colcon_core.package_identification:_identify(phi_aria) by extension 'colcon_meta'
[0.284s] Level 1:colcon.colcon_core.package_identification:_identify(phi_aria) by extensions ['ros']
[0.284s] Level 1:colcon.colcon_core.package_identification:_identify(phi_aria) by extension 'ros'
[0.286s] DEBUG:colcon.colcon_core.package_identification:Package 'phi_aria' with type 'ros.ament_cmake' and name 'phi_aria'
[0.286s] Level 1:colcon.colcon_core.package_identification:_identify(tp1) by extensions ['ignore', 'ignore_ament_install']
[0.286s] Level 1:colcon.colcon_core.package_identification:_identify(tp1) by extension 'ignore'
[0.286s] Level 1:colcon.colcon_core.package_identification:_identify(tp1) by extension 'ignore_ament_install'
[0.286s] Level 1:colcon.colcon_core.package_identification:_identify(tp1) by extensions ['colcon_pkg']
[0.286s] Level 1:colcon.colcon_core.package_identification:_identify(tp1) by extension 'colcon_pkg'
[0.286s] Level 1:colcon.colcon_core.package_identification:_identify(tp1) by extensions ['colcon_meta']
[0.286s] Level 1:colcon.colcon_core.package_identification:_identify(tp1) by extension 'colcon_meta'
[0.286s] Level 1:colcon.colcon_core.package_identification:_identify(tp1) by extensions ['ros']
[0.286s] Level 1:colcon.colcon_core.package_identification:_identify(tp1) by extension 'ros'
[0.287s] DEBUG:colcon.colcon_core.package_identification:Package 'tp1' with type 'ros.ament_cmake' and name 'tp1'
[0.287s] Level 1:colcon.colcon_core.package_identification:_identify(tp2) by extensions ['ignore', 'ignore_ament_install']
[0.287s] Level 1:colcon.colcon_core.package_identification:_identify(tp2) by extension 'ignore'
[0.287s] Level 1:colcon.colcon_core.package_identification:_identify(tp2) by extension 'ignore_ament_install'
[0.287s] Level 1:colcon.colcon_core.package_identification:_identify(tp2) by extensions ['colcon_pkg']
[0.287s] Level 1:colcon.colcon_core.package_identification:_identify(tp2) by extension 'colcon_pkg'
[0.287s] Level 1:colcon.colcon_core.package_identification:_identify(tp2) by extensions ['colcon_meta']
[0.287s] Level 1:colcon.colcon_core.package_identification:_identify(tp2) by extension 'colcon_meta'
[0.287s] Level 1:colcon.colcon_core.package_identification:_identify(tp2) by extensions ['ros']
[0.287s] Level 1:colcon.colcon_core.package_identification:_identify(tp2) by extension 'ros'
[0.288s] DEBUG:colcon.colcon_core.package_identification:Package 'tp2' with type 'ros.ament_cmake' and name 'tp2'
[0.288s] Level 1:colcon.colcon_core.package_identification:_identify(tp3) by extensions ['ignore', 'ignore_ament_install']
[0.288s] Level 1:colcon.colcon_core.package_identification:_identify(tp3) by extension 'ignore'
[0.288s] Level 1:colcon.colcon_core.package_identification:_identify(tp3) by extension 'ignore_ament_install'
[0.288s] Level 1:colcon.colcon_core.package_identification:_identify(tp3) by extensions ['colcon_pkg']
[0.288s] Level 1:colcon.colcon_core.package_identification:_identify(tp3) by extension 'colcon_pkg'
[0.288s] Level 1:colcon.colcon_core.package_identification:_identify(tp3) by extensions ['colcon_meta']
[0.288s] Level 1:colcon.colcon_core.package_identification:_identify(tp3) by extension 'colcon_meta'
[0.288s] Level 1:colcon.colcon_core.package_identification:_identify(tp3) by extensions ['ros']
[0.288s] Level 1:colcon.colcon_core.package_identification:_identify(tp3) by extension 'ros'
[0.289s] DEBUG:colcon.colcon_core.package_identification:Package 'tp3' with type 'ros.ament_cmake' and name 'tp3'
[0.289s] Level 1:colcon.colcon_core.package_discovery:discover_packages(recursive) using defaults
[0.289s] Level 1:colcon.colcon_core.package_discovery:discover_packages(ignore) discover
[0.289s] Level 1:colcon.colcon_core.package_discovery:discover_packages(ignore) using defaults
[0.289s] Level 1:colcon.colcon_core.package_discovery:discover_packages(path) discover
[0.289s] Level 1:colcon.colcon_core.package_discovery:discover_packages(path) using defaults
[0.312s] Level 1:colcon.colcon_core.package_discovery:discover_packages(prefix_path) check parameters
[0.312s] Level 1:colcon.colcon_core.package_discovery:discover_packages(prefix_path) discover
[0.313s] DEBUG:colcon.colcon_installed_package_information.package_discovery:Found 4 installed packages in /home/jumombach/ros2_ws/install
[0.314s] DEBUG:colcon.colcon_installed_package_information.package_discovery:Found 312 installed packages in /opt/ros/humble
[0.315s] Level 1:colcon.colcon_core.package_discovery:discover_packages(prefix_path) using defaults
[0.340s] Level 5:colcon.colcon_core.verb:set package 'phi_aria' build argument 'cmake_args' from command line to 'None'
[0.340s] Level 5:colcon.colcon_core.verb:set package 'phi_aria' build argument 'cmake_target' from command line to 'None'
[0.340s] Level 5:colcon.colcon_core.verb:set package 'phi_aria' build argument 'cmake_target_skip_unavailable' from command line to 'False'
[0.340s] Level 5:colcon.colcon_core.verb:set package 'phi_aria' build argument 'cmake_clean_cache' from command line to 'False'
[0.340s] Level 5:colcon.colcon_core.verb:set package 'phi_aria' build argument 'cmake_clean_first' from command line to 'False'
[0.340s] Level 5:colcon.colcon_core.verb:set package 'phi_aria' build argument 'cmake_force_configure' from command line to 'False'
[0.340s] Level 5:colcon.colcon_core.verb:set package 'phi_aria' build argument 'ament_cmake_args' from command line to 'None'
[0.340s] Level 5:colcon.colcon_core.verb:set package 'phi_aria' build argument 'catkin_cmake_args' from command line to 'None'
[0.340s] Level 5:colcon.colcon_core.verb:set package 'phi_aria' build argument 'catkin_skip_building_tests' from command line to 'False'
[0.340s] DEBUG:colcon.colcon_core.verb:Building package 'phi_aria' with the following arguments: {'ament_cmake_args': None, 'build_base': '/home/jumombach/ros2_ws/src/build/phi_aria', 'catkin_cmake_args': None, 'catkin_skip_building_tests': False, 'cmake_args': None, 'cmake_clean_cache': False, 'cmake_clean_first': False, 'cmake_force_configure': False, 'cmake_target': None, 'cmake_target_skip_unavailable': False, 'install_base': '/home/jumombach/ros2_ws/src/install/phi_aria', 'merge_install': False, 'path': '/home/jumombach/ros2_ws/src/phi_aria', 'symlink_install': False, 'test_result_base': None}
[0.340s] Level 5:colcon.colcon_core.verb:set package 'tp1' build argument 'cmake_args' from command line to 'None'
[0.340s] Level 5:colcon.colcon_core.verb:set package 'tp1' build argument 'cmake_target' from command line to 'None'
[0.341s] Level 5:colcon.colcon_core.verb:set package 'tp1' build argument 'cmake_target_skip_unavailable' from command line to 'False'
[0.341s] Level 5:colcon.colcon_core.verb:set package 'tp1' build argument 'cmake_clean_cache' from command line to 'False'
[0.341s] Level 5:colcon.colcon_core.verb:set package 'tp1' build argument 'cmake_clean_first' from command line to 'False'
[0.341s] Level 5:colcon.colcon_core.verb:set package 'tp1' build argument 'cmake_force_configure' from command line to 'False'
[0.341s] Level 5:colcon.colcon_core.verb:set package 'tp1' build argument 'ament_cmake_args' from command line to 'None'
[0.341s] Level 5:colcon.colcon_core.verb:set package 'tp1' build argument 'catkin_cmake_args' from command line to 'None'
[0.341s] Level 5:colcon.colcon_core.verb:set package 'tp1' build argument 'catkin_skip_building_tests' from command line to 'False'
[0.341s] DEBUG:colcon.colcon_core.verb:Building package 'tp1' with the following arguments: {'ament_cmake_args': None, 'build_base': '/home/jumombach/ros2_ws/src/build/tp1', 'catkin_cmake_args': None, 'catkin_skip_building_tests': False, 'cmake_args': None, 'cmake_clean_cache': False, 'cmake_clean_first': False, 'cmake_force_configure': False, 'cmake_target': None, 'cmake_target_skip_unavailable': False, 'install_base': '/home/jumombach/ros2_ws/src/install/tp1', 'merge_install': False, 'path': '/home/jumombach/ros2_ws/src/tp1', 'symlink_install': False, 'test_result_base': None}
[0.341s] Level 5:colcon.colcon_core.verb:set package 'tp2' build argument 'cmake_args' from command line to 'None'
[0.341s] Level 5:colcon.colcon_core.verb:set package 'tp2' build argument 'cmake_target' from command line to 'None'
[0.341s] Level 5:colcon.colcon_core.verb:set package 'tp2' build argument 'cmake_target_skip_unavailable' from command line to 'False'
[0.341s] Level 5:colcon.colcon_core.verb:set package 'tp2' build argument 'cmake_clean_cache' from command line to 'False'
[0.341s] Level 5:colcon.colcon_core.verb:set package 'tp2' build argument 'cmake_clean_first' from command line to 'False'
[0.341s] Level 5:colcon.colcon_core.verb:set package 'tp2' build argument 'cmake_force_configure' from command line to 'False'
[0.341s] Level 5:colcon.colcon_core.verb:set package 'tp2' build argument 'ament_cmake_args' from command line to 'None'
[0.341s] Level 5:colcon.colcon_core.verb:set package 'tp2' build argument 'catkin_cmake_args' from command line to 'None'
[0.341s] Level 5:colcon.colcon_core.verb:set package 'tp2' build argument 'catkin_skip_building_tests' from command line to 'False'
[0.341s] DEBUG:colcon.colcon_core.verb:Building package 'tp2' with the following arguments: {'ament_cmake_args': None, 'build_base': '/home/jumombach/ros2_ws/src/build/tp2', 'catkin_cmake_args': None, 'catkin_skip_building_tests': False, 'cmake_args': None, 'cmake_clean_cache': False, 'cmake_clean_first': False, 'cmake_force_configure': False, 'cmake_target': None, 'cmake_target_skip_unavailable': False, 'install_base': '/home/jumombach/ros2_ws/src/install/tp2', 'merge_install': False, 'path': '/home/jumombach/ros2_ws/src/tp2', 'symlink_install': False, 'test_result_base': None}
[0.341s] Level 5:colcon.colcon_core.verb:set package 'tp3' build argument 'cmake_args' from command line to 'None'
[0.341s] Level 5:colcon.colcon_core.verb:set package 'tp3' build argument 'cmake_target' from command line to 'None'
[0.341s] Level 5:colcon.colcon_core.verb:set package 'tp3' build argument 'cmake_target_skip_unavailable' from command line to 'False'
[0.341s] Level 5:colcon.colcon_core.verb:set package 'tp3' build argument 'cmake_clean_cache' from command line to 'False'
[0.341s] Level 5:colcon.colcon_core.verb:set package 'tp3' build argument 'cmake_clean_first' from command line to 'False'
[0.341s] Level 5:colcon.colcon_core.verb:set package 'tp3' build argument 'cmake_force_configure' from command line to 'False'
[0.341s] Level 5:colcon.colcon_core.verb:set package 'tp3' build argument 'ament_cmake_args' from command line to 'None'
[0.341s] Level 5:colcon.colcon_core.verb:set package 'tp3' build argument 'catkin_cmake_args' from command line to 'None'
[0.341s] Level 5:colcon.colcon_core.verb:set package 'tp3' build argument 'catkin_skip_building_tests' from command line to 'False'
[0.341s] DEBUG:colcon.colcon_core.verb:Building package 'tp3' with the following arguments: {'ament_cmake_args': None, 'build_base': '/home/jumombach/ros2_ws/src/build/tp3', 'catkin_cmake_args': None, 'catkin_skip_building_tests': False, 'cmake_args': None, 'cmake_clean_cache': False, 'cmake_clean_first': False, 'cmake_force_configure': False, 'cmake_target': None, 'cmake_target_skip_unavailable': False, 'install_base': '/home/jumombach/ros2_ws/src/install/tp3', 'merge_install': False, 'path': '/home/jumombach/ros2_ws/src/tp3', 'symlink_install': False, 'test_result_base': None}
[0.342s] INFO:colcon.colcon_core.executor:Executing jobs using 'parallel' executor
[0.343s] DEBUG:colcon.colcon_parallel_executor.executor.parallel:run_until_complete
[0.343s] INFO:colcon.colcon_ros.task.ament_cmake.build:Building ROS package in '/home/jumombach/ros2_ws/src/phi_aria' with build type 'ament_cmake'
[0.343s] INFO:colcon.colcon_cmake.task.cmake.build:Building CMake package in '/home/jumombach/ros2_ws/src/phi_aria'
[0.345s] INFO:colcon.colcon_core.plugin_system:Skipping extension 'colcon_core.shell.bat': Not used on non-Windows systems
[0.345s] INFO:colcon.colcon_core.shell:Skip shell extension 'powershell' for command environment: Not usable outside of PowerShell
[0.345s] DEBUG:colcon.colcon_core.shell:Skip shell extension 'dsv' for command environment
[0.349s] INFO:colcon.colcon_ros.task.ament_cmake.build:Building ROS package in '/home/jumombach/ros2_ws/src/tp1' with build type 'ament_cmake'
[0.349s] INFO:colcon.colcon_cmake.task.cmake.build:Building CMake package in '/home/jumombach/ros2_ws/src/tp1'
[0.349s] INFO:colcon.colcon_core.shell:Skip shell extension 'powershell' for command environment: Not usable outside of PowerShell
[0.350s] DEBUG:colcon.colcon_core.shell:Skip shell extension 'dsv' for command environment
[0.354s] INFO:colcon.colcon_ros.task.ament_cmake.build:Building ROS package in '/home/jumombach/ros2_ws/src/tp2' with build type 'ament_cmake'
[0.354s] INFO:colcon.colcon_cmake.task.cmake.build:Building CMake package in '/home/jumombach/ros2_ws/src/tp2'
[0.355s] INFO:colcon.colcon_core.shell:Skip shell extension 'powershell' for command environment: Not usable outside of PowerShell
[0.355s] DEBUG:colcon.colcon_core.shell:Skip shell extension 'dsv' for command environment
[0.359s] INFO:colcon.colcon_ros.task.ament_cmake.build:Building ROS package in '/home/jumombach/ros2_ws/src/tp3' with build type 'ament_cmake'
[0.359s] INFO:colcon.colcon_cmake.task.cmake.build:Building CMake package in '/home/jumombach/ros2_ws/src/tp3'
[0.360s] INFO:colcon.colcon_core.shell:Skip shell extension 'powershell' for command environment: Not usable outside of PowerShell
[0.360s] DEBUG:colcon.colcon_core.shell:Skip shell extension 'dsv' for command environment
[0.373s] DEBUG:colcon.colcon_core.event_handler.log_command:Invoking command in '/home/jumombach/ros2_ws/src/build/phi_aria': CMAKE_PREFIX_PATH=${CMAKE_PREFIX_PATH}:/opt/ros/humble /usr/local/bin/cmake --build /home/jumombach/ros2_ws/src/build/phi_aria -- -j8 -l8
[0.378s] DEBUG:colcon.colcon_core.event_handler.log_command:Invoking command in '/home/jumombach/ros2_ws/src/build/tp1': CMAKE_PREFIX_PATH=${CMAKE_PREFIX_PATH}:/opt/ros/humble /usr/local/bin/cmake --build /home/jumombach/ros2_ws/src/build/tp1 -- -j8 -l8
[0.386s] DEBUG:colcon.colcon_core.event_handler.log_command:Invoking command in '/home/jumombach/ros2_ws/src/build/tp2': CMAKE_PREFIX_PATH=${CMAKE_PREFIX_PATH}:/opt/ros/humble /usr/local/bin/cmake --build /home/jumombach/ros2_ws/src/build/tp2 -- -j8 -l8
[0.392s] DEBUG:colcon.colcon_core.event_handler.log_command:Invoking command in '/home/jumombach/ros2_ws/src/build/tp3': CMAKE_PREFIX_PATH=${CMAKE_PREFIX_PATH}:/opt/ros/humble /usr/local/bin/cmake /home/jumombach/ros2_ws/src/tp3 -DCMAKE_INSTALL_PREFIX=/home/jumombach/ros2_ws/src/install/tp3
[0.424s] DEBUG:colcon.colcon_core.event_handler.log_command:Invoked command in '/home/jumombach/ros2_ws/src/build/tp1' returned '0': CMAKE_PREFIX_PATH=${CMAKE_PREFIX_PATH}:/opt/ros/humble /usr/local/bin/cmake --build /home/jumombach/ros2_ws/src/build/tp1 -- -j8 -l8
[0.430s] DEBUG:colcon.colcon_core.event_handler.log_command:Invoked command in '/home/jumombach/ros2_ws/src/build/phi_aria' returned '0': CMAKE_PREFIX_PATH=${CMAKE_PREFIX_PATH}:/opt/ros/humble /usr/local/bin/cmake --build /home/jumombach/ros2_ws/src/build/phi_aria -- -j8 -l8
[0.450s] DEBUG:colcon.colcon_core.event_handler.log_command:Invoking command in '/home/jumombach/ros2_ws/src/build/tp1': CMAKE_PREFIX_PATH=${CMAKE_PREFIX_PATH}:/opt/ros/humble /usr/local/bin/cmake --build /home/jumombach/ros2_ws/src/build/tp1 --target install -- -j8 -l8
[0.454s] DEBUG:colcon.colcon_core.event_handler.log_command:Invoking command in '/home/jumombach/ros2_ws/src/build/phi_aria': CMAKE_PREFIX_PATH=${CMAKE_PREFIX_PATH}:/opt/ros/humble /usr/local/bin/cmake --build /home/jumombach/ros2_ws/src/build/phi_aria --target install -- -j8 -l8
[0.502s] Level 1:colcon.colcon_core.environment:create_environment_scripts_only(tp1)
[0.502s] DEBUG:colcon.colcon_core.event_handler.log_command:Invoked command in '/home/jumombach/ros2_ws/src/build/tp1' returned '0': CMAKE_PREFIX_PATH=${CMAKE_PREFIX_PATH}:/opt/ros/humble /usr/local/bin/cmake --build /home/jumombach/ros2_ws/src/build/tp1 --target install -- -j8 -l8
[0.506s] Level 1:colcon.colcon_core.environment:checking '/home/jumombach/ros2_ws/src/install/tp1' for CMake module files
[0.508s] Level 1:colcon.colcon_core.environment:checking '/home/jumombach/ros2_ws/src/install/tp1' for CMake config files
[0.516s] Level 1:colcon.colcon_core.shell:create_environment_hook('tp1', 'cmake_prefix_path')
[0.517s] INFO:colcon.colcon_core.shell:Creating environment hook '/home/jumombach/ros2_ws/src/install/tp1/share/tp1/hook/cmake_prefix_path.ps1'
[0.517s] INFO:colcon.colcon_core.shell:Creating environment descriptor '/home/jumombach/ros2_ws/src/install/tp1/share/tp1/hook/cmake_prefix_path.dsv'
[0.518s] INFO:colcon.colcon_core.shell:Creating environment hook '/home/jumombach/ros2_ws/src/install/tp1/share/tp1/hook/cmake_prefix_path.sh'
[0.519s] Level 1:colcon.colcon_core.environment:checking '/home/jumombach/ros2_ws/src/install/tp1/lib'
[0.519s] Level 1:colcon.colcon_core.environment:checking '/home/jumombach/ros2_ws/src/install/tp1/bin'
[0.519s] Level 1:colcon.colcon_core.environment:checking '/home/jumombach/ros2_ws/src/install/tp1/lib/pkgconfig/tp1.pc'
[0.519s] Level 1:colcon.colcon_core.environment:checking '/home/jumombach/ros2_ws/src/install/tp1/lib/python3.10/site-packages'
[0.520s] Level 1:colcon.colcon_core.environment:checking '/home/jumombach/ros2_ws/src/install/tp1/bin'
[0.520s] INFO:colcon.colcon_core.shell:Creating package script '/home/jumombach/ros2_ws/src/install/tp1/share/tp1/package.ps1'
[0.521s] INFO:colcon.colcon_core.shell:Creating package descriptor '/home/jumombach/ros2_ws/src/install/tp1/share/tp1/package.dsv'
[0.521s] INFO:colcon.colcon_core.shell:Creating package script '/home/jumombach/ros2_ws/src/install/tp1/share/tp1/package.sh'
[0.522s] INFO:colcon.colcon_core.shell:Creating package script '/home/jumombach/ros2_ws/src/install/tp1/share/tp1/package.bash'
[0.523s] INFO:colcon.colcon_core.shell:Creating package script '/home/jumombach/ros2_ws/src/install/tp1/share/tp1/package.zsh'
[0.523s] Level 1:colcon.colcon_core.environment:create_file_with_runtime_dependencies(/home/jumombach/ros2_ws/src/install/tp1/share/colcon-core/packages/tp1)
[0.526s] Level 1:colcon.colcon_core.environment:create_environment_scripts_only(phi_aria)
[0.526s] Level 1:colcon.colcon_core.environment:checking '/home/jumombach/ros2_ws/src/install/phi_aria' for CMake module files
[0.526s] DEBUG:colcon.colcon_core.event_handler.log_command:Invoked command in '/home/jumombach/ros2_ws/src/build/phi_aria' returned '0': CMAKE_PREFIX_PATH=${CMAKE_PREFIX_PATH}:/opt/ros/humble /usr/local/bin/cmake --build /home/jumombach/ros2_ws/src/build/phi_aria --target install -- -j8 -l8
[0.528s] Level 1:colcon.colcon_core.environment:checking '/home/jumombach/ros2_ws/src/install/phi_aria' for CMake config files
[0.531s] Level 1:colcon.colcon_core.shell:create_environment_hook('phi_aria', 'cmake_prefix_path')
[0.532s] INFO:colcon.colcon_core.shell:Creating environment hook '/home/jumombach/ros2_ws/src/install/phi_aria/share/phi_aria/hook/cmake_prefix_path.ps1'
[0.532s] INFO:colcon.colcon_core.shell:Creating environment descriptor '/home/jumombach/ros2_ws/src/install/phi_aria/share/phi_aria/hook/cmake_prefix_path.dsv'
[0.533s] INFO:colcon.colcon_core.shell:Creating environment hook '/home/jumombach/ros2_ws/src/install/phi_aria/share/phi_aria/hook/cmake_prefix_path.sh'
[0.533s] Level 1:colcon.colcon_core.environment:checking '/home/jumombach/ros2_ws/src/install/phi_aria/lib'
[0.533s] Level 1:colcon.colcon_core.environment:checking '/home/jumombach/ros2_ws/src/install/phi_aria/bin'
[0.533s] Level 1:colcon.colcon_core.environment:checking '/home/jumombach/ros2_ws/src/install/phi_aria/lib/pkgconfig/phi_aria.pc'
[0.534s] Level 1:colcon.colcon_core.environment:checking '/home/jumombach/ros2_ws/src/install/phi_aria/lib/python3.10/site-packages'
[0.534s] Level 1:colcon.colcon_core.environment:checking '/home/jumombach/ros2_ws/src/install/phi_aria/bin'
[0.534s] INFO:colcon.colcon_core.shell:Creating package script '/home/jumombach/ros2_ws/src/install/phi_aria/share/phi_aria/package.ps1'
[0.535s] INFO:colcon.colcon_core.shell:Creating package descriptor '/home/jumombach/ros2_ws/src/install/phi_aria/share/phi_aria/package.dsv'
[0.535s] INFO:colcon.colcon_core.shell:Creating package script '/home/jumombach/ros2_ws/src/install/phi_aria/share/phi_aria/package.sh'
[0.536s] INFO:colcon.colcon_core.shell:Creating package script '/home/jumombach/ros2_ws/src/install/phi_aria/share/phi_aria/package.bash'
[0.536s] INFO:colcon.colcon_core.shell:Creating package script '/home/jumombach/ros2_ws/src/install/phi_aria/share/phi_aria/package.zsh'
[0.536s] Level 1:colcon.colcon_core.environment:create_file_with_runtime_dependencies(/home/jumombach/ros2_ws/src/install/phi_aria/share/colcon-core/packages/phi_aria)
[0.547s] Level 1:colcon.colcon_core.environment:create_environment_scripts_only(tp1)
[0.547s] Level 1:colcon.colcon_core.environment:checking '/home/jumombach/ros2_ws/src/install/tp1' for CMake module files
[0.548s] Level 1:colcon.colcon_core.environment:checking '/home/jumombach/ros2_ws/src/install/tp1' for CMake config files
[0.548s] Level 1:colcon.colcon_core.shell:create_environment_hook('tp1', 'cmake_prefix_path')
[0.549s] INFO:colcon.colcon_core.shell:Creating environment hook '/home/jumombach/ros2_ws/src/install/tp1/share/tp1/hook/cmake_prefix_path.ps1'
[0.549s] INFO:colcon.colcon_core.shell:Creating environment descriptor '/home/jumombach/ros2_ws/src/install/tp1/share/tp1/hook/cmake_prefix_path.dsv'
[0.550s] INFO:colcon.colcon_core.shell:Creating environment hook '/home/jumombach/ros2_ws/src/install/tp1/share/tp1/hook/cmake_prefix_path.sh'
[0.550s] Level 1:colcon.colcon_core.environment:checking '/home/jumombach/ros2_ws/src/install/tp1/lib'
[0.551s] Level 1:colcon.colcon_core.environment:checking '/home/jumombach/ros2_ws/src/install/tp1/bin'
[0.551s] Level 1:colcon.colcon_core.environment:checking '/home/jumombach/ros2_ws/src/install/tp1/lib/pkgconfig/tp1.pc'
[0.551s] Level 1:colcon.colcon_core.environment:checking '/home/jumombach/ros2_ws/src/install/tp1/lib/python3.10/site-packages'
[0.551s] Level 1:colcon.colcon_core.environment:checking '/home/jumombach/ros2_ws/src/install/tp1/bin'
[0.552s] INFO:colcon.colcon_core.shell:Creating package script '/home/jumombach/ros2_ws/src/install/tp1/share/tp1/package.ps1'
[0.552s] INFO:colcon.colcon_core.shell:Creating package descriptor '/home/jumombach/ros2_ws/src/install/tp1/share/tp1/package.dsv'
[0.553s] INFO:colcon.colcon_core.shell:Creating package script '/home/jumombach/ros2_ws/src/install/tp1/share/tp1/package.sh'
[0.554s] INFO:colcon.colcon_core.shell:Creating package script '/home/jumombach/ros2_ws/src/install/tp1/share/tp1/package.bash'
[0.556s] INFO:colcon.colcon_core.shell:Creating package script '/home/jumombach/ros2_ws/src/install/tp1/share/tp1/package.zsh'
[0.556s] Level 1:colcon.colcon_core.environment:create_file_with_runtime_dependencies(/home/jumombach/ros2_ws/src/install/tp1/share/colcon-core/packages/tp1)
[0.558s] Level 1:colcon.colcon_core.environment:create_environment_scripts_only(phi_aria)
[0.559s] Level 1:colcon.colcon_core.environment:checking '/home/jumombach/ros2_ws/src/install/phi_aria' for CMake module files
[0.560s] Level 1:colcon.colcon_core.environment:checking '/home/jumombach/ros2_ws/src/install/phi_aria' for CMake config files
[0.560s] Level 1:colcon.colcon_core.shell:create_environment_hook('phi_aria', 'cmake_prefix_path')
[0.561s] INFO:colcon.colcon_core.shell:Creating environment hook '/home/jumombach/ros2_ws/src/install/phi_aria/share/phi_aria/hook/cmake_prefix_path.ps1'
[0.561s] INFO:colcon.colcon_core.shell:Creating environment descriptor '/home/jumombach/ros2_ws/src/install/phi_aria/share/phi_aria/hook/cmake_prefix_path.dsv'
[0.561s] INFO:colcon.colcon_core.shell:Creating environment hook '/home/jumombach/ros2_ws/src/install/phi_aria/share/phi_aria/hook/cmake_prefix_path.sh'
[0.562s] Level 1:colcon.colcon_core.environment:checking '/home/jumombach/ros2_ws/src/install/phi_aria/lib'
[0.562s] Level 1:colcon.colcon_core.environment:checking '/home/jumombach/ros2_ws/src/install/phi_aria/bin'
[0.562s] Level 1:colcon.colcon_core.environment:checking '/home/jumombach/ros2_ws/src/install/phi_aria/lib/pkgconfig/phi_aria.pc'
[0.563s] Level 1:colcon.colcon_core.environment:checking '/home/jumombach/ros2_ws/src/install/phi_aria/lib/python3.10/site-packages'
[0.563s] Level 1:colcon.colcon_core.environment:checking '/home/jumombach/ros2_ws/src/install/phi_aria/bin'
[0.563s] INFO:colcon.colcon_core.shell:Creating package script '/home/jumombach/ros2_ws/src/install/phi_aria/share/phi_aria/package.ps1'
[0.564s] INFO:colcon.colcon_core.shell:Creating package descriptor '/home/jumombach/ros2_ws/src/install/phi_aria/share/phi_aria/package.dsv'
[0.564s] INFO:colcon.colcon_core.shell:Creating package script '/home/jumombach/ros2_ws/src/install/phi_aria/share/phi_aria/package.sh'
[0.565s] INFO:colcon.colcon_core.shell:Creating package script '/home/jumombach/ros2_ws/src/install/phi_aria/share/phi_aria/package.bash'
[0.565s] INFO:colcon.colcon_core.shell:Creating package script '/home/jumombach/ros2_ws/src/install/phi_aria/share/phi_aria/package.zsh'
[0.566s] Level 1:colcon.colcon_core.environment:create_file_with_runtime_dependencies(/home/jumombach/ros2_ws/src/install/phi_aria/share/colcon-core/packages/phi_aria)
[4.839s] DEBUG:colcon.colcon_core.event_handler.log_command:Invoked command in '/home/jumombach/ros2_ws/src/build/tp2' returned '0': CMAKE_PREFIX_PATH=${CMAKE_PREFIX_PATH}:/opt/ros/humble /usr/local/bin/cmake --build /home/jumombach/ros2_ws/src/build/tp2 -- -j8 -l8
[4.859s] DEBUG:colcon.colcon_core.event_handler.log_command:Invoking command in '/home/jumombach/ros2_ws/src/build/tp2': CMAKE_PREFIX_PATH=${CMAKE_PREFIX_PATH}:/opt/ros/humble /usr/local/bin/cmake --build /home/jumombach/ros2_ws/src/build/tp2 --target install -- -j8 -l8
[4.915s] Level 1:colcon.colcon_core.environment:create_environment_scripts_only(tp2)
[4.916s] DEBUG:colcon.colcon_core.event_handler.log_command:Invoked command in '/home/jumombach/ros2_ws/src/build/tp2' returned '0': CMAKE_PREFIX_PATH=${CMAKE_PREFIX_PATH}:/opt/ros/humble /usr/local/bin/cmake --build /home/jumombach/ros2_ws/src/build/tp2 --target install -- -j8 -l8
[4.916s] Level 1:colcon.colcon_core.environment:checking '/home/jumombach/ros2_ws/src/install/tp2' for CMake module files
[4.917s] Level 1:colcon.colcon_core.environment:checking '/home/jumombach/ros2_ws/src/install/tp2' for CMake config files
[4.920s] Level 1:colcon.colcon_core.shell:create_environment_hook('tp2', 'cmake_prefix_path')
[4.920s] INFO:colcon.colcon_core.shell:Creating environment hook '/home/jumombach/ros2_ws/src/install/tp2/share/tp2/hook/cmake_prefix_path.ps1'
[4.921s] INFO:colcon.colcon_core.shell:Creating environment descriptor '/home/jumombach/ros2_ws/src/install/tp2/share/tp2/hook/cmake_prefix_path.dsv'
[4.922s] INFO:colcon.colcon_core.shell:Creating environment hook '/home/jumombach/ros2_ws/src/install/tp2/share/tp2/hook/cmake_prefix_path.sh'
[4.922s] Level 1:colcon.colcon_core.environment:checking '/home/jumombach/ros2_ws/src/install/tp2/lib'
[4.922s] Level 1:colcon.colcon_core.environment:checking '/home/jumombach/ros2_ws/src/install/tp2/bin'
[4.922s] Level 1:colcon.colcon_core.environment:checking '/home/jumombach/ros2_ws/src/install/tp2/lib/pkgconfig/tp2.pc'
[4.923s] Level 1:colcon.colcon_core.environment:checking '/home/jumombach/ros2_ws/src/install/tp2/lib/python3.10/site-packages'
[4.923s] Level 1:colcon.colcon_core.environment:checking '/home/jumombach/ros2_ws/src/install/tp2/bin'
[4.923s] INFO:colcon.colcon_core.shell:Creating package script '/home/jumombach/ros2_ws/src/install/tp2/share/tp2/package.ps1'
[4.924s] INFO:colcon.colcon_core.shell:Creating package descriptor '/home/jumombach/ros2_ws/src/install/tp2/share/tp2/package.dsv'
[4.924s] INFO:colcon.colcon_core.shell:Creating package script '/home/jumombach/ros2_ws/src/install/tp2/share/tp2/package.sh'
[4.925s] INFO:colcon.colcon_core.shell:Creating package script '/home/jumombach/ros2_ws/src/install/tp2/share/tp2/package.bash'
[4.925s] INFO:colcon.colcon_core.shell:Creating package script '/home/jumombach/ros2_ws/src/install/tp2/share/tp2/package.zsh'
[4.925s] Level 1:colcon.colcon_core.environment:create_file_with_runtime_dependencies(/home/jumombach/ros2_ws/src/install/tp2/share/colcon-core/packages/tp2)
[4.944s] Level 1:colcon.colcon_core.environment:create_environment_scripts_only(tp2)
[4.944s] Level 1:colcon.colcon_core.environment:checking '/home/jumombach/ros2_ws/src/install/tp2' for CMake module files
[4.945s] Level 1:colcon.colcon_core.environment:checking '/home/jumombach/ros2_ws/src/install/tp2' for CMake config files
[4.945s] Level 1:colcon.colcon_core.shell:create_environment_hook('tp2', 'cmake_prefix_path')
[4.945s] INFO:colcon.colcon_core.shell:Creating environment hook '/home/jumombach/ros2_ws/src/install/tp2/share/tp2/hook/cmake_prefix_path.ps1'
[4.946s] INFO:colcon.colcon_core.shell:Creating environment descriptor '/home/jumombach/ros2_ws/src/install/tp2/share/tp2/hook/cmake_prefix_path.dsv'
[4.946s] INFO:colcon.colcon_core.shell:Creating environment hook '/home/jumombach/ros2_ws/src/install/tp2/share/tp2/hook/cmake_prefix_path.sh'
[4.946s] Level 1:colcon.colcon_core.environment:checking '/home/jumombach/ros2_ws/src/install/tp2/lib'
[4.946s] Level 1:colcon.colcon_core.environment:checking '/home/jumombach/ros2_ws/src/install/tp2/bin'
[4.947s] Level 1:colcon.colcon_core.environment:checking '/home/jumombach/ros2_ws/src/install/tp2/lib/pkgconfig/tp2.pc'
[4.947s] Level 1:colcon.colcon_core.environment:checking '/home/jumombach/ros2_ws/src/install/tp2/lib/python3.10/site-packages'
[4.947s] Level 1:colcon.colcon_core.environment:checking '/home/jumombach/ros2_ws/src/install/tp2/bin'
[4.947s] INFO:colcon.colcon_core.shell:Creating package script '/home/jumombach/ros2_ws/src/install/tp2/share/tp2/package.ps1'
[4.948s] INFO:colcon.colcon_core.shell:Creating package descriptor '/home/jumombach/ros2_ws/src/install/tp2/share/tp2/package.dsv'
[4.948s] INFO:colcon.colcon_core.shell:Creating package script '/home/jumombach/ros2_ws/src/install/tp2/share/tp2/package.sh'
[4.948s] INFO:colcon.colcon_core.shell:Creating package script '/home/jumombach/ros2_ws/src/install/tp2/share/tp2/package.bash'
[4.949s] INFO:colcon.colcon_core.shell:Creating package script '/home/jumombach/ros2_ws/src/install/tp2/share/tp2/package.zsh'
[4.949s] Level 1:colcon.colcon_core.environment:create_file_with_runtime_dependencies(/home/jumombach/ros2_ws/src/install/tp2/share/colcon-core/packages/tp2)
[10.920s] DEBUG:colcon.colcon_core.event_handler.log_command:Invoked command in '/home/jumombach/ros2_ws/src/build/tp3' returned '0': CMAKE_PREFIX_PATH=${CMAKE_PREFIX_PATH}:/opt/ros/humble /usr/local/bin/cmake /home/jumombach/ros2_ws/src/tp3 -DCMAKE_INSTALL_PREFIX=/home/jumombach/ros2_ws/src/install/tp3
[10.921s] DEBUG:colcon.colcon_core.event_handler.log_command:Invoking command in '/home/jumombach/ros2_ws/src/build/tp3': CMAKE_PREFIX_PATH=${CMAKE_PREFIX_PATH}:/opt/ros/humble /usr/local/bin/cmake --build /home/jumombach/ros2_ws/src/build/tp3 -- -j8 -l8
[21.491s] DEBUG:colcon.colcon_core.event_handler.log_command:Invoked command in '/home/jumombach/ros2_ws/src/build/tp3' returned '0': CMAKE_PREFIX_PATH=${CMAKE_PREFIX_PATH}:/opt/ros/humble /usr/local/bin/cmake --build /home/jumombach/ros2_ws/src/build/tp3 -- -j8 -l8
[21.509s] DEBUG:colcon.colcon_core.event_handler.log_command:Invoking command in '/home/jumombach/ros2_ws/src/build/tp3': CMAKE_PREFIX_PATH=${CMAKE_PREFIX_PATH}:/opt/ros/humble /usr/local/bin/cmake --build /home/jumombach/ros2_ws/src/build/tp3 --target install -- -j8 -l8
[21.557s] Level 1:colcon.colcon_core.environment:create_environment_scripts_only(tp3)
[21.557s] Level 1:colcon.colcon_core.environment:checking '/home/jumombach/ros2_ws/src/install/tp3' for CMake module files
[21.558s] DEBUG:colcon.colcon_core.event_handler.log_command:Invoked command in '/home/jumombach/ros2_ws/src/build/tp3' returned '0': CMAKE_PREFIX_PATH=${CMAKE_PREFIX_PATH}:/opt/ros/humble /usr/local/bin/cmake --build /home/jumombach/ros2_ws/src/build/tp3 --target install -- -j8 -l8
[21.558s] Level 1:colcon.colcon_core.environment:checking '/home/jumombach/ros2_ws/src/install/tp3' for CMake config files
[21.559s] Level 1:colcon.colcon_core.shell:create_environment_hook('tp3', 'cmake_prefix_path')
[21.559s] INFO:colcon.colcon_core.shell:Creating environment hook '/home/jumombach/ros2_ws/src/install/tp3/share/tp3/hook/cmake_prefix_path.ps1'
[21.560s] INFO:colcon.colcon_core.shell:Creating environment descriptor '/home/jumombach/ros2_ws/src/install/tp3/share/tp3/hook/cmake_prefix_path.dsv'
[21.560s] INFO:colcon.colcon_core.shell:Creating environment hook '/home/jumombach/ros2_ws/src/install/tp3/share/tp3/hook/cmake_prefix_path.sh'
[21.560s] Level 1:colcon.colcon_core.environment:checking '/home/jumombach/ros2_ws/src/install/tp3/lib'
[21.560s] Level 1:colcon.colcon_core.environment:checking '/home/jumombach/ros2_ws/src/install/tp3/bin'
[21.561s] Level 1:colcon.colcon_core.environment:checking '/home/jumombach/ros2_ws/src/install/tp3/lib/pkgconfig/tp3.pc'
[21.561s] Level 1:colcon.colcon_core.environment:checking '/home/jumombach/ros2_ws/src/install/tp3/lib/python3.10/site-packages'
[21.561s] Level 1:colcon.colcon_core.environment:checking '/home/jumombach/ros2_ws/src/install/tp3/bin'
[21.561s] INFO:colcon.colcon_core.shell:Creating package script '/home/jumombach/ros2_ws/src/install/tp3/share/tp3/package.ps1'
[21.562s] INFO:colcon.colcon_core.shell:Creating package descriptor '/home/jumombach/ros2_ws/src/install/tp3/share/tp3/package.dsv'
[21.562s] INFO:colcon.colcon_core.shell:Creating package script '/home/jumombach/ros2_ws/src/install/tp3/share/tp3/package.sh'
[21.562s] INFO:colcon.colcon_core.shell:Creating package script '/home/jumombach/ros2_ws/src/install/tp3/share/tp3/package.bash'
[21.563s] INFO:colcon.colcon_core.shell:Creating package script '/home/jumombach/ros2_ws/src/install/tp3/share/tp3/package.zsh'
[21.563s] Level 1:colcon.colcon_core.environment:create_file_with_runtime_dependencies(/home/jumombach/ros2_ws/src/install/tp3/share/colcon-core/packages/tp3)
[21.583s] Level 1:colcon.colcon_core.environment:create_environment_scripts_only(tp3)
[21.583s] Level 1:colcon.colcon_core.environment:checking '/home/jumombach/ros2_ws/src/install/tp3' for CMake module files
[21.584s] Level 1:colcon.colcon_core.environment:checking '/home/jumombach/ros2_ws/src/install/tp3' for CMake config files
[21.584s] Level 1:colcon.colcon_core.shell:create_environment_hook('tp3', 'cmake_prefix_path')
[21.584s] INFO:colcon.colcon_core.shell:Creating environment hook '/home/jumombach/ros2_ws/src/install/tp3/share/tp3/hook/cmake_prefix_path.ps1'
[21.585s] INFO:colcon.colcon_core.shell:Creating environment descriptor '/home/jumombach/ros2_ws/src/install/tp3/share/tp3/hook/cmake_prefix_path.dsv'
[21.585s] INFO:colcon.colcon_core.shell:Creating environment hook '/home/jumombach/ros2_ws/src/install/tp3/share/tp3/hook/cmake_prefix_path.sh'
[21.586s] Level 1:colcon.colcon_core.environment:checking '/home/jumombach/ros2_ws/src/install/tp3/lib'
[21.586s] Level 1:colcon.colcon_core.environment:checking '/home/jumombach/ros2_ws/src/install/tp3/bin'
[21.586s] Level 1:colcon.colcon_core.environment:checking '/home/jumombach/ros2_ws/src/install/tp3/lib/pkgconfig/tp3.pc'
[21.586s] Level 1:colcon.colcon_core.environment:checking '/home/jumombach/ros2_ws/src/install/tp3/lib/python3.10/site-packages'
[21.586s] Level 1:colcon.colcon_core.environment:checking '/home/jumombach/ros2_ws/src/install/tp3/bin'
[21.587s] INFO:colcon.colcon_core.shell:Creating package script '/home/jumombach/ros2_ws/src/install/tp3/share/tp3/package.ps1'
[21.587s] INFO:colcon.colcon_core.shell:Creating package descriptor '/home/jumombach/ros2_ws/src/install/tp3/share/tp3/package.dsv'
[21.588s] INFO:colcon.colcon_core.shell:Creating package script '/home/jumombach/ros2_ws/src/install/tp3/share/tp3/package.sh'
[21.588s] INFO:colcon.colcon_core.shell:Creating package script '/home/jumombach/ros2_ws/src/install/tp3/share/tp3/package.bash'
[21.588s] INFO:colcon.colcon_core.shell:Creating package script '/home/jumombach/ros2_ws/src/install/tp3/share/tp3/package.zsh'
[21.589s] Level 1:colcon.colcon_core.environment:create_file_with_runtime_dependencies(/home/jumombach/ros2_ws/src/install/tp3/share/colcon-core/packages/tp3)
[21.589s] DEBUG:colcon.colcon_parallel_executor.executor.parallel:closing loop
[21.590s] DEBUG:colcon.colcon_parallel_executor.executor.parallel:loop closed
[21.590s] DEBUG:colcon.colcon_parallel_executor.executor.parallel:run_until_complete finished with '0'
[21.590s] DEBUG:colcon.colcon_core.event_reactor:joining thread
[21.633s] INFO:colcon.colcon_core.plugin_system:Skipping extension 'colcon_notification.desktop_notification.notify_send': Could not find 'notify-send'
[21.634s] INFO:colcon.colcon_core.plugin_system:Skipping extension 'colcon_notification.desktop_notification.terminal_notifier': Not used on non-Darwin systems
[21.634s] INFO:colcon.colcon_core.plugin_system:Skipping extension 'colcon_notification.desktop_notification.win32': Not used on non-Windows systems
[21.634s] INFO:colcon.colcon_notification.desktop_notification:Sending desktop notification using 'notify2'
[21.634s] DEBUG:colcon.colcon_notification.desktop_notification.notify2:Failed to initialize notify2: org.freedesktop.DBus.Error.FileNotFound: Failed to connect to socket /run/user/1000/bus: No such file or directory
[21.634s] DEBUG:colcon.colcon_core.event_reactor:joined thread
[21.634s] INFO:colcon.colcon_core.shell:Creating prefix script '/home/jumombach/ros2_ws/src/install/local_setup.ps1'
[21.635s] INFO:colcon.colcon_core.shell:Creating prefix util module '/home/jumombach/ros2_ws/src/install/_local_setup_util_ps1.py'
[21.636s] INFO:colcon.colcon_core.shell:Creating prefix chain script '/home/jumombach/ros2_ws/src/install/setup.ps1'
[21.637s] INFO:colcon.colcon_core.shell:Creating prefix script '/home/jumombach/ros2_ws/src/install/local_setup.sh'
[21.638s] INFO:colcon.colcon_core.shell:Creating prefix util module '/home/jumombach/ros2_ws/src/install/_local_setup_util_sh.py'
[21.638s] INFO:colcon.colcon_core.shell:Creating prefix chain script '/home/jumombach/ros2_ws/src/install/setup.sh'
[21.639s] INFO:colcon.colcon_core.shell:Creating prefix script '/home/jumombach/ros2_ws/src/install/local_setup.bash'
[21.639s] INFO:colcon.colcon_core.shell:Creating prefix chain script '/home/jumombach/ros2_ws/src/install/setup.bash'
[21.640s] INFO:colcon.colcon_core.shell:Creating prefix script '/home/jumombach/ros2_ws/src/install/local_setup.zsh'
[21.640s] INFO:colcon.colcon_core.shell:Creating prefix chain script '/home/jumombach/ros2_ws/src/install/setup.zsh'
