[01m[K/home/jumombach/ros2_ws/src/tp1/src/Action.cpp:[m[K In member function ‘[01m[Kvoid Action::avoidObstacles(std::vector<float>, std::vector<float>)[m[K’:
[01m[K/home/jumombach/ros2_ws/src/tp1/src/Action.cpp:11:75:[m[K [01;35m[Kwarning: [m[Kunused parameter ‘[01m[Ksonars[m[K’ [[01;35m[K]8;;https://gcc.gnu.org/onlinedocs/gcc/Warning-Options.html#index-Wunused-parameter-Wunused-parameter]8;;[m[K]
   11 | void Action::avoidObstacles(std::vector<float> lasers, [01;35m[Kstd::vector<float> sonars[m[K)
      |                                                        [01;35m[K~~~~~~~~~~~~~~~~~~~^~~~~~[m[K
[01m[K/home/jumombach/ros2_ws/src/tp1/src/Action.cpp:[m[K In member function ‘[01m[Kvoid Action::keepAsFarthestAsPossibleFromWalls(std::vector<float>, std::vector<float>)[m[K’:
[01m[K/home/jumombach/ros2_ws/src/tp1/src/Action.cpp:75:15:[m[K [01;31m[Kerror: [m[K‘[01m[Kright_dist[m[K’ was not declared in this scope; did you mean ‘[01m[Kright_distance[m[K’?
   75 |         cte = [01;31m[Kright_dist[m[K - left_dist;
      |               [01;31m[K^~~~~~~~~~[m[K
      |               [32m[Kright_distance[m[K
[01m[K/home/jumombach/ros2_ws/src/tp1/src/Action.cpp:75:28:[m[K [01;31m[Kerror: [m[K‘[01m[Kleft_dist[m[K’ was not declared in this scope; did you mean ‘[01m[Kleft_distance[m[K’?
   75 |         cte = right_dist - [01;31m[Kleft_dist[m[K;
      |                            [01;31m[K^~~~~~~~~[m[K
      |                            [32m[Kleft_distance[m[K
[01m[K/home/jumombach/ros2_ws/src/tp1/src/Action.cpp:85:5:[m[K [01;31m[Kerror: [m[K‘[01m[Kderivative[m[K’ was not declared in this scope
   85 |     [01;31m[Kderivative[m[K = cte - prev_cte;
      |     [01;31m[K^~~~~~~~~~[m[K
[01m[K/home/jumombach/ros2_ws/src/tp1/src/Action.cpp:61:94:[m[K [01;35m[Kwarning: [m[Kunused parameter ‘[01m[Ksonars[m[K’ [[01;35m[K]8;;https://gcc.gnu.org/onlinedocs/gcc/Warning-Options.html#index-Wunused-parameter-Wunused-parameter]8;;[m[K]
   61 | void Action::keepAsFarthestAsPossibleFromWalls(std::vector<float> lasers, [01;35m[Kstd::vector<float> sonars[m[K)
      |                                                                           [01;35m[K~~~~~~~~~~~~~~~~~~~^~~~~~[m[K
gmake[2]: *** [CMakeFiles/navigation.dir/build.make:76: CMakeFiles/navigation.dir/src/Action.cpp.o] Error 1
gmake[1]: *** [CMakeFiles/Makefile2:137: CMakeFiles/navigation.dir/all] Error 2
gmake: *** [Makefile:141: all] Error 2
