[0.030s] Invoking command in '/home/jumombach/ros2_ws/build/tp2': CMAKE_PREFIX_PATH=${CMAKE_PREFIX_PATH}:/opt/ros/humble /usr/local/bin/cmake --build /home/jumombach/ros2_ws/build/tp2 -- -j8 -l8
[0.077s] gmake[1]: Entering directory '/home/jumombach/ros2_ws/build/tp2'
[0.081s] gmake[2]: Entering directory '/home/jumombach/ros2_ws/build/tp2'
[0.086s] gmake[2]: Leaving directory '/home/jumombach/ros2_ws/build/tp2'
[0.126s] [100%] Built target mapping
[0.127s] gmake[1]: Leaving directory '/home/jumombach/ros2_ws/build/tp2'
[0.134s] Invoked command in '/home/jumombach/ros2_ws/build/tp2' returned '0': CMAKE_PREFIX_PATH=${CMAKE_PREFIX_PATH}:/opt/ros/humble /usr/local/bin/cmake --build /home/jumombach/ros2_ws/build/tp2 -- -j8 -l8
[0.158s] Invoking command in '/home/jumombach/ros2_ws/build/tp2': CMAKE_PREFIX_PATH=${CMAKE_PREFIX_PATH}:/opt/ros/humble /usr/local/bin/cmake --build /home/jumombach/ros2_ws/build/tp2 --target install -- -j8 -l8
[0.170s] gmake[1]: Entering directory '/home/jumombach/ros2_ws/build/tp2'
[0.172s] gmake[2]: Entering directory '/home/jumombach/ros2_ws/build/tp2'
[0.176s] gmake[2]: Leaving directory '/home/jumombach/ros2_ws/build/tp2'
[0.191s] [100%] Built target mapping
[0.192s] gmake[1]: Leaving directory '/home/jumombach/ros2_ws/build/tp2'
[0.197s] [36mInstall the project...[0m
[0.199s] -- Install configuration: ""
[0.200s] -- Up-to-date: /home/jumombach/ros2_ws/install/tp2/lib/tp2/mapping
[0.201s] -- Up-to-date: /home/jumombach/ros2_ws/install/tp2/share/tp2/launch
[0.201s] -- Up-to-date: /home/jumombach/ros2_ws/install/tp2/share/tp2/launch/p3dx-rosaria.launch.py
[0.202s] -- Up-to-date: /home/jumombach/ros2_ws/install/tp2/share/tp2/config
[0.202s] -- Up-to-date: /home/jumombach/ros2_ws/install/tp2/share/tp2/config/p3dx.rviz
[0.202s] -- Up-to-date: /home/jumombach/ros2_ws/install/tp2/share/ament_index/resource_index/package_run_dependencies/tp2
[0.203s] -- Up-to-date: /home/jumombach/ros2_ws/install/tp2/share/ament_index/resource_index/parent_prefix_path/tp2
[0.203s] -- Up-to-date: /home/jumombach/ros2_ws/install/tp2/share/tp2/environment/ament_prefix_path.sh
[0.203s] -- Up-to-date: /home/jumombach/ros2_ws/install/tp2/share/tp2/environment/ament_prefix_path.dsv
[0.204s] -- Up-to-date: /home/jumombach/ros2_ws/install/tp2/share/tp2/environment/path.sh
[0.204s] -- Up-to-date: /home/jumombach/ros2_ws/install/tp2/share/tp2/environment/path.dsv
[0.204s] -- Up-to-date: /home/jumombach/ros2_ws/install/tp2/share/tp2/local_setup.bash
[0.205s] -- Up-to-date: /home/jumombach/ros2_ws/install/tp2/share/tp2/local_setup.sh
[0.205s] -- Up-to-date: /home/jumombach/ros2_ws/install/tp2/share/tp2/local_setup.zsh
[0.206s] -- Up-to-date: /home/jumombach/ros2_ws/install/tp2/share/tp2/local_setup.dsv
[0.206s] -- Installing: /home/jumombach/ros2_ws/install/tp2/share/tp2/package.dsv
[0.207s] -- Up-to-date: /home/jumombach/ros2_ws/install/tp2/share/ament_index/resource_index/packages/tp2
[0.207s] -- Up-to-date: /home/jumombach/ros2_ws/install/tp2/share/tp2/cmake/tp2Config.cmake
[0.207s] -- Up-to-date: /home/jumombach/ros2_ws/install/tp2/share/tp2/cmake/tp2Config-version.cmake
[0.208s] -- Up-to-date: /home/jumombach/ros2_ws/install/tp2/share/tp2/package.xml
[0.214s] Invoked command in '/home/jumombach/ros2_ws/build/tp2' returned '0': CMAKE_PREFIX_PATH=${CMAKE_PREFIX_PATH}:/opt/ros/humble /usr/local/bin/cmake --build /home/jumombach/ros2_ws/build/tp2 --target install -- -j8 -l8
