[0.146s] DEBUG:colcon:Command line arguments: ['/usr/bin/colcon', 'build']
[0.146s] DEBUG:colcon:Parsed command line arguments: Namespace(log_base=None, log_level=None, verb_name='build', build_base='build', install_base='install', merge_install=False, symlink_install=False, test_result_base=None, continue_on_error=False, executor='parallel', parallel_workers=8, event_handlers=None, ignore_user_meta=False, metas=['./colcon.meta'], base_paths=['.'], packages_ignore=None, packages_ignore_regex=None, paths=None, packages_up_to=None, packages_up_to_regex=None, packages_above=None, packages_above_and_dependencies=None, packages_above_depth=None, packages_select_by_dep=None, packages_skip_by_dep=None, packages_skip_up_to=None, packages_select_build_failed=False, packages_skip_build_finished=False, packages_select_test_failures=False, packages_skip_test_passed=False, packages_select=None, packages_skip=None, packages_select_regex=None, packages_skip_regex=None, packages_start=None, packages_end=None, allow_overriding=[], cmake_args=None, cmake_target=None, cmake_target_skip_unavailable=False, cmake_clean_cache=False, cmake_clean_first=False, cmake_force_configure=False, ament_cmake_args=None, catkin_cmake_args=None, catkin_skip_building_tests=False, mixin_files=None, mixin=None, verb_parser=<colcon_mixin.mixin.mixin_argument.MixinArgumentDecorator object at 0x7f2129fb9b40>, verb_extension=<colcon_core.verb.build.BuildVerb object at 0x7f2129fb95d0>, main=<bound method BuildVerb.main of <colcon_core.verb.build.BuildVerb object at 0x7f2129fb95d0>>, mixin_verb=('build',))
[0.257s] Level 1:colcon.colcon_core.package_discovery:discover_packages(colcon_meta) check parameters
[0.258s] Level 1:colcon.colcon_core.package_discovery:discover_packages(recursive) check parameters
[0.258s] Level 1:colcon.colcon_core.package_discovery:discover_packages(ignore) check parameters
[0.258s] Level 1:colcon.colcon_core.package_discovery:discover_packages(path) check parameters
[0.258s] Level 1:colcon.colcon_core.package_discovery:discover_packages(colcon_meta) discover
[0.258s] Level 1:colcon.colcon_core.package_discovery:discover_packages(recursive) discover
[0.258s] INFO:colcon.colcon_core.package_discovery:Crawling recursively for packages in '/home/jumombach/ros2_ws/src'
[0.258s] Level 1:colcon.colcon_core.package_identification:_identify(.) by extensions ['ignore', 'ignore_ament_install']
[0.258s] Level 1:colcon.colcon_core.package_identification:_identify(.) by extension 'ignore'
[0.258s] Level 1:colcon.colcon_core.package_identification:_identify(.) by extension 'ignore_ament_install'
[0.258s] Level 1:colcon.colcon_core.package_identification:_identify(.) by extensions ['colcon_pkg']
[0.258s] Level 1:colcon.colcon_core.package_identification:_identify(.) by extension 'colcon_pkg'
[0.258s] Level 1:colcon.colcon_core.package_identification:_identify(.) by extensions ['colcon_meta']
[0.258s] Level 1:colcon.colcon_core.package_identification:_identify(.) by extension 'colcon_meta'
[0.258s] Level 1:colcon.colcon_core.package_identification:_identify(.) by extensions ['ros']
[0.258s] Level 1:colcon.colcon_core.package_identification:_identify(.) by extension 'ros'
[0.267s] Level 1:colcon.colcon_core.package_identification:_identify(.) by extensions ['cmake', 'python']
[0.267s] Level 1:colcon.colcon_core.package_identification:_identify(.) by extension 'cmake'
[0.267s] Level 1:colcon.colcon_core.package_identification:_identify(.) by extension 'python'
[0.267s] Level 1:colcon.colcon_core.package_identification:_identify(.) by extensions ['python_setup_py']
[0.267s] Level 1:colcon.colcon_core.package_identification:_identify(.) by extension 'python_setup_py'
[0.267s] Level 1:colcon.colcon_core.package_identification:_identify(build) by extensions ['ignore', 'ignore_ament_install']
[0.267s] Level 1:colcon.colcon_core.package_identification:_identify(build) by extension 'ignore'
[0.267s] Level 1:colcon.colcon_core.package_identification:_identify(build) ignored
[0.267s] Level 1:colcon.colcon_core.package_identification:_identify(install) by extensions ['ignore', 'ignore_ament_install']
[0.267s] Level 1:colcon.colcon_core.package_identification:_identify(install) by extension 'ignore'
[0.268s] Level 1:colcon.colcon_core.package_identification:_identify(install) ignored
[0.268s] Level 1:colcon.colcon_core.package_identification:_identify(log) by extensions ['ignore', 'ignore_ament_install']
[0.268s] Level 1:colcon.colcon_core.package_identification:_identify(log) by extension 'ignore'
[0.268s] Level 1:colcon.colcon_core.package_identification:_identify(log) ignored
[0.268s] Level 1:colcon.colcon_core.package_identification:_identify(phi_aria) by extensions ['ignore', 'ignore_ament_install']
[0.268s] Level 1:colcon.colcon_core.package_identification:_identify(phi_aria) by extension 'ignore'
[0.268s] Level 1:colcon.colcon_core.package_identification:_identify(phi_aria) by extension 'ignore_ament_install'
[0.268s] Level 1:colcon.colcon_core.package_identification:_identify(phi_aria) by extensions ['colcon_pkg']
[0.268s] Level 1:colcon.colcon_core.package_identification:_identify(phi_aria) by extension 'colcon_pkg'
[0.268s] Level 1:colcon.colcon_core.package_identification:_identify(phi_aria) by extensions ['colcon_meta']
[0.268s] Level 1:colcon.colcon_core.package_identification:_identify(phi_aria) by extension 'colcon_meta'
[0.268s] Level 1:colcon.colcon_core.package_identification:_identify(phi_aria) by extensions ['ros']
[0.268s] Level 1:colcon.colcon_core.package_identification:_identify(phi_aria) by extension 'ros'
[0.270s] DEBUG:colcon.colcon_core.package_identification:Package 'phi_aria' with type 'ros.ament_cmake' and name 'phi_aria'
[0.270s] Level 1:colcon.colcon_core.package_identification:_identify(tp1) by extensions ['ignore', 'ignore_ament_install']
[0.270s] Level 1:colcon.colcon_core.package_identification:_identify(tp1) by extension 'ignore'
[0.271s] Level 1:colcon.colcon_core.package_identification:_identify(tp1) by extension 'ignore_ament_install'
[0.271s] Level 1:colcon.colcon_core.package_identification:_identify(tp1) by extensions ['colcon_pkg']
[0.271s] Level 1:colcon.colcon_core.package_identification:_identify(tp1) by extension 'colcon_pkg'
[0.271s] Level 1:colcon.colcon_core.package_identification:_identify(tp1) by extensions ['colcon_meta']
[0.271s] Level 1:colcon.colcon_core.package_identification:_identify(tp1) by extension 'colcon_meta'
[0.271s] Level 1:colcon.colcon_core.package_identification:_identify(tp1) by extensions ['ros']
[0.271s] Level 1:colcon.colcon_core.package_identification:_identify(tp1) by extension 'ros'
[0.271s] DEBUG:colcon.colcon_core.package_identification:Package 'tp1' with type 'ros.ament_cmake' and name 'tp1'
[0.271s] Level 1:colcon.colcon_core.package_identification:_identify(tp2) by extensions ['ignore', 'ignore_ament_install']
[0.271s] Level 1:colcon.colcon_core.package_identification:_identify(tp2) by extension 'ignore'
[0.271s] Level 1:colcon.colcon_core.package_identification:_identify(tp2) by extension 'ignore_ament_install'
[0.272s] Level 1:colcon.colcon_core.package_identification:_identify(tp2) by extensions ['colcon_pkg']
[0.272s] Level 1:colcon.colcon_core.package_identification:_identify(tp2) by extension 'colcon_pkg'
[0.272s] Level 1:colcon.colcon_core.package_identification:_identify(tp2) by extensions ['colcon_meta']
[0.272s] Level 1:colcon.colcon_core.package_identification:_identify(tp2) by extension 'colcon_meta'
[0.272s] Level 1:colcon.colcon_core.package_identification:_identify(tp2) by extensions ['ros']
[0.272s] Level 1:colcon.colcon_core.package_identification:_identify(tp2) by extension 'ros'
[0.272s] DEBUG:colcon.colcon_core.package_identification:Package 'tp2' with type 'ros.ament_cmake' and name 'tp2'
[0.272s] Level 1:colcon.colcon_core.package_discovery:discover_packages(recursive) using defaults
[0.272s] Level 1:colcon.colcon_core.package_discovery:discover_packages(ignore) discover
[0.272s] Level 1:colcon.colcon_core.package_discovery:discover_packages(ignore) using defaults
[0.272s] Level 1:colcon.colcon_core.package_discovery:discover_packages(path) discover
[0.272s] Level 1:colcon.colcon_core.package_discovery:discover_packages(path) using defaults
[0.296s] Level 1:colcon.colcon_core.package_discovery:discover_packages(prefix_path) check parameters
[0.297s] Level 1:colcon.colcon_core.package_discovery:discover_packages(prefix_path) discover
[0.298s] DEBUG:colcon.colcon_installed_package_information.package_discovery:Found 3 installed packages in /home/jumombach/ros2_ws/install
[0.299s] DEBUG:colcon.colcon_installed_package_information.package_discovery:Found 312 installed packages in /opt/ros/humble
[0.300s] Level 1:colcon.colcon_core.package_discovery:discover_packages(prefix_path) using defaults
[0.325s] Level 5:colcon.colcon_core.verb:set package 'phi_aria' build argument 'cmake_args' from command line to 'None'
[0.325s] Level 5:colcon.colcon_core.verb:set package 'phi_aria' build argument 'cmake_target' from command line to 'None'
[0.325s] Level 5:colcon.colcon_core.verb:set package 'phi_aria' build argument 'cmake_target_skip_unavailable' from command line to 'False'
[0.325s] Level 5:colcon.colcon_core.verb:set package 'phi_aria' build argument 'cmake_clean_cache' from command line to 'False'
[0.325s] Level 5:colcon.colcon_core.verb:set package 'phi_aria' build argument 'cmake_clean_first' from command line to 'False'
[0.325s] Level 5:colcon.colcon_core.verb:set package 'phi_aria' build argument 'cmake_force_configure' from command line to 'False'
[0.325s] Level 5:colcon.colcon_core.verb:set package 'phi_aria' build argument 'ament_cmake_args' from command line to 'None'
[0.325s] Level 5:colcon.colcon_core.verb:set package 'phi_aria' build argument 'catkin_cmake_args' from command line to 'None'
[0.325s] Level 5:colcon.colcon_core.verb:set package 'phi_aria' build argument 'catkin_skip_building_tests' from command line to 'False'
[0.325s] DEBUG:colcon.colcon_core.verb:Building package 'phi_aria' with the following arguments: {'ament_cmake_args': None, 'build_base': '/home/jumombach/ros2_ws/src/build/phi_aria', 'catkin_cmake_args': None, 'catkin_skip_building_tests': False, 'cmake_args': None, 'cmake_clean_cache': False, 'cmake_clean_first': False, 'cmake_force_configure': False, 'cmake_target': None, 'cmake_target_skip_unavailable': False, 'install_base': '/home/jumombach/ros2_ws/src/install/phi_aria', 'merge_install': False, 'path': '/home/jumombach/ros2_ws/src/phi_aria', 'symlink_install': False, 'test_result_base': None}
[0.326s] Level 5:colcon.colcon_core.verb:set package 'tp1' build argument 'cmake_args' from command line to 'None'
[0.326s] Level 5:colcon.colcon_core.verb:set package 'tp1' build argument 'cmake_target' from command line to 'None'
[0.326s] Level 5:colcon.colcon_core.verb:set package 'tp1' build argument 'cmake_target_skip_unavailable' from command line to 'False'
[0.326s] Level 5:colcon.colcon_core.verb:set package 'tp1' build argument 'cmake_clean_cache' from command line to 'False'
[0.326s] Level 5:colcon.colcon_core.verb:set package 'tp1' build argument 'cmake_clean_first' from command line to 'False'
[0.326s] Level 5:colcon.colcon_core.verb:set package 'tp1' build argument 'cmake_force_configure' from command line to 'False'
[0.326s] Level 5:colcon.colcon_core.verb:set package 'tp1' build argument 'ament_cmake_args' from command line to 'None'
[0.326s] Level 5:colcon.colcon_core.verb:set package 'tp1' build argument 'catkin_cmake_args' from command line to 'None'
[0.326s] Level 5:colcon.colcon_core.verb:set package 'tp1' build argument 'catkin_skip_building_tests' from command line to 'False'
[0.326s] DEBUG:colcon.colcon_core.verb:Building package 'tp1' with the following arguments: {'ament_cmake_args': None, 'build_base': '/home/jumombach/ros2_ws/src/build/tp1', 'catkin_cmake_args': None, 'catkin_skip_building_tests': False, 'cmake_args': None, 'cmake_clean_cache': False, 'cmake_clean_first': False, 'cmake_force_configure': False, 'cmake_target': None, 'cmake_target_skip_unavailable': False, 'install_base': '/home/jumombach/ros2_ws/src/install/tp1', 'merge_install': False, 'path': '/home/jumombach/ros2_ws/src/tp1', 'symlink_install': False, 'test_result_base': None}
[0.326s] Level 5:colcon.colcon_core.verb:set package 'tp2' build argument 'cmake_args' from command line to 'None'
[0.326s] Level 5:colcon.colcon_core.verb:set package 'tp2' build argument 'cmake_target' from command line to 'None'
[0.326s] Level 5:colcon.colcon_core.verb:set package 'tp2' build argument 'cmake_target_skip_unavailable' from command line to 'False'
[0.326s] Level 5:colcon.colcon_core.verb:set package 'tp2' build argument 'cmake_clean_cache' from command line to 'False'
[0.326s] Level 5:colcon.colcon_core.verb:set package 'tp2' build argument 'cmake_clean_first' from command line to 'False'
[0.326s] Level 5:colcon.colcon_core.verb:set package 'tp2' build argument 'cmake_force_configure' from command line to 'False'
[0.326s] Level 5:colcon.colcon_core.verb:set package 'tp2' build argument 'ament_cmake_args' from command line to 'None'
[0.326s] Level 5:colcon.colcon_core.verb:set package 'tp2' build argument 'catkin_cmake_args' from command line to 'None'
[0.326s] Level 5:colcon.colcon_core.verb:set package 'tp2' build argument 'catkin_skip_building_tests' from command line to 'False'
[0.326s] DEBUG:colcon.colcon_core.verb:Building package 'tp2' with the following arguments: {'ament_cmake_args': None, 'build_base': '/home/jumombach/ros2_ws/src/build/tp2', 'catkin_cmake_args': None, 'catkin_skip_building_tests': False, 'cmake_args': None, 'cmake_clean_cache': False, 'cmake_clean_first': False, 'cmake_force_configure': False, 'cmake_target': None, 'cmake_target_skip_unavailable': False, 'install_base': '/home/jumombach/ros2_ws/src/install/tp2', 'merge_install': False, 'path': '/home/jumombach/ros2_ws/src/tp2', 'symlink_install': False, 'test_result_base': None}
[0.326s] INFO:colcon.colcon_core.executor:Executing jobs using 'parallel' executor
[0.327s] DEBUG:colcon.colcon_parallel_executor.executor.parallel:run_until_complete
[0.328s] INFO:colcon.colcon_ros.task.ament_cmake.build:Building ROS package in '/home/jumombach/ros2_ws/src/phi_aria' with build type 'ament_cmake'
[0.328s] INFO:colcon.colcon_cmake.task.cmake.build:Building CMake package in '/home/jumombach/ros2_ws/src/phi_aria'
[0.330s] INFO:colcon.colcon_core.plugin_system:Skipping extension 'colcon_core.shell.bat': Not used on non-Windows systems
[0.330s] INFO:colcon.colcon_core.shell:Skip shell extension 'powershell' for command environment: Not usable outside of PowerShell
[0.331s] DEBUG:colcon.colcon_core.shell:Skip shell extension 'dsv' for command environment
[0.333s] INFO:colcon.colcon_ros.task.ament_cmake.build:Building ROS package in '/home/jumombach/ros2_ws/src/tp1' with build type 'ament_cmake'
[0.334s] INFO:colcon.colcon_cmake.task.cmake.build:Building CMake package in '/home/jumombach/ros2_ws/src/tp1'
[0.334s] INFO:colcon.colcon_core.shell:Skip shell extension 'powershell' for command environment: Not usable outside of PowerShell
[0.334s] DEBUG:colcon.colcon_core.shell:Skip shell extension 'dsv' for command environment
[0.337s] INFO:colcon.colcon_ros.task.ament_cmake.build:Building ROS package in '/home/jumombach/ros2_ws/src/tp2' with build type 'ament_cmake'
[0.337s] INFO:colcon.colcon_cmake.task.cmake.build:Building CMake package in '/home/jumombach/ros2_ws/src/tp2'
[0.338s] INFO:colcon.colcon_core.shell:Skip shell extension 'powershell' for command environment: Not usable outside of PowerShell
[0.338s] DEBUG:colcon.colcon_core.shell:Skip shell extension 'dsv' for command environment
[0.346s] DEBUG:colcon.colcon_core.event_handler.log_command:Invoking command in '/home/jumombach/ros2_ws/src/build/phi_aria': CMAKE_PREFIX_PATH=${CMAKE_PREFIX_PATH}:/opt/ros/humble /usr/local/bin/cmake --build /home/jumombach/ros2_ws/src/build/phi_aria -- -j8 -l8
[0.352s] DEBUG:colcon.colcon_core.event_handler.log_command:Invoking command in '/home/jumombach/ros2_ws/src/build/tp1': CMAKE_PREFIX_PATH=${CMAKE_PREFIX_PATH}:/opt/ros/humble /usr/local/bin/cmake --build /home/jumombach/ros2_ws/src/build/tp1 -- -j8 -l8
[0.357s] DEBUG:colcon.colcon_core.event_handler.log_command:Invoking command in '/home/jumombach/ros2_ws/src/build/tp2': CMAKE_PREFIX_PATH=${CMAKE_PREFIX_PATH}:/opt/ros/humble /usr/local/bin/cmake --build /home/jumombach/ros2_ws/src/build/tp2 -- -j8 -l8
[0.386s] DEBUG:colcon.colcon_core.event_handler.log_command:Invoked command in '/home/jumombach/ros2_ws/src/build/tp1' returned '0': CMAKE_PREFIX_PATH=${CMAKE_PREFIX_PATH}:/opt/ros/humble /usr/local/bin/cmake --build /home/jumombach/ros2_ws/src/build/tp1 -- -j8 -l8
[0.393s] DEBUG:colcon.colcon_core.event_handler.log_command:Invoked command in '/home/jumombach/ros2_ws/src/build/phi_aria' returned '0': CMAKE_PREFIX_PATH=${CMAKE_PREFIX_PATH}:/opt/ros/humble /usr/local/bin/cmake --build /home/jumombach/ros2_ws/src/build/phi_aria -- -j8 -l8
[0.412s] DEBUG:colcon.colcon_core.event_handler.log_command:Invoking command in '/home/jumombach/ros2_ws/src/build/tp1': CMAKE_PREFIX_PATH=${CMAKE_PREFIX_PATH}:/opt/ros/humble /usr/local/bin/cmake --build /home/jumombach/ros2_ws/src/build/tp1 --target install -- -j8 -l8
[0.415s] DEBUG:colcon.colcon_core.event_handler.log_command:Invoking command in '/home/jumombach/ros2_ws/src/build/phi_aria': CMAKE_PREFIX_PATH=${CMAKE_PREFIX_PATH}:/opt/ros/humble /usr/local/bin/cmake --build /home/jumombach/ros2_ws/src/build/phi_aria --target install -- -j8 -l8
[0.455s] Level 1:colcon.colcon_core.environment:create_environment_scripts_only(tp1)
[0.455s] DEBUG:colcon.colcon_core.event_handler.log_command:Invoked command in '/home/jumombach/ros2_ws/src/build/tp1' returned '0': CMAKE_PREFIX_PATH=${CMAKE_PREFIX_PATH}:/opt/ros/humble /usr/local/bin/cmake --build /home/jumombach/ros2_ws/src/build/tp1 --target install -- -j8 -l8
[0.457s] Level 1:colcon.colcon_core.environment:checking '/home/jumombach/ros2_ws/src/install/tp1' for CMake module files
[0.459s] Level 1:colcon.colcon_core.environment:checking '/home/jumombach/ros2_ws/src/install/tp1' for CMake config files
[0.459s] Level 1:colcon.colcon_core.shell:create_environment_hook('tp1', 'cmake_prefix_path')
[0.459s] INFO:colcon.colcon_core.shell:Creating environment hook '/home/jumombach/ros2_ws/src/install/tp1/share/tp1/hook/cmake_prefix_path.ps1'
[0.460s] INFO:colcon.colcon_core.shell:Creating environment descriptor '/home/jumombach/ros2_ws/src/install/tp1/share/tp1/hook/cmake_prefix_path.dsv'
[0.460s] INFO:colcon.colcon_core.shell:Creating environment hook '/home/jumombach/ros2_ws/src/install/tp1/share/tp1/hook/cmake_prefix_path.sh'
[0.462s] Level 1:colcon.colcon_core.environment:checking '/home/jumombach/ros2_ws/src/install/tp1/lib'
[0.462s] Level 1:colcon.colcon_core.environment:checking '/home/jumombach/ros2_ws/src/install/tp1/bin'
[0.462s] Level 1:colcon.colcon_core.environment:checking '/home/jumombach/ros2_ws/src/install/tp1/lib/pkgconfig/tp1.pc'
[0.462s] Level 1:colcon.colcon_core.environment:checking '/home/jumombach/ros2_ws/src/install/tp1/lib/python3.10/site-packages'
[0.462s] Level 1:colcon.colcon_core.environment:checking '/home/jumombach/ros2_ws/src/install/tp1/bin'
[0.463s] INFO:colcon.colcon_core.shell:Creating package script '/home/jumombach/ros2_ws/src/install/tp1/share/tp1/package.ps1'
[0.464s] INFO:colcon.colcon_core.shell:Creating package descriptor '/home/jumombach/ros2_ws/src/install/tp1/share/tp1/package.dsv'
[0.464s] INFO:colcon.colcon_core.shell:Creating package script '/home/jumombach/ros2_ws/src/install/tp1/share/tp1/package.sh'
[0.465s] INFO:colcon.colcon_core.shell:Creating package script '/home/jumombach/ros2_ws/src/install/tp1/share/tp1/package.bash'
[0.467s] INFO:colcon.colcon_core.shell:Creating package script '/home/jumombach/ros2_ws/src/install/tp1/share/tp1/package.zsh'
[0.472s] Level 1:colcon.colcon_core.environment:create_file_with_runtime_dependencies(/home/jumombach/ros2_ws/src/install/tp1/share/colcon-core/packages/tp1)
[0.475s] Level 1:colcon.colcon_core.environment:create_environment_scripts_only(phi_aria)
[0.475s] Level 1:colcon.colcon_core.environment:checking '/home/jumombach/ros2_ws/src/install/phi_aria' for CMake module files
[0.476s] DEBUG:colcon.colcon_core.event_handler.log_command:Invoked command in '/home/jumombach/ros2_ws/src/build/phi_aria' returned '0': CMAKE_PREFIX_PATH=${CMAKE_PREFIX_PATH}:/opt/ros/humble /usr/local/bin/cmake --build /home/jumombach/ros2_ws/src/build/phi_aria --target install -- -j8 -l8
[0.476s] Level 1:colcon.colcon_core.environment:checking '/home/jumombach/ros2_ws/src/install/phi_aria' for CMake config files
[0.476s] Level 1:colcon.colcon_core.shell:create_environment_hook('phi_aria', 'cmake_prefix_path')
[0.477s] INFO:colcon.colcon_core.shell:Creating environment hook '/home/jumombach/ros2_ws/src/install/phi_aria/share/phi_aria/hook/cmake_prefix_path.ps1'
[0.477s] INFO:colcon.colcon_core.shell:Creating environment descriptor '/home/jumombach/ros2_ws/src/install/phi_aria/share/phi_aria/hook/cmake_prefix_path.dsv'
[0.478s] INFO:colcon.colcon_core.shell:Creating environment hook '/home/jumombach/ros2_ws/src/install/phi_aria/share/phi_aria/hook/cmake_prefix_path.sh'
[0.478s] Level 1:colcon.colcon_core.environment:checking '/home/jumombach/ros2_ws/src/install/phi_aria/lib'
[0.478s] Level 1:colcon.colcon_core.environment:checking '/home/jumombach/ros2_ws/src/install/phi_aria/bin'
[0.478s] Level 1:colcon.colcon_core.environment:checking '/home/jumombach/ros2_ws/src/install/phi_aria/lib/pkgconfig/phi_aria.pc'
[0.478s] Level 1:colcon.colcon_core.environment:checking '/home/jumombach/ros2_ws/src/install/phi_aria/lib/python3.10/site-packages'
[0.479s] Level 1:colcon.colcon_core.environment:checking '/home/jumombach/ros2_ws/src/install/phi_aria/bin'
[0.479s] INFO:colcon.colcon_core.shell:Creating package script '/home/jumombach/ros2_ws/src/install/phi_aria/share/phi_aria/package.ps1'
[0.479s] INFO:colcon.colcon_core.shell:Creating package descriptor '/home/jumombach/ros2_ws/src/install/phi_aria/share/phi_aria/package.dsv'
[0.480s] INFO:colcon.colcon_core.shell:Creating package script '/home/jumombach/ros2_ws/src/install/phi_aria/share/phi_aria/package.sh'
[0.480s] INFO:colcon.colcon_core.shell:Creating package script '/home/jumombach/ros2_ws/src/install/phi_aria/share/phi_aria/package.bash'
[0.480s] INFO:colcon.colcon_core.shell:Creating package script '/home/jumombach/ros2_ws/src/install/phi_aria/share/phi_aria/package.zsh'
[0.481s] Level 1:colcon.colcon_core.environment:create_file_with_runtime_dependencies(/home/jumombach/ros2_ws/src/install/phi_aria/share/colcon-core/packages/phi_aria)
[0.493s] Level 1:colcon.colcon_core.environment:create_environment_scripts_only(tp1)
[0.493s] Level 1:colcon.colcon_core.environment:checking '/home/jumombach/ros2_ws/src/install/tp1' for CMake module files
[0.494s] Level 1:colcon.colcon_core.environment:checking '/home/jumombach/ros2_ws/src/install/tp1' for CMake config files
[0.494s] Level 1:colcon.colcon_core.shell:create_environment_hook('tp1', 'cmake_prefix_path')
[0.494s] INFO:colcon.colcon_core.shell:Creating environment hook '/home/jumombach/ros2_ws/src/install/tp1/share/tp1/hook/cmake_prefix_path.ps1'
[0.495s] INFO:colcon.colcon_core.shell:Creating environment descriptor '/home/jumombach/ros2_ws/src/install/tp1/share/tp1/hook/cmake_prefix_path.dsv'
[0.495s] INFO:colcon.colcon_core.shell:Creating environment hook '/home/jumombach/ros2_ws/src/install/tp1/share/tp1/hook/cmake_prefix_path.sh'
[0.495s] Level 1:colcon.colcon_core.environment:checking '/home/jumombach/ros2_ws/src/install/tp1/lib'
[0.496s] Level 1:colcon.colcon_core.environment:checking '/home/jumombach/ros2_ws/src/install/tp1/bin'
[0.496s] Level 1:colcon.colcon_core.environment:checking '/home/jumombach/ros2_ws/src/install/tp1/lib/pkgconfig/tp1.pc'
[0.496s] Level 1:colcon.colcon_core.environment:checking '/home/jumombach/ros2_ws/src/install/tp1/lib/python3.10/site-packages'
[0.496s] Level 1:colcon.colcon_core.environment:checking '/home/jumombach/ros2_ws/src/install/tp1/bin'
[0.496s] INFO:colcon.colcon_core.shell:Creating package script '/home/jumombach/ros2_ws/src/install/tp1/share/tp1/package.ps1'
[0.497s] INFO:colcon.colcon_core.shell:Creating package descriptor '/home/jumombach/ros2_ws/src/install/tp1/share/tp1/package.dsv'
[0.497s] INFO:colcon.colcon_core.shell:Creating package script '/home/jumombach/ros2_ws/src/install/tp1/share/tp1/package.sh'
[0.497s] INFO:colcon.colcon_core.shell:Creating package script '/home/jumombach/ros2_ws/src/install/tp1/share/tp1/package.bash'
[0.498s] INFO:colcon.colcon_core.shell:Creating package script '/home/jumombach/ros2_ws/src/install/tp1/share/tp1/package.zsh'
[0.498s] Level 1:colcon.colcon_core.environment:create_file_with_runtime_dependencies(/home/jumombach/ros2_ws/src/install/tp1/share/colcon-core/packages/tp1)
[0.499s] Level 1:colcon.colcon_core.environment:create_environment_scripts_only(phi_aria)
[0.500s] Level 1:colcon.colcon_core.environment:checking '/home/jumombach/ros2_ws/src/install/phi_aria' for CMake module files
[0.500s] Level 1:colcon.colcon_core.environment:checking '/home/jumombach/ros2_ws/src/install/phi_aria' for CMake config files
[0.500s] Level 1:colcon.colcon_core.shell:create_environment_hook('phi_aria', 'cmake_prefix_path')
[0.501s] INFO:colcon.colcon_core.shell:Creating environment hook '/home/jumombach/ros2_ws/src/install/phi_aria/share/phi_aria/hook/cmake_prefix_path.ps1'
[0.501s] INFO:colcon.colcon_core.shell:Creating environment descriptor '/home/jumombach/ros2_ws/src/install/phi_aria/share/phi_aria/hook/cmake_prefix_path.dsv'
[0.501s] INFO:colcon.colcon_core.shell:Creating environment hook '/home/jumombach/ros2_ws/src/install/phi_aria/share/phi_aria/hook/cmake_prefix_path.sh'
[0.502s] Level 1:colcon.colcon_core.environment:checking '/home/jumombach/ros2_ws/src/install/phi_aria/lib'
[0.502s] Level 1:colcon.colcon_core.environment:checking '/home/jumombach/ros2_ws/src/install/phi_aria/bin'
[0.502s] Level 1:colcon.colcon_core.environment:checking '/home/jumombach/ros2_ws/src/install/phi_aria/lib/pkgconfig/phi_aria.pc'
[0.502s] Level 1:colcon.colcon_core.environment:checking '/home/jumombach/ros2_ws/src/install/phi_aria/lib/python3.10/site-packages'
[0.502s] Level 1:colcon.colcon_core.environment:checking '/home/jumombach/ros2_ws/src/install/phi_aria/bin'
[0.503s] INFO:colcon.colcon_core.shell:Creating package script '/home/jumombach/ros2_ws/src/install/phi_aria/share/phi_aria/package.ps1'
[0.503s] INFO:colcon.colcon_core.shell:Creating package descriptor '/home/jumombach/ros2_ws/src/install/phi_aria/share/phi_aria/package.dsv'
[0.504s] INFO:colcon.colcon_core.shell:Creating package script '/home/jumombach/ros2_ws/src/install/phi_aria/share/phi_aria/package.sh'
[0.504s] INFO:colcon.colcon_core.shell:Creating package script '/home/jumombach/ros2_ws/src/install/phi_aria/share/phi_aria/package.bash'
[0.504s] INFO:colcon.colcon_core.shell:Creating package script '/home/jumombach/ros2_ws/src/install/phi_aria/share/phi_aria/package.zsh'
[0.505s] Level 1:colcon.colcon_core.environment:create_file_with_runtime_dependencies(/home/jumombach/ros2_ws/src/install/phi_aria/share/colcon-core/packages/phi_aria)
[2.896s] DEBUG:colcon.colcon_core.event_handler.log_command:Invoked command in '/home/jumombach/ros2_ws/src/build/tp2' returned '2': CMAKE_PREFIX_PATH=${CMAKE_PREFIX_PATH}:/opt/ros/humble /usr/local/bin/cmake --build /home/jumombach/ros2_ws/src/build/tp2 -- -j8 -l8
[2.912s] Level 1:colcon.colcon_core.environment:create_environment_scripts_only(tp2)
[2.912s] Level 1:colcon.colcon_core.environment:checking '/home/jumombach/ros2_ws/src/install/tp2' for CMake module files
[2.913s] Level 1:colcon.colcon_core.environment:checking '/home/jumombach/ros2_ws/src/install/tp2' for CMake config files
[2.913s] Level 1:colcon.colcon_core.shell:create_environment_hook('tp2', 'cmake_prefix_path')
[2.913s] INFO:colcon.colcon_core.shell:Creating environment hook '/home/jumombach/ros2_ws/src/install/tp2/share/tp2/hook/cmake_prefix_path.ps1'
[2.914s] INFO:colcon.colcon_core.shell:Creating environment descriptor '/home/jumombach/ros2_ws/src/install/tp2/share/tp2/hook/cmake_prefix_path.dsv'
[2.914s] INFO:colcon.colcon_core.shell:Creating environment hook '/home/jumombach/ros2_ws/src/install/tp2/share/tp2/hook/cmake_prefix_path.sh'
[2.915s] Level 1:colcon.colcon_core.environment:checking '/home/jumombach/ros2_ws/src/install/tp2/lib'
[2.915s] Level 1:colcon.colcon_core.environment:checking '/home/jumombach/ros2_ws/src/install/tp2/bin'
[2.915s] Level 1:colcon.colcon_core.environment:checking '/home/jumombach/ros2_ws/src/install/tp2/lib/pkgconfig/tp2.pc'
[2.915s] Level 1:colcon.colcon_core.environment:checking '/home/jumombach/ros2_ws/src/install/tp2/lib/python3.10/site-packages'
[2.915s] Level 1:colcon.colcon_core.environment:checking '/home/jumombach/ros2_ws/src/install/tp2/bin'
[2.915s] INFO:colcon.colcon_core.shell:Creating package script '/home/jumombach/ros2_ws/src/install/tp2/share/tp2/package.ps1'
[2.916s] INFO:colcon.colcon_core.shell:Creating package descriptor '/home/jumombach/ros2_ws/src/install/tp2/share/tp2/package.dsv'
[2.916s] INFO:colcon.colcon_core.shell:Creating package script '/home/jumombach/ros2_ws/src/install/tp2/share/tp2/package.sh'
[2.916s] INFO:colcon.colcon_core.shell:Creating package script '/home/jumombach/ros2_ws/src/install/tp2/share/tp2/package.bash'
[2.917s] INFO:colcon.colcon_core.shell:Creating package script '/home/jumombach/ros2_ws/src/install/tp2/share/tp2/package.zsh'
[2.917s] Level 1:colcon.colcon_core.environment:create_file_with_runtime_dependencies(/home/jumombach/ros2_ws/src/install/tp2/share/colcon-core/packages/tp2)
[2.927s] DEBUG:colcon.colcon_parallel_executor.executor.parallel:closing loop
[2.928s] DEBUG:colcon.colcon_parallel_executor.executor.parallel:loop closed
[2.928s] DEBUG:colcon.colcon_parallel_executor.executor.parallel:run_until_complete finished with '2'
[2.928s] DEBUG:colcon.colcon_core.event_reactor:joining thread
[2.966s] INFO:colcon.colcon_core.plugin_system:Skipping extension 'colcon_notification.desktop_notification.notify_send': Could not find 'notify-send'
[2.966s] INFO:colcon.colcon_core.plugin_system:Skipping extension 'colcon_notification.desktop_notification.terminal_notifier': Not used on non-Darwin systems
[2.966s] INFO:colcon.colcon_core.plugin_system:Skipping extension 'colcon_notification.desktop_notification.win32': Not used on non-Windows systems
[2.966s] INFO:colcon.colcon_notification.desktop_notification:Sending desktop notification using 'notify2'
[2.966s] DEBUG:colcon.colcon_notification.desktop_notification.notify2:Failed to initialize notify2: org.freedesktop.DBus.Error.FileNotFound: Failed to connect to socket /run/user/1000/bus: No such file or directory
[2.966s] DEBUG:colcon.colcon_core.event_reactor:joined thread
[2.967s] INFO:colcon.colcon_core.shell:Creating prefix script '/home/jumombach/ros2_ws/src/install/local_setup.ps1'
[2.967s] INFO:colcon.colcon_core.shell:Creating prefix util module '/home/jumombach/ros2_ws/src/install/_local_setup_util_ps1.py'
[2.968s] INFO:colcon.colcon_core.shell:Creating prefix chain script '/home/jumombach/ros2_ws/src/install/setup.ps1'
[2.969s] INFO:colcon.colcon_core.shell:Creating prefix script '/home/jumombach/ros2_ws/src/install/local_setup.sh'
[2.970s] INFO:colcon.colcon_core.shell:Creating prefix util module '/home/jumombach/ros2_ws/src/install/_local_setup_util_sh.py'
[2.970s] INFO:colcon.colcon_core.shell:Creating prefix chain script '/home/jumombach/ros2_ws/src/install/setup.sh'
[2.971s] INFO:colcon.colcon_core.shell:Creating prefix script '/home/jumombach/ros2_ws/src/install/local_setup.bash'
[2.971s] INFO:colcon.colcon_core.shell:Creating prefix chain script '/home/jumombach/ros2_ws/src/install/setup.bash'
[2.972s] INFO:colcon.colcon_core.shell:Creating prefix script '/home/jumombach/ros2_ws/src/install/local_setup.zsh'
[2.973s] INFO:colcon.colcon_core.shell:Creating prefix chain script '/home/jumombach/ros2_ws/src/install/setup.zsh'
