[0.026s] Invoking command in '/home/jumombach/ros2_ws/build/tp1': CMAKE_PREFIX_PATH=${CMAKE_PREFIX_PATH}:/opt/ros/humble /usr/local/bin/cmake --build /home/jumombach/ros2_ws/build/tp1 -- -j8 -l8
[0.081s] gmake[1]: Entering directory '/home/jumombach/ros2_ws/build/tp1'
[0.085s] gmake[2]: Entering directory '/home/jumombach/ros2_ws/build/tp1'
[0.092s] [35m[1mScanning dependencies of target navigation[0m
[0.095s] gmake[2]: Leaving directory '/home/jumombach/ros2_ws/build/tp1'
[0.122s] gmake[2]: Entering directory '/home/jumombach/ros2_ws/build/tp1'
[0.125s] [ 20%] [32mBuilding CXX object CMakeFiles/navigation.dir/src/Action.cpp.o[0m
[0.567s] [01m[K/home/jumombach/ros2_ws/src/tp1/src/Action.cpp:[m[K In member function ‘[01m[Kvoid Action::avoidObstacles(std::vector<float>, std::vector<float>)[m[K’:
[0.567s] [01m[K/home/jumombach/ros2_ws/src/tp1/src/Action.cpp:11:75:[m[K [01;35m[Kwarning: [m[Kunused parameter ‘[01m[Ksonars[m[K’ [[01;35m[K]8;;https://gcc.gnu.org/onlinedocs/gcc/Warning-Options.html#index-Wunused-parameter-Wunused-parameter]8;;[m[K]
[0.567s]    11 | void Action::avoidObstacles(std::vector<float> lasers, [01;35m[Kstd::vector<float> sonars[m[K)
[0.567s]       |                                                        [01;35m[K~~~~~~~~~~~~~~~~~~~^~~~~~[m[K
[0.568s] [01m[K/home/jumombach/ros2_ws/src/tp1/src/Action.cpp:[m[K In member function ‘[01m[Kvoid Action::keepAsFarthestAsPossibleFromWalls(std::vector<float>, std::vector<float>)[m[K’:
[0.568s] [01m[K/home/jumombach/ros2_ws/src/tp1/src/Action.cpp:61:94:[m[K [01;35m[Kwarning: [m[Kunused parameter ‘[01m[Ksonars[m[K’ [[01;35m[K]8;;https://gcc.gnu.org/onlinedocs/gcc/Warning-Options.html#index-Wunused-parameter-Wunused-parameter]8;;[m[K]
[0.568s]    61 | void Action::keepAsFarthestAsPossibleFromWalls(std::vector<float> lasers, [01;35m[Kstd::vector<float> sonars[m[K)
[0.569s]       |                                                                           [01;35m[K~~~~~~~~~~~~~~~~~~~^~~~~~[m[K
[0.684s] [ 40%] [32m[1mLinking CXX executable navigation[0m
[1.430s] gmake[2]: Leaving directory '/home/jumombach/ros2_ws/build/tp1'
[1.432s] [100%] Built target navigation
[1.433s] gmake[1]: Leaving directory '/home/jumombach/ros2_ws/build/tp1'
[1.436s] Invoked command in '/home/jumombach/ros2_ws/build/tp1' returned '0': CMAKE_PREFIX_PATH=${CMAKE_PREFIX_PATH}:/opt/ros/humble /usr/local/bin/cmake --build /home/jumombach/ros2_ws/build/tp1 -- -j8 -l8
[1.454s] Invoking command in '/home/jumombach/ros2_ws/build/tp1': CMAKE_PREFIX_PATH=${CMAKE_PREFIX_PATH}:/opt/ros/humble /usr/local/bin/cmake --build /home/jumombach/ros2_ws/build/tp1 --target install -- -j8 -l8
[1.463s] gmake[1]: Entering directory '/home/jumombach/ros2_ws/build/tp1'
[1.465s] gmake[2]: Entering directory '/home/jumombach/ros2_ws/build/tp1'
[1.468s] gmake[2]: Leaving directory '/home/jumombach/ros2_ws/build/tp1'
[1.477s] [100%] Built target navigation
[1.477s] gmake[1]: Leaving directory '/home/jumombach/ros2_ws/build/tp1'
[1.482s] [36mInstall the project...[0m
[1.485s] -- Install configuration: ""
[1.486s] -- Installing: /home/jumombach/ros2_ws/install/tp1/lib/tp1/navigation
[1.490s] -- Set runtime path of "/home/jumombach/ros2_ws/install/tp1/lib/tp1/navigation" to ""
[1.490s] -- Up-to-date: /home/jumombach/ros2_ws/install/tp1/share/tp1/launch
[1.490s] -- Up-to-date: /home/jumombach/ros2_ws/install/tp1/share/tp1/launch/p3dx-rosaria.launch.py
[1.491s] -- Up-to-date: /home/jumombach/ros2_ws/install/tp1/share/tp1/config
[1.492s] -- Up-to-date: /home/jumombach/ros2_ws/install/tp1/share/tp1/config/p3dx.rviz
[1.492s] -- Up-to-date: /home/jumombach/ros2_ws/install/tp1/share/ament_index/resource_index/package_run_dependencies/tp1
[1.492s] -- Up-to-date: /home/jumombach/ros2_ws/install/tp1/share/ament_index/resource_index/parent_prefix_path/tp1
[1.492s] -- Up-to-date: /home/jumombach/ros2_ws/install/tp1/share/tp1/environment/ament_prefix_path.sh
[1.492s] -- Up-to-date: /home/jumombach/ros2_ws/install/tp1/share/tp1/environment/ament_prefix_path.dsv
[1.492s] -- Up-to-date: /home/jumombach/ros2_ws/install/tp1/share/tp1/environment/path.sh
[1.493s] -- Up-to-date: /home/jumombach/ros2_ws/install/tp1/share/tp1/environment/path.dsv
[1.493s] -- Up-to-date: /home/jumombach/ros2_ws/install/tp1/share/tp1/local_setup.bash
[1.493s] -- Up-to-date: /home/jumombach/ros2_ws/install/tp1/share/tp1/local_setup.sh
[1.493s] -- Up-to-date: /home/jumombach/ros2_ws/install/tp1/share/tp1/local_setup.zsh
[1.493s] -- Up-to-date: /home/jumombach/ros2_ws/install/tp1/share/tp1/local_setup.dsv
[1.493s] -- Installing: /home/jumombach/ros2_ws/install/tp1/share/tp1/package.dsv
[1.493s] -- Up-to-date: /home/jumombach/ros2_ws/install/tp1/share/ament_index/resource_index/packages/tp1
[1.493s] -- Up-to-date: /home/jumombach/ros2_ws/install/tp1/share/tp1/cmake/tp1Config.cmake
[1.493s] -- Up-to-date: /home/jumombach/ros2_ws/install/tp1/share/tp1/cmake/tp1Config-version.cmake
[1.493s] -- Up-to-date: /home/jumombach/ros2_ws/install/tp1/share/tp1/package.xml
[1.496s] Invoked command in '/home/jumombach/ros2_ws/build/tp1' returned '0': CMAKE_PREFIX_PATH=${CMAKE_PREFIX_PATH}:/opt/ros/humble /usr/local/bin/cmake --build /home/jumombach/ros2_ws/build/tp1 --target install -- -j8 -l8
