-- The C compiler identification is GNU 11.4.0
-- The CXX compiler identification is GNU 11.4.0
-- Check for working C compiler: /usr/bin/cc
-- Check for working C compiler: /usr/bin/cc -- works
-- Detecting C compiler ABI info
-- Detecting C compiler ABI info - done
-- Detecting C compile features
-- Detecting C compile features - done
-- Check for working CXX compiler: /usr/bin/c++
-- Check for working CXX compiler: /usr/bin/c++ -- works
-- Detecting CXX compiler ABI info
-- Detecting CXX compiler ABI info - done
-- Detecting CXX compile features
-- Detecting CXX compile features - done
-- Found ament_cmake: 1.3.11 (/opt/ros/humble/share/ament_cmake/cmake)
-- Found Python3: /usr/bin/python3 (found version "3.10.12") found components:  Interpreter 
-- Found rclcpp: 16.0.12 (/opt/ros/humble/share/rclcpp/cmake)
-- Found rosidl_generator_c: 3.1.6 (/opt/ros/humble/share/rosidl_generator_c/cmake)
-- Found rosidl_adapter: 3.1.6 (/opt/ros/humble/share/rosidl_adapter/cmake)
-- Found rosidl_generator_cpp: 3.1.6 (/opt/ros/humble/share/rosidl_generator_cpp/cmake)
-- Using all available rosidl_typesupport_c: rosidl_typesupport_fastrtps_c;rosidl_typesupport_introspection_c
-- Using all available rosidl_typesupport_cpp: rosidl_typesupport_fastrtps_cpp;rosidl_typesupport_introspection_cpp
-- Found rmw_implementation_cmake: 6.1.2 (/opt/ros/humble/share/rmw_implementation_cmake/cmake)
-- Found rmw_fastrtps_cpp: 6.2.7 (/opt/ros/humble/share/rmw_fastrtps_cpp/cmake)
-- Found OpenSSL: /usr/lib/x86_64-linux-gnu/libcrypto.so   
-- Found FastRTPS: /opt/ros/humble/include  
-- Using RMW implementation 'rmw_fastrtps_cpp' as default
-- Looking for pthread.h
-- Looking for pthread.h - found
-- Looking for pthread_create
-- Looking for pthread_create - found
-- Found Threads: TRUE  
-- Found nav_msgs: 4.8.0 (/opt/ros/humble/share/nav_msgs/cmake)
-- Found sensor_msgs: 4.8.0 (/opt/ros/humble/share/sensor_msgs/cmake)
-- Found tf2_ros: 0.25.12 (/opt/ros/humble/share/tf2_ros/cmake)
-- Found tf2_geometry_msgs: 0.25.12 (/opt/ros/humble/share/tf2_geometry_msgs/cmake)
-- Found eigen3_cmake_module: 0.1.1 (/opt/ros/humble/share/eigen3_cmake_module/cmake)
-- Found Eigen3: TRUE (found version "3.4.0") 
-- Ensuring Eigen3 include directory is part of orocos-kdl CMake target
-- Found ament_lint_auto: 0.12.12 (/opt/ros/humble/share/ament_lint_auto/cmake)
-- Added test 'cppcheck' to perform static code analysis on C / C++ code
-- Configured cppcheck include dirs: $<BUILD_INTERFACE:/home/jumombach/ros2_ws/src/phi_aria/include>
-- Configured cppcheck exclude dirs and/or files: 
-- Added test 'lint_cmake' to check CMake code style
-- Added test 'uncrustify' to check C / C++ code style
-- Configured uncrustify additional arguments: 
-- Added test 'xmllint' to check XML markup files
-- Configuring done
-- Generating done
-- Build files have been written to: /home/jumombach/ros2_ws/build/phi_aria
gmake[1]: Entering directory '/home/jumombach/ros2_ws/build/phi_aria'
gmake[2]: Entering directory '/home/jumombach/ros2_ws/build/phi_aria'
[35m[1mScanning dependencies of target phi_p3dx[0m
gmake[2]: Leaving directory '/home/jumombach/ros2_ws/build/phi_aria'
gmake[2]: Entering directory '/home/jumombach/ros2_ws/build/phi_aria'
[ 50%] [32mBuilding CXX object CMakeFiles/phi_p3dx.dir/src/phi_p3dx.cpp.o[0m
[ 50%] [32mBuilding CXX object CMakeFiles/phi_p3dx.dir/src/Pose.cpp.o[0m
[ 75%] [32mBuilding CXX object CMakeFiles/phi_p3dx.dir/src/PhiROS2Aria.cpp.o[0m
[100%] [32m[1mLinking CXX executable phi_p3dx[0m
gmake[2]: Leaving directory '/home/jumombach/ros2_ws/build/phi_aria'
[100%] Built target phi_p3dx
gmake[1]: Leaving directory '/home/jumombach/ros2_ws/build/phi_aria'
gmake[1]: Entering directory '/home/jumombach/ros2_ws/build/phi_aria'
gmake[2]: Entering directory '/home/jumombach/ros2_ws/build/phi_aria'
gmake[2]: Leaving directory '/home/jumombach/ros2_ws/build/phi_aria'
[100%] Built target phi_p3dx
gmake[1]: Leaving directory '/home/jumombach/ros2_ws/build/phi_aria'
[36mInstall the project...[0m
-- Install configuration: ""
-- Installing: /home/jumombach/ros2_ws/install/phi_aria/lib/phi_aria/phi_p3dx
-- Set runtime path of "/home/jumombach/ros2_ws/install/phi_aria/lib/phi_aria/phi_p3dx" to ""
-- Installing: /home/jumombach/ros2_ws/install/phi_aria/share/phi_aria/description
-- Installing: /home/jumombach/ros2_ws/install/phi_aria/share/phi_aria/description/urdf
-- Installing: /home/jumombach/ros2_ws/install/phi_aria/share/phi_aria/description/urdf/pioneer3dx_wheel.xacro
-- Installing: /home/jumombach/ros2_ws/install/phi_aria/share/phi_aria/description/urdf/sick_lms100.urdf.xacro
-- Installing: /home/jumombach/ros2_ws/install/phi_aria/share/phi_aria/description/urdf/common.xacro
-- Installing: /home/jumombach/ros2_ws/install/phi_aria/share/phi_aria/description/urdf/p3dx.urdf.xacro
-- Installing: /home/jumombach/ros2_ws/install/phi_aria/share/phi_aria/description/p3dx_meshes
-- Installing: /home/jumombach/ros2_ws/install/phi_aria/share/phi_aria/description/p3dx_meshes/top.stl
-- Installing: /home/jumombach/ros2_ws/install/phi_aria/share/phi_aria/description/p3dx_meshes/left_hubcap.stl
-- Installing: /home/jumombach/ros2_ws/install/phi_aria/share/phi_aria/description/p3dx_meshes/caster_swivel.stl
-- Installing: /home/jumombach/ros2_ws/install/phi_aria/share/phi_aria/description/p3dx_meshes/caster_wheel.stl
-- Installing: /home/jumombach/ros2_ws/install/phi_aria/share/phi_aria/description/p3dx_meshes/chassis.stl
-- Installing: /home/jumombach/ros2_ws/install/phi_aria/share/phi_aria/description/p3dx_meshes/right_wheel.stl
-- Installing: /home/jumombach/ros2_ws/install/phi_aria/share/phi_aria/description/p3dx_meshes/right_hubcap.stl
-- Installing: /home/jumombach/ros2_ws/install/phi_aria/share/phi_aria/description/p3dx_meshes/front_sonar.stl
-- Installing: /home/jumombach/ros2_ws/install/phi_aria/share/phi_aria/description/p3dx_meshes/caster_hubcap.stl
-- Installing: /home/jumombach/ros2_ws/install/phi_aria/share/phi_aria/description/p3dx_meshes/left_wheel.stl
-- Installing: /home/jumombach/ros2_ws/install/phi_aria/share/phi_aria/description/p3dx_meshes/front_rim.stl
-- Installing: /home/jumombach/ros2_ws/install/phi_aria/share/phi_aria/description/p3dx_meshes/back_rim.stl
-- Installing: /home/jumombach/ros2_ws/install/phi_aria/share/phi_aria/description/p3dx_meshes/back_sonar.stl
-- Installing: /home/jumombach/ros2_ws/install/phi_aria/share/phi_aria/description/sensors_meshes
-- Installing: /home/jumombach/ros2_ws/install/phi_aria/share/phi_aria/description/sensors_meshes/sick_lms100.stl
-- Installing: /home/jumombach/ros2_ws/install/phi_aria/share/ament_index/resource_index/package_run_dependencies/phi_aria
-- Installing: /home/jumombach/ros2_ws/install/phi_aria/share/ament_index/resource_index/parent_prefix_path/phi_aria
-- Installing: /home/jumombach/ros2_ws/install/phi_aria/share/phi_aria/environment/ament_prefix_path.sh
-- Installing: /home/jumombach/ros2_ws/install/phi_aria/share/phi_aria/environment/ament_prefix_path.dsv
-- Installing: /home/jumombach/ros2_ws/install/phi_aria/share/phi_aria/environment/path.sh
-- Installing: /home/jumombach/ros2_ws/install/phi_aria/share/phi_aria/environment/path.dsv
-- Installing: /home/jumombach/ros2_ws/install/phi_aria/share/phi_aria/local_setup.bash
-- Installing: /home/jumombach/ros2_ws/install/phi_aria/share/phi_aria/local_setup.sh
-- Installing: /home/jumombach/ros2_ws/install/phi_aria/share/phi_aria/local_setup.zsh
-- Installing: /home/jumombach/ros2_ws/install/phi_aria/share/phi_aria/local_setup.dsv
-- Installing: /home/jumombach/ros2_ws/install/phi_aria/share/phi_aria/package.dsv
-- Installing: /home/jumombach/ros2_ws/install/phi_aria/share/ament_index/resource_index/packages/phi_aria
-- Installing: /home/jumombach/ros2_ws/install/phi_aria/share/phi_aria/cmake/phi_ariaConfig.cmake
-- Installing: /home/jumombach/ros2_ws/install/phi_aria/share/phi_aria/cmake/phi_ariaConfig-version.cmake
-- Installing: /home/jumombach/ros2_ws/install/phi_aria/share/phi_aria/package.xml
