[0.400s] DEBUG:colcon:Command line arguments: ['/usr/bin/colcon', 'build']
[0.401s] DEBUG:colcon:Parsed command line arguments: Namespace(log_base=None, log_level=None, verb_name='build', build_base='build', install_base='install', merge_install=False, symlink_install=False, test_result_base=None, continue_on_error=False, executor='parallel', parallel_workers=8, event_handlers=None, ignore_user_meta=False, metas=['./colcon.meta'], base_paths=['.'], packages_ignore=None, packages_ignore_regex=None, paths=None, packages_up_to=None, packages_up_to_regex=None, packages_above=None, packages_above_and_dependencies=None, packages_above_depth=None, packages_select_by_dep=None, packages_skip_by_dep=None, packages_skip_up_to=None, packages_select_build_failed=False, packages_skip_build_finished=False, packages_select_test_failures=False, packages_skip_test_passed=False, packages_select=None, packages_skip=None, packages_select_regex=None, packages_skip_regex=None, packages_start=None, packages_end=None, allow_overriding=[], cmake_args=None, cmake_target=None, cmake_target_skip_unavailable=False, cmake_clean_cache=False, cmake_clean_first=False, cmake_force_configure=False, ament_cmake_args=None, catkin_cmake_args=None, catkin_skip_building_tests=False, mixin_files=None, mixin=None, verb_parser=<colcon_mixin.mixin.mixin_argument.MixinArgumentDecorator object at 0x7f1624c05bd0>, verb_extension=<colcon_core.verb.build.BuildVerb object at 0x7f1624c05660>, main=<bound method BuildVerb.main of <colcon_core.verb.build.BuildVerb object at 0x7f1624c05660>>, mixin_verb=('build',))
[0.780s] Level 1:colcon.colcon_core.package_discovery:discover_packages(colcon_meta) check parameters
[0.780s] Level 1:colcon.colcon_core.package_discovery:discover_packages(recursive) check parameters
[0.780s] Level 1:colcon.colcon_core.package_discovery:discover_packages(ignore) check parameters
[0.780s] Level 1:colcon.colcon_core.package_discovery:discover_packages(path) check parameters
[0.780s] Level 1:colcon.colcon_core.package_discovery:discover_packages(colcon_meta) discover
[0.781s] Level 1:colcon.colcon_core.package_discovery:discover_packages(recursive) discover
[0.781s] INFO:colcon.colcon_core.package_discovery:Crawling recursively for packages in '/home/jumombach/ros2_ws'
[0.781s] Level 1:colcon.colcon_core.package_identification:_identify(.) by extensions ['ignore', 'ignore_ament_install']
[0.781s] Level 1:colcon.colcon_core.package_identification:_identify(.) by extension 'ignore'
[0.781s] Level 1:colcon.colcon_core.package_identification:_identify(.) by extension 'ignore_ament_install'
[0.781s] Level 1:colcon.colcon_core.package_identification:_identify(.) by extensions ['colcon_pkg']
[0.781s] Level 1:colcon.colcon_core.package_identification:_identify(.) by extension 'colcon_pkg'
[0.781s] Level 1:colcon.colcon_core.package_identification:_identify(.) by extensions ['colcon_meta']
[0.781s] Level 1:colcon.colcon_core.package_identification:_identify(.) by extension 'colcon_meta'
[0.781s] Level 1:colcon.colcon_core.package_identification:_identify(.) by extensions ['ros']
[0.781s] Level 1:colcon.colcon_core.package_identification:_identify(.) by extension 'ros'
[0.798s] Level 1:colcon.colcon_core.package_identification:_identify(.) by extensions ['cmake', 'python']
[0.798s] Level 1:colcon.colcon_core.package_identification:_identify(.) by extension 'cmake'
[0.798s] Level 1:colcon.colcon_core.package_identification:_identify(.) by extension 'python'
[0.798s] Level 1:colcon.colcon_core.package_identification:_identify(.) by extensions ['python_setup_py']
[0.798s] Level 1:colcon.colcon_core.package_identification:_identify(.) by extension 'python_setup_py'
[0.799s] Level 1:colcon.colcon_core.package_identification:_identify(build) by extensions ['ignore', 'ignore_ament_install']
[0.799s] Level 1:colcon.colcon_core.package_identification:_identify(build) by extension 'ignore'
[0.799s] Level 1:colcon.colcon_core.package_identification:_identify(build) ignored
[0.800s] Level 1:colcon.colcon_core.package_identification:_identify(install) by extensions ['ignore', 'ignore_ament_install']
[0.800s] Level 1:colcon.colcon_core.package_identification:_identify(install) by extension 'ignore'
[0.800s] Level 1:colcon.colcon_core.package_identification:_identify(install) ignored
[0.800s] Level 1:colcon.colcon_core.package_identification:_identify(log) by extensions ['ignore', 'ignore_ament_install']
[0.800s] Level 1:colcon.colcon_core.package_identification:_identify(log) by extension 'ignore'
[0.800s] Level 1:colcon.colcon_core.package_identification:_identify(log) ignored
[0.801s] Level 1:colcon.colcon_core.package_identification:_identify(src) by extensions ['ignore', 'ignore_ament_install']
[0.801s] Level 1:colcon.colcon_core.package_identification:_identify(src) by extension 'ignore'
[0.801s] Level 1:colcon.colcon_core.package_identification:_identify(src) by extension 'ignore_ament_install'
[0.801s] Level 1:colcon.colcon_core.package_identification:_identify(src) by extensions ['colcon_pkg']
[0.801s] Level 1:colcon.colcon_core.package_identification:_identify(src) by extension 'colcon_pkg'
[0.801s] Level 1:colcon.colcon_core.package_identification:_identify(src) by extensions ['colcon_meta']
[0.801s] Level 1:colcon.colcon_core.package_identification:_identify(src) by extension 'colcon_meta'
[0.801s] Level 1:colcon.colcon_core.package_identification:_identify(src) by extensions ['ros']
[0.801s] Level 1:colcon.colcon_core.package_identification:_identify(src) by extension 'ros'
[0.801s] Level 1:colcon.colcon_core.package_identification:_identify(src) by extensions ['cmake', 'python']
[0.801s] Level 1:colcon.colcon_core.package_identification:_identify(src) by extension 'cmake'
[0.801s] Level 1:colcon.colcon_core.package_identification:_identify(src) by extension 'python'
[0.801s] Level 1:colcon.colcon_core.package_identification:_identify(src) by extensions ['python_setup_py']
[0.801s] Level 1:colcon.colcon_core.package_identification:_identify(src) by extension 'python_setup_py'
[0.802s] Level 1:colcon.colcon_core.package_identification:_identify(src/build) by extensions ['ignore', 'ignore_ament_install']
[0.802s] Level 1:colcon.colcon_core.package_identification:_identify(src/build) by extension 'ignore'
[0.802s] Level 1:colcon.colcon_core.package_identification:_identify(src/build) ignored
[0.802s] Level 1:colcon.colcon_core.package_identification:_identify(src/install) by extensions ['ignore', 'ignore_ament_install']
[0.802s] Level 1:colcon.colcon_core.package_identification:_identify(src/install) by extension 'ignore'
[0.802s] Level 1:colcon.colcon_core.package_identification:_identify(src/install) ignored
[0.803s] Level 1:colcon.colcon_core.package_identification:_identify(src/log) by extensions ['ignore', 'ignore_ament_install']
[0.803s] Level 1:colcon.colcon_core.package_identification:_identify(src/log) by extension 'ignore'
[0.803s] Level 1:colcon.colcon_core.package_identification:_identify(src/log) ignored
[0.803s] Level 1:colcon.colcon_core.package_identification:_identify(src/phi_aria) by extensions ['ignore', 'ignore_ament_install']
[0.803s] Level 1:colcon.colcon_core.package_identification:_identify(src/phi_aria) by extension 'ignore'
[0.803s] Level 1:colcon.colcon_core.package_identification:_identify(src/phi_aria) by extension 'ignore_ament_install'
[0.804s] Level 1:colcon.colcon_core.package_identification:_identify(src/phi_aria) by extensions ['colcon_pkg']
[0.804s] Level 1:colcon.colcon_core.package_identification:_identify(src/phi_aria) by extension 'colcon_pkg'
[0.804s] Level 1:colcon.colcon_core.package_identification:_identify(src/phi_aria) by extensions ['colcon_meta']
[0.804s] Level 1:colcon.colcon_core.package_identification:_identify(src/phi_aria) by extension 'colcon_meta'
[0.804s] Level 1:colcon.colcon_core.package_identification:_identify(src/phi_aria) by extensions ['ros']
[0.804s] Level 1:colcon.colcon_core.package_identification:_identify(src/phi_aria) by extension 'ros'
[0.808s] DEBUG:colcon.colcon_core.package_identification:Package 'src/phi_aria' with type 'ros.ament_cmake' and name 'phi_aria'
[0.809s] Level 1:colcon.colcon_core.package_identification:_identify(src/tp1) by extensions ['ignore', 'ignore_ament_install']
[0.809s] Level 1:colcon.colcon_core.package_identification:_identify(src/tp1) by extension 'ignore'
[0.809s] Level 1:colcon.colcon_core.package_identification:_identify(src/tp1) by extension 'ignore_ament_install'
[0.809s] Level 1:colcon.colcon_core.package_identification:_identify(src/tp1) by extensions ['colcon_pkg']
[0.809s] Level 1:colcon.colcon_core.package_identification:_identify(src/tp1) by extension 'colcon_pkg'
[0.809s] Level 1:colcon.colcon_core.package_identification:_identify(src/tp1) by extensions ['colcon_meta']
[0.809s] Level 1:colcon.colcon_core.package_identification:_identify(src/tp1) by extension 'colcon_meta'
[0.809s] Level 1:colcon.colcon_core.package_identification:_identify(src/tp1) by extensions ['ros']
[0.809s] Level 1:colcon.colcon_core.package_identification:_identify(src/tp1) by extension 'ros'
[0.810s] DEBUG:colcon.colcon_core.package_identification:Package 'src/tp1' with type 'ros.ament_cmake' and name 'tp1'
[0.810s] Level 1:colcon.colcon_core.package_identification:_identify(src/tp2) by extensions ['ignore', 'ignore_ament_install']
[0.811s] Level 1:colcon.colcon_core.package_identification:_identify(src/tp2) by extension 'ignore'
[0.811s] Level 1:colcon.colcon_core.package_identification:_identify(src/tp2) by extension 'ignore_ament_install'
[0.811s] Level 1:colcon.colcon_core.package_identification:_identify(src/tp2) by extensions ['colcon_pkg']
[0.811s] Level 1:colcon.colcon_core.package_identification:_identify(src/tp2) by extension 'colcon_pkg'
[0.811s] Level 1:colcon.colcon_core.package_identification:_identify(src/tp2) by extensions ['colcon_meta']
[0.811s] Level 1:colcon.colcon_core.package_identification:_identify(src/tp2) by extension 'colcon_meta'
[0.811s] Level 1:colcon.colcon_core.package_identification:_identify(src/tp2) by extensions ['ros']
[0.811s] Level 1:colcon.colcon_core.package_identification:_identify(src/tp2) by extension 'ros'
[0.812s] DEBUG:colcon.colcon_core.package_identification:Package 'src/tp2' with type 'ros.ament_cmake' and name 'tp2'
[0.812s] Level 1:colcon.colcon_core.package_identification:_identify(src/tp3) by extensions ['ignore', 'ignore_ament_install']
[0.813s] Level 1:colcon.colcon_core.package_identification:_identify(src/tp3) by extension 'ignore'
[0.813s] Level 1:colcon.colcon_core.package_identification:_identify(src/tp3) by extension 'ignore_ament_install'
[0.813s] Level 1:colcon.colcon_core.package_identification:_identify(src/tp3) by extensions ['colcon_pkg']
[0.813s] Level 1:colcon.colcon_core.package_identification:_identify(src/tp3) by extension 'colcon_pkg'
[0.813s] Level 1:colcon.colcon_core.package_identification:_identify(src/tp3) by extensions ['colcon_meta']
[0.813s] Level 1:colcon.colcon_core.package_identification:_identify(src/tp3) by extension 'colcon_meta'
[0.813s] Level 1:colcon.colcon_core.package_identification:_identify(src/tp3) by extensions ['ros']
[0.813s] Level 1:colcon.colcon_core.package_identification:_identify(src/tp3) by extension 'ros'
[0.814s] DEBUG:colcon.colcon_core.package_identification:Package 'src/tp3' with type 'ros.ament_cmake' and name 'tp3'
[0.814s] Level 1:colcon.colcon_core.package_discovery:discover_packages(recursive) using defaults
[0.814s] Level 1:colcon.colcon_core.package_discovery:discover_packages(ignore) discover
[0.814s] Level 1:colcon.colcon_core.package_discovery:discover_packages(ignore) using defaults
[0.814s] Level 1:colcon.colcon_core.package_discovery:discover_packages(path) discover
[0.814s] Level 1:colcon.colcon_core.package_discovery:discover_packages(path) using defaults
[0.864s] Level 1:colcon.colcon_core.package_discovery:discover_packages(prefix_path) check parameters
[0.864s] Level 1:colcon.colcon_core.package_discovery:discover_packages(prefix_path) discover
[0.872s] DEBUG:colcon.colcon_installed_package_information.package_discovery:Found 4 installed packages in /home/jumombach/ros2_ws/install
[0.874s] DEBUG:colcon.colcon_installed_package_information.package_discovery:Found 312 installed packages in /opt/ros/humble
[0.876s] Level 1:colcon.colcon_core.package_discovery:discover_packages(prefix_path) using defaults
[0.976s] Level 5:colcon.colcon_core.verb:set package 'phi_aria' build argument 'cmake_args' from command line to 'None'
[0.976s] Level 5:colcon.colcon_core.verb:set package 'phi_aria' build argument 'cmake_target' from command line to 'None'
[0.976s] Level 5:colcon.colcon_core.verb:set package 'phi_aria' build argument 'cmake_target_skip_unavailable' from command line to 'False'
[0.976s] Level 5:colcon.colcon_core.verb:set package 'phi_aria' build argument 'cmake_clean_cache' from command line to 'False'
[0.976s] Level 5:colcon.colcon_core.verb:set package 'phi_aria' build argument 'cmake_clean_first' from command line to 'False'
[0.976s] Level 5:colcon.colcon_core.verb:set package 'phi_aria' build argument 'cmake_force_configure' from command line to 'False'
[0.976s] Level 5:colcon.colcon_core.verb:set package 'phi_aria' build argument 'ament_cmake_args' from command line to 'None'
[0.976s] Level 5:colcon.colcon_core.verb:set package 'phi_aria' build argument 'catkin_cmake_args' from command line to 'None'
[0.976s] Level 5:colcon.colcon_core.verb:set package 'phi_aria' build argument 'catkin_skip_building_tests' from command line to 'False'
[0.976s] DEBUG:colcon.colcon_core.verb:Building package 'phi_aria' with the following arguments: {'ament_cmake_args': None, 'build_base': '/home/jumombach/ros2_ws/build/phi_aria', 'catkin_cmake_args': None, 'catkin_skip_building_tests': False, 'cmake_args': None, 'cmake_clean_cache': False, 'cmake_clean_first': False, 'cmake_force_configure': False, 'cmake_target': None, 'cmake_target_skip_unavailable': False, 'install_base': '/home/jumombach/ros2_ws/install/phi_aria', 'merge_install': False, 'path': '/home/jumombach/ros2_ws/src/phi_aria', 'symlink_install': False, 'test_result_base': None}
[0.976s] Level 5:colcon.colcon_core.verb:set package 'tp1' build argument 'cmake_args' from command line to 'None'
[0.977s] Level 5:colcon.colcon_core.verb:set package 'tp1' build argument 'cmake_target' from command line to 'None'
[0.977s] Level 5:colcon.colcon_core.verb:set package 'tp1' build argument 'cmake_target_skip_unavailable' from command line to 'False'
[0.977s] Level 5:colcon.colcon_core.verb:set package 'tp1' build argument 'cmake_clean_cache' from command line to 'False'
[0.977s] Level 5:colcon.colcon_core.verb:set package 'tp1' build argument 'cmake_clean_first' from command line to 'False'
[0.977s] Level 5:colcon.colcon_core.verb:set package 'tp1' build argument 'cmake_force_configure' from command line to 'False'
[0.977s] Level 5:colcon.colcon_core.verb:set package 'tp1' build argument 'ament_cmake_args' from command line to 'None'
[0.977s] Level 5:colcon.colcon_core.verb:set package 'tp1' build argument 'catkin_cmake_args' from command line to 'None'
[0.977s] Level 5:colcon.colcon_core.verb:set package 'tp1' build argument 'catkin_skip_building_tests' from command line to 'False'
[0.977s] DEBUG:colcon.colcon_core.verb:Building package 'tp1' with the following arguments: {'ament_cmake_args': None, 'build_base': '/home/jumombach/ros2_ws/build/tp1', 'catkin_cmake_args': None, 'catkin_skip_building_tests': False, 'cmake_args': None, 'cmake_clean_cache': False, 'cmake_clean_first': False, 'cmake_force_configure': False, 'cmake_target': None, 'cmake_target_skip_unavailable': False, 'install_base': '/home/jumombach/ros2_ws/install/tp1', 'merge_install': False, 'path': '/home/jumombach/ros2_ws/src/tp1', 'symlink_install': False, 'test_result_base': None}
[0.977s] Level 5:colcon.colcon_core.verb:set package 'tp2' build argument 'cmake_args' from command line to 'None'
[0.977s] Level 5:colcon.colcon_core.verb:set package 'tp2' build argument 'cmake_target' from command line to 'None'
[0.977s] Level 5:colcon.colcon_core.verb:set package 'tp2' build argument 'cmake_target_skip_unavailable' from command line to 'False'
[0.977s] Level 5:colcon.colcon_core.verb:set package 'tp2' build argument 'cmake_clean_cache' from command line to 'False'
[0.977s] Level 5:colcon.colcon_core.verb:set package 'tp2' build argument 'cmake_clean_first' from command line to 'False'
[0.977s] Level 5:colcon.colcon_core.verb:set package 'tp2' build argument 'cmake_force_configure' from command line to 'False'
[0.977s] Level 5:colcon.colcon_core.verb:set package 'tp2' build argument 'ament_cmake_args' from command line to 'None'
[0.977s] Level 5:colcon.colcon_core.verb:set package 'tp2' build argument 'catkin_cmake_args' from command line to 'None'
[0.977s] Level 5:colcon.colcon_core.verb:set package 'tp2' build argument 'catkin_skip_building_tests' from command line to 'False'
[0.977s] DEBUG:colcon.colcon_core.verb:Building package 'tp2' with the following arguments: {'ament_cmake_args': None, 'build_base': '/home/jumombach/ros2_ws/build/tp2', 'catkin_cmake_args': None, 'catkin_skip_building_tests': False, 'cmake_args': None, 'cmake_clean_cache': False, 'cmake_clean_first': False, 'cmake_force_configure': False, 'cmake_target': None, 'cmake_target_skip_unavailable': False, 'install_base': '/home/jumombach/ros2_ws/install/tp2', 'merge_install': False, 'path': '/home/jumombach/ros2_ws/src/tp2', 'symlink_install': False, 'test_result_base': None}
[0.977s] Level 5:colcon.colcon_core.verb:set package 'tp3' build argument 'cmake_args' from command line to 'None'
[0.977s] Level 5:colcon.colcon_core.verb:set package 'tp3' build argument 'cmake_target' from command line to 'None'
[0.977s] Level 5:colcon.colcon_core.verb:set package 'tp3' build argument 'cmake_target_skip_unavailable' from command line to 'False'
[0.977s] Level 5:colcon.colcon_core.verb:set package 'tp3' build argument 'cmake_clean_cache' from command line to 'False'
[0.977s] Level 5:colcon.colcon_core.verb:set package 'tp3' build argument 'cmake_clean_first' from command line to 'False'
[0.978s] Level 5:colcon.colcon_core.verb:set package 'tp3' build argument 'cmake_force_configure' from command line to 'False'
[0.978s] Level 5:colcon.colcon_core.verb:set package 'tp3' build argument 'ament_cmake_args' from command line to 'None'
[0.978s] Level 5:colcon.colcon_core.verb:set package 'tp3' build argument 'catkin_cmake_args' from command line to 'None'
[0.978s] Level 5:colcon.colcon_core.verb:set package 'tp3' build argument 'catkin_skip_building_tests' from command line to 'False'
[0.978s] DEBUG:colcon.colcon_core.verb:Building package 'tp3' with the following arguments: {'ament_cmake_args': None, 'build_base': '/home/jumombach/ros2_ws/build/tp3', 'catkin_cmake_args': None, 'catkin_skip_building_tests': False, 'cmake_args': None, 'cmake_clean_cache': False, 'cmake_clean_first': False, 'cmake_force_configure': False, 'cmake_target': None, 'cmake_target_skip_unavailable': False, 'install_base': '/home/jumombach/ros2_ws/install/tp3', 'merge_install': False, 'path': '/home/jumombach/ros2_ws/src/tp3', 'symlink_install': False, 'test_result_base': None}
[0.978s] INFO:colcon.colcon_core.executor:Executing jobs using 'parallel' executor
[0.979s] DEBUG:colcon.colcon_parallel_executor.executor.parallel:run_until_complete
[0.979s] INFO:colcon.colcon_ros.task.ament_cmake.build:Building ROS package in '/home/jumombach/ros2_ws/src/phi_aria' with build type 'ament_cmake'
[0.979s] INFO:colcon.colcon_cmake.task.cmake.build:Building CMake package in '/home/jumombach/ros2_ws/src/phi_aria'
[0.987s] INFO:colcon.colcon_core.plugin_system:Skipping extension 'colcon_core.shell.bat': Not used on non-Windows systems
[0.987s] INFO:colcon.colcon_core.shell:Skip shell extension 'powershell' for command environment: Not usable outside of PowerShell
[0.987s] DEBUG:colcon.colcon_core.shell:Skip shell extension 'dsv' for command environment
[0.991s] INFO:colcon.colcon_ros.task.ament_cmake.build:Building ROS package in '/home/jumombach/ros2_ws/src/tp1' with build type 'ament_cmake'
[0.991s] INFO:colcon.colcon_cmake.task.cmake.build:Building CMake package in '/home/jumombach/ros2_ws/src/tp1'
[0.992s] INFO:colcon.colcon_core.shell:Skip shell extension 'powershell' for command environment: Not usable outside of PowerShell
[0.992s] DEBUG:colcon.colcon_core.shell:Skip shell extension 'dsv' for command environment
[0.996s] INFO:colcon.colcon_ros.task.ament_cmake.build:Building ROS package in '/home/jumombach/ros2_ws/src/tp2' with build type 'ament_cmake'
[0.996s] INFO:colcon.colcon_cmake.task.cmake.build:Building CMake package in '/home/jumombach/ros2_ws/src/tp2'
[0.996s] INFO:colcon.colcon_core.shell:Skip shell extension 'powershell' for command environment: Not usable outside of PowerShell
[0.996s] DEBUG:colcon.colcon_core.shell:Skip shell extension 'dsv' for command environment
[1.000s] INFO:colcon.colcon_ros.task.ament_cmake.build:Building ROS package in '/home/jumombach/ros2_ws/src/tp3' with build type 'ament_cmake'
[1.001s] INFO:colcon.colcon_cmake.task.cmake.build:Building CMake package in '/home/jumombach/ros2_ws/src/tp3'
[1.001s] INFO:colcon.colcon_core.shell:Skip shell extension 'powershell' for command environment: Not usable outside of PowerShell
[1.001s] DEBUG:colcon.colcon_core.shell:Skip shell extension 'dsv' for command environment
[1.015s] DEBUG:colcon.colcon_core.event_handler.log_command:Invoking command in '/home/jumombach/ros2_ws/build/phi_aria': CMAKE_PREFIX_PATH=${CMAKE_PREFIX_PATH}:/opt/ros/humble /usr/local/bin/cmake --build /home/jumombach/ros2_ws/build/phi_aria -- -j8 -l8
[1.020s] DEBUG:colcon.colcon_core.event_handler.log_command:Invoking command in '/home/jumombach/ros2_ws/build/tp1': CMAKE_PREFIX_PATH=${CMAKE_PREFIX_PATH}:/opt/ros/humble /usr/local/bin/cmake --build /home/jumombach/ros2_ws/build/tp1 -- -j8 -l8
[1.026s] DEBUG:colcon.colcon_core.event_handler.log_command:Invoking command in '/home/jumombach/ros2_ws/build/tp2': CMAKE_PREFIX_PATH=${CMAKE_PREFIX_PATH}:/opt/ros/humble /usr/local/bin/cmake --build /home/jumombach/ros2_ws/build/tp2 -- -j8 -l8
[1.031s] DEBUG:colcon.colcon_core.event_handler.log_command:Invoking command in '/home/jumombach/ros2_ws/build/tp3': CMAKE_PREFIX_PATH=${CMAKE_PREFIX_PATH}:/opt/ros/humble /usr/local/bin/cmake --build /home/jumombach/ros2_ws/build/tp3 -- -j8 -l8
[1.132s] DEBUG:colcon.colcon_core.event_handler.log_command:Invoked command in '/home/jumombach/ros2_ws/build/phi_aria' returned '0': CMAKE_PREFIX_PATH=${CMAKE_PREFIX_PATH}:/opt/ros/humble /usr/local/bin/cmake --build /home/jumombach/ros2_ws/build/phi_aria -- -j8 -l8
[1.134s] DEBUG:colcon.colcon_core.event_handler.log_command:Invoked command in '/home/jumombach/ros2_ws/build/tp2' returned '0': CMAKE_PREFIX_PATH=${CMAKE_PREFIX_PATH}:/opt/ros/humble /usr/local/bin/cmake --build /home/jumombach/ros2_ws/build/tp2 -- -j8 -l8
[1.136s] DEBUG:colcon.colcon_core.event_handler.log_command:Invoked command in '/home/jumombach/ros2_ws/build/tp3' returned '0': CMAKE_PREFIX_PATH=${CMAKE_PREFIX_PATH}:/opt/ros/humble /usr/local/bin/cmake --build /home/jumombach/ros2_ws/build/tp3 -- -j8 -l8
[1.139s] DEBUG:colcon.colcon_core.event_handler.log_command:Invoked command in '/home/jumombach/ros2_ws/build/tp1' returned '0': CMAKE_PREFIX_PATH=${CMAKE_PREFIX_PATH}:/opt/ros/humble /usr/local/bin/cmake --build /home/jumombach/ros2_ws/build/tp1 -- -j8 -l8
[1.155s] DEBUG:colcon.colcon_core.event_handler.log_command:Invoking command in '/home/jumombach/ros2_ws/build/phi_aria': CMAKE_PREFIX_PATH=${CMAKE_PREFIX_PATH}:/opt/ros/humble /usr/local/bin/cmake --build /home/jumombach/ros2_ws/build/phi_aria --target install -- -j8 -l8
[1.158s] DEBUG:colcon.colcon_core.event_handler.log_command:Invoking command in '/home/jumombach/ros2_ws/build/tp2': CMAKE_PREFIX_PATH=${CMAKE_PREFIX_PATH}:/opt/ros/humble /usr/local/bin/cmake --build /home/jumombach/ros2_ws/build/tp2 --target install -- -j8 -l8
[1.162s] DEBUG:colcon.colcon_core.event_handler.log_command:Invoking command in '/home/jumombach/ros2_ws/build/tp1': CMAKE_PREFIX_PATH=${CMAKE_PREFIX_PATH}:/opt/ros/humble /usr/local/bin/cmake --build /home/jumombach/ros2_ws/build/tp1 --target install -- -j8 -l8
[1.167s] DEBUG:colcon.colcon_core.event_handler.log_command:Invoking command in '/home/jumombach/ros2_ws/build/tp3': CMAKE_PREFIX_PATH=${CMAKE_PREFIX_PATH}:/opt/ros/humble /usr/local/bin/cmake --build /home/jumombach/ros2_ws/build/tp3 --target install -- -j8 -l8
[1.213s] Level 1:colcon.colcon_core.environment:create_environment_scripts_only(tp2)
[1.218s] DEBUG:colcon.colcon_core.event_handler.log_command:Invoked command in '/home/jumombach/ros2_ws/build/tp2' returned '0': CMAKE_PREFIX_PATH=${CMAKE_PREFIX_PATH}:/opt/ros/humble /usr/local/bin/cmake --build /home/jumombach/ros2_ws/build/tp2 --target install -- -j8 -l8
[1.228s] Level 1:colcon.colcon_core.environment:checking '/home/jumombach/ros2_ws/install/tp2' for CMake module files
[1.228s] Level 1:colcon.colcon_core.environment:checking '/home/jumombach/ros2_ws/install/tp2' for CMake config files
[1.231s] Level 1:colcon.colcon_core.shell:create_environment_hook('tp2', 'cmake_prefix_path')
[1.231s] INFO:colcon.colcon_core.shell:Creating environment hook '/home/jumombach/ros2_ws/install/tp2/share/tp2/hook/cmake_prefix_path.ps1'
[1.232s] INFO:colcon.colcon_core.shell:Creating environment descriptor '/home/jumombach/ros2_ws/install/tp2/share/tp2/hook/cmake_prefix_path.dsv'
[1.233s] INFO:colcon.colcon_core.shell:Creating environment hook '/home/jumombach/ros2_ws/install/tp2/share/tp2/hook/cmake_prefix_path.sh'
[1.234s] Level 1:colcon.colcon_core.environment:checking '/home/jumombach/ros2_ws/install/tp2/lib'
[1.234s] Level 1:colcon.colcon_core.environment:checking '/home/jumombach/ros2_ws/install/tp2/bin'
[1.234s] Level 1:colcon.colcon_core.environment:checking '/home/jumombach/ros2_ws/install/tp2/lib/pkgconfig/tp2.pc'
[1.234s] Level 1:colcon.colcon_core.environment:checking '/home/jumombach/ros2_ws/install/tp2/lib/python3.10/site-packages'
[1.235s] Level 1:colcon.colcon_core.environment:checking '/home/jumombach/ros2_ws/install/tp2/bin'
[1.235s] INFO:colcon.colcon_core.shell:Creating package script '/home/jumombach/ros2_ws/install/tp2/share/tp2/package.ps1'
[1.236s] INFO:colcon.colcon_core.shell:Creating package descriptor '/home/jumombach/ros2_ws/install/tp2/share/tp2/package.dsv'
[1.237s] INFO:colcon.colcon_core.shell:Creating package script '/home/jumombach/ros2_ws/install/tp2/share/tp2/package.sh'
[1.238s] INFO:colcon.colcon_core.shell:Creating package script '/home/jumombach/ros2_ws/install/tp2/share/tp2/package.bash'
[1.238s] INFO:colcon.colcon_core.shell:Creating package script '/home/jumombach/ros2_ws/install/tp2/share/tp2/package.zsh'
[1.239s] Level 1:colcon.colcon_core.environment:create_file_with_runtime_dependencies(/home/jumombach/ros2_ws/install/tp2/share/colcon-core/packages/tp2)
[1.242s] Level 1:colcon.colcon_core.environment:create_environment_scripts_only(tp1)
[1.242s] Level 1:colcon.colcon_core.environment:checking '/home/jumombach/ros2_ws/install/tp1' for CMake module files
[1.243s] DEBUG:colcon.colcon_core.event_handler.log_command:Invoked command in '/home/jumombach/ros2_ws/build/tp1' returned '0': CMAKE_PREFIX_PATH=${CMAKE_PREFIX_PATH}:/opt/ros/humble /usr/local/bin/cmake --build /home/jumombach/ros2_ws/build/tp1 --target install -- -j8 -l8
[1.243s] Level 1:colcon.colcon_core.environment:checking '/home/jumombach/ros2_ws/install/tp1' for CMake config files
[1.246s] Level 1:colcon.colcon_core.shell:create_environment_hook('tp1', 'cmake_prefix_path')
[1.246s] INFO:colcon.colcon_core.shell:Creating environment hook '/home/jumombach/ros2_ws/install/tp1/share/tp1/hook/cmake_prefix_path.ps1'
[1.247s] INFO:colcon.colcon_core.shell:Creating environment descriptor '/home/jumombach/ros2_ws/install/tp1/share/tp1/hook/cmake_prefix_path.dsv'
[1.247s] INFO:colcon.colcon_core.shell:Creating environment hook '/home/jumombach/ros2_ws/install/tp1/share/tp1/hook/cmake_prefix_path.sh'
[1.248s] Level 1:colcon.colcon_core.environment:checking '/home/jumombach/ros2_ws/install/tp1/lib'
[1.248s] Level 1:colcon.colcon_core.environment:checking '/home/jumombach/ros2_ws/install/tp1/bin'
[1.248s] Level 1:colcon.colcon_core.environment:checking '/home/jumombach/ros2_ws/install/tp1/lib/pkgconfig/tp1.pc'
[1.248s] Level 1:colcon.colcon_core.environment:checking '/home/jumombach/ros2_ws/install/tp1/lib/python3.10/site-packages'
[1.249s] Level 1:colcon.colcon_core.environment:checking '/home/jumombach/ros2_ws/install/tp1/bin'
[1.249s] INFO:colcon.colcon_core.shell:Creating package script '/home/jumombach/ros2_ws/install/tp1/share/tp1/package.ps1'
[1.249s] INFO:colcon.colcon_core.shell:Creating package descriptor '/home/jumombach/ros2_ws/install/tp1/share/tp1/package.dsv'
[1.250s] INFO:colcon.colcon_core.shell:Creating package script '/home/jumombach/ros2_ws/install/tp1/share/tp1/package.sh'
[1.250s] INFO:colcon.colcon_core.shell:Creating package script '/home/jumombach/ros2_ws/install/tp1/share/tp1/package.bash'
[1.251s] INFO:colcon.colcon_core.shell:Creating package script '/home/jumombach/ros2_ws/install/tp1/share/tp1/package.zsh'
[1.251s] Level 1:colcon.colcon_core.environment:create_file_with_runtime_dependencies(/home/jumombach/ros2_ws/install/tp1/share/colcon-core/packages/tp1)
[1.252s] Level 1:colcon.colcon_core.environment:create_environment_scripts_only(tp3)
[1.252s] Level 1:colcon.colcon_core.environment:checking '/home/jumombach/ros2_ws/install/tp3' for CMake module files
[1.253s] DEBUG:colcon.colcon_core.event_handler.log_command:Invoked command in '/home/jumombach/ros2_ws/build/tp3' returned '0': CMAKE_PREFIX_PATH=${CMAKE_PREFIX_PATH}:/opt/ros/humble /usr/local/bin/cmake --build /home/jumombach/ros2_ws/build/tp3 --target install -- -j8 -l8
[1.254s] Level 1:colcon.colcon_core.environment:checking '/home/jumombach/ros2_ws/install/tp3' for CMake config files
[1.255s] Level 1:colcon.colcon_core.shell:create_environment_hook('tp3', 'cmake_prefix_path')
[1.256s] INFO:colcon.colcon_core.shell:Creating environment hook '/home/jumombach/ros2_ws/install/tp3/share/tp3/hook/cmake_prefix_path.ps1'
[1.256s] INFO:colcon.colcon_core.shell:Creating environment descriptor '/home/jumombach/ros2_ws/install/tp3/share/tp3/hook/cmake_prefix_path.dsv'
[1.257s] INFO:colcon.colcon_core.shell:Creating environment hook '/home/jumombach/ros2_ws/install/tp3/share/tp3/hook/cmake_prefix_path.sh'
[1.257s] Level 1:colcon.colcon_core.environment:checking '/home/jumombach/ros2_ws/install/tp3/lib'
[1.257s] Level 1:colcon.colcon_core.environment:checking '/home/jumombach/ros2_ws/install/tp3/bin'
[1.257s] Level 1:colcon.colcon_core.environment:checking '/home/jumombach/ros2_ws/install/tp3/lib/pkgconfig/tp3.pc'
[1.258s] Level 1:colcon.colcon_core.environment:checking '/home/jumombach/ros2_ws/install/tp3/lib/python3.10/site-packages'
[1.258s] Level 1:colcon.colcon_core.environment:checking '/home/jumombach/ros2_ws/install/tp3/bin'
[1.258s] INFO:colcon.colcon_core.shell:Creating package script '/home/jumombach/ros2_ws/install/tp3/share/tp3/package.ps1'
[1.258s] INFO:colcon.colcon_core.shell:Creating package descriptor '/home/jumombach/ros2_ws/install/tp3/share/tp3/package.dsv'
[1.259s] INFO:colcon.colcon_core.shell:Creating package script '/home/jumombach/ros2_ws/install/tp3/share/tp3/package.sh'
[1.259s] INFO:colcon.colcon_core.shell:Creating package script '/home/jumombach/ros2_ws/install/tp3/share/tp3/package.bash'
[1.260s] INFO:colcon.colcon_core.shell:Creating package script '/home/jumombach/ros2_ws/install/tp3/share/tp3/package.zsh'
[1.260s] Level 1:colcon.colcon_core.environment:create_file_with_runtime_dependencies(/home/jumombach/ros2_ws/install/tp3/share/colcon-core/packages/tp3)
[1.261s] Level 1:colcon.colcon_core.environment:create_environment_scripts_only(phi_aria)
[1.262s] Level 1:colcon.colcon_core.environment:checking '/home/jumombach/ros2_ws/install/phi_aria' for CMake module files
[1.262s] DEBUG:colcon.colcon_core.event_handler.log_command:Invoked command in '/home/jumombach/ros2_ws/build/phi_aria' returned '0': CMAKE_PREFIX_PATH=${CMAKE_PREFIX_PATH}:/opt/ros/humble /usr/local/bin/cmake --build /home/jumombach/ros2_ws/build/phi_aria --target install -- -j8 -l8
[1.263s] Level 1:colcon.colcon_core.environment:checking '/home/jumombach/ros2_ws/install/phi_aria' for CMake config files
[1.265s] Level 1:colcon.colcon_core.shell:create_environment_hook('phi_aria', 'cmake_prefix_path')
[1.265s] INFO:colcon.colcon_core.shell:Creating environment hook '/home/jumombach/ros2_ws/install/phi_aria/share/phi_aria/hook/cmake_prefix_path.ps1'
[1.266s] INFO:colcon.colcon_core.shell:Creating environment descriptor '/home/jumombach/ros2_ws/install/phi_aria/share/phi_aria/hook/cmake_prefix_path.dsv'
[1.267s] INFO:colcon.colcon_core.shell:Creating environment hook '/home/jumombach/ros2_ws/install/phi_aria/share/phi_aria/hook/cmake_prefix_path.sh'
[1.267s] Level 1:colcon.colcon_core.environment:checking '/home/jumombach/ros2_ws/install/phi_aria/lib'
[1.267s] Level 1:colcon.colcon_core.environment:checking '/home/jumombach/ros2_ws/install/phi_aria/bin'
[1.267s] Level 1:colcon.colcon_core.environment:checking '/home/jumombach/ros2_ws/install/phi_aria/lib/pkgconfig/phi_aria.pc'
[1.268s] Level 1:colcon.colcon_core.environment:checking '/home/jumombach/ros2_ws/install/phi_aria/lib/python3.10/site-packages'
[1.268s] Level 1:colcon.colcon_core.environment:checking '/home/jumombach/ros2_ws/install/phi_aria/bin'
[1.268s] INFO:colcon.colcon_core.shell:Creating package script '/home/jumombach/ros2_ws/install/phi_aria/share/phi_aria/package.ps1'
[1.269s] INFO:colcon.colcon_core.shell:Creating package descriptor '/home/jumombach/ros2_ws/install/phi_aria/share/phi_aria/package.dsv'
[1.269s] INFO:colcon.colcon_core.shell:Creating package script '/home/jumombach/ros2_ws/install/phi_aria/share/phi_aria/package.sh'
[1.270s] INFO:colcon.colcon_core.shell:Creating package script '/home/jumombach/ros2_ws/install/phi_aria/share/phi_aria/package.bash'
[1.270s] INFO:colcon.colcon_core.shell:Creating package script '/home/jumombach/ros2_ws/install/phi_aria/share/phi_aria/package.zsh'
[1.270s] Level 1:colcon.colcon_core.environment:create_file_with_runtime_dependencies(/home/jumombach/ros2_ws/install/phi_aria/share/colcon-core/packages/phi_aria)
[1.272s] Level 1:colcon.colcon_core.environment:create_environment_scripts_only(tp2)
[1.272s] Level 1:colcon.colcon_core.environment:checking '/home/jumombach/ros2_ws/install/tp2' for CMake module files
[1.273s] Level 1:colcon.colcon_core.environment:checking '/home/jumombach/ros2_ws/install/tp2' for CMake config files
[1.273s] Level 1:colcon.colcon_core.shell:create_environment_hook('tp2', 'cmake_prefix_path')
[1.273s] INFO:colcon.colcon_core.shell:Creating environment hook '/home/jumombach/ros2_ws/install/tp2/share/tp2/hook/cmake_prefix_path.ps1'
[1.274s] INFO:colcon.colcon_core.shell:Creating environment descriptor '/home/jumombach/ros2_ws/install/tp2/share/tp2/hook/cmake_prefix_path.dsv'
[1.274s] INFO:colcon.colcon_core.shell:Creating environment hook '/home/jumombach/ros2_ws/install/tp2/share/tp2/hook/cmake_prefix_path.sh'
[1.275s] Level 1:colcon.colcon_core.environment:checking '/home/jumombach/ros2_ws/install/tp2/lib'
[1.275s] Level 1:colcon.colcon_core.environment:checking '/home/jumombach/ros2_ws/install/tp2/bin'
[1.275s] Level 1:colcon.colcon_core.environment:checking '/home/jumombach/ros2_ws/install/tp2/lib/pkgconfig/tp2.pc'
[1.275s] Level 1:colcon.colcon_core.environment:checking '/home/jumombach/ros2_ws/install/tp2/lib/python3.10/site-packages'
[1.275s] Level 1:colcon.colcon_core.environment:checking '/home/jumombach/ros2_ws/install/tp2/bin'
[1.276s] INFO:colcon.colcon_core.shell:Creating package script '/home/jumombach/ros2_ws/install/tp2/share/tp2/package.ps1'
[1.276s] INFO:colcon.colcon_core.shell:Creating package descriptor '/home/jumombach/ros2_ws/install/tp2/share/tp2/package.dsv'
[1.277s] INFO:colcon.colcon_core.shell:Creating package script '/home/jumombach/ros2_ws/install/tp2/share/tp2/package.sh'
[1.278s] INFO:colcon.colcon_core.shell:Creating package script '/home/jumombach/ros2_ws/install/tp2/share/tp2/package.bash'
[1.279s] INFO:colcon.colcon_core.shell:Creating package script '/home/jumombach/ros2_ws/install/tp2/share/tp2/package.zsh'
[1.280s] Level 1:colcon.colcon_core.environment:create_file_with_runtime_dependencies(/home/jumombach/ros2_ws/install/tp2/share/colcon-core/packages/tp2)
[1.282s] Level 1:colcon.colcon_core.environment:create_environment_scripts_only(tp1)
[1.282s] Level 1:colcon.colcon_core.environment:checking '/home/jumombach/ros2_ws/install/tp1' for CMake module files
[1.282s] Level 1:colcon.colcon_core.environment:checking '/home/jumombach/ros2_ws/install/tp1' for CMake config files
[1.283s] Level 1:colcon.colcon_core.shell:create_environment_hook('tp1', 'cmake_prefix_path')
[1.283s] INFO:colcon.colcon_core.shell:Creating environment hook '/home/jumombach/ros2_ws/install/tp1/share/tp1/hook/cmake_prefix_path.ps1'
[1.284s] INFO:colcon.colcon_core.shell:Creating environment descriptor '/home/jumombach/ros2_ws/install/tp1/share/tp1/hook/cmake_prefix_path.dsv'
[1.284s] INFO:colcon.colcon_core.shell:Creating environment hook '/home/jumombach/ros2_ws/install/tp1/share/tp1/hook/cmake_prefix_path.sh'
[1.285s] Level 1:colcon.colcon_core.environment:checking '/home/jumombach/ros2_ws/install/tp1/lib'
[1.285s] Level 1:colcon.colcon_core.environment:checking '/home/jumombach/ros2_ws/install/tp1/bin'
[1.285s] Level 1:colcon.colcon_core.environment:checking '/home/jumombach/ros2_ws/install/tp1/lib/pkgconfig/tp1.pc'
[1.285s] Level 1:colcon.colcon_core.environment:checking '/home/jumombach/ros2_ws/install/tp1/lib/python3.10/site-packages'
[1.285s] Level 1:colcon.colcon_core.environment:checking '/home/jumombach/ros2_ws/install/tp1/bin'
[1.286s] INFO:colcon.colcon_core.shell:Creating package script '/home/jumombach/ros2_ws/install/tp1/share/tp1/package.ps1'
[1.286s] INFO:colcon.colcon_core.shell:Creating package descriptor '/home/jumombach/ros2_ws/install/tp1/share/tp1/package.dsv'
[1.287s] INFO:colcon.colcon_core.shell:Creating package script '/home/jumombach/ros2_ws/install/tp1/share/tp1/package.sh'
[1.287s] INFO:colcon.colcon_core.shell:Creating package script '/home/jumombach/ros2_ws/install/tp1/share/tp1/package.bash'
[1.288s] INFO:colcon.colcon_core.shell:Creating package script '/home/jumombach/ros2_ws/install/tp1/share/tp1/package.zsh'
[1.288s] Level 1:colcon.colcon_core.environment:create_file_with_runtime_dependencies(/home/jumombach/ros2_ws/install/tp1/share/colcon-core/packages/tp1)
[1.289s] Level 1:colcon.colcon_core.environment:create_environment_scripts_only(tp3)
[1.289s] Level 1:colcon.colcon_core.environment:checking '/home/jumombach/ros2_ws/install/tp3' for CMake module files
[1.290s] Level 1:colcon.colcon_core.environment:checking '/home/jumombach/ros2_ws/install/tp3' for CMake config files
[1.291s] Level 1:colcon.colcon_core.shell:create_environment_hook('tp3', 'cmake_prefix_path')
[1.291s] INFO:colcon.colcon_core.shell:Creating environment hook '/home/jumombach/ros2_ws/install/tp3/share/tp3/hook/cmake_prefix_path.ps1'
[1.291s] INFO:colcon.colcon_core.shell:Creating environment descriptor '/home/jumombach/ros2_ws/install/tp3/share/tp3/hook/cmake_prefix_path.dsv'
[1.292s] INFO:colcon.colcon_core.shell:Creating environment hook '/home/jumombach/ros2_ws/install/tp3/share/tp3/hook/cmake_prefix_path.sh'
[1.292s] Level 1:colcon.colcon_core.environment:checking '/home/jumombach/ros2_ws/install/tp3/lib'
[1.292s] Level 1:colcon.colcon_core.environment:checking '/home/jumombach/ros2_ws/install/tp3/bin'
[1.292s] Level 1:colcon.colcon_core.environment:checking '/home/jumombach/ros2_ws/install/tp3/lib/pkgconfig/tp3.pc'
[1.293s] Level 1:colcon.colcon_core.environment:checking '/home/jumombach/ros2_ws/install/tp3/lib/python3.10/site-packages'
[1.293s] Level 1:colcon.colcon_core.environment:checking '/home/jumombach/ros2_ws/install/tp3/bin'
[1.293s] INFO:colcon.colcon_core.shell:Creating package script '/home/jumombach/ros2_ws/install/tp3/share/tp3/package.ps1'
[1.293s] INFO:colcon.colcon_core.shell:Creating package descriptor '/home/jumombach/ros2_ws/install/tp3/share/tp3/package.dsv'
[1.294s] INFO:colcon.colcon_core.shell:Creating package script '/home/jumombach/ros2_ws/install/tp3/share/tp3/package.sh'
[1.294s] INFO:colcon.colcon_core.shell:Creating package script '/home/jumombach/ros2_ws/install/tp3/share/tp3/package.bash'
[1.295s] INFO:colcon.colcon_core.shell:Creating package script '/home/jumombach/ros2_ws/install/tp3/share/tp3/package.zsh'
[1.295s] Level 1:colcon.colcon_core.environment:create_file_with_runtime_dependencies(/home/jumombach/ros2_ws/install/tp3/share/colcon-core/packages/tp3)
[1.296s] Level 1:colcon.colcon_core.environment:create_environment_scripts_only(phi_aria)
[1.296s] Level 1:colcon.colcon_core.environment:checking '/home/jumombach/ros2_ws/install/phi_aria' for CMake module files
[1.297s] Level 1:colcon.colcon_core.environment:checking '/home/jumombach/ros2_ws/install/phi_aria' for CMake config files
[1.297s] Level 1:colcon.colcon_core.shell:create_environment_hook('phi_aria', 'cmake_prefix_path')
[1.298s] INFO:colcon.colcon_core.shell:Creating environment hook '/home/jumombach/ros2_ws/install/phi_aria/share/phi_aria/hook/cmake_prefix_path.ps1'
[1.298s] INFO:colcon.colcon_core.shell:Creating environment descriptor '/home/jumombach/ros2_ws/install/phi_aria/share/phi_aria/hook/cmake_prefix_path.dsv'
[1.298s] INFO:colcon.colcon_core.shell:Creating environment hook '/home/jumombach/ros2_ws/install/phi_aria/share/phi_aria/hook/cmake_prefix_path.sh'
[1.299s] Level 1:colcon.colcon_core.environment:checking '/home/jumombach/ros2_ws/install/phi_aria/lib'
[1.299s] Level 1:colcon.colcon_core.environment:checking '/home/jumombach/ros2_ws/install/phi_aria/bin'
[1.299s] Level 1:colcon.colcon_core.environment:checking '/home/jumombach/ros2_ws/install/phi_aria/lib/pkgconfig/phi_aria.pc'
[1.299s] Level 1:colcon.colcon_core.environment:checking '/home/jumombach/ros2_ws/install/phi_aria/lib/python3.10/site-packages'
[1.300s] Level 1:colcon.colcon_core.environment:checking '/home/jumombach/ros2_ws/install/phi_aria/bin'
[1.300s] INFO:colcon.colcon_core.shell:Creating package script '/home/jumombach/ros2_ws/install/phi_aria/share/phi_aria/package.ps1'
[1.300s] INFO:colcon.colcon_core.shell:Creating package descriptor '/home/jumombach/ros2_ws/install/phi_aria/share/phi_aria/package.dsv'
[1.301s] INFO:colcon.colcon_core.shell:Creating package script '/home/jumombach/ros2_ws/install/phi_aria/share/phi_aria/package.sh'
[1.301s] INFO:colcon.colcon_core.shell:Creating package script '/home/jumombach/ros2_ws/install/phi_aria/share/phi_aria/package.bash'
[1.301s] INFO:colcon.colcon_core.shell:Creating package script '/home/jumombach/ros2_ws/install/phi_aria/share/phi_aria/package.zsh'
[1.302s] Level 1:colcon.colcon_core.environment:create_file_with_runtime_dependencies(/home/jumombach/ros2_ws/install/phi_aria/share/colcon-core/packages/phi_aria)
[1.302s] DEBUG:colcon.colcon_parallel_executor.executor.parallel:closing loop
[1.303s] DEBUG:colcon.colcon_parallel_executor.executor.parallel:loop closed
[1.303s] DEBUG:colcon.colcon_parallel_executor.executor.parallel:run_until_complete finished with '0'
[1.303s] DEBUG:colcon.colcon_core.event_reactor:joining thread
[1.349s] INFO:colcon.colcon_core.plugin_system:Skipping extension 'colcon_notification.desktop_notification.notify_send': Could not find 'notify-send'
[1.349s] INFO:colcon.colcon_core.plugin_system:Skipping extension 'colcon_notification.desktop_notification.terminal_notifier': Not used on non-Darwin systems
[1.349s] INFO:colcon.colcon_core.plugin_system:Skipping extension 'colcon_notification.desktop_notification.win32': Not used on non-Windows systems
[1.349s] INFO:colcon.colcon_notification.desktop_notification:Sending desktop notification using 'notify2'
[1.349s] DEBUG:colcon.colcon_notification.desktop_notification.notify2:Failed to initialize notify2: org.freedesktop.DBus.Error.FileNotFound: Failed to connect to socket /run/user/1000/bus: No such file or directory
[1.349s] DEBUG:colcon.colcon_core.event_reactor:joined thread
[1.350s] INFO:colcon.colcon_core.shell:Creating prefix script '/home/jumombach/ros2_ws/install/local_setup.ps1'
[1.351s] INFO:colcon.colcon_core.shell:Creating prefix util module '/home/jumombach/ros2_ws/install/_local_setup_util_ps1.py'
[1.352s] INFO:colcon.colcon_core.shell:Creating prefix chain script '/home/jumombach/ros2_ws/install/setup.ps1'
[1.353s] INFO:colcon.colcon_core.shell:Creating prefix script '/home/jumombach/ros2_ws/install/local_setup.sh'
[1.354s] INFO:colcon.colcon_core.shell:Creating prefix util module '/home/jumombach/ros2_ws/install/_local_setup_util_sh.py'
[1.354s] INFO:colcon.colcon_core.shell:Creating prefix chain script '/home/jumombach/ros2_ws/install/setup.sh'
[1.356s] INFO:colcon.colcon_core.shell:Creating prefix script '/home/jumombach/ros2_ws/install/local_setup.bash'
[1.356s] INFO:colcon.colcon_core.shell:Creating prefix chain script '/home/jumombach/ros2_ws/install/setup.bash'
[1.357s] INFO:colcon.colcon_core.shell:Creating prefix script '/home/jumombach/ros2_ws/install/local_setup.zsh'
[1.358s] INFO:colcon.colcon_core.shell:Creating prefix chain script '/home/jumombach/ros2_ws/install/setup.zsh'
