[0.019s] Invoking command in '/home/jumombach/ros2_ws/build/tp2': CMAKE_PREFIX_PATH=${CMAKE_PREFIX_PATH}:/opt/ros/humble /usr/local/bin/cmake --build /home/jumombach/ros2_ws/build/tp2 -- -j8 -l8
[0.029s] gmake[1]: Entering directory '/home/jumombach/ros2_ws/build/tp2'
[0.032s] gmake[2]: Entering directory '/home/jumombach/ros2_ws/build/tp2'
[0.035s] [35m[1mScanning dependencies of target mapping[0m
[0.060s] gmake[2]: Leaving directory '/home/jumombach/ros2_ws/build/tp2'
[0.069s] gmake[2]: Entering directory '/home/jumombach/ros2_ws/build/tp2'
[0.071s] [ 25%] [32mBuilding CXX object CMakeFiles/mapping.dir/src/Perception.cpp.o[0m
[2.982s] [ 50%] [32m[1mLinking CXX executable mapping[0m
[3.700s] gmake[2]: Leaving directory '/home/jumombach/ros2_ws/build/tp2'
[3.702s] [100%] Built target mapping
[3.703s] gmake[1]: Leaving directory '/home/jumombach/ros2_ws/build/tp2'
[3.709s] Invoked command in '/home/jumombach/ros2_ws/build/tp2' returned '0': CMAKE_PREFIX_PATH=${CMAKE_PREFIX_PATH}:/opt/ros/humble /usr/local/bin/cmake --build /home/jumombach/ros2_ws/build/tp2 -- -j8 -l8
[3.726s] Invoking command in '/home/jumombach/ros2_ws/build/tp2': CMAKE_PREFIX_PATH=${CMAKE_PREFIX_PATH}:/opt/ros/humble /usr/local/bin/cmake --build /home/jumombach/ros2_ws/build/tp2 --target install -- -j8 -l8
[3.736s] gmake[1]: Entering directory '/home/jumombach/ros2_ws/build/tp2'
[3.739s] gmake[2]: Entering directory '/home/jumombach/ros2_ws/build/tp2'
[3.743s] gmake[2]: Leaving directory '/home/jumombach/ros2_ws/build/tp2'
[3.756s] [100%] Built target mapping
[3.756s] gmake[1]: Leaving directory '/home/jumombach/ros2_ws/build/tp2'
[3.761s] [36mInstall the project...[0m
[3.762s] -- Install configuration: ""
[3.762s] -- Installing: /home/jumombach/ros2_ws/install/tp2/lib/tp2/mapping
[3.770s] -- Set runtime path of "/home/jumombach/ros2_ws/install/tp2/lib/tp2/mapping" to ""
[3.770s] -- Up-to-date: /home/jumombach/ros2_ws/install/tp2/share/tp2/launch
[3.771s] -- Up-to-date: /home/jumombach/ros2_ws/install/tp2/share/tp2/launch/p3dx-rosaria.launch.py
[3.771s] -- Up-to-date: /home/jumombach/ros2_ws/install/tp2/share/tp2/config
[3.771s] -- Up-to-date: /home/jumombach/ros2_ws/install/tp2/share/tp2/config/p3dx.rviz
[3.771s] -- Up-to-date: /home/jumombach/ros2_ws/install/tp2/share/ament_index/resource_index/package_run_dependencies/tp2
[3.771s] -- Up-to-date: /home/jumombach/ros2_ws/install/tp2/share/ament_index/resource_index/parent_prefix_path/tp2
[3.771s] -- Up-to-date: /home/jumombach/ros2_ws/install/tp2/share/tp2/environment/ament_prefix_path.sh
[3.771s] -- Up-to-date: /home/jumombach/ros2_ws/install/tp2/share/tp2/environment/ament_prefix_path.dsv
[3.771s] -- Up-to-date: /home/jumombach/ros2_ws/install/tp2/share/tp2/environment/path.sh
[3.771s] -- Up-to-date: /home/jumombach/ros2_ws/install/tp2/share/tp2/environment/path.dsv
[3.771s] -- Up-to-date: /home/jumombach/ros2_ws/install/tp2/share/tp2/local_setup.bash
[3.772s] -- Up-to-date: /home/jumombach/ros2_ws/install/tp2/share/tp2/local_setup.sh
[3.772s] -- Up-to-date: /home/jumombach/ros2_ws/install/tp2/share/tp2/local_setup.zsh
[3.772s] -- Up-to-date: /home/jumombach/ros2_ws/install/tp2/share/tp2/local_setup.dsv
[3.772s] -- Installing: /home/jumombach/ros2_ws/install/tp2/share/tp2/package.dsv
[3.772s] -- Up-to-date: /home/jumombach/ros2_ws/install/tp2/share/ament_index/resource_index/packages/tp2
[3.772s] -- Up-to-date: /home/jumombach/ros2_ws/install/tp2/share/tp2/cmake/tp2Config.cmake
[3.772s] -- Up-to-date: /home/jumombach/ros2_ws/install/tp2/share/tp2/cmake/tp2Config-version.cmake
[3.772s] -- Up-to-date: /home/jumombach/ros2_ws/install/tp2/share/tp2/package.xml
[3.774s] Invoked command in '/home/jumombach/ros2_ws/build/tp2' returned '0': CMAKE_PREFIX_PATH=${CMAKE_PREFIX_PATH}:/opt/ros/humble /usr/local/bin/cmake --build /home/jumombach/ros2_ws/build/tp2 --target install -- -j8 -l8
