[0.145s] DEBUG:colcon:Command line arguments: ['/usr/bin/colcon', 'build']
[0.145s] DEBUG:colcon:Parsed command line arguments: Namespace(log_base=None, log_level=None, verb_name='build', build_base='build', install_base='install', merge_install=False, symlink_install=False, test_result_base=None, continue_on_error=False, executor='parallel', parallel_workers=8, event_handlers=None, ignore_user_meta=False, metas=['./colcon.meta'], base_paths=['.'], packages_ignore=None, packages_ignore_regex=None, paths=None, packages_up_to=None, packages_up_to_regex=None, packages_above=None, packages_above_and_dependencies=None, packages_above_depth=None, packages_select_by_dep=None, packages_skip_by_dep=None, packages_skip_up_to=None, packages_select_build_failed=False, packages_skip_build_finished=False, packages_select_test_failures=False, packages_skip_test_passed=False, packages_select=None, packages_skip=None, packages_select_regex=None, packages_skip_regex=None, packages_start=None, packages_end=None, allow_overriding=[], cmake_args=None, cmake_target=None, cmake_target_skip_unavailable=False, cmake_clean_cache=False, cmake_clean_first=False, cmake_force_configure=False, ament_cmake_args=None, catkin_cmake_args=None, catkin_skip_building_tests=False, mixin_files=None, mixin=None, verb_parser=<colcon_mixin.mixin.mixin_argument.MixinArgumentDecorator object at 0x7f6a9da19b70>, verb_extension=<colcon_core.verb.build.BuildVerb object at 0x7f6a9da19600>, main=<bound method BuildVerb.main of <colcon_core.verb.build.BuildVerb object at 0x7f6a9da19600>>, mixin_verb=('build',))
[0.250s] Level 1:colcon.colcon_core.package_discovery:discover_packages(colcon_meta) check parameters
[0.250s] Level 1:colcon.colcon_core.package_discovery:discover_packages(recursive) check parameters
[0.250s] Level 1:colcon.colcon_core.package_discovery:discover_packages(ignore) check parameters
[0.250s] Level 1:colcon.colcon_core.package_discovery:discover_packages(path) check parameters
[0.250s] Level 1:colcon.colcon_core.package_discovery:discover_packages(colcon_meta) discover
[0.250s] Level 1:colcon.colcon_core.package_discovery:discover_packages(recursive) discover
[0.251s] INFO:colcon.colcon_core.package_discovery:Crawling recursively for packages in '/home/jumombach/ros2_ws'
[0.251s] Level 1:colcon.colcon_core.package_identification:_identify(.) by extensions ['ignore', 'ignore_ament_install']
[0.251s] Level 1:colcon.colcon_core.package_identification:_identify(.) by extension 'ignore'
[0.251s] Level 1:colcon.colcon_core.package_identification:_identify(.) by extension 'ignore_ament_install'
[0.251s] Level 1:colcon.colcon_core.package_identification:_identify(.) by extensions ['colcon_pkg']
[0.251s] Level 1:colcon.colcon_core.package_identification:_identify(.) by extension 'colcon_pkg'
[0.251s] Level 1:colcon.colcon_core.package_identification:_identify(.) by extensions ['colcon_meta']
[0.251s] Level 1:colcon.colcon_core.package_identification:_identify(.) by extension 'colcon_meta'
[0.251s] Level 1:colcon.colcon_core.package_identification:_identify(.) by extensions ['ros']
[0.251s] Level 1:colcon.colcon_core.package_identification:_identify(.) by extension 'ros'
[0.257s] Level 1:colcon.colcon_core.package_identification:_identify(.) by extensions ['cmake', 'python']
[0.257s] Level 1:colcon.colcon_core.package_identification:_identify(.) by extension 'cmake'
[0.257s] Level 1:colcon.colcon_core.package_identification:_identify(.) by extension 'python'
[0.257s] Level 1:colcon.colcon_core.package_identification:_identify(.) by extensions ['python_setup_py']
[0.257s] Level 1:colcon.colcon_core.package_identification:_identify(.) by extension 'python_setup_py'
[0.258s] Level 1:colcon.colcon_core.package_identification:_identify(build) by extensions ['ignore', 'ignore_ament_install']
[0.258s] Level 1:colcon.colcon_core.package_identification:_identify(build) by extension 'ignore'
[0.258s] Level 1:colcon.colcon_core.package_identification:_identify(build) ignored
[0.258s] Level 1:colcon.colcon_core.package_identification:_identify(install) by extensions ['ignore', 'ignore_ament_install']
[0.258s] Level 1:colcon.colcon_core.package_identification:_identify(install) by extension 'ignore'
[0.258s] Level 1:colcon.colcon_core.package_identification:_identify(install) ignored
[0.258s] Level 1:colcon.colcon_core.package_identification:_identify(log) by extensions ['ignore', 'ignore_ament_install']
[0.258s] Level 1:colcon.colcon_core.package_identification:_identify(log) by extension 'ignore'
[0.258s] Level 1:colcon.colcon_core.package_identification:_identify(log) ignored
[0.258s] Level 1:colcon.colcon_core.package_identification:_identify(src) by extensions ['ignore', 'ignore_ament_install']
[0.258s] Level 1:colcon.colcon_core.package_identification:_identify(src) by extension 'ignore'
[0.258s] Level 1:colcon.colcon_core.package_identification:_identify(src) by extension 'ignore_ament_install'
[0.258s] Level 1:colcon.colcon_core.package_identification:_identify(src) by extensions ['colcon_pkg']
[0.258s] Level 1:colcon.colcon_core.package_identification:_identify(src) by extension 'colcon_pkg'
[0.258s] Level 1:colcon.colcon_core.package_identification:_identify(src) by extensions ['colcon_meta']
[0.258s] Level 1:colcon.colcon_core.package_identification:_identify(src) by extension 'colcon_meta'
[0.258s] Level 1:colcon.colcon_core.package_identification:_identify(src) by extensions ['ros']
[0.258s] Level 1:colcon.colcon_core.package_identification:_identify(src) by extension 'ros'
[0.259s] Level 1:colcon.colcon_core.package_identification:_identify(src) by extensions ['cmake', 'python']
[0.259s] Level 1:colcon.colcon_core.package_identification:_identify(src) by extension 'cmake'
[0.259s] Level 1:colcon.colcon_core.package_identification:_identify(src) by extension 'python'
[0.259s] Level 1:colcon.colcon_core.package_identification:_identify(src) by extensions ['python_setup_py']
[0.259s] Level 1:colcon.colcon_core.package_identification:_identify(src) by extension 'python_setup_py'
[0.259s] Level 1:colcon.colcon_core.package_identification:_identify(src/phi_aria) by extensions ['ignore', 'ignore_ament_install']
[0.259s] Level 1:colcon.colcon_core.package_identification:_identify(src/phi_aria) by extension 'ignore'
[0.259s] Level 1:colcon.colcon_core.package_identification:_identify(src/phi_aria) by extension 'ignore_ament_install'
[0.259s] Level 1:colcon.colcon_core.package_identification:_identify(src/phi_aria) by extensions ['colcon_pkg']
[0.259s] Level 1:colcon.colcon_core.package_identification:_identify(src/phi_aria) by extension 'colcon_pkg'
[0.259s] Level 1:colcon.colcon_core.package_identification:_identify(src/phi_aria) by extensions ['colcon_meta']
[0.259s] Level 1:colcon.colcon_core.package_identification:_identify(src/phi_aria) by extension 'colcon_meta'
[0.259s] Level 1:colcon.colcon_core.package_identification:_identify(src/phi_aria) by extensions ['ros']
[0.259s] Level 1:colcon.colcon_core.package_identification:_identify(src/phi_aria) by extension 'ros'
[0.261s] DEBUG:colcon.colcon_core.package_identification:Package 'src/phi_aria' with type 'ros.ament_cmake' and name 'phi_aria'
[0.261s] Level 1:colcon.colcon_core.package_identification:_identify(src/tp1) by extensions ['ignore', 'ignore_ament_install']
[0.261s] Level 1:colcon.colcon_core.package_identification:_identify(src/tp1) by extension 'ignore'
[0.261s] Level 1:colcon.colcon_core.package_identification:_identify(src/tp1) by extension 'ignore_ament_install'
[0.261s] Level 1:colcon.colcon_core.package_identification:_identify(src/tp1) by extensions ['colcon_pkg']
[0.261s] Level 1:colcon.colcon_core.package_identification:_identify(src/tp1) by extension 'colcon_pkg'
[0.261s] Level 1:colcon.colcon_core.package_identification:_identify(src/tp1) by extensions ['colcon_meta']
[0.261s] Level 1:colcon.colcon_core.package_identification:_identify(src/tp1) by extension 'colcon_meta'
[0.261s] Level 1:colcon.colcon_core.package_identification:_identify(src/tp1) by extensions ['ros']
[0.261s] Level 1:colcon.colcon_core.package_identification:_identify(src/tp1) by extension 'ros'
[0.261s] DEBUG:colcon.colcon_core.package_identification:Package 'src/tp1' with type 'ros.ament_cmake' and name 'tp1'
[0.261s] Level 1:colcon.colcon_core.package_discovery:discover_packages(recursive) using defaults
[0.261s] Level 1:colcon.colcon_core.package_discovery:discover_packages(ignore) discover
[0.261s] Level 1:colcon.colcon_core.package_discovery:discover_packages(ignore) using defaults
[0.261s] Level 1:colcon.colcon_core.package_discovery:discover_packages(path) discover
[0.262s] Level 1:colcon.colcon_core.package_discovery:discover_packages(path) using defaults
[0.282s] Level 1:colcon.colcon_core.package_discovery:discover_packages(prefix_path) check parameters
[0.282s] Level 1:colcon.colcon_core.package_discovery:discover_packages(prefix_path) discover
[0.283s] DEBUG:colcon.colcon_installed_package_information.package_discovery:Found 2 installed packages in /home/jumombach/ros2_ws/install
[0.284s] DEBUG:colcon.colcon_installed_package_information.package_discovery:Found 312 installed packages in /opt/ros/humble
[0.285s] Level 1:colcon.colcon_core.package_discovery:discover_packages(prefix_path) using defaults
[0.310s] Level 5:colcon.colcon_core.verb:set package 'phi_aria' build argument 'cmake_args' from command line to 'None'
[0.310s] Level 5:colcon.colcon_core.verb:set package 'phi_aria' build argument 'cmake_target' from command line to 'None'
[0.310s] Level 5:colcon.colcon_core.verb:set package 'phi_aria' build argument 'cmake_target_skip_unavailable' from command line to 'False'
[0.310s] Level 5:colcon.colcon_core.verb:set package 'phi_aria' build argument 'cmake_clean_cache' from command line to 'False'
[0.310s] Level 5:colcon.colcon_core.verb:set package 'phi_aria' build argument 'cmake_clean_first' from command line to 'False'
[0.310s] Level 5:colcon.colcon_core.verb:set package 'phi_aria' build argument 'cmake_force_configure' from command line to 'False'
[0.310s] Level 5:colcon.colcon_core.verb:set package 'phi_aria' build argument 'ament_cmake_args' from command line to 'None'
[0.310s] Level 5:colcon.colcon_core.verb:set package 'phi_aria' build argument 'catkin_cmake_args' from command line to 'None'
[0.310s] Level 5:colcon.colcon_core.verb:set package 'phi_aria' build argument 'catkin_skip_building_tests' from command line to 'False'
[0.310s] DEBUG:colcon.colcon_core.verb:Building package 'phi_aria' with the following arguments: {'ament_cmake_args': None, 'build_base': '/home/jumombach/ros2_ws/build/phi_aria', 'catkin_cmake_args': None, 'catkin_skip_building_tests': False, 'cmake_args': None, 'cmake_clean_cache': False, 'cmake_clean_first': False, 'cmake_force_configure': False, 'cmake_target': None, 'cmake_target_skip_unavailable': False, 'install_base': '/home/jumombach/ros2_ws/install/phi_aria', 'merge_install': False, 'path': '/home/jumombach/ros2_ws/src/phi_aria', 'symlink_install': False, 'test_result_base': None}
[0.311s] Level 5:colcon.colcon_core.verb:set package 'tp1' build argument 'cmake_args' from command line to 'None'
[0.311s] Level 5:colcon.colcon_core.verb:set package 'tp1' build argument 'cmake_target' from command line to 'None'
[0.311s] Level 5:colcon.colcon_core.verb:set package 'tp1' build argument 'cmake_target_skip_unavailable' from command line to 'False'
[0.311s] Level 5:colcon.colcon_core.verb:set package 'tp1' build argument 'cmake_clean_cache' from command line to 'False'
[0.311s] Level 5:colcon.colcon_core.verb:set package 'tp1' build argument 'cmake_clean_first' from command line to 'False'
[0.311s] Level 5:colcon.colcon_core.verb:set package 'tp1' build argument 'cmake_force_configure' from command line to 'False'
[0.311s] Level 5:colcon.colcon_core.verb:set package 'tp1' build argument 'ament_cmake_args' from command line to 'None'
[0.311s] Level 5:colcon.colcon_core.verb:set package 'tp1' build argument 'catkin_cmake_args' from command line to 'None'
[0.311s] Level 5:colcon.colcon_core.verb:set package 'tp1' build argument 'catkin_skip_building_tests' from command line to 'False'
[0.311s] DEBUG:colcon.colcon_core.verb:Building package 'tp1' with the following arguments: {'ament_cmake_args': None, 'build_base': '/home/jumombach/ros2_ws/build/tp1', 'catkin_cmake_args': None, 'catkin_skip_building_tests': False, 'cmake_args': None, 'cmake_clean_cache': False, 'cmake_clean_first': False, 'cmake_force_configure': False, 'cmake_target': None, 'cmake_target_skip_unavailable': False, 'install_base': '/home/jumombach/ros2_ws/install/tp1', 'merge_install': False, 'path': '/home/jumombach/ros2_ws/src/tp1', 'symlink_install': False, 'test_result_base': None}
[0.311s] INFO:colcon.colcon_core.executor:Executing jobs using 'parallel' executor
[0.313s] DEBUG:colcon.colcon_parallel_executor.executor.parallel:run_until_complete
[0.313s] INFO:colcon.colcon_ros.task.ament_cmake.build:Building ROS package in '/home/jumombach/ros2_ws/src/phi_aria' with build type 'ament_cmake'
[0.314s] INFO:colcon.colcon_cmake.task.cmake.build:Building CMake package in '/home/jumombach/ros2_ws/src/phi_aria'
[0.316s] INFO:colcon.colcon_core.plugin_system:Skipping extension 'colcon_core.shell.bat': Not used on non-Windows systems
[0.316s] INFO:colcon.colcon_core.shell:Skip shell extension 'powershell' for command environment: Not usable outside of PowerShell
[0.317s] DEBUG:colcon.colcon_core.shell:Skip shell extension 'dsv' for command environment
[0.321s] INFO:colcon.colcon_ros.task.ament_cmake.build:Building ROS package in '/home/jumombach/ros2_ws/src/tp1' with build type 'ament_cmake'
[0.322s] INFO:colcon.colcon_cmake.task.cmake.build:Building CMake package in '/home/jumombach/ros2_ws/src/tp1'
[0.322s] INFO:colcon.colcon_core.shell:Skip shell extension 'powershell' for command environment: Not usable outside of PowerShell
[0.322s] DEBUG:colcon.colcon_core.shell:Skip shell extension 'dsv' for command environment
[0.333s] DEBUG:colcon.colcon_core.event_handler.log_command:Invoking command in '/home/jumombach/ros2_ws/build/phi_aria': CMAKE_PREFIX_PATH=${CMAKE_PREFIX_PATH}:/opt/ros/humble /usr/local/bin/cmake --build /home/jumombach/ros2_ws/build/phi_aria -- -j8 -l8
[0.336s] DEBUG:colcon.colcon_core.event_handler.log_command:Invoking command in '/home/jumombach/ros2_ws/build/tp1': CMAKE_PREFIX_PATH=${CMAKE_PREFIX_PATH}:/opt/ros/humble /usr/local/bin/cmake --build /home/jumombach/ros2_ws/build/tp1 -- -j8 -l8
[0.370s] DEBUG:colcon.colcon_core.event_handler.log_command:Invoked command in '/home/jumombach/ros2_ws/build/phi_aria' returned '0': CMAKE_PREFIX_PATH=${CMAKE_PREFIX_PATH}:/opt/ros/humble /usr/local/bin/cmake --build /home/jumombach/ros2_ws/build/phi_aria -- -j8 -l8
[0.389s] DEBUG:colcon.colcon_core.event_handler.log_command:Invoking command in '/home/jumombach/ros2_ws/build/phi_aria': CMAKE_PREFIX_PATH=${CMAKE_PREFIX_PATH}:/opt/ros/humble /usr/local/bin/cmake --build /home/jumombach/ros2_ws/build/phi_aria --target install -- -j8 -l8
[0.437s] Level 1:colcon.colcon_core.environment:create_environment_scripts_only(phi_aria)
[0.438s] DEBUG:colcon.colcon_core.event_handler.log_command:Invoked command in '/home/jumombach/ros2_ws/build/phi_aria' returned '0': CMAKE_PREFIX_PATH=${CMAKE_PREFIX_PATH}:/opt/ros/humble /usr/local/bin/cmake --build /home/jumombach/ros2_ws/build/phi_aria --target install -- -j8 -l8
[0.439s] Level 1:colcon.colcon_core.environment:checking '/home/jumombach/ros2_ws/install/phi_aria' for CMake module files
[0.440s] Level 1:colcon.colcon_core.environment:checking '/home/jumombach/ros2_ws/install/phi_aria' for CMake config files
[0.440s] Level 1:colcon.colcon_core.shell:create_environment_hook('phi_aria', 'cmake_prefix_path')
[0.440s] INFO:colcon.colcon_core.shell:Creating environment hook '/home/jumombach/ros2_ws/install/phi_aria/share/phi_aria/hook/cmake_prefix_path.ps1'
[0.441s] INFO:colcon.colcon_core.shell:Creating environment descriptor '/home/jumombach/ros2_ws/install/phi_aria/share/phi_aria/hook/cmake_prefix_path.dsv'
[0.441s] INFO:colcon.colcon_core.shell:Creating environment hook '/home/jumombach/ros2_ws/install/phi_aria/share/phi_aria/hook/cmake_prefix_path.sh'
[0.442s] Level 1:colcon.colcon_core.environment:checking '/home/jumombach/ros2_ws/install/phi_aria/lib'
[0.443s] Level 1:colcon.colcon_core.environment:checking '/home/jumombach/ros2_ws/install/phi_aria/bin'
[0.443s] Level 1:colcon.colcon_core.environment:checking '/home/jumombach/ros2_ws/install/phi_aria/lib/pkgconfig/phi_aria.pc'
[0.443s] Level 1:colcon.colcon_core.environment:checking '/home/jumombach/ros2_ws/install/phi_aria/lib/python3.10/site-packages'
[0.443s] Level 1:colcon.colcon_core.environment:checking '/home/jumombach/ros2_ws/install/phi_aria/bin'
[0.444s] INFO:colcon.colcon_core.shell:Creating package script '/home/jumombach/ros2_ws/install/phi_aria/share/phi_aria/package.ps1'
[0.444s] INFO:colcon.colcon_core.shell:Creating package descriptor '/home/jumombach/ros2_ws/install/phi_aria/share/phi_aria/package.dsv'
[0.445s] INFO:colcon.colcon_core.shell:Creating package script '/home/jumombach/ros2_ws/install/phi_aria/share/phi_aria/package.sh'
[0.446s] INFO:colcon.colcon_core.shell:Creating package script '/home/jumombach/ros2_ws/install/phi_aria/share/phi_aria/package.bash'
[0.447s] INFO:colcon.colcon_core.shell:Creating package script '/home/jumombach/ros2_ws/install/phi_aria/share/phi_aria/package.zsh'
[0.447s] Level 1:colcon.colcon_core.environment:create_file_with_runtime_dependencies(/home/jumombach/ros2_ws/install/phi_aria/share/colcon-core/packages/phi_aria)
[0.466s] Level 1:colcon.colcon_core.environment:create_environment_scripts_only(phi_aria)
[0.467s] Level 1:colcon.colcon_core.environment:checking '/home/jumombach/ros2_ws/install/phi_aria' for CMake module files
[0.467s] Level 1:colcon.colcon_core.environment:checking '/home/jumombach/ros2_ws/install/phi_aria' for CMake config files
[0.467s] Level 1:colcon.colcon_core.shell:create_environment_hook('phi_aria', 'cmake_prefix_path')
[0.467s] INFO:colcon.colcon_core.shell:Creating environment hook '/home/jumombach/ros2_ws/install/phi_aria/share/phi_aria/hook/cmake_prefix_path.ps1'
[0.468s] INFO:colcon.colcon_core.shell:Creating environment descriptor '/home/jumombach/ros2_ws/install/phi_aria/share/phi_aria/hook/cmake_prefix_path.dsv'
[0.468s] INFO:colcon.colcon_core.shell:Creating environment hook '/home/jumombach/ros2_ws/install/phi_aria/share/phi_aria/hook/cmake_prefix_path.sh'
[0.468s] Level 1:colcon.colcon_core.environment:checking '/home/jumombach/ros2_ws/install/phi_aria/lib'
[0.469s] Level 1:colcon.colcon_core.environment:checking '/home/jumombach/ros2_ws/install/phi_aria/bin'
[0.469s] Level 1:colcon.colcon_core.environment:checking '/home/jumombach/ros2_ws/install/phi_aria/lib/pkgconfig/phi_aria.pc'
[0.469s] Level 1:colcon.colcon_core.environment:checking '/home/jumombach/ros2_ws/install/phi_aria/lib/python3.10/site-packages'
[0.469s] Level 1:colcon.colcon_core.environment:checking '/home/jumombach/ros2_ws/install/phi_aria/bin'
[0.469s] INFO:colcon.colcon_core.shell:Creating package script '/home/jumombach/ros2_ws/install/phi_aria/share/phi_aria/package.ps1'
[0.470s] INFO:colcon.colcon_core.shell:Creating package descriptor '/home/jumombach/ros2_ws/install/phi_aria/share/phi_aria/package.dsv'
[0.470s] INFO:colcon.colcon_core.shell:Creating package script '/home/jumombach/ros2_ws/install/phi_aria/share/phi_aria/package.sh'
[0.470s] INFO:colcon.colcon_core.shell:Creating package script '/home/jumombach/ros2_ws/install/phi_aria/share/phi_aria/package.bash'
[0.471s] INFO:colcon.colcon_core.shell:Creating package script '/home/jumombach/ros2_ws/install/phi_aria/share/phi_aria/package.zsh'
[0.471s] Level 1:colcon.colcon_core.environment:create_file_with_runtime_dependencies(/home/jumombach/ros2_ws/install/phi_aria/share/colcon-core/packages/phi_aria)
[1.112s] DEBUG:colcon.colcon_core.event_handler.log_command:Invoked command in '/home/jumombach/ros2_ws/build/tp1' returned '0': CMAKE_PREFIX_PATH=${CMAKE_PREFIX_PATH}:/opt/ros/humble /usr/local/bin/cmake --build /home/jumombach/ros2_ws/build/tp1 -- -j8 -l8
[1.131s] DEBUG:colcon.colcon_core.event_handler.log_command:Invoking command in '/home/jumombach/ros2_ws/build/tp1': CMAKE_PREFIX_PATH=${CMAKE_PREFIX_PATH}:/opt/ros/humble /usr/local/bin/cmake --build /home/jumombach/ros2_ws/build/tp1 --target install -- -j8 -l8
[1.166s] Level 1:colcon.colcon_core.environment:create_environment_scripts_only(tp1)
[1.166s] Level 1:colcon.colcon_core.environment:checking '/home/jumombach/ros2_ws/install/tp1' for CMake module files
[1.167s] DEBUG:colcon.colcon_core.event_handler.log_command:Invoked command in '/home/jumombach/ros2_ws/build/tp1' returned '0': CMAKE_PREFIX_PATH=${CMAKE_PREFIX_PATH}:/opt/ros/humble /usr/local/bin/cmake --build /home/jumombach/ros2_ws/build/tp1 --target install -- -j8 -l8
[1.167s] Level 1:colcon.colcon_core.environment:checking '/home/jumombach/ros2_ws/install/tp1' for CMake config files
[1.167s] Level 1:colcon.colcon_core.shell:create_environment_hook('tp1', 'cmake_prefix_path')
[1.167s] INFO:colcon.colcon_core.shell:Creating environment hook '/home/jumombach/ros2_ws/install/tp1/share/tp1/hook/cmake_prefix_path.ps1'
[1.168s] INFO:colcon.colcon_core.shell:Creating environment descriptor '/home/jumombach/ros2_ws/install/tp1/share/tp1/hook/cmake_prefix_path.dsv'
[1.168s] INFO:colcon.colcon_core.shell:Creating environment hook '/home/jumombach/ros2_ws/install/tp1/share/tp1/hook/cmake_prefix_path.sh'
[1.169s] Level 1:colcon.colcon_core.environment:checking '/home/jumombach/ros2_ws/install/tp1/lib'
[1.169s] Level 1:colcon.colcon_core.environment:checking '/home/jumombach/ros2_ws/install/tp1/bin'
[1.169s] Level 1:colcon.colcon_core.environment:checking '/home/jumombach/ros2_ws/install/tp1/lib/pkgconfig/tp1.pc'
[1.169s] Level 1:colcon.colcon_core.environment:checking '/home/jumombach/ros2_ws/install/tp1/lib/python3.10/site-packages'
[1.169s] Level 1:colcon.colcon_core.environment:checking '/home/jumombach/ros2_ws/install/tp1/bin'
[1.170s] INFO:colcon.colcon_core.shell:Creating package script '/home/jumombach/ros2_ws/install/tp1/share/tp1/package.ps1'
[1.170s] INFO:colcon.colcon_core.shell:Creating package descriptor '/home/jumombach/ros2_ws/install/tp1/share/tp1/package.dsv'
[1.170s] INFO:colcon.colcon_core.shell:Creating package script '/home/jumombach/ros2_ws/install/tp1/share/tp1/package.sh'
[1.171s] INFO:colcon.colcon_core.shell:Creating package script '/home/jumombach/ros2_ws/install/tp1/share/tp1/package.bash'
[1.171s] INFO:colcon.colcon_core.shell:Creating package script '/home/jumombach/ros2_ws/install/tp1/share/tp1/package.zsh'
[1.171s] Level 1:colcon.colcon_core.environment:create_file_with_runtime_dependencies(/home/jumombach/ros2_ws/install/tp1/share/colcon-core/packages/tp1)
[1.189s] Level 1:colcon.colcon_core.environment:create_environment_scripts_only(tp1)
[1.190s] Level 1:colcon.colcon_core.environment:checking '/home/jumombach/ros2_ws/install/tp1' for CMake module files
[1.190s] Level 1:colcon.colcon_core.environment:checking '/home/jumombach/ros2_ws/install/tp1' for CMake config files
[1.190s] Level 1:colcon.colcon_core.shell:create_environment_hook('tp1', 'cmake_prefix_path')
[1.190s] INFO:colcon.colcon_core.shell:Creating environment hook '/home/jumombach/ros2_ws/install/tp1/share/tp1/hook/cmake_prefix_path.ps1'
[1.191s] INFO:colcon.colcon_core.shell:Creating environment descriptor '/home/jumombach/ros2_ws/install/tp1/share/tp1/hook/cmake_prefix_path.dsv'
[1.191s] INFO:colcon.colcon_core.shell:Creating environment hook '/home/jumombach/ros2_ws/install/tp1/share/tp1/hook/cmake_prefix_path.sh'
[1.192s] Level 1:colcon.colcon_core.environment:checking '/home/jumombach/ros2_ws/install/tp1/lib'
[1.192s] Level 1:colcon.colcon_core.environment:checking '/home/jumombach/ros2_ws/install/tp1/bin'
[1.192s] Level 1:colcon.colcon_core.environment:checking '/home/jumombach/ros2_ws/install/tp1/lib/pkgconfig/tp1.pc'
[1.192s] Level 1:colcon.colcon_core.environment:checking '/home/jumombach/ros2_ws/install/tp1/lib/python3.10/site-packages'
[1.192s] Level 1:colcon.colcon_core.environment:checking '/home/jumombach/ros2_ws/install/tp1/bin'
[1.192s] INFO:colcon.colcon_core.shell:Creating package script '/home/jumombach/ros2_ws/install/tp1/share/tp1/package.ps1'
[1.193s] INFO:colcon.colcon_core.shell:Creating package descriptor '/home/jumombach/ros2_ws/install/tp1/share/tp1/package.dsv'
[1.193s] INFO:colcon.colcon_core.shell:Creating package script '/home/jumombach/ros2_ws/install/tp1/share/tp1/package.sh'
[1.193s] INFO:colcon.colcon_core.shell:Creating package script '/home/jumombach/ros2_ws/install/tp1/share/tp1/package.bash'
[1.194s] INFO:colcon.colcon_core.shell:Creating package script '/home/jumombach/ros2_ws/install/tp1/share/tp1/package.zsh'
[1.194s] Level 1:colcon.colcon_core.environment:create_file_with_runtime_dependencies(/home/jumombach/ros2_ws/install/tp1/share/colcon-core/packages/tp1)
[1.194s] DEBUG:colcon.colcon_parallel_executor.executor.parallel:closing loop
[1.195s] DEBUG:colcon.colcon_parallel_executor.executor.parallel:loop closed
[1.195s] DEBUG:colcon.colcon_parallel_executor.executor.parallel:run_until_complete finished with '0'
[1.195s] DEBUG:colcon.colcon_core.event_reactor:joining thread
[1.234s] INFO:colcon.colcon_core.plugin_system:Skipping extension 'colcon_notification.desktop_notification.notify_send': Could not find 'notify-send'
[1.234s] INFO:colcon.colcon_core.plugin_system:Skipping extension 'colcon_notification.desktop_notification.terminal_notifier': Not used on non-Darwin systems
[1.234s] INFO:colcon.colcon_core.plugin_system:Skipping extension 'colcon_notification.desktop_notification.win32': Not used on non-Windows systems
[1.234s] INFO:colcon.colcon_notification.desktop_notification:Sending desktop notification using 'notify2'
[1.234s] DEBUG:colcon.colcon_notification.desktop_notification.notify2:Failed to initialize notify2: org.freedesktop.DBus.Error.FileNotFound: Failed to connect to socket /run/user/1000/bus: No such file or directory
[1.234s] DEBUG:colcon.colcon_core.event_reactor:joined thread
[1.235s] INFO:colcon.colcon_core.shell:Creating prefix script '/home/jumombach/ros2_ws/install/local_setup.ps1'
[1.235s] INFO:colcon.colcon_core.shell:Creating prefix util module '/home/jumombach/ros2_ws/install/_local_setup_util_ps1.py'
[1.237s] INFO:colcon.colcon_core.shell:Creating prefix chain script '/home/jumombach/ros2_ws/install/setup.ps1'
[1.237s] INFO:colcon.colcon_core.shell:Creating prefix script '/home/jumombach/ros2_ws/install/local_setup.sh'
[1.238s] INFO:colcon.colcon_core.shell:Creating prefix util module '/home/jumombach/ros2_ws/install/_local_setup_util_sh.py'
[1.238s] INFO:colcon.colcon_core.shell:Creating prefix chain script '/home/jumombach/ros2_ws/install/setup.sh'
[1.239s] INFO:colcon.colcon_core.shell:Creating prefix script '/home/jumombach/ros2_ws/install/local_setup.bash'
[1.239s] INFO:colcon.colcon_core.shell:Creating prefix chain script '/home/jumombach/ros2_ws/install/setup.bash'
[1.240s] INFO:colcon.colcon_core.shell:Creating prefix script '/home/jumombach/ros2_ws/install/local_setup.zsh'
[1.240s] INFO:colcon.colcon_core.shell:Creating prefix chain script '/home/jumombach/ros2_ws/install/setup.zsh'
