[0.387s] DEBUG:colcon:Command line arguments: ['/usr/bin/colcon', 'build']
[0.387s] DEBUG:colcon:Parsed command line arguments: Namespace(log_base=None, log_level=None, verb_name='build', build_base='build', install_base='install', merge_install=False, symlink_install=False, test_result_base=None, continue_on_error=False, executor='parallel', parallel_workers=8, event_handlers=None, ignore_user_meta=False, metas=['./colcon.meta'], base_paths=['.'], packages_ignore=None, packages_ignore_regex=None, paths=None, packages_up_to=None, packages_up_to_regex=None, packages_above=None, packages_above_and_dependencies=None, packages_above_depth=None, packages_select_by_dep=None, packages_skip_by_dep=None, packages_skip_up_to=None, packages_select_build_failed=False, packages_skip_build_finished=False, packages_select_test_failures=False, packages_skip_test_passed=False, packages_select=None, packages_skip=None, packages_select_regex=None, packages_skip_regex=None, packages_start=None, packages_end=None, allow_overriding=[], cmake_args=None, cmake_target=None, cmake_target_skip_unavailable=False, cmake_clean_cache=False, cmake_clean_first=False, cmake_force_configure=False, ament_cmake_args=None, catkin_cmake_args=None, catkin_skip_building_tests=False, mixin_files=None, mixin=None, verb_parser=<colcon_mixin.mixin.mixin_argument.MixinArgumentDecorator object at 0x7fbb28bd5b40>, verb_extension=<colcon_core.verb.build.BuildVerb object at 0x7fbb28bd55d0>, main=<bound method BuildVerb.main of <colcon_core.verb.build.BuildVerb object at 0x7fbb28bd55d0>>, mixin_verb=('build',))
[0.769s] Level 1:colcon.colcon_core.package_discovery:discover_packages(colcon_meta) check parameters
[0.770s] Level 1:colcon.colcon_core.package_discovery:discover_packages(recursive) check parameters
[0.770s] Level 1:colcon.colcon_core.package_discovery:discover_packages(ignore) check parameters
[0.770s] Level 1:colcon.colcon_core.package_discovery:discover_packages(path) check parameters
[0.770s] Level 1:colcon.colcon_core.package_discovery:discover_packages(colcon_meta) discover
[0.770s] Level 1:colcon.colcon_core.package_discovery:discover_packages(recursive) discover
[0.770s] INFO:colcon.colcon_core.package_discovery:Crawling recursively for packages in '/home/jumombach/ros2_ws/src'
[0.770s] Level 1:colcon.colcon_core.package_identification:_identify(.) by extensions ['ignore', 'ignore_ament_install']
[0.770s] Level 1:colcon.colcon_core.package_identification:_identify(.) by extension 'ignore'
[0.770s] Level 1:colcon.colcon_core.package_identification:_identify(.) by extension 'ignore_ament_install'
[0.770s] Level 1:colcon.colcon_core.package_identification:_identify(.) by extensions ['colcon_pkg']
[0.770s] Level 1:colcon.colcon_core.package_identification:_identify(.) by extension 'colcon_pkg'
[0.771s] Level 1:colcon.colcon_core.package_identification:_identify(.) by extensions ['colcon_meta']
[0.771s] Level 1:colcon.colcon_core.package_identification:_identify(.) by extension 'colcon_meta'
[0.771s] Level 1:colcon.colcon_core.package_identification:_identify(.) by extensions ['ros']
[0.771s] Level 1:colcon.colcon_core.package_identification:_identify(.) by extension 'ros'
[0.787s] Level 1:colcon.colcon_core.package_identification:_identify(.) by extensions ['cmake', 'python']
[0.787s] Level 1:colcon.colcon_core.package_identification:_identify(.) by extension 'cmake'
[0.787s] Level 1:colcon.colcon_core.package_identification:_identify(.) by extension 'python'
[0.787s] Level 1:colcon.colcon_core.package_identification:_identify(.) by extensions ['python_setup_py']
[0.787s] Level 1:colcon.colcon_core.package_identification:_identify(.) by extension 'python_setup_py'
[0.788s] Level 1:colcon.colcon_core.package_identification:_identify(build) by extensions ['ignore', 'ignore_ament_install']
[0.788s] Level 1:colcon.colcon_core.package_identification:_identify(build) by extension 'ignore'
[0.788s] Level 1:colcon.colcon_core.package_identification:_identify(build) ignored
[0.789s] Level 1:colcon.colcon_core.package_identification:_identify(install) by extensions ['ignore', 'ignore_ament_install']
[0.789s] Level 1:colcon.colcon_core.package_identification:_identify(install) by extension 'ignore'
[0.789s] Level 1:colcon.colcon_core.package_identification:_identify(install) ignored
[0.789s] Level 1:colcon.colcon_core.package_identification:_identify(log) by extensions ['ignore', 'ignore_ament_install']
[0.789s] Level 1:colcon.colcon_core.package_identification:_identify(log) by extension 'ignore'
[0.789s] Level 1:colcon.colcon_core.package_identification:_identify(log) ignored
[0.790s] Level 1:colcon.colcon_core.package_identification:_identify(phi_aria) by extensions ['ignore', 'ignore_ament_install']
[0.790s] Level 1:colcon.colcon_core.package_identification:_identify(phi_aria) by extension 'ignore'
[0.790s] Level 1:colcon.colcon_core.package_identification:_identify(phi_aria) by extension 'ignore_ament_install'
[0.790s] Level 1:colcon.colcon_core.package_identification:_identify(phi_aria) by extensions ['colcon_pkg']
[0.790s] Level 1:colcon.colcon_core.package_identification:_identify(phi_aria) by extension 'colcon_pkg'
[0.790s] Level 1:colcon.colcon_core.package_identification:_identify(phi_aria) by extensions ['colcon_meta']
[0.790s] Level 1:colcon.colcon_core.package_identification:_identify(phi_aria) by extension 'colcon_meta'
[0.790s] Level 1:colcon.colcon_core.package_identification:_identify(phi_aria) by extensions ['ros']
[0.790s] Level 1:colcon.colcon_core.package_identification:_identify(phi_aria) by extension 'ros'
[0.795s] DEBUG:colcon.colcon_core.package_identification:Package 'phi_aria' with type 'ros.ament_cmake' and name 'phi_aria'
[0.796s] Level 1:colcon.colcon_core.package_identification:_identify(tp1) by extensions ['ignore', 'ignore_ament_install']
[0.796s] Level 1:colcon.colcon_core.package_identification:_identify(tp1) by extension 'ignore'
[0.796s] Level 1:colcon.colcon_core.package_identification:_identify(tp1) by extension 'ignore_ament_install'
[0.796s] Level 1:colcon.colcon_core.package_identification:_identify(tp1) by extensions ['colcon_pkg']
[0.796s] Level 1:colcon.colcon_core.package_identification:_identify(tp1) by extension 'colcon_pkg'
[0.796s] Level 1:colcon.colcon_core.package_identification:_identify(tp1) by extensions ['colcon_meta']
[0.796s] Level 1:colcon.colcon_core.package_identification:_identify(tp1) by extension 'colcon_meta'
[0.796s] Level 1:colcon.colcon_core.package_identification:_identify(tp1) by extensions ['ros']
[0.796s] Level 1:colcon.colcon_core.package_identification:_identify(tp1) by extension 'ros'
[0.797s] DEBUG:colcon.colcon_core.package_identification:Package 'tp1' with type 'ros.ament_cmake' and name 'tp1'
[0.798s] Level 1:colcon.colcon_core.package_identification:_identify(tp2) by extensions ['ignore', 'ignore_ament_install']
[0.798s] Level 1:colcon.colcon_core.package_identification:_identify(tp2) by extension 'ignore'
[0.798s] Level 1:colcon.colcon_core.package_identification:_identify(tp2) by extension 'ignore_ament_install'
[0.798s] Level 1:colcon.colcon_core.package_identification:_identify(tp2) by extensions ['colcon_pkg']
[0.798s] Level 1:colcon.colcon_core.package_identification:_identify(tp2) by extension 'colcon_pkg'
[0.798s] Level 1:colcon.colcon_core.package_identification:_identify(tp2) by extensions ['colcon_meta']
[0.798s] Level 1:colcon.colcon_core.package_identification:_identify(tp2) by extension 'colcon_meta'
[0.798s] Level 1:colcon.colcon_core.package_identification:_identify(tp2) by extensions ['ros']
[0.798s] Level 1:colcon.colcon_core.package_identification:_identify(tp2) by extension 'ros'
[0.799s] DEBUG:colcon.colcon_core.package_identification:Package 'tp2' with type 'ros.ament_cmake' and name 'tp2'
[0.800s] Level 1:colcon.colcon_core.package_discovery:discover_packages(recursive) using defaults
[0.800s] Level 1:colcon.colcon_core.package_discovery:discover_packages(ignore) discover
[0.800s] Level 1:colcon.colcon_core.package_discovery:discover_packages(ignore) using defaults
[0.800s] Level 1:colcon.colcon_core.package_discovery:discover_packages(path) discover
[0.800s] Level 1:colcon.colcon_core.package_discovery:discover_packages(path) using defaults
[0.854s] Level 1:colcon.colcon_core.package_discovery:discover_packages(prefix_path) check parameters
[0.854s] Level 1:colcon.colcon_core.package_discovery:discover_packages(prefix_path) discover
[0.864s] DEBUG:colcon.colcon_installed_package_information.package_discovery:Found 3 installed packages in /home/jumombach/ros2_ws/install
[0.866s] DEBUG:colcon.colcon_installed_package_information.package_discovery:Found 312 installed packages in /opt/ros/humble
[0.868s] Level 1:colcon.colcon_core.package_discovery:discover_packages(prefix_path) using defaults
[0.971s] Level 5:colcon.colcon_core.verb:set package 'phi_aria' build argument 'cmake_args' from command line to 'None'
[0.971s] Level 5:colcon.colcon_core.verb:set package 'phi_aria' build argument 'cmake_target' from command line to 'None'
[0.971s] Level 5:colcon.colcon_core.verb:set package 'phi_aria' build argument 'cmake_target_skip_unavailable' from command line to 'False'
[0.972s] Level 5:colcon.colcon_core.verb:set package 'phi_aria' build argument 'cmake_clean_cache' from command line to 'False'
[0.972s] Level 5:colcon.colcon_core.verb:set package 'phi_aria' build argument 'cmake_clean_first' from command line to 'False'
[0.972s] Level 5:colcon.colcon_core.verb:set package 'phi_aria' build argument 'cmake_force_configure' from command line to 'False'
[0.972s] Level 5:colcon.colcon_core.verb:set package 'phi_aria' build argument 'ament_cmake_args' from command line to 'None'
[0.972s] Level 5:colcon.colcon_core.verb:set package 'phi_aria' build argument 'catkin_cmake_args' from command line to 'None'
[0.972s] Level 5:colcon.colcon_core.verb:set package 'phi_aria' build argument 'catkin_skip_building_tests' from command line to 'False'
[0.972s] DEBUG:colcon.colcon_core.verb:Building package 'phi_aria' with the following arguments: {'ament_cmake_args': None, 'build_base': '/home/jumombach/ros2_ws/src/build/phi_aria', 'catkin_cmake_args': None, 'catkin_skip_building_tests': False, 'cmake_args': None, 'cmake_clean_cache': False, 'cmake_clean_first': False, 'cmake_force_configure': False, 'cmake_target': None, 'cmake_target_skip_unavailable': False, 'install_base': '/home/jumombach/ros2_ws/src/install/phi_aria', 'merge_install': False, 'path': '/home/jumombach/ros2_ws/src/phi_aria', 'symlink_install': False, 'test_result_base': None}
[0.972s] Level 5:colcon.colcon_core.verb:set package 'tp1' build argument 'cmake_args' from command line to 'None'
[0.972s] Level 5:colcon.colcon_core.verb:set package 'tp1' build argument 'cmake_target' from command line to 'None'
[0.972s] Level 5:colcon.colcon_core.verb:set package 'tp1' build argument 'cmake_target_skip_unavailable' from command line to 'False'
[0.972s] Level 5:colcon.colcon_core.verb:set package 'tp1' build argument 'cmake_clean_cache' from command line to 'False'
[0.972s] Level 5:colcon.colcon_core.verb:set package 'tp1' build argument 'cmake_clean_first' from command line to 'False'
[0.972s] Level 5:colcon.colcon_core.verb:set package 'tp1' build argument 'cmake_force_configure' from command line to 'False'
[0.972s] Level 5:colcon.colcon_core.verb:set package 'tp1' build argument 'ament_cmake_args' from command line to 'None'
[0.972s] Level 5:colcon.colcon_core.verb:set package 'tp1' build argument 'catkin_cmake_args' from command line to 'None'
[0.972s] Level 5:colcon.colcon_core.verb:set package 'tp1' build argument 'catkin_skip_building_tests' from command line to 'False'
[0.972s] DEBUG:colcon.colcon_core.verb:Building package 'tp1' with the following arguments: {'ament_cmake_args': None, 'build_base': '/home/jumombach/ros2_ws/src/build/tp1', 'catkin_cmake_args': None, 'catkin_skip_building_tests': False, 'cmake_args': None, 'cmake_clean_cache': False, 'cmake_clean_first': False, 'cmake_force_configure': False, 'cmake_target': None, 'cmake_target_skip_unavailable': False, 'install_base': '/home/jumombach/ros2_ws/src/install/tp1', 'merge_install': False, 'path': '/home/jumombach/ros2_ws/src/tp1', 'symlink_install': False, 'test_result_base': None}
[0.972s] Level 5:colcon.colcon_core.verb:set package 'tp2' build argument 'cmake_args' from command line to 'None'
[0.972s] Level 5:colcon.colcon_core.verb:set package 'tp2' build argument 'cmake_target' from command line to 'None'
[0.972s] Level 5:colcon.colcon_core.verb:set package 'tp2' build argument 'cmake_target_skip_unavailable' from command line to 'False'
[0.972s] Level 5:colcon.colcon_core.verb:set package 'tp2' build argument 'cmake_clean_cache' from command line to 'False'
[0.972s] Level 5:colcon.colcon_core.verb:set package 'tp2' build argument 'cmake_clean_first' from command line to 'False'
[0.972s] Level 5:colcon.colcon_core.verb:set package 'tp2' build argument 'cmake_force_configure' from command line to 'False'
[0.972s] Level 5:colcon.colcon_core.verb:set package 'tp2' build argument 'ament_cmake_args' from command line to 'None'
[0.972s] Level 5:colcon.colcon_core.verb:set package 'tp2' build argument 'catkin_cmake_args' from command line to 'None'
[0.972s] Level 5:colcon.colcon_core.verb:set package 'tp2' build argument 'catkin_skip_building_tests' from command line to 'False'
[0.973s] DEBUG:colcon.colcon_core.verb:Building package 'tp2' with the following arguments: {'ament_cmake_args': None, 'build_base': '/home/jumombach/ros2_ws/src/build/tp2', 'catkin_cmake_args': None, 'catkin_skip_building_tests': False, 'cmake_args': None, 'cmake_clean_cache': False, 'cmake_clean_first': False, 'cmake_force_configure': False, 'cmake_target': None, 'cmake_target_skip_unavailable': False, 'install_base': '/home/jumombach/ros2_ws/src/install/tp2', 'merge_install': False, 'path': '/home/jumombach/ros2_ws/src/tp2', 'symlink_install': False, 'test_result_base': None}
[0.973s] INFO:colcon.colcon_core.executor:Executing jobs using 'parallel' executor
[0.974s] DEBUG:colcon.colcon_parallel_executor.executor.parallel:run_until_complete
[0.974s] INFO:colcon.colcon_ros.task.ament_cmake.build:Building ROS package in '/home/jumombach/ros2_ws/src/phi_aria' with build type 'ament_cmake'
[0.974s] INFO:colcon.colcon_cmake.task.cmake.build:Building CMake package in '/home/jumombach/ros2_ws/src/phi_aria'
[0.982s] INFO:colcon.colcon_core.plugin_system:Skipping extension 'colcon_core.shell.bat': Not used on non-Windows systems
[0.982s] INFO:colcon.colcon_core.shell:Skip shell extension 'powershell' for command environment: Not usable outside of PowerShell
[0.982s] DEBUG:colcon.colcon_core.shell:Skip shell extension 'dsv' for command environment
[0.987s] INFO:colcon.colcon_ros.task.ament_cmake.build:Building ROS package in '/home/jumombach/ros2_ws/src/tp1' with build type 'ament_cmake'
[0.987s] INFO:colcon.colcon_cmake.task.cmake.build:Building CMake package in '/home/jumombach/ros2_ws/src/tp1'
[0.987s] INFO:colcon.colcon_core.shell:Skip shell extension 'powershell' for command environment: Not usable outside of PowerShell
[0.987s] DEBUG:colcon.colcon_core.shell:Skip shell extension 'dsv' for command environment
[0.991s] INFO:colcon.colcon_ros.task.ament_cmake.build:Building ROS package in '/home/jumombach/ros2_ws/src/tp2' with build type 'ament_cmake'
[0.991s] INFO:colcon.colcon_cmake.task.cmake.build:Building CMake package in '/home/jumombach/ros2_ws/src/tp2'
[0.991s] INFO:colcon.colcon_core.shell:Skip shell extension 'powershell' for command environment: Not usable outside of PowerShell
[0.991s] DEBUG:colcon.colcon_core.shell:Skip shell extension 'dsv' for command environment
[1.000s] DEBUG:colcon.colcon_core.event_handler.log_command:Invoking command in '/home/jumombach/ros2_ws/src/build/phi_aria': CMAKE_PREFIX_PATH=${CMAKE_PREFIX_PATH}:/opt/ros/humble /usr/local/bin/cmake --build /home/jumombach/ros2_ws/src/build/phi_aria -- -j8 -l8
[1.009s] DEBUG:colcon.colcon_core.event_handler.log_command:Invoking command in '/home/jumombach/ros2_ws/src/build/tp1': CMAKE_PREFIX_PATH=${CMAKE_PREFIX_PATH}:/opt/ros/humble /usr/local/bin/cmake --build /home/jumombach/ros2_ws/src/build/tp1 -- -j8 -l8
[1.014s] DEBUG:colcon.colcon_core.event_handler.log_command:Invoking command in '/home/jumombach/ros2_ws/src/build/tp2': CMAKE_PREFIX_PATH=${CMAKE_PREFIX_PATH}:/opt/ros/humble /usr/local/bin/cmake --build /home/jumombach/ros2_ws/src/build/tp2 -- -j8 -l8
[1.123s] DEBUG:colcon.colcon_core.event_handler.log_command:Invoked command in '/home/jumombach/ros2_ws/src/build/phi_aria' returned '0': CMAKE_PREFIX_PATH=${CMAKE_PREFIX_PATH}:/opt/ros/humble /usr/local/bin/cmake --build /home/jumombach/ros2_ws/src/build/phi_aria -- -j8 -l8
[1.124s] DEBUG:colcon.colcon_core.event_handler.log_command:Invoked command in '/home/jumombach/ros2_ws/src/build/tp1' returned '0': CMAKE_PREFIX_PATH=${CMAKE_PREFIX_PATH}:/opt/ros/humble /usr/local/bin/cmake --build /home/jumombach/ros2_ws/src/build/tp1 -- -j8 -l8
[1.145s] DEBUG:colcon.colcon_core.event_handler.log_command:Invoking command in '/home/jumombach/ros2_ws/src/build/phi_aria': CMAKE_PREFIX_PATH=${CMAKE_PREFIX_PATH}:/opt/ros/humble /usr/local/bin/cmake --build /home/jumombach/ros2_ws/src/build/phi_aria --target install -- -j8 -l8
[1.149s] DEBUG:colcon.colcon_core.event_handler.log_command:Invoking command in '/home/jumombach/ros2_ws/src/build/tp1': CMAKE_PREFIX_PATH=${CMAKE_PREFIX_PATH}:/opt/ros/humble /usr/local/bin/cmake --build /home/jumombach/ros2_ws/src/build/tp1 --target install -- -j8 -l8
[1.193s] Level 1:colcon.colcon_core.environment:create_environment_scripts_only(tp1)
[1.195s] DEBUG:colcon.colcon_core.event_handler.log_command:Invoked command in '/home/jumombach/ros2_ws/src/build/tp1' returned '0': CMAKE_PREFIX_PATH=${CMAKE_PREFIX_PATH}:/opt/ros/humble /usr/local/bin/cmake --build /home/jumombach/ros2_ws/src/build/tp1 --target install -- -j8 -l8
[1.202s] Level 1:colcon.colcon_core.environment:checking '/home/jumombach/ros2_ws/src/install/tp1' for CMake module files
[1.203s] Level 1:colcon.colcon_core.environment:checking '/home/jumombach/ros2_ws/src/install/tp1' for CMake config files
[1.206s] Level 1:colcon.colcon_core.shell:create_environment_hook('tp1', 'cmake_prefix_path')
[1.207s] INFO:colcon.colcon_core.shell:Creating environment hook '/home/jumombach/ros2_ws/src/install/tp1/share/tp1/hook/cmake_prefix_path.ps1'
[1.208s] INFO:colcon.colcon_core.shell:Creating environment descriptor '/home/jumombach/ros2_ws/src/install/tp1/share/tp1/hook/cmake_prefix_path.dsv'
[1.208s] INFO:colcon.colcon_core.shell:Creating environment hook '/home/jumombach/ros2_ws/src/install/tp1/share/tp1/hook/cmake_prefix_path.sh'
[1.209s] Level 1:colcon.colcon_core.environment:checking '/home/jumombach/ros2_ws/src/install/tp1/lib'
[1.210s] Level 1:colcon.colcon_core.environment:checking '/home/jumombach/ros2_ws/src/install/tp1/bin'
[1.210s] Level 1:colcon.colcon_core.environment:checking '/home/jumombach/ros2_ws/src/install/tp1/lib/pkgconfig/tp1.pc'
[1.210s] Level 1:colcon.colcon_core.environment:checking '/home/jumombach/ros2_ws/src/install/tp1/lib/python3.10/site-packages'
[1.210s] Level 1:colcon.colcon_core.environment:checking '/home/jumombach/ros2_ws/src/install/tp1/bin'
[1.210s] INFO:colcon.colcon_core.shell:Creating package script '/home/jumombach/ros2_ws/src/install/tp1/share/tp1/package.ps1'
[1.211s] INFO:colcon.colcon_core.shell:Creating package descriptor '/home/jumombach/ros2_ws/src/install/tp1/share/tp1/package.dsv'
[1.212s] INFO:colcon.colcon_core.shell:Creating package script '/home/jumombach/ros2_ws/src/install/tp1/share/tp1/package.sh'
[1.213s] INFO:colcon.colcon_core.shell:Creating package script '/home/jumombach/ros2_ws/src/install/tp1/share/tp1/package.bash'
[1.214s] INFO:colcon.colcon_core.shell:Creating package script '/home/jumombach/ros2_ws/src/install/tp1/share/tp1/package.zsh'
[1.215s] Level 1:colcon.colcon_core.environment:create_file_with_runtime_dependencies(/home/jumombach/ros2_ws/src/install/tp1/share/colcon-core/packages/tp1)
[1.216s] Level 1:colcon.colcon_core.environment:create_environment_scripts_only(phi_aria)
[1.217s] Level 1:colcon.colcon_core.environment:checking '/home/jumombach/ros2_ws/src/install/phi_aria' for CMake module files
[1.217s] DEBUG:colcon.colcon_core.event_handler.log_command:Invoked command in '/home/jumombach/ros2_ws/src/build/phi_aria' returned '0': CMAKE_PREFIX_PATH=${CMAKE_PREFIX_PATH}:/opt/ros/humble /usr/local/bin/cmake --build /home/jumombach/ros2_ws/src/build/phi_aria --target install -- -j8 -l8
[1.218s] Level 1:colcon.colcon_core.environment:checking '/home/jumombach/ros2_ws/src/install/phi_aria' for CMake config files
[1.221s] Level 1:colcon.colcon_core.shell:create_environment_hook('phi_aria', 'cmake_prefix_path')
[1.221s] INFO:colcon.colcon_core.shell:Creating environment hook '/home/jumombach/ros2_ws/src/install/phi_aria/share/phi_aria/hook/cmake_prefix_path.ps1'
[1.222s] INFO:colcon.colcon_core.shell:Creating environment descriptor '/home/jumombach/ros2_ws/src/install/phi_aria/share/phi_aria/hook/cmake_prefix_path.dsv'
[1.222s] INFO:colcon.colcon_core.shell:Creating environment hook '/home/jumombach/ros2_ws/src/install/phi_aria/share/phi_aria/hook/cmake_prefix_path.sh'
[1.223s] Level 1:colcon.colcon_core.environment:checking '/home/jumombach/ros2_ws/src/install/phi_aria/lib'
[1.223s] Level 1:colcon.colcon_core.environment:checking '/home/jumombach/ros2_ws/src/install/phi_aria/bin'
[1.223s] Level 1:colcon.colcon_core.environment:checking '/home/jumombach/ros2_ws/src/install/phi_aria/lib/pkgconfig/phi_aria.pc'
[1.223s] Level 1:colcon.colcon_core.environment:checking '/home/jumombach/ros2_ws/src/install/phi_aria/lib/python3.10/site-packages'
[1.223s] Level 1:colcon.colcon_core.environment:checking '/home/jumombach/ros2_ws/src/install/phi_aria/bin'
[1.223s] INFO:colcon.colcon_core.shell:Creating package script '/home/jumombach/ros2_ws/src/install/phi_aria/share/phi_aria/package.ps1'
[1.224s] INFO:colcon.colcon_core.shell:Creating package descriptor '/home/jumombach/ros2_ws/src/install/phi_aria/share/phi_aria/package.dsv'
[1.224s] INFO:colcon.colcon_core.shell:Creating package script '/home/jumombach/ros2_ws/src/install/phi_aria/share/phi_aria/package.sh'
[1.225s] INFO:colcon.colcon_core.shell:Creating package script '/home/jumombach/ros2_ws/src/install/phi_aria/share/phi_aria/package.bash'
[1.225s] INFO:colcon.colcon_core.shell:Creating package script '/home/jumombach/ros2_ws/src/install/phi_aria/share/phi_aria/package.zsh'
[1.225s] Level 1:colcon.colcon_core.environment:create_file_with_runtime_dependencies(/home/jumombach/ros2_ws/src/install/phi_aria/share/colcon-core/packages/phi_aria)
[1.233s] Level 1:colcon.colcon_core.environment:create_environment_scripts_only(tp1)
[1.233s] Level 1:colcon.colcon_core.environment:checking '/home/jumombach/ros2_ws/src/install/tp1' for CMake module files
[1.234s] Level 1:colcon.colcon_core.environment:checking '/home/jumombach/ros2_ws/src/install/tp1' for CMake config files
[1.234s] Level 1:colcon.colcon_core.shell:create_environment_hook('tp1', 'cmake_prefix_path')
[1.234s] INFO:colcon.colcon_core.shell:Creating environment hook '/home/jumombach/ros2_ws/src/install/tp1/share/tp1/hook/cmake_prefix_path.ps1'
[1.235s] INFO:colcon.colcon_core.shell:Creating environment descriptor '/home/jumombach/ros2_ws/src/install/tp1/share/tp1/hook/cmake_prefix_path.dsv'
[1.235s] INFO:colcon.colcon_core.shell:Creating environment hook '/home/jumombach/ros2_ws/src/install/tp1/share/tp1/hook/cmake_prefix_path.sh'
[1.236s] Level 1:colcon.colcon_core.environment:checking '/home/jumombach/ros2_ws/src/install/tp1/lib'
[1.236s] Level 1:colcon.colcon_core.environment:checking '/home/jumombach/ros2_ws/src/install/tp1/bin'
[1.236s] Level 1:colcon.colcon_core.environment:checking '/home/jumombach/ros2_ws/src/install/tp1/lib/pkgconfig/tp1.pc'
[1.236s] Level 1:colcon.colcon_core.environment:checking '/home/jumombach/ros2_ws/src/install/tp1/lib/python3.10/site-packages'
[1.236s] Level 1:colcon.colcon_core.environment:checking '/home/jumombach/ros2_ws/src/install/tp1/bin'
[1.237s] INFO:colcon.colcon_core.shell:Creating package script '/home/jumombach/ros2_ws/src/install/tp1/share/tp1/package.ps1'
[1.237s] INFO:colcon.colcon_core.shell:Creating package descriptor '/home/jumombach/ros2_ws/src/install/tp1/share/tp1/package.dsv'
[1.238s] INFO:colcon.colcon_core.shell:Creating package script '/home/jumombach/ros2_ws/src/install/tp1/share/tp1/package.sh'
[1.238s] INFO:colcon.colcon_core.shell:Creating package script '/home/jumombach/ros2_ws/src/install/tp1/share/tp1/package.bash'
[1.238s] INFO:colcon.colcon_core.shell:Creating package script '/home/jumombach/ros2_ws/src/install/tp1/share/tp1/package.zsh'
[1.239s] Level 1:colcon.colcon_core.environment:create_file_with_runtime_dependencies(/home/jumombach/ros2_ws/src/install/tp1/share/colcon-core/packages/tp1)
[1.243s] Level 1:colcon.colcon_core.environment:create_environment_scripts_only(phi_aria)
[1.243s] Level 1:colcon.colcon_core.environment:checking '/home/jumombach/ros2_ws/src/install/phi_aria' for CMake module files
[1.244s] Level 1:colcon.colcon_core.environment:checking '/home/jumombach/ros2_ws/src/install/phi_aria' for CMake config files
[1.244s] Level 1:colcon.colcon_core.shell:create_environment_hook('phi_aria', 'cmake_prefix_path')
[1.244s] INFO:colcon.colcon_core.shell:Creating environment hook '/home/jumombach/ros2_ws/src/install/phi_aria/share/phi_aria/hook/cmake_prefix_path.ps1'
[1.244s] INFO:colcon.colcon_core.shell:Creating environment descriptor '/home/jumombach/ros2_ws/src/install/phi_aria/share/phi_aria/hook/cmake_prefix_path.dsv'
[1.245s] INFO:colcon.colcon_core.shell:Creating environment hook '/home/jumombach/ros2_ws/src/install/phi_aria/share/phi_aria/hook/cmake_prefix_path.sh'
[1.245s] Level 1:colcon.colcon_core.environment:checking '/home/jumombach/ros2_ws/src/install/phi_aria/lib'
[1.245s] Level 1:colcon.colcon_core.environment:checking '/home/jumombach/ros2_ws/src/install/phi_aria/bin'
[1.245s] Level 1:colcon.colcon_core.environment:checking '/home/jumombach/ros2_ws/src/install/phi_aria/lib/pkgconfig/phi_aria.pc'
[1.246s] Level 1:colcon.colcon_core.environment:checking '/home/jumombach/ros2_ws/src/install/phi_aria/lib/python3.10/site-packages'
[1.246s] Level 1:colcon.colcon_core.environment:checking '/home/jumombach/ros2_ws/src/install/phi_aria/bin'
[1.246s] INFO:colcon.colcon_core.shell:Creating package script '/home/jumombach/ros2_ws/src/install/phi_aria/share/phi_aria/package.ps1'
[1.246s] INFO:colcon.colcon_core.shell:Creating package descriptor '/home/jumombach/ros2_ws/src/install/phi_aria/share/phi_aria/package.dsv'
[1.247s] INFO:colcon.colcon_core.shell:Creating package script '/home/jumombach/ros2_ws/src/install/phi_aria/share/phi_aria/package.sh'
[1.247s] INFO:colcon.colcon_core.shell:Creating package script '/home/jumombach/ros2_ws/src/install/phi_aria/share/phi_aria/package.bash'
[1.247s] INFO:colcon.colcon_core.shell:Creating package script '/home/jumombach/ros2_ws/src/install/phi_aria/share/phi_aria/package.zsh'
[1.248s] Level 1:colcon.colcon_core.environment:create_file_with_runtime_dependencies(/home/jumombach/ros2_ws/src/install/phi_aria/share/colcon-core/packages/phi_aria)
[5.370s] DEBUG:colcon.colcon_core.event_handler.log_command:Invoked command in '/home/jumombach/ros2_ws/src/build/tp2' returned '0': CMAKE_PREFIX_PATH=${CMAKE_PREFIX_PATH}:/opt/ros/humble /usr/local/bin/cmake --build /home/jumombach/ros2_ws/src/build/tp2 -- -j8 -l8
[5.388s] DEBUG:colcon.colcon_core.event_handler.log_command:Invoking command in '/home/jumombach/ros2_ws/src/build/tp2': CMAKE_PREFIX_PATH=${CMAKE_PREFIX_PATH}:/opt/ros/humble /usr/local/bin/cmake --build /home/jumombach/ros2_ws/src/build/tp2 --target install -- -j8 -l8
[5.436s] Level 1:colcon.colcon_core.environment:create_environment_scripts_only(tp2)
[5.436s] Level 1:colcon.colcon_core.environment:checking '/home/jumombach/ros2_ws/src/install/tp2' for CMake module files
[5.437s] DEBUG:colcon.colcon_core.event_handler.log_command:Invoked command in '/home/jumombach/ros2_ws/src/build/tp2' returned '0': CMAKE_PREFIX_PATH=${CMAKE_PREFIX_PATH}:/opt/ros/humble /usr/local/bin/cmake --build /home/jumombach/ros2_ws/src/build/tp2 --target install -- -j8 -l8
[5.438s] Level 1:colcon.colcon_core.environment:checking '/home/jumombach/ros2_ws/src/install/tp2' for CMake config files
[5.443s] Level 1:colcon.colcon_core.shell:create_environment_hook('tp2', 'cmake_prefix_path')
[5.443s] INFO:colcon.colcon_core.shell:Creating environment hook '/home/jumombach/ros2_ws/src/install/tp2/share/tp2/hook/cmake_prefix_path.ps1'
[5.444s] INFO:colcon.colcon_core.shell:Creating environment descriptor '/home/jumombach/ros2_ws/src/install/tp2/share/tp2/hook/cmake_prefix_path.dsv'
[5.444s] INFO:colcon.colcon_core.shell:Creating environment hook '/home/jumombach/ros2_ws/src/install/tp2/share/tp2/hook/cmake_prefix_path.sh'
[5.445s] Level 1:colcon.colcon_core.environment:checking '/home/jumombach/ros2_ws/src/install/tp2/lib'
[5.445s] Level 1:colcon.colcon_core.environment:checking '/home/jumombach/ros2_ws/src/install/tp2/bin'
[5.445s] Level 1:colcon.colcon_core.environment:checking '/home/jumombach/ros2_ws/src/install/tp2/lib/pkgconfig/tp2.pc'
[5.445s] Level 1:colcon.colcon_core.environment:checking '/home/jumombach/ros2_ws/src/install/tp2/lib/python3.10/site-packages'
[5.445s] Level 1:colcon.colcon_core.environment:checking '/home/jumombach/ros2_ws/src/install/tp2/bin'
[5.446s] INFO:colcon.colcon_core.shell:Creating package script '/home/jumombach/ros2_ws/src/install/tp2/share/tp2/package.ps1'
[5.446s] INFO:colcon.colcon_core.shell:Creating package descriptor '/home/jumombach/ros2_ws/src/install/tp2/share/tp2/package.dsv'
[5.447s] INFO:colcon.colcon_core.shell:Creating package script '/home/jumombach/ros2_ws/src/install/tp2/share/tp2/package.sh'
[5.447s] INFO:colcon.colcon_core.shell:Creating package script '/home/jumombach/ros2_ws/src/install/tp2/share/tp2/package.bash'
[5.448s] INFO:colcon.colcon_core.shell:Creating package script '/home/jumombach/ros2_ws/src/install/tp2/share/tp2/package.zsh'
[5.448s] Level 1:colcon.colcon_core.environment:create_file_with_runtime_dependencies(/home/jumombach/ros2_ws/src/install/tp2/share/colcon-core/packages/tp2)
[5.464s] Level 1:colcon.colcon_core.environment:create_environment_scripts_only(tp2)
[5.464s] Level 1:colcon.colcon_core.environment:checking '/home/jumombach/ros2_ws/src/install/tp2' for CMake module files
[5.465s] Level 1:colcon.colcon_core.environment:checking '/home/jumombach/ros2_ws/src/install/tp2' for CMake config files
[5.465s] Level 1:colcon.colcon_core.shell:create_environment_hook('tp2', 'cmake_prefix_path')
[5.465s] INFO:colcon.colcon_core.shell:Creating environment hook '/home/jumombach/ros2_ws/src/install/tp2/share/tp2/hook/cmake_prefix_path.ps1'
[5.465s] INFO:colcon.colcon_core.shell:Creating environment descriptor '/home/jumombach/ros2_ws/src/install/tp2/share/tp2/hook/cmake_prefix_path.dsv'
[5.466s] INFO:colcon.colcon_core.shell:Creating environment hook '/home/jumombach/ros2_ws/src/install/tp2/share/tp2/hook/cmake_prefix_path.sh'
[5.466s] Level 1:colcon.colcon_core.environment:checking '/home/jumombach/ros2_ws/src/install/tp2/lib'
[5.466s] Level 1:colcon.colcon_core.environment:checking '/home/jumombach/ros2_ws/src/install/tp2/bin'
[5.466s] Level 1:colcon.colcon_core.environment:checking '/home/jumombach/ros2_ws/src/install/tp2/lib/pkgconfig/tp2.pc'
[5.467s] Level 1:colcon.colcon_core.environment:checking '/home/jumombach/ros2_ws/src/install/tp2/lib/python3.10/site-packages'
[5.467s] Level 1:colcon.colcon_core.environment:checking '/home/jumombach/ros2_ws/src/install/tp2/bin'
[5.467s] INFO:colcon.colcon_core.shell:Creating package script '/home/jumombach/ros2_ws/src/install/tp2/share/tp2/package.ps1'
[5.467s] INFO:colcon.colcon_core.shell:Creating package descriptor '/home/jumombach/ros2_ws/src/install/tp2/share/tp2/package.dsv'
[5.468s] INFO:colcon.colcon_core.shell:Creating package script '/home/jumombach/ros2_ws/src/install/tp2/share/tp2/package.sh'
[5.468s] INFO:colcon.colcon_core.shell:Creating package script '/home/jumombach/ros2_ws/src/install/tp2/share/tp2/package.bash'
[5.468s] INFO:colcon.colcon_core.shell:Creating package script '/home/jumombach/ros2_ws/src/install/tp2/share/tp2/package.zsh'
[5.469s] Level 1:colcon.colcon_core.environment:create_file_with_runtime_dependencies(/home/jumombach/ros2_ws/src/install/tp2/share/colcon-core/packages/tp2)
[5.469s] DEBUG:colcon.colcon_parallel_executor.executor.parallel:closing loop
[5.469s] DEBUG:colcon.colcon_parallel_executor.executor.parallel:loop closed
[5.469s] DEBUG:colcon.colcon_parallel_executor.executor.parallel:run_until_complete finished with '0'
[5.470s] DEBUG:colcon.colcon_core.event_reactor:joining thread
[5.525s] INFO:colcon.colcon_core.plugin_system:Skipping extension 'colcon_notification.desktop_notification.notify_send': Could not find 'notify-send'
[5.525s] INFO:colcon.colcon_core.plugin_system:Skipping extension 'colcon_notification.desktop_notification.terminal_notifier': Not used on non-Darwin systems
[5.525s] INFO:colcon.colcon_core.plugin_system:Skipping extension 'colcon_notification.desktop_notification.win32': Not used on non-Windows systems
[5.525s] INFO:colcon.colcon_notification.desktop_notification:Sending desktop notification using 'notify2'
[5.525s] DEBUG:colcon.colcon_notification.desktop_notification.notify2:Failed to initialize notify2: org.freedesktop.DBus.Error.FileNotFound: Failed to connect to socket /run/user/1000/bus: No such file or directory
[5.526s] DEBUG:colcon.colcon_core.event_reactor:joined thread
[5.526s] INFO:colcon.colcon_core.shell:Creating prefix script '/home/jumombach/ros2_ws/src/install/local_setup.ps1'
[5.527s] INFO:colcon.colcon_core.shell:Creating prefix util module '/home/jumombach/ros2_ws/src/install/_local_setup_util_ps1.py'
[5.528s] INFO:colcon.colcon_core.shell:Creating prefix chain script '/home/jumombach/ros2_ws/src/install/setup.ps1'
[5.530s] INFO:colcon.colcon_core.shell:Creating prefix script '/home/jumombach/ros2_ws/src/install/local_setup.sh'
[5.530s] INFO:colcon.colcon_core.shell:Creating prefix util module '/home/jumombach/ros2_ws/src/install/_local_setup_util_sh.py'
[5.531s] INFO:colcon.colcon_core.shell:Creating prefix chain script '/home/jumombach/ros2_ws/src/install/setup.sh'
[5.532s] INFO:colcon.colcon_core.shell:Creating prefix script '/home/jumombach/ros2_ws/src/install/local_setup.bash'
[5.532s] INFO:colcon.colcon_core.shell:Creating prefix chain script '/home/jumombach/ros2_ws/src/install/setup.bash'
[5.533s] INFO:colcon.colcon_core.shell:Creating prefix script '/home/jumombach/ros2_ws/src/install/local_setup.zsh'
[5.534s] INFO:colcon.colcon_core.shell:Creating prefix chain script '/home/jumombach/ros2_ws/src/install/setup.zsh'
