[0.014s] Invoking command in '/home/jumombach/ros2_ws/build/tp1': CMAKE_PREFIX_PATH=${CMAKE_PREFIX_PATH}:/opt/ros/humble /usr/local/bin/cmake --build /home/jumombach/ros2_ws/build/tp1 -- -j8 -l8
[0.096s] gmake[1]: Entering directory '/home/jumombach/ros2_ws/build/tp1'
[0.100s] gmake[2]: Entering directory '/home/jumombach/ros2_ws/build/tp1'
[0.126s] [35m[1mScanning dependencies of target navigation[0m
[0.132s] gmake[2]: Leaving directory '/home/jumombach/ros2_ws/build/tp1'
[0.141s] gmake[2]: Entering directory '/home/jumombach/ros2_ws/build/tp1'
[0.143s] [ 20%] [32mBuilding CXX object CMakeFiles/navigation.dir/src/Action.cpp.o[0m
[0.558s] [01m[K/home/jumombach/ros2_ws/src/tp1/src/Action.cpp:[m[K In member function ‘[01m[Kvoid Action::avoidObstacles(std::vector<float>, std::vector<float>)[m[K’:
[0.558s] [01m[K/home/jumombach/ros2_ws/src/tp1/src/Action.cpp:11:75:[m[K [01;35m[Kwarning: [m[Kunused parameter ‘[01m[Ksonars[m[K’ [[01;35m[K]8;;https://gcc.gnu.org/onlinedocs/gcc/Warning-Options.html#index-Wunused-parameter-Wunused-parameter]8;;[m[K]
[0.559s]    11 | voidObstacles(std::vector<float> lasers, [01;35m[Kstd::vector<float> sonars[m[K)
[0.559s]       |                                          [01;35m[K~~~~~~~~~~~~~~~~~~~^~~~~~[m[K
[0.559s] 
[0.559s] [01m[K/home/jumombach/ros2_ws/src/tp1/src/Action.cpp:[m[K In member function ‘[01m[Kvoid Action::keepAsFarthestAsPossibleFromWalls(std::vector<float>, std::vector<float>)[m[K’:
[0.559s] [01m[K/home/jumombach/ros2_ws/src/tp1/src/Action.cpp:60:94:[m[K [01;35m[Kwarning: [m[Kunused parameter ‘[01m[Ksonars[m[K’ [[01;35m[K]8;;https://gcc.gnu.org/onlinedocs/gcc/Warning-Options.html#index-Wunused-parameter-Wunused-parameter]8;;[m[K]
[0.559s]    60 | ibleFromWalls(std::vector<float> lasers, [01;35m[Kstd::vector<float> sonars[m[K)
[0.559s]       |                                          [01;35m[K~~~~~~~~~~~~~~~~~~~^~~~~~[m[K
[0.559s] 
[0.682s] [ 40%] [32m[1mLinking CXX executable navigation[0m
[1.254s] gmake[2]: Leaving directory '/home/jumombach/ros2_ws/build/tp1'
[1.256s] [100%] Built target navigation
[1.257s] gmake[1]: Leaving directory '/home/jumombach/ros2_ws/build/tp1'
[1.260s] Invoked command in '/home/jumombach/ros2_ws/build/tp1' returned '0': CMAKE_PREFIX_PATH=${CMAKE_PREFIX_PATH}:/opt/ros/humble /usr/local/bin/cmake --build /home/jumombach/ros2_ws/build/tp1 -- -j8 -l8
[1.279s] Invoking command in '/home/jumombach/ros2_ws/build/tp1': CMAKE_PREFIX_PATH=${CMAKE_PREFIX_PATH}:/opt/ros/humble /usr/local/bin/cmake --build /home/jumombach/ros2_ws/build/tp1 --target install -- -j8 -l8
[1.288s] gmake[1]: Entering directory '/home/jumombach/ros2_ws/build/tp1'
[1.289s] gmake[2]: Entering directory '/home/jumombach/ros2_ws/build/tp1'
[1.293s] gmake[2]: Leaving directory '/home/jumombach/ros2_ws/build/tp1'
[1.303s] [100%] Built target navigation
[1.303s] gmake[1]: Leaving directory '/home/jumombach/ros2_ws/build/tp1'
[1.308s] [36mInstall the project...[0m
[1.311s] -- Install configuration: ""
[1.311s] -- Installing: /home/jumombach/ros2_ws/install/tp1/lib/tp1/navigation
[1.315s] -- Set runtime path of "/home/jumombach/ros2_ws/install/tp1/lib/tp1/navigation" to ""
[1.315s] -- Up-to-date: /home/jumombach/ros2_ws/install/tp1/share/tp1/launch
[1.315s] -- Up-to-date: /home/jumombach/ros2_ws/install/tp1/share/tp1/launch/p3dx-rosaria.launch.py
[1.315s] -- Up-to-date: /home/jumombach/ros2_ws/install/tp1/share/tp1/config
[1.315s] -- Up-to-date: /home/jumombach/ros2_ws/install/tp1/share/tp1/config/p3dx.rviz
[1.315s] -- Up-to-date: /home/jumombach/ros2_ws/install/tp1/share/ament_index/resource_index/package_run_dependencies/tp1
[1.315s] -- Up-to-date: /home/jumombach/ros2_ws/install/tp1/share/ament_index/resource_index/parent_prefix_path/tp1
[1.316s] -- Up-to-date: /home/jumombach/ros2_ws/install/tp1/share/tp1/environment/ament_prefix_path.sh
[1.316s] -- Up-to-date: /home/jumombach/ros2_ws/install/tp1/share/tp1/environment/ament_prefix_path.dsv
[1.316s] -- Up-to-date: /home/jumombach/ros2_ws/install/tp1/share/tp1/environment/path.sh
[1.316s] -- Up-to-date: /home/jumombach/ros2_ws/install/tp1/share/tp1/environment/path.dsv
[1.316s] -- Up-to-date: /home/jumombach/ros2_ws/install/tp1/share/tp1/local_setup.bash
[1.316s] -- Up-to-date: /home/jumombach/ros2_ws/install/tp1/share/tp1/local_setup.sh
[1.316s] -- Up-to-date: /home/jumombach/ros2_ws/install/tp1/share/tp1/local_setup.zsh
[1.317s] -- Up-to-date: /home/jumombach/ros2_ws/install/tp1/share/tp1/local_setup.dsv
[1.317s] -- Installing: /home/jumombach/ros2_ws/install/tp1/share/tp1/package.dsv
[1.317s] -- Up-to-date: /home/jumombach/ros2_ws/install/tp1/share/ament_index/resource_index/packages/tp1
[1.317s] -- Up-to-date: /home/jumombach/ros2_ws/install/tp1/share/tp1/cmake/tp1Config.cmake
[1.317s] -- Up-to-date: /home/jumombach/ros2_ws/install/tp1/share/tp1/cmake/tp1Config-version.cmake
[1.317s] -- Up-to-date: /home/jumombach/ros2_ws/install/tp1/share/tp1/package.xml
[1.319s] Invoked command in '/home/jumombach/ros2_ws/build/tp1' returned '0': CMAKE_PREFIX_PATH=${CMAKE_PREFIX_PATH}:/opt/ros/humble /usr/local/bin/cmake --build /home/jumombach/ros2_ws/build/tp1 --target install -- -j8 -l8
