[0.314s] DEBUG:colcon:Command line arguments: ['/usr/bin/colcon', 'build']
[0.314s] DEBUG:colcon:Parsed command line arguments: Namespace(log_base=None, log_level=None, verb_name='build', build_base='build', install_base='install', merge_install=False, symlink_install=False, test_result_base=None, continue_on_error=False, executor='parallel', parallel_workers=8, event_handlers=None, ignore_user_meta=False, metas=['./colcon.meta'], base_paths=['.'], packages_ignore=None, packages_ignore_regex=None, paths=None, packages_up_to=None, packages_up_to_regex=None, packages_above=None, packages_above_and_dependencies=None, packages_above_depth=None, packages_select_by_dep=None, packages_skip_by_dep=None, packages_skip_up_to=None, packages_select_build_failed=False, packages_skip_build_finished=False, packages_select_test_failures=False, packages_skip_test_passed=False, packages_select=None, packages_skip=None, packages_select_regex=None, packages_skip_regex=None, packages_start=None, packages_end=None, allow_overriding=[], cmake_args=None, cmake_target=None, cmake_target_skip_unavailable=False, cmake_clean_cache=False, cmake_clean_first=False, cmake_force_configure=False, ament_cmake_args=None, catkin_cmake_args=None, catkin_skip_building_tests=False, mixin_files=None, mixin=None, verb_parser=<colcon_mixin.mixin.mixin_argument.MixinArgumentDecorator object at 0x7f9edf9adbd0>, verb_extension=<colcon_core.verb.build.BuildVerb object at 0x7f9edf9ad660>, main=<bound method BuildVerb.main of <colcon_core.verb.build.BuildVerb object at 0x7f9edf9ad660>>, mixin_verb=('build',))
[0.667s] Level 1:colcon.colcon_core.package_discovery:discover_packages(colcon_meta) check parameters
[0.667s] Level 1:colcon.colcon_core.package_discovery:discover_packages(recursive) check parameters
[0.667s] Level 1:colcon.colcon_core.package_discovery:discover_packages(ignore) check parameters
[0.667s] Level 1:colcon.colcon_core.package_discovery:discover_packages(path) check parameters
[0.667s] Level 1:colcon.colcon_core.package_discovery:discover_packages(colcon_meta) discover
[0.667s] Level 1:colcon.colcon_core.package_discovery:discover_packages(recursive) discover
[0.667s] INFO:colcon.colcon_core.package_discovery:Crawling recursively for packages in '/home/jumombach/ros2_ws'
[0.668s] Level 1:colcon.colcon_core.package_identification:_identify(.) by extensions ['ignore', 'ignore_ament_install']
[0.668s] Level 1:colcon.colcon_core.package_identification:_identify(.) by extension 'ignore'
[0.668s] Level 1:colcon.colcon_core.package_identification:_identify(.) by extension 'ignore_ament_install'
[0.668s] Level 1:colcon.colcon_core.package_identification:_identify(.) by extensions ['colcon_pkg']
[0.668s] Level 1:colcon.colcon_core.package_identification:_identify(.) by extension 'colcon_pkg'
[0.668s] Level 1:colcon.colcon_core.package_identification:_identify(.) by extensions ['colcon_meta']
[0.668s] Level 1:colcon.colcon_core.package_identification:_identify(.) by extension 'colcon_meta'
[0.668s] Level 1:colcon.colcon_core.package_identification:_identify(.) by extensions ['ros']
[0.668s] Level 1:colcon.colcon_core.package_identification:_identify(.) by extension 'ros'
[0.683s] Level 1:colcon.colcon_core.package_identification:_identify(.) by extensions ['cmake', 'python']
[0.683s] Level 1:colcon.colcon_core.package_identification:_identify(.) by extension 'cmake'
[0.684s] Level 1:colcon.colcon_core.package_identification:_identify(.) by extension 'python'
[0.684s] Level 1:colcon.colcon_core.package_identification:_identify(.) by extensions ['python_setup_py']
[0.684s] Level 1:colcon.colcon_core.package_identification:_identify(.) by extension 'python_setup_py'
[0.684s] Level 1:colcon.colcon_core.package_identification:_identify(build) by extensions ['ignore', 'ignore_ament_install']
[0.685s] Level 1:colcon.colcon_core.package_identification:_identify(build) by extension 'ignore'
[0.685s] Level 1:colcon.colcon_core.package_identification:_identify(build) ignored
[0.685s] Level 1:colcon.colcon_core.package_identification:_identify(install) by extensions ['ignore', 'ignore_ament_install']
[0.685s] Level 1:colcon.colcon_core.package_identification:_identify(install) by extension 'ignore'
[0.686s] Level 1:colcon.colcon_core.package_identification:_identify(install) ignored
[0.686s] Level 1:colcon.colcon_core.package_identification:_identify(log) by extensions ['ignore', 'ignore_ament_install']
[0.686s] Level 1:colcon.colcon_core.package_identification:_identify(log) by extension 'ignore'
[0.686s] Level 1:colcon.colcon_core.package_identification:_identify(log) ignored
[0.686s] Level 1:colcon.colcon_core.package_identification:_identify(src) by extensions ['ignore', 'ignore_ament_install']
[0.686s] Level 1:colcon.colcon_core.package_identification:_identify(src) by extension 'ignore'
[0.686s] Level 1:colcon.colcon_core.package_identification:_identify(src) by extension 'ignore_ament_install'
[0.687s] Level 1:colcon.colcon_core.package_identification:_identify(src) by extensions ['colcon_pkg']
[0.687s] Level 1:colcon.colcon_core.package_identification:_identify(src) by extension 'colcon_pkg'
[0.687s] Level 1:colcon.colcon_core.package_identification:_identify(src) by extensions ['colcon_meta']
[0.687s] Level 1:colcon.colcon_core.package_identification:_identify(src) by extension 'colcon_meta'
[0.687s] Level 1:colcon.colcon_core.package_identification:_identify(src) by extensions ['ros']
[0.687s] Level 1:colcon.colcon_core.package_identification:_identify(src) by extension 'ros'
[0.687s] Level 1:colcon.colcon_core.package_identification:_identify(src) by extensions ['cmake', 'python']
[0.687s] Level 1:colcon.colcon_core.package_identification:_identify(src) by extension 'cmake'
[0.687s] Level 1:colcon.colcon_core.package_identification:_identify(src) by extension 'python'
[0.687s] Level 1:colcon.colcon_core.package_identification:_identify(src) by extensions ['python_setup_py']
[0.687s] Level 1:colcon.colcon_core.package_identification:_identify(src) by extension 'python_setup_py'
[0.687s] Level 1:colcon.colcon_core.package_identification:_identify(src/build) by extensions ['ignore', 'ignore_ament_install']
[0.687s] Level 1:colcon.colcon_core.package_identification:_identify(src/build) by extension 'ignore'
[0.687s] Level 1:colcon.colcon_core.package_identification:_identify(src/build) ignored
[0.688s] Level 1:colcon.colcon_core.package_identification:_identify(src/install) by extensions ['ignore', 'ignore_ament_install']
[0.688s] Level 1:colcon.colcon_core.package_identification:_identify(src/install) by extension 'ignore'
[0.688s] Level 1:colcon.colcon_core.package_identification:_identify(src/install) ignored
[0.688s] Level 1:colcon.colcon_core.package_identification:_identify(src/log) by extensions ['ignore', 'ignore_ament_install']
[0.688s] Level 1:colcon.colcon_core.package_identification:_identify(src/log) by extension 'ignore'
[0.688s] Level 1:colcon.colcon_core.package_identification:_identify(src/log) ignored
[0.689s] Level 1:colcon.colcon_core.package_identification:_identify(src/phi_aria) by extensions ['ignore', 'ignore_ament_install']
[0.689s] Level 1:colcon.colcon_core.package_identification:_identify(src/phi_aria) by extension 'ignore'
[0.689s] Level 1:colcon.colcon_core.package_identification:_identify(src/phi_aria) by extension 'ignore_ament_install'
[0.689s] Level 1:colcon.colcon_core.package_identification:_identify(src/phi_aria) by extensions ['colcon_pkg']
[0.689s] Level 1:colcon.colcon_core.package_identification:_identify(src/phi_aria) by extension 'colcon_pkg'
[0.689s] Level 1:colcon.colcon_core.package_identification:_identify(src/phi_aria) by extensions ['colcon_meta']
[0.689s] Level 1:colcon.colcon_core.package_identification:_identify(src/phi_aria) by extension 'colcon_meta'
[0.689s] Level 1:colcon.colcon_core.package_identification:_identify(src/phi_aria) by extensions ['ros']
[0.689s] Level 1:colcon.colcon_core.package_identification:_identify(src/phi_aria) by extension 'ros'
[0.694s] DEBUG:colcon.colcon_core.package_identification:Package 'src/phi_aria' with type 'ros.ament_cmake' and name 'phi_aria'
[0.694s] Level 1:colcon.colcon_core.package_identification:_identify(src/tp1) by extensions ['ignore', 'ignore_ament_install']
[0.695s] Level 1:colcon.colcon_core.package_identification:_identify(src/tp1) by extension 'ignore'
[0.695s] Level 1:colcon.colcon_core.package_identification:_identify(src/tp1) by extension 'ignore_ament_install'
[0.695s] Level 1:colcon.colcon_core.package_identification:_identify(src/tp1) by extensions ['colcon_pkg']
[0.695s] Level 1:colcon.colcon_core.package_identification:_identify(src/tp1) by extension 'colcon_pkg'
[0.695s] Level 1:colcon.colcon_core.package_identification:_identify(src/tp1) by extensions ['colcon_meta']
[0.695s] Level 1:colcon.colcon_core.package_identification:_identify(src/tp1) by extension 'colcon_meta'
[0.695s] Level 1:colcon.colcon_core.package_identification:_identify(src/tp1) by extensions ['ros']
[0.695s] Level 1:colcon.colcon_core.package_identification:_identify(src/tp1) by extension 'ros'
[0.696s] DEBUG:colcon.colcon_core.package_identification:Package 'src/tp1' with type 'ros.ament_cmake' and name 'tp1'
[0.696s] Level 1:colcon.colcon_core.package_identification:_identify(src/tp2) by extensions ['ignore', 'ignore_ament_install']
[0.697s] Level 1:colcon.colcon_core.package_identification:_identify(src/tp2) by extension 'ignore'
[0.697s] Level 1:colcon.colcon_core.package_identification:_identify(src/tp2) by extension 'ignore_ament_install'
[0.697s] Level 1:colcon.colcon_core.package_identification:_identify(src/tp2) by extensions ['colcon_pkg']
[0.697s] Level 1:colcon.colcon_core.package_identification:_identify(src/tp2) by extension 'colcon_pkg'
[0.697s] Level 1:colcon.colcon_core.package_identification:_identify(src/tp2) by extensions ['colcon_meta']
[0.697s] Level 1:colcon.colcon_core.package_identification:_identify(src/tp2) by extension 'colcon_meta'
[0.697s] Level 1:colcon.colcon_core.package_identification:_identify(src/tp2) by extensions ['ros']
[0.697s] Level 1:colcon.colcon_core.package_identification:_identify(src/tp2) by extension 'ros'
[0.698s] DEBUG:colcon.colcon_core.package_identification:Package 'src/tp2' with type 'ros.ament_cmake' and name 'tp2'
[0.699s] Level 1:colcon.colcon_core.package_identification:_identify(src/tp3) by extensions ['ignore', 'ignore_ament_install']
[0.699s] Level 1:colcon.colcon_core.package_identification:_identify(src/tp3) by extension 'ignore'
[0.699s] Level 1:colcon.colcon_core.package_identification:_identify(src/tp3) by extension 'ignore_ament_install'
[0.699s] Level 1:colcon.colcon_core.package_identification:_identify(src/tp3) by extensions ['colcon_pkg']
[0.699s] Level 1:colcon.colcon_core.package_identification:_identify(src/tp3) by extension 'colcon_pkg'
[0.699s] Level 1:colcon.colcon_core.package_identification:_identify(src/tp3) by extensions ['colcon_meta']
[0.699s] Level 1:colcon.colcon_core.package_identification:_identify(src/tp3) by extension 'colcon_meta'
[0.699s] Level 1:colcon.colcon_core.package_identification:_identify(src/tp3) by extensions ['ros']
[0.699s] Level 1:colcon.colcon_core.package_identification:_identify(src/tp3) by extension 'ros'
[0.700s] DEBUG:colcon.colcon_core.package_identification:Package 'src/tp3' with type 'ros.ament_cmake' and name 'tp3'
[0.700s] Level 1:colcon.colcon_core.package_discovery:discover_packages(recursive) using defaults
[0.700s] Level 1:colcon.colcon_core.package_discovery:discover_packages(ignore) discover
[0.700s] Level 1:colcon.colcon_core.package_discovery:discover_packages(ignore) using defaults
[0.700s] Level 1:colcon.colcon_core.package_discovery:discover_packages(path) discover
[0.700s] Level 1:colcon.colcon_core.package_discovery:discover_packages(path) using defaults
[0.750s] Level 1:colcon.colcon_core.package_discovery:discover_packages(prefix_path) check parameters
[0.750s] Level 1:colcon.colcon_core.package_discovery:discover_packages(prefix_path) discover
[0.757s] DEBUG:colcon.colcon_installed_package_information.package_discovery:Found 4 installed packages in /home/jumombach/ros2_ws/install
[0.760s] DEBUG:colcon.colcon_installed_package_information.package_discovery:Found 312 installed packages in /opt/ros/humble
[0.761s] Level 1:colcon.colcon_core.package_discovery:discover_packages(prefix_path) using defaults
[0.861s] Level 5:colcon.colcon_core.verb:set package 'phi_aria' build argument 'cmake_args' from command line to 'None'
[0.861s] Level 5:colcon.colcon_core.verb:set package 'phi_aria' build argument 'cmake_target' from command line to 'None'
[0.861s] Level 5:colcon.colcon_core.verb:set package 'phi_aria' build argument 'cmake_target_skip_unavailable' from command line to 'False'
[0.862s] Level 5:colcon.colcon_core.verb:set package 'phi_aria' build argument 'cmake_clean_cache' from command line to 'False'
[0.862s] Level 5:colcon.colcon_core.verb:set package 'phi_aria' build argument 'cmake_clean_first' from command line to 'False'
[0.862s] Level 5:colcon.colcon_core.verb:set package 'phi_aria' build argument 'cmake_force_configure' from command line to 'False'
[0.862s] Level 5:colcon.colcon_core.verb:set package 'phi_aria' build argument 'ament_cmake_args' from command line to 'None'
[0.862s] Level 5:colcon.colcon_core.verb:set package 'phi_aria' build argument 'catkin_cmake_args' from command line to 'None'
[0.862s] Level 5:colcon.colcon_core.verb:set package 'phi_aria' build argument 'catkin_skip_building_tests' from command line to 'False'
[0.862s] DEBUG:colcon.colcon_core.verb:Building package 'phi_aria' with the following arguments: {'ament_cmake_args': None, 'build_base': '/home/jumombach/ros2_ws/build/phi_aria', 'catkin_cmake_args': None, 'catkin_skip_building_tests': False, 'cmake_args': None, 'cmake_clean_cache': False, 'cmake_clean_first': False, 'cmake_force_configure': False, 'cmake_target': None, 'cmake_target_skip_unavailable': False, 'install_base': '/home/jumombach/ros2_ws/install/phi_aria', 'merge_install': False, 'path': '/home/jumombach/ros2_ws/src/phi_aria', 'symlink_install': False, 'test_result_base': None}
[0.862s] Level 5:colcon.colcon_core.verb:set package 'tp1' build argument 'cmake_args' from command line to 'None'
[0.862s] Level 5:colcon.colcon_core.verb:set package 'tp1' build argument 'cmake_target' from command line to 'None'
[0.862s] Level 5:colcon.colcon_core.verb:set package 'tp1' build argument 'cmake_target_skip_unavailable' from command line to 'False'
[0.862s] Level 5:colcon.colcon_core.verb:set package 'tp1' build argument 'cmake_clean_cache' from command line to 'False'
[0.862s] Level 5:colcon.colcon_core.verb:set package 'tp1' build argument 'cmake_clean_first' from command line to 'False'
[0.862s] Level 5:colcon.colcon_core.verb:set package 'tp1' build argument 'cmake_force_configure' from command line to 'False'
[0.862s] Level 5:colcon.colcon_core.verb:set package 'tp1' build argument 'ament_cmake_args' from command line to 'None'
[0.862s] Level 5:colcon.colcon_core.verb:set package 'tp1' build argument 'catkin_cmake_args' from command line to 'None'
[0.862s] Level 5:colcon.colcon_core.verb:set package 'tp1' build argument 'catkin_skip_building_tests' from command line to 'False'
[0.862s] DEBUG:colcon.colcon_core.verb:Building package 'tp1' with the following arguments: {'ament_cmake_args': None, 'build_base': '/home/jumombach/ros2_ws/build/tp1', 'catkin_cmake_args': None, 'catkin_skip_building_tests': False, 'cmake_args': None, 'cmake_clean_cache': False, 'cmake_clean_first': False, 'cmake_force_configure': False, 'cmake_target': None, 'cmake_target_skip_unavailable': False, 'install_base': '/home/jumombach/ros2_ws/install/tp1', 'merge_install': False, 'path': '/home/jumombach/ros2_ws/src/tp1', 'symlink_install': False, 'test_result_base': None}
[0.862s] Level 5:colcon.colcon_core.verb:set package 'tp2' build argument 'cmake_args' from command line to 'None'
[0.862s] Level 5:colcon.colcon_core.verb:set package 'tp2' build argument 'cmake_target' from command line to 'None'
[0.862s] Level 5:colcon.colcon_core.verb:set package 'tp2' build argument 'cmake_target_skip_unavailable' from command line to 'False'
[0.862s] Level 5:colcon.colcon_core.verb:set package 'tp2' build argument 'cmake_clean_cache' from command line to 'False'
[0.862s] Level 5:colcon.colcon_core.verb:set package 'tp2' build argument 'cmake_clean_first' from command line to 'False'
[0.862s] Level 5:colcon.colcon_core.verb:set package 'tp2' build argument 'cmake_force_configure' from command line to 'False'
[0.862s] Level 5:colcon.colcon_core.verb:set package 'tp2' build argument 'ament_cmake_args' from command line to 'None'
[0.862s] Level 5:colcon.colcon_core.verb:set package 'tp2' build argument 'catkin_cmake_args' from command line to 'None'
[0.863s] Level 5:colcon.colcon_core.verb:set package 'tp2' build argument 'catkin_skip_building_tests' from command line to 'False'
[0.863s] DEBUG:colcon.colcon_core.verb:Building package 'tp2' with the following arguments: {'ament_cmake_args': None, 'build_base': '/home/jumombach/ros2_ws/build/tp2', 'catkin_cmake_args': None, 'catkin_skip_building_tests': False, 'cmake_args': None, 'cmake_clean_cache': False, 'cmake_clean_first': False, 'cmake_force_configure': False, 'cmake_target': None, 'cmake_target_skip_unavailable': False, 'install_base': '/home/jumombach/ros2_ws/install/tp2', 'merge_install': False, 'path': '/home/jumombach/ros2_ws/src/tp2', 'symlink_install': False, 'test_result_base': None}
[0.863s] Level 5:colcon.colcon_core.verb:set package 'tp3' build argument 'cmake_args' from command line to 'None'
[0.863s] Level 5:colcon.colcon_core.verb:set package 'tp3' build argument 'cmake_target' from command line to 'None'
[0.863s] Level 5:colcon.colcon_core.verb:set package 'tp3' build argument 'cmake_target_skip_unavailable' from command line to 'False'
[0.863s] Level 5:colcon.colcon_core.verb:set package 'tp3' build argument 'cmake_clean_cache' from command line to 'False'
[0.863s] Level 5:colcon.colcon_core.verb:set package 'tp3' build argument 'cmake_clean_first' from command line to 'False'
[0.863s] Level 5:colcon.colcon_core.verb:set package 'tp3' build argument 'cmake_force_configure' from command line to 'False'
[0.863s] Level 5:colcon.colcon_core.verb:set package 'tp3' build argument 'ament_cmake_args' from command line to 'None'
[0.863s] Level 5:colcon.colcon_core.verb:set package 'tp3' build argument 'catkin_cmake_args' from command line to 'None'
[0.863s] Level 5:colcon.colcon_core.verb:set package 'tp3' build argument 'catkin_skip_building_tests' from command line to 'False'
[0.863s] DEBUG:colcon.colcon_core.verb:Building package 'tp3' with the following arguments: {'ament_cmake_args': None, 'build_base': '/home/jumombach/ros2_ws/build/tp3', 'catkin_cmake_args': None, 'catkin_skip_building_tests': False, 'cmake_args': None, 'cmake_clean_cache': False, 'cmake_clean_first': False, 'cmake_force_configure': False, 'cmake_target': None, 'cmake_target_skip_unavailable': False, 'install_base': '/home/jumombach/ros2_ws/install/tp3', 'merge_install': False, 'path': '/home/jumombach/ros2_ws/src/tp3', 'symlink_install': False, 'test_result_base': None}
[0.863s] INFO:colcon.colcon_core.executor:Executing jobs using 'parallel' executor
[0.864s] DEBUG:colcon.colcon_parallel_executor.executor.parallel:run_until_complete
[0.864s] INFO:colcon.colcon_ros.task.ament_cmake.build:Building ROS package in '/home/jumombach/ros2_ws/src/phi_aria' with build type 'ament_cmake'
[0.865s] INFO:colcon.colcon_cmake.task.cmake.build:Building CMake package in '/home/jumombach/ros2_ws/src/phi_aria'
[0.873s] INFO:colcon.colcon_core.plugin_system:Skipping extension 'colcon_core.shell.bat': Not used on non-Windows systems
[0.873s] INFO:colcon.colcon_core.shell:Skip shell extension 'powershell' for command environment: Not usable outside of PowerShell
[0.873s] DEBUG:colcon.colcon_core.shell:Skip shell extension 'dsv' for command environment
[0.876s] INFO:colcon.colcon_ros.task.ament_cmake.build:Building ROS package in '/home/jumombach/ros2_ws/src/tp1' with build type 'ament_cmake'
[0.876s] INFO:colcon.colcon_cmake.task.cmake.build:Building CMake package in '/home/jumombach/ros2_ws/src/tp1'
[0.877s] INFO:colcon.colcon_core.shell:Skip shell extension 'powershell' for command environment: Not usable outside of PowerShell
[0.877s] DEBUG:colcon.colcon_core.shell:Skip shell extension 'dsv' for command environment
[0.881s] INFO:colcon.colcon_ros.task.ament_cmake.build:Building ROS package in '/home/jumombach/ros2_ws/src/tp2' with build type 'ament_cmake'
[0.881s] INFO:colcon.colcon_cmake.task.cmake.build:Building CMake package in '/home/jumombach/ros2_ws/src/tp2'
[0.881s] INFO:colcon.colcon_core.shell:Skip shell extension 'powershell' for command environment: Not usable outside of PowerShell
[0.881s] DEBUG:colcon.colcon_core.shell:Skip shell extension 'dsv' for command environment
[0.886s] INFO:colcon.colcon_ros.task.ament_cmake.build:Building ROS package in '/home/jumombach/ros2_ws/src/tp3' with build type 'ament_cmake'
[0.886s] INFO:colcon.colcon_cmake.task.cmake.build:Building CMake package in '/home/jumombach/ros2_ws/src/tp3'
[0.886s] INFO:colcon.colcon_core.shell:Skip shell extension 'powershell' for command environment: Not usable outside of PowerShell
[0.887s] DEBUG:colcon.colcon_core.shell:Skip shell extension 'dsv' for command environment
[0.899s] DEBUG:colcon.colcon_core.event_handler.log_command:Invoking command in '/home/jumombach/ros2_ws/build/phi_aria': CMAKE_PREFIX_PATH=${CMAKE_PREFIX_PATH}:/opt/ros/humble /usr/local/bin/cmake --build /home/jumombach/ros2_ws/build/phi_aria -- -j8 -l8
[0.903s] DEBUG:colcon.colcon_core.event_handler.log_command:Invoking command in '/home/jumombach/ros2_ws/build/tp1': CMAKE_PREFIX_PATH=${CMAKE_PREFIX_PATH}:/opt/ros/humble /usr/local/bin/cmake --build /home/jumombach/ros2_ws/build/tp1 -- -j8 -l8
[0.910s] DEBUG:colcon.colcon_core.event_handler.log_command:Invoking command in '/home/jumombach/ros2_ws/build/tp2': CMAKE_PREFIX_PATH=${CMAKE_PREFIX_PATH}:/opt/ros/humble /usr/local/bin/cmake --build /home/jumombach/ros2_ws/build/tp2 -- -j8 -l8
[0.916s] DEBUG:colcon.colcon_core.event_handler.log_command:Invoking command in '/home/jumombach/ros2_ws/build/tp3': CMAKE_PREFIX_PATH=${CMAKE_PREFIX_PATH}:/opt/ros/humble /usr/local/bin/cmake --build /home/jumombach/ros2_ws/build/tp3 -- -j8 -l8
[1.011s] DEBUG:colcon.colcon_core.event_handler.log_command:Invoked command in '/home/jumombach/ros2_ws/build/phi_aria' returned '0': CMAKE_PREFIX_PATH=${CMAKE_PREFIX_PATH}:/opt/ros/humble /usr/local/bin/cmake --build /home/jumombach/ros2_ws/build/phi_aria -- -j8 -l8
[1.014s] DEBUG:colcon.colcon_core.event_handler.log_command:Invoked command in '/home/jumombach/ros2_ws/build/tp1' returned '0': CMAKE_PREFIX_PATH=${CMAKE_PREFIX_PATH}:/opt/ros/humble /usr/local/bin/cmake --build /home/jumombach/ros2_ws/build/tp1 -- -j8 -l8
[1.015s] DEBUG:colcon.colcon_core.event_handler.log_command:Invoked command in '/home/jumombach/ros2_ws/build/tp2' returned '0': CMAKE_PREFIX_PATH=${CMAKE_PREFIX_PATH}:/opt/ros/humble /usr/local/bin/cmake --build /home/jumombach/ros2_ws/build/tp2 -- -j8 -l8
[1.036s] DEBUG:colcon.colcon_core.event_handler.log_command:Invoking command in '/home/jumombach/ros2_ws/build/phi_aria': CMAKE_PREFIX_PATH=${CMAKE_PREFIX_PATH}:/opt/ros/humble /usr/local/bin/cmake --build /home/jumombach/ros2_ws/build/phi_aria --target install -- -j8 -l8
[1.039s] DEBUG:colcon.colcon_core.event_handler.log_command:Invoking command in '/home/jumombach/ros2_ws/build/tp2': CMAKE_PREFIX_PATH=${CMAKE_PREFIX_PATH}:/opt/ros/humble /usr/local/bin/cmake --build /home/jumombach/ros2_ws/build/tp2 --target install -- -j8 -l8
[1.041s] DEBUG:colcon.colcon_core.event_handler.log_command:Invoking command in '/home/jumombach/ros2_ws/build/tp1': CMAKE_PREFIX_PATH=${CMAKE_PREFIX_PATH}:/opt/ros/humble /usr/local/bin/cmake --build /home/jumombach/ros2_ws/build/tp1 --target install -- -j8 -l8
[1.093s] Level 1:colcon.colcon_core.environment:create_environment_scripts_only(tp2)
[1.095s] DEBUG:colcon.colcon_core.event_handler.log_command:Invoked command in '/home/jumombach/ros2_ws/build/tp2' returned '0': CMAKE_PREFIX_PATH=${CMAKE_PREFIX_PATH}:/opt/ros/humble /usr/local/bin/cmake --build /home/jumombach/ros2_ws/build/tp2 --target install -- -j8 -l8
[1.102s] Level 1:colcon.colcon_core.environment:checking '/home/jumombach/ros2_ws/install/tp2' for CMake module files
[1.103s] Level 1:colcon.colcon_core.environment:checking '/home/jumombach/ros2_ws/install/tp2' for CMake config files
[1.105s] Level 1:colcon.colcon_core.shell:create_environment_hook('tp2', 'cmake_prefix_path')
[1.106s] INFO:colcon.colcon_core.shell:Creating environment hook '/home/jumombach/ros2_ws/install/tp2/share/tp2/hook/cmake_prefix_path.ps1'
[1.106s] INFO:colcon.colcon_core.shell:Creating environment descriptor '/home/jumombach/ros2_ws/install/tp2/share/tp2/hook/cmake_prefix_path.dsv'
[1.107s] INFO:colcon.colcon_core.shell:Creating environment hook '/home/jumombach/ros2_ws/install/tp2/share/tp2/hook/cmake_prefix_path.sh'
[1.108s] Level 1:colcon.colcon_core.environment:checking '/home/jumombach/ros2_ws/install/tp2/lib'
[1.108s] Level 1:colcon.colcon_core.environment:checking '/home/jumombach/ros2_ws/install/tp2/bin'
[1.108s] Level 1:colcon.colcon_core.environment:checking '/home/jumombach/ros2_ws/install/tp2/lib/pkgconfig/tp2.pc'
[1.109s] Level 1:colcon.colcon_core.environment:checking '/home/jumombach/ros2_ws/install/tp2/lib/python3.10/site-packages'
[1.109s] Level 1:colcon.colcon_core.environment:checking '/home/jumombach/ros2_ws/install/tp2/bin'
[1.109s] INFO:colcon.colcon_core.shell:Creating package script '/home/jumombach/ros2_ws/install/tp2/share/tp2/package.ps1'
[1.110s] INFO:colcon.colcon_core.shell:Creating package descriptor '/home/jumombach/ros2_ws/install/tp2/share/tp2/package.dsv'
[1.111s] INFO:colcon.colcon_core.shell:Creating package script '/home/jumombach/ros2_ws/install/tp2/share/tp2/package.sh'
[1.112s] INFO:colcon.colcon_core.shell:Creating package script '/home/jumombach/ros2_ws/install/tp2/share/tp2/package.bash'
[1.113s] INFO:colcon.colcon_core.shell:Creating package script '/home/jumombach/ros2_ws/install/tp2/share/tp2/package.zsh'
[1.113s] Level 1:colcon.colcon_core.environment:create_file_with_runtime_dependencies(/home/jumombach/ros2_ws/install/tp2/share/colcon-core/packages/tp2)
[1.114s] Level 1:colcon.colcon_core.environment:create_environment_scripts_only(tp1)
[1.115s] Level 1:colcon.colcon_core.environment:checking '/home/jumombach/ros2_ws/install/tp1' for CMake module files
[1.115s] DEBUG:colcon.colcon_core.event_handler.log_command:Invoked command in '/home/jumombach/ros2_ws/build/tp1' returned '0': CMAKE_PREFIX_PATH=${CMAKE_PREFIX_PATH}:/opt/ros/humble /usr/local/bin/cmake --build /home/jumombach/ros2_ws/build/tp1 --target install -- -j8 -l8
[1.116s] Level 1:colcon.colcon_core.environment:checking '/home/jumombach/ros2_ws/install/tp1' for CMake config files
[1.119s] Level 1:colcon.colcon_core.shell:create_environment_hook('tp1', 'cmake_prefix_path')
[1.119s] INFO:colcon.colcon_core.shell:Creating environment hook '/home/jumombach/ros2_ws/install/tp1/share/tp1/hook/cmake_prefix_path.ps1'
[1.120s] INFO:colcon.colcon_core.shell:Creating environment descriptor '/home/jumombach/ros2_ws/install/tp1/share/tp1/hook/cmake_prefix_path.dsv'
[1.120s] INFO:colcon.colcon_core.shell:Creating environment hook '/home/jumombach/ros2_ws/install/tp1/share/tp1/hook/cmake_prefix_path.sh'
[1.121s] Level 1:colcon.colcon_core.environment:checking '/home/jumombach/ros2_ws/install/tp1/lib'
[1.121s] Level 1:colcon.colcon_core.environment:checking '/home/jumombach/ros2_ws/install/tp1/bin'
[1.121s] Level 1:colcon.colcon_core.environment:checking '/home/jumombach/ros2_ws/install/tp1/lib/pkgconfig/tp1.pc'
[1.121s] Level 1:colcon.colcon_core.environment:checking '/home/jumombach/ros2_ws/install/tp1/lib/python3.10/site-packages'
[1.122s] Level 1:colcon.colcon_core.environment:checking '/home/jumombach/ros2_ws/install/tp1/bin'
[1.122s] INFO:colcon.colcon_core.shell:Creating package script '/home/jumombach/ros2_ws/install/tp1/share/tp1/package.ps1'
[1.122s] INFO:colcon.colcon_core.shell:Creating package descriptor '/home/jumombach/ros2_ws/install/tp1/share/tp1/package.dsv'
[1.123s] INFO:colcon.colcon_core.shell:Creating package script '/home/jumombach/ros2_ws/install/tp1/share/tp1/package.sh'
[1.124s] INFO:colcon.colcon_core.shell:Creating package script '/home/jumombach/ros2_ws/install/tp1/share/tp1/package.bash'
[1.124s] INFO:colcon.colcon_core.shell:Creating package script '/home/jumombach/ros2_ws/install/tp1/share/tp1/package.zsh'
[1.124s] Level 1:colcon.colcon_core.environment:create_file_with_runtime_dependencies(/home/jumombach/ros2_ws/install/tp1/share/colcon-core/packages/tp1)
[1.126s] Level 1:colcon.colcon_core.environment:create_environment_scripts_only(phi_aria)
[1.126s] Level 1:colcon.colcon_core.environment:checking '/home/jumombach/ros2_ws/install/phi_aria' for CMake module files
[1.127s] DEBUG:colcon.colcon_core.event_handler.log_command:Invoked command in '/home/jumombach/ros2_ws/build/phi_aria' returned '0': CMAKE_PREFIX_PATH=${CMAKE_PREFIX_PATH}:/opt/ros/humble /usr/local/bin/cmake --build /home/jumombach/ros2_ws/build/phi_aria --target install -- -j8 -l8
[1.127s] Level 1:colcon.colcon_core.environment:checking '/home/jumombach/ros2_ws/install/phi_aria' for CMake config files
[1.129s] Level 1:colcon.colcon_core.shell:create_environment_hook('phi_aria', 'cmake_prefix_path')
[1.130s] INFO:colcon.colcon_core.shell:Creating environment hook '/home/jumombach/ros2_ws/install/phi_aria/share/phi_aria/hook/cmake_prefix_path.ps1'
[1.131s] INFO:colcon.colcon_core.shell:Creating environment descriptor '/home/jumombach/ros2_ws/install/phi_aria/share/phi_aria/hook/cmake_prefix_path.dsv'
[1.131s] INFO:colcon.colcon_core.shell:Creating environment hook '/home/jumombach/ros2_ws/install/phi_aria/share/phi_aria/hook/cmake_prefix_path.sh'
[1.131s] Level 1:colcon.colcon_core.environment:checking '/home/jumombach/ros2_ws/install/phi_aria/lib'
[1.132s] Level 1:colcon.colcon_core.environment:checking '/home/jumombach/ros2_ws/install/phi_aria/bin'
[1.132s] Level 1:colcon.colcon_core.environment:checking '/home/jumombach/ros2_ws/install/phi_aria/lib/pkgconfig/phi_aria.pc'
[1.132s] Level 1:colcon.colcon_core.environment:checking '/home/jumombach/ros2_ws/install/phi_aria/lib/python3.10/site-packages'
[1.132s] Level 1:colcon.colcon_core.environment:checking '/home/jumombach/ros2_ws/install/phi_aria/bin'
[1.132s] INFO:colcon.colcon_core.shell:Creating package script '/home/jumombach/ros2_ws/install/phi_aria/share/phi_aria/package.ps1'
[1.133s] INFO:colcon.colcon_core.shell:Creating package descriptor '/home/jumombach/ros2_ws/install/phi_aria/share/phi_aria/package.dsv'
[1.133s] INFO:colcon.colcon_core.shell:Creating package script '/home/jumombach/ros2_ws/install/phi_aria/share/phi_aria/package.sh'
[1.134s] INFO:colcon.colcon_core.shell:Creating package script '/home/jumombach/ros2_ws/install/phi_aria/share/phi_aria/package.bash'
[1.134s] INFO:colcon.colcon_core.shell:Creating package script '/home/jumombach/ros2_ws/install/phi_aria/share/phi_aria/package.zsh'
[1.134s] Level 1:colcon.colcon_core.environment:create_file_with_runtime_dependencies(/home/jumombach/ros2_ws/install/phi_aria/share/colcon-core/packages/phi_aria)
[1.136s] Level 1:colcon.colcon_core.environment:create_environment_scripts_only(tp2)
[1.137s] Level 1:colcon.colcon_core.environment:checking '/home/jumombach/ros2_ws/install/tp2' for CMake module files
[1.137s] Level 1:colcon.colcon_core.environment:checking '/home/jumombach/ros2_ws/install/tp2' for CMake config files
[1.138s] Level 1:colcon.colcon_core.shell:create_environment_hook('tp2', 'cmake_prefix_path')
[1.138s] INFO:colcon.colcon_core.shell:Creating environment hook '/home/jumombach/ros2_ws/install/tp2/share/tp2/hook/cmake_prefix_path.ps1'
[1.139s] INFO:colcon.colcon_core.shell:Creating environment descriptor '/home/jumombach/ros2_ws/install/tp2/share/tp2/hook/cmake_prefix_path.dsv'
[1.139s] INFO:colcon.colcon_core.shell:Creating environment hook '/home/jumombach/ros2_ws/install/tp2/share/tp2/hook/cmake_prefix_path.sh'
[1.140s] Level 1:colcon.colcon_core.environment:checking '/home/jumombach/ros2_ws/install/tp2/lib'
[1.140s] Level 1:colcon.colcon_core.environment:checking '/home/jumombach/ros2_ws/install/tp2/bin'
[1.140s] Level 1:colcon.colcon_core.environment:checking '/home/jumombach/ros2_ws/install/tp2/lib/pkgconfig/tp2.pc'
[1.140s] Level 1:colcon.colcon_core.environment:checking '/home/jumombach/ros2_ws/install/tp2/lib/python3.10/site-packages'
[1.141s] Level 1:colcon.colcon_core.environment:checking '/home/jumombach/ros2_ws/install/tp2/bin'
[1.141s] INFO:colcon.colcon_core.shell:Creating package script '/home/jumombach/ros2_ws/install/tp2/share/tp2/package.ps1'
[1.142s] INFO:colcon.colcon_core.shell:Creating package descriptor '/home/jumombach/ros2_ws/install/tp2/share/tp2/package.dsv'
[1.142s] INFO:colcon.colcon_core.shell:Creating package script '/home/jumombach/ros2_ws/install/tp2/share/tp2/package.sh'
[1.143s] INFO:colcon.colcon_core.shell:Creating package script '/home/jumombach/ros2_ws/install/tp2/share/tp2/package.bash'
[1.143s] INFO:colcon.colcon_core.shell:Creating package script '/home/jumombach/ros2_ws/install/tp2/share/tp2/package.zsh'
[1.144s] Level 1:colcon.colcon_core.environment:create_file_with_runtime_dependencies(/home/jumombach/ros2_ws/install/tp2/share/colcon-core/packages/tp2)
[1.145s] Level 1:colcon.colcon_core.environment:create_environment_scripts_only(tp1)
[1.145s] Level 1:colcon.colcon_core.environment:checking '/home/jumombach/ros2_ws/install/tp1' for CMake module files
[1.146s] Level 1:colcon.colcon_core.environment:checking '/home/jumombach/ros2_ws/install/tp1' for CMake config files
[1.146s] Level 1:colcon.colcon_core.shell:create_environment_hook('tp1', 'cmake_prefix_path')
[1.147s] INFO:colcon.colcon_core.shell:Creating environment hook '/home/jumombach/ros2_ws/install/tp1/share/tp1/hook/cmake_prefix_path.ps1'
[1.147s] INFO:colcon.colcon_core.shell:Creating environment descriptor '/home/jumombach/ros2_ws/install/tp1/share/tp1/hook/cmake_prefix_path.dsv'
[1.148s] INFO:colcon.colcon_core.shell:Creating environment hook '/home/jumombach/ros2_ws/install/tp1/share/tp1/hook/cmake_prefix_path.sh'
[1.148s] Level 1:colcon.colcon_core.environment:checking '/home/jumombach/ros2_ws/install/tp1/lib'
[1.148s] Level 1:colcon.colcon_core.environment:checking '/home/jumombach/ros2_ws/install/tp1/bin'
[1.148s] Level 1:colcon.colcon_core.environment:checking '/home/jumombach/ros2_ws/install/tp1/lib/pkgconfig/tp1.pc'
[1.149s] Level 1:colcon.colcon_core.environment:checking '/home/jumombach/ros2_ws/install/tp1/lib/python3.10/site-packages'
[1.149s] Level 1:colcon.colcon_core.environment:checking '/home/jumombach/ros2_ws/install/tp1/bin'
[1.149s] INFO:colcon.colcon_core.shell:Creating package script '/home/jumombach/ros2_ws/install/tp1/share/tp1/package.ps1'
[1.150s] INFO:colcon.colcon_core.shell:Creating package descriptor '/home/jumombach/ros2_ws/install/tp1/share/tp1/package.dsv'
[1.150s] INFO:colcon.colcon_core.shell:Creating package script '/home/jumombach/ros2_ws/install/tp1/share/tp1/package.sh'
[1.150s] INFO:colcon.colcon_core.shell:Creating package script '/home/jumombach/ros2_ws/install/tp1/share/tp1/package.bash'
[1.151s] INFO:colcon.colcon_core.shell:Creating package script '/home/jumombach/ros2_ws/install/tp1/share/tp1/package.zsh'
[1.151s] Level 1:colcon.colcon_core.environment:create_file_with_runtime_dependencies(/home/jumombach/ros2_ws/install/tp1/share/colcon-core/packages/tp1)
[1.153s] Level 1:colcon.colcon_core.environment:create_environment_scripts_only(phi_aria)
[1.154s] Level 1:colcon.colcon_core.environment:checking '/home/jumombach/ros2_ws/install/phi_aria' for CMake module files
[1.154s] Level 1:colcon.colcon_core.environment:checking '/home/jumombach/ros2_ws/install/phi_aria' for CMake config files
[1.155s] Level 1:colcon.colcon_core.shell:create_environment_hook('phi_aria', 'cmake_prefix_path')
[1.155s] INFO:colcon.colcon_core.shell:Creating environment hook '/home/jumombach/ros2_ws/install/phi_aria/share/phi_aria/hook/cmake_prefix_path.ps1'
[1.155s] INFO:colcon.colcon_core.shell:Creating environment descriptor '/home/jumombach/ros2_ws/install/phi_aria/share/phi_aria/hook/cmake_prefix_path.dsv'
[1.156s] INFO:colcon.colcon_core.shell:Creating environment hook '/home/jumombach/ros2_ws/install/phi_aria/share/phi_aria/hook/cmake_prefix_path.sh'
[1.156s] Level 1:colcon.colcon_core.environment:checking '/home/jumombach/ros2_ws/install/phi_aria/lib'
[1.156s] Level 1:colcon.colcon_core.environment:checking '/home/jumombach/ros2_ws/install/phi_aria/bin'
[1.157s] Level 1:colcon.colcon_core.environment:checking '/home/jumombach/ros2_ws/install/phi_aria/lib/pkgconfig/phi_aria.pc'
[1.157s] Level 1:colcon.colcon_core.environment:checking '/home/jumombach/ros2_ws/install/phi_aria/lib/python3.10/site-packages'
[1.157s] Level 1:colcon.colcon_core.environment:checking '/home/jumombach/ros2_ws/install/phi_aria/bin'
[1.157s] INFO:colcon.colcon_core.shell:Creating package script '/home/jumombach/ros2_ws/install/phi_aria/share/phi_aria/package.ps1'
[1.158s] INFO:colcon.colcon_core.shell:Creating package descriptor '/home/jumombach/ros2_ws/install/phi_aria/share/phi_aria/package.dsv'
[1.158s] INFO:colcon.colcon_core.shell:Creating package script '/home/jumombach/ros2_ws/install/phi_aria/share/phi_aria/package.sh'
[1.159s] INFO:colcon.colcon_core.shell:Creating package script '/home/jumombach/ros2_ws/install/phi_aria/share/phi_aria/package.bash'
[1.159s] INFO:colcon.colcon_core.shell:Creating package script '/home/jumombach/ros2_ws/install/phi_aria/share/phi_aria/package.zsh'
[1.159s] Level 1:colcon.colcon_core.environment:create_file_with_runtime_dependencies(/home/jumombach/ros2_ws/install/phi_aria/share/colcon-core/packages/phi_aria)
[2.313s] DEBUG:colcon.colcon_core.event_handler.log_command:Invoked command in '/home/jumombach/ros2_ws/build/tp3' returned '0': CMAKE_PREFIX_PATH=${CMAKE_PREFIX_PATH}:/opt/ros/humble /usr/local/bin/cmake --build /home/jumombach/ros2_ws/build/tp3 -- -j8 -l8
[2.331s] DEBUG:colcon.colcon_core.event_handler.log_command:Invoking command in '/home/jumombach/ros2_ws/build/tp3': CMAKE_PREFIX_PATH=${CMAKE_PREFIX_PATH}:/opt/ros/humble /usr/local/bin/cmake --build /home/jumombach/ros2_ws/build/tp3 --target install -- -j8 -l8
[2.375s] Level 1:colcon.colcon_core.environment:create_environment_scripts_only(tp3)
[2.376s] Level 1:colcon.colcon_core.environment:checking '/home/jumombach/ros2_ws/install/tp3' for CMake module files
[2.376s] DEBUG:colcon.colcon_core.event_handler.log_command:Invoked command in '/home/jumombach/ros2_ws/build/tp3' returned '0': CMAKE_PREFIX_PATH=${CMAKE_PREFIX_PATH}:/opt/ros/humble /usr/local/bin/cmake --build /home/jumombach/ros2_ws/build/tp3 --target install -- -j8 -l8
[2.377s] Level 1:colcon.colcon_core.environment:checking '/home/jumombach/ros2_ws/install/tp3' for CMake config files
[2.379s] Level 1:colcon.colcon_core.shell:create_environment_hook('tp3', 'cmake_prefix_path')
[2.379s] INFO:colcon.colcon_core.shell:Creating environment hook '/home/jumombach/ros2_ws/install/tp3/share/tp3/hook/cmake_prefix_path.ps1'
[2.380s] INFO:colcon.colcon_core.shell:Creating environment descriptor '/home/jumombach/ros2_ws/install/tp3/share/tp3/hook/cmake_prefix_path.dsv'
[2.380s] INFO:colcon.colcon_core.shell:Creating environment hook '/home/jumombach/ros2_ws/install/tp3/share/tp3/hook/cmake_prefix_path.sh'
[2.381s] Level 1:colcon.colcon_core.environment:checking '/home/jumombach/ros2_ws/install/tp3/lib'
[2.381s] Level 1:colcon.colcon_core.environment:checking '/home/jumombach/ros2_ws/install/tp3/bin'
[2.381s] Level 1:colcon.colcon_core.environment:checking '/home/jumombach/ros2_ws/install/tp3/lib/pkgconfig/tp3.pc'
[2.381s] Level 1:colcon.colcon_core.environment:checking '/home/jumombach/ros2_ws/install/tp3/lib/python3.10/site-packages'
[2.381s] Level 1:colcon.colcon_core.environment:checking '/home/jumombach/ros2_ws/install/tp3/bin'
[2.381s] INFO:colcon.colcon_core.shell:Creating package script '/home/jumombach/ros2_ws/install/tp3/share/tp3/package.ps1'
[2.382s] INFO:colcon.colcon_core.shell:Creating package descriptor '/home/jumombach/ros2_ws/install/tp3/share/tp3/package.dsv'
[2.382s] INFO:colcon.colcon_core.shell:Creating package script '/home/jumombach/ros2_ws/install/tp3/share/tp3/package.sh'
[2.382s] INFO:colcon.colcon_core.shell:Creating package script '/home/jumombach/ros2_ws/install/tp3/share/tp3/package.bash'
[2.383s] INFO:colcon.colcon_core.shell:Creating package script '/home/jumombach/ros2_ws/install/tp3/share/tp3/package.zsh'
[2.383s] Level 1:colcon.colcon_core.environment:create_file_with_runtime_dependencies(/home/jumombach/ros2_ws/install/tp3/share/colcon-core/packages/tp3)
[2.400s] Level 1:colcon.colcon_core.environment:create_environment_scripts_only(tp3)
[2.400s] Level 1:colcon.colcon_core.environment:checking '/home/jumombach/ros2_ws/install/tp3' for CMake module files
[2.401s] Level 1:colcon.colcon_core.environment:checking '/home/jumombach/ros2_ws/install/tp3' for CMake config files
[2.401s] Level 1:colcon.colcon_core.shell:create_environment_hook('tp3', 'cmake_prefix_path')
[2.401s] INFO:colcon.colcon_core.shell:Creating environment hook '/home/jumombach/ros2_ws/install/tp3/share/tp3/hook/cmake_prefix_path.ps1'
[2.401s] INFO:colcon.colcon_core.shell:Creating environment descriptor '/home/jumombach/ros2_ws/install/tp3/share/tp3/hook/cmake_prefix_path.dsv'
[2.402s] INFO:colcon.colcon_core.shell:Creating environment hook '/home/jumombach/ros2_ws/install/tp3/share/tp3/hook/cmake_prefix_path.sh'
[2.402s] Level 1:colcon.colcon_core.environment:checking '/home/jumombach/ros2_ws/install/tp3/lib'
[2.402s] Level 1:colcon.colcon_core.environment:checking '/home/jumombach/ros2_ws/install/tp3/bin'
[2.402s] Level 1:colcon.colcon_core.environment:checking '/home/jumombach/ros2_ws/install/tp3/lib/pkgconfig/tp3.pc'
[2.403s] Level 1:colcon.colcon_core.environment:checking '/home/jumombach/ros2_ws/install/tp3/lib/python3.10/site-packages'
[2.403s] Level 1:colcon.colcon_core.environment:checking '/home/jumombach/ros2_ws/install/tp3/bin'
[2.403s] INFO:colcon.colcon_core.shell:Creating package script '/home/jumombach/ros2_ws/install/tp3/share/tp3/package.ps1'
[2.404s] INFO:colcon.colcon_core.shell:Creating package descriptor '/home/jumombach/ros2_ws/install/tp3/share/tp3/package.dsv'
[2.404s] INFO:colcon.colcon_core.shell:Creating package script '/home/jumombach/ros2_ws/install/tp3/share/tp3/package.sh'
[2.405s] INFO:colcon.colcon_core.shell:Creating package script '/home/jumombach/ros2_ws/install/tp3/share/tp3/package.bash'
[2.405s] INFO:colcon.colcon_core.shell:Creating package script '/home/jumombach/ros2_ws/install/tp3/share/tp3/package.zsh'
[2.405s] Level 1:colcon.colcon_core.environment:create_file_with_runtime_dependencies(/home/jumombach/ros2_ws/install/tp3/share/colcon-core/packages/tp3)
[2.406s] DEBUG:colcon.colcon_parallel_executor.executor.parallel:closing loop
[2.406s] DEBUG:colcon.colcon_parallel_executor.executor.parallel:loop closed
[2.407s] DEBUG:colcon.colcon_parallel_executor.executor.parallel:run_until_complete finished with '0'
[2.407s] DEBUG:colcon.colcon_core.event_reactor:joining thread
[2.451s] INFO:colcon.colcon_core.plugin_system:Skipping extension 'colcon_notification.desktop_notification.notify_send': Could not find 'notify-send'
[2.451s] INFO:colcon.colcon_core.plugin_system:Skipping extension 'colcon_notification.desktop_notification.terminal_notifier': Not used on non-Darwin systems
[2.451s] INFO:colcon.colcon_core.plugin_system:Skipping extension 'colcon_notification.desktop_notification.win32': Not used on non-Windows systems
[2.451s] INFO:colcon.colcon_notification.desktop_notification:Sending desktop notification using 'notify2'
[2.451s] DEBUG:colcon.colcon_notification.desktop_notification.notify2:Failed to initialize notify2: org.freedesktop.DBus.Error.FileNotFound: Failed to connect to socket /run/user/1000/bus: No such file or directory
[2.451s] DEBUG:colcon.colcon_core.event_reactor:joined thread
[2.452s] INFO:colcon.colcon_core.shell:Creating prefix script '/home/jumombach/ros2_ws/install/local_setup.ps1'
[2.453s] INFO:colcon.colcon_core.shell:Creating prefix util module '/home/jumombach/ros2_ws/install/_local_setup_util_ps1.py'
[2.454s] INFO:colcon.colcon_core.shell:Creating prefix chain script '/home/jumombach/ros2_ws/install/setup.ps1'
[2.455s] INFO:colcon.colcon_core.shell:Creating prefix script '/home/jumombach/ros2_ws/install/local_setup.sh'
[2.456s] INFO:colcon.colcon_core.shell:Creating prefix util module '/home/jumombach/ros2_ws/install/_local_setup_util_sh.py'
[2.456s] INFO:colcon.colcon_core.shell:Creating prefix chain script '/home/jumombach/ros2_ws/install/setup.sh'
[2.457s] INFO:colcon.colcon_core.shell:Creating prefix script '/home/jumombach/ros2_ws/install/local_setup.bash'
[2.458s] INFO:colcon.colcon_core.shell:Creating prefix chain script '/home/jumombach/ros2_ws/install/setup.bash'
[2.459s] INFO:colcon.colcon_core.shell:Creating prefix script '/home/jumombach/ros2_ws/install/local_setup.zsh'
[2.460s] INFO:colcon.colcon_core.shell:Creating prefix chain script '/home/jumombach/ros2_ws/install/setup.zsh'
